[ 2015-05-28T11:11:02+08:00 ] 127.0.0.1 /WesternFilms/server/index.php/Admin/views/getUser/p/1
INFO: [ app_init ] --START--
INFO: Run Behavior\BuildLiteBehavior [ RunTime:0.000016s ]
INFO: [ app_init ] --END-- [ RunTime:0.000476s ]
INFO: [ app_begin ] --START--
INFO: Run Behavior\ReadHtmlCacheBehavior [ RunTime:0.000632s ]
INFO: [ app_begin ] --END-- [ RunTime:0.000700s ]
NOTIC: [8] Use of undefined constant ture - assumed 'ture' D:\WampServer2.1a-x32\WampServer\wamp\www\WesternFilms\server\Apps\Admin\Controller\BaseController.class.php 第 20 行.
SQL: SHOW COLUMNS FROM `west_user` [ RunTime:0.0040s ]
SQL: SELECT `uid`,`username`,`modify_time` FROM `west_user` WHERE `group` = 'user' AND `status` = 0 ORDER BY uid DESC LIMIT 0,10   [ RunTime:0.0004s ]
SQL: SHOW COLUMNS FROM `west_company` [ RunTime:0.1735s ]
SQL: SELECT * FROM `west_company` WHERE `uid` = 36 LIMIT 1   [ RunTime:0.0011s ]
SQL: SELECT * FROM `west_company` WHERE `uid` = 35 LIMIT 1   [ RunTime:0.0012s ]
SQL: SELECT * FROM `west_company` WHERE `uid` = 34 LIMIT 1   [ RunTime:0.0010s ]
SQL: SELECT * FROM `west_company` WHERE `uid` = 33 LIMIT 1   [ RunTime:0.0009s ]
SQL: SELECT * FROM `west_company` WHERE `uid` = 32 LIMIT 1   [ RunTime:0.0009s ]
SQL: SELECT * FROM `west_company` WHERE `uid` = 31 LIMIT 1   [ RunTime:0.0009s ]
SQL: SELECT * FROM `west_company` WHERE `uid` = 29 LIMIT 1   [ RunTime:0.0008s ]
SQL: SELECT * FROM `west_company` WHERE `uid` = 28 LIMIT 1   [ RunTime:0.0007s ]
SQL: SELECT * FROM `west_company` WHERE `uid` = 27 LIMIT 1   [ RunTime:0.0007s ]
SQL: SELECT * FROM `west_company` WHERE `uid` = 25 LIMIT 1   [ RunTime:0.0007s ]
NOTIC: [8] Undefined variable: count D:\WampServer2.1a-x32\WampServer\wamp\www\WesternFilms\server\Apps\Admin\Controller\ViewsController.class.php 第 59 行.

[ 2015-05-28T11:11:02+08:00 ] 127.0.0.1 /WesternFilms/server/index.php/Admin/views/getUser/p/1
INFO: [ app_init ] --START--
INFO: Run Behavior\BuildLiteBehavior [ RunTime:0.000023s ]
INFO: [ app_init ] --END-- [ RunTime:0.000531s ]
INFO: [ app_begin ] --START--
INFO: Run Behavior\ReadHtmlCacheBehavior [ RunTime:0.001156s ]
INFO: [ app_begin ] --END-- [ RunTime:0.001256s ]
NOTIC: [8] Use of undefined constant ture - assumed 'ture' D:\WampServer2.1a-x32\WampServer\wamp\www\WesternFilms\server\Apps\Admin\Controller\BaseController.class.php 第 20 行.
SQL: SHOW COLUMNS FROM `west_user` [ RunTime:0.0102s ]
SQL: SELECT `uid`,`username`,`modify_time` FROM `west_user` WHERE `group` = 'user' AND `status` = -1 ORDER BY uid DESC LIMIT 0,10   [ RunTime:0.0011s ]
NOTIC: [8] Undefined variable: count D:\WampServer2.1a-x32\WampServer\wamp\www\WesternFilms\server\Apps\Admin\Controller\ViewsController.class.php 第 59 行.
NOTIC: [8] Undefined variable: list_t D:\WampServer2.1a-x32\WampServer\wamp\www\WesternFilms\server\Apps\Admin\Controller\ViewsController.class.php 第 60 行.

[ 2015-05-28T11:11:02+08:00 ] 127.0.0.1 /WesternFilms/server/index.php/Admin/views/getUser/p/1
INFO: [ app_init ] --START--
INFO: Run Behavior\BuildLiteBehavior [ RunTime:0.000019s ]
INFO: [ app_init ] --END-- [ RunTime:0.000663s ]
INFO: [ app_begin ] --START--
INFO: Run Behavior\ReadHtmlCacheBehavior [ RunTime:0.000807s ]
INFO: [ app_begin ] --END-- [ RunTime:0.000891s ]
NOTIC: [8] Use of undefined constant ture - assumed 'ture' D:\WampServer2.1a-x32\WampServer\wamp\www\WesternFilms\server\Apps\Admin\Controller\BaseController.class.php 第 20 行.
SQL: SHOW COLUMNS FROM `west_user` [ RunTime:0.0047s ]
SQL: SELECT `uid`,`username`,`modify_time` FROM `west_user` WHERE `group` = 'user' AND `status` = 1 ORDER BY uid DESC LIMIT 0,10   [ RunTime:0.0005s ]
SQL: SHOW COLUMNS FROM `west_company` [ RunTime:0.0047s ]
SQL: SELECT * FROM `west_company` WHERE `uid` = 30 LIMIT 1   [ RunTime:0.0005s ]
SQL: SELECT * FROM `west_company` WHERE `uid` = 22 LIMIT 1   [ RunTime:0.0004s ]
SQL: SELECT * FROM `west_company` WHERE `uid` = 14 LIMIT 1   [ RunTime:0.0004s ]
NOTIC: [8] Undefined variable: count D:\WampServer2.1a-x32\WampServer\wamp\www\WesternFilms\server\Apps\Admin\Controller\ViewsController.class.php 第 59 行.

[ 2015-05-28T11:11:03+08:00 ] 127.0.0.1 /WesternFilms/server/index.php/Admin/views/getUser/p/1
INFO: [ app_init ] --START--
INFO: Run Behavior\BuildLiteBehavior [ RunTime:0.000018s ]
INFO: [ app_init ] --END-- [ RunTime:0.000583s ]
INFO: [ app_begin ] --START--
INFO: Run Behavior\ReadHtmlCacheBehavior [ RunTime:0.000578s ]
INFO: [ app_begin ] --END-- [ RunTime:0.000635s ]
NOTIC: [8] Use of undefined constant ture - assumed 'ture' D:\WampServer2.1a-x32\WampServer\wamp\www\WesternFilms\server\Apps\Admin\Controller\BaseController.class.php 第 20 行.
SQL: SHOW COLUMNS FROM `west_user` [ RunTime:0.0042s ]
SQL: SELECT `uid`,`username`,`modify_time` FROM `west_user` WHERE `group` = 'user' ORDER BY uid DESC LIMIT 0,10   [ RunTime:0.0004s ]
SQL: SELECT COUNT(*) AS tp_count FROM `west_user` LIMIT 1   [ RunTime:0.1260s ]
SQL: SHOW COLUMNS FROM `west_company` [ RunTime:0.0098s ]
SQL: SELECT * FROM `west_company` WHERE `uid` = 36 LIMIT 1   [ RunTime:0.0011s ]
SQL: SELECT * FROM `west_company` WHERE `uid` = 35 LIMIT 1   [ RunTime:0.0009s ]
SQL: SELECT * FROM `west_company` WHERE `uid` = 34 LIMIT 1   [ RunTime:0.0009s ]
SQL: SELECT * FROM `west_company` WHERE `uid` = 33 LIMIT 1   [ RunTime:0.0009s ]
SQL: SELECT * FROM `west_company` WHERE `uid` = 32 LIMIT 1   [ RunTime:0.0008s ]
SQL: SELECT * FROM `west_company` WHERE `uid` = 31 LIMIT 1   [ RunTime:0.0008s ]
SQL: SELECT * FROM `west_company` WHERE `uid` = 30 LIMIT 1   [ RunTime:0.0008s ]
SQL: SELECT * FROM `west_company` WHERE `uid` = 29 LIMIT 1   [ RunTime:0.0010s ]
SQL: SELECT * FROM `west_company` WHERE `uid` = 28 LIMIT 1   [ RunTime:0.0010s ]
SQL: SELECT * FROM `west_company` WHERE `uid` = 27 LIMIT 1   [ RunTime:0.0010s ]

[ 2015-05-28T15:10:50+08:00 ] 127.0.0.1 /WesternFilms/server/index.php/Admin/views/getUser/p/1
INFO: [ app_init ] --START--
INFO: Run Behavior\BuildLiteBehavior [ RunTime:0.000023s ]
INFO: [ app_init ] --END-- [ RunTime:0.000594s ]
INFO: [ app_begin ] --START--
INFO: Run Behavior\ReadHtmlCacheBehavior [ RunTime:0.001587s ]
INFO: [ app_begin ] --END-- [ RunTime:0.001696s ]

[ 2015-05-28T15:10:50+08:00 ] 127.0.0.1 /WesternFilms/server/index.php/Admin/views/getUser/p/1
INFO: [ app_init ] --START--
INFO: Run Behavior\BuildLiteBehavior [ RunTime:0.000021s ]
INFO: [ app_init ] --END-- [ RunTime:0.000598s ]
INFO: [ app_begin ] --START--
INFO: Run Behavior\ReadHtmlCacheBehavior [ RunTime:0.000972s ]
INFO: [ app_begin ] --END-- [ RunTime:0.001065s ]

[ 2015-05-28T15:10:50+08:00 ] 127.0.0.1 /WesternFilms/server/index.php/Admin/views/getUser/p/1
INFO: [ app_init ] --START--
INFO: Run Behavior\BuildLiteBehavior [ RunTime:0.000022s ]
INFO: [ app_init ] --END-- [ RunTime:0.001011s ]
INFO: [ app_begin ] --START--
INFO: Run Behavior\ReadHtmlCacheBehavior [ RunTime:0.000948s ]
INFO: [ app_begin ] --END-- [ RunTime:0.001058s ]

[ 2015-05-28T15:10:50+08:00 ] 127.0.0.1 /WesternFilms/server/index.php/Admin/views/getUser/p/1
INFO: [ app_init ] --START--
INFO: Run Behavior\BuildLiteBehavior [ RunTime:0.000027s ]
INFO: [ app_init ] --END-- [ RunTime:0.000907s ]
INFO: [ app_begin ] --START--
INFO: Run Behavior\ReadHtmlCacheBehavior [ RunTime:0.001117s ]
INFO: [ app_begin ] --END-- [ RunTime:0.001256s ]

[ 2015-05-28T15:10:57+08:00 ] 127.0.0.1 /WesternFilms/server/index.php/Admin/views/getUser/p/1
INFO: [ app_init ] --START--
INFO: Run Behavior\BuildLiteBehavior [ RunTime:0.000013s ]
INFO: [ app_init ] --END-- [ RunTime:0.000348s ]
INFO: [ app_begin ] --START--
INFO: Run Behavior\ReadHtmlCacheBehavior [ RunTime:0.000488s ]
INFO: [ app_begin ] --END-- [ RunTime:0.000539s ]
NOTIC: [8] Use of undefined constant ture - assumed 'ture' D:\WampServer2.1a-x32\WampServer\wamp\www\WesternFilms\server\Apps\Admin\Controller\BaseController.class.php 第 20 行.
SQL: SHOW COLUMNS FROM `west_user` [ RunTime:0.0107s ]
SQL: SELECT `uid`,`username`,`modify_time` FROM `west_user` WHERE `group` = 'user' AND `status` = 1 ORDER BY uid DESC LIMIT 0,10   [ RunTime:0.0006s ]
SQL: SHOW COLUMNS FROM `west_company` [ RunTime:0.0068s ]
SQL: SELECT * FROM `west_company` WHERE `uid` = 13 LIMIT 1   [ RunTime:0.0005s ]
NOTIC: [8] Undefined variable: count D:\WampServer2.1a-x32\WampServer\wamp\www\WesternFilms\server\Apps\Admin\Controller\ViewsController.class.php 第 59 行.

[ 2015-05-28T15:10:58+08:00 ] 127.0.0.1 /WesternFilms/server/index.php/Admin/views/getUser/p/1
INFO: [ app_init ] --START--
INFO: Run Behavior\BuildLiteBehavior [ RunTime:0.000022s ]
INFO: [ app_init ] --END-- [ RunTime:0.000535s ]
INFO: [ app_begin ] --START--
INFO: Run Behavior\ReadHtmlCacheBehavior [ RunTime:0.000781s ]
INFO: [ app_begin ] --END-- [ RunTime:0.000867s ]
NOTIC: [8] Use of undefined constant ture - assumed 'ture' D:\WampServer2.1a-x32\WampServer\wamp\www\WesternFilms\server\Apps\Admin\Controller\BaseController.class.php 第 20 行.
SQL: SHOW COLUMNS FROM `west_user` [ RunTime:0.0049s ]
SQL: SELECT `uid`,`username`,`modify_time` FROM `west_user` WHERE `group` = 'user' ORDER BY uid DESC LIMIT 0,10   [ RunTime:0.0004s ]
SQL: SELECT COUNT(*) AS tp_count FROM `west_user` LIMIT 1   [ RunTime:0.0003s ]
SQL: SHOW COLUMNS FROM `west_company` [ RunTime:0.0052s ]
SQL: SELECT * FROM `west_company` WHERE `uid` = 14 LIMIT 1   [ RunTime:0.0004s ]
SQL: SELECT * FROM `west_company` WHERE `uid` = 13 LIMIT 1   [ RunTime:0.0003s ]

[ 2015-05-28T15:10:58+08:00 ] 127.0.0.1 /WesternFilms/server/index.php/Admin/views/getUser/p/1
INFO: [ app_init ] --START--
INFO: Run Behavior\BuildLiteBehavior [ RunTime:0.000023s ]
INFO: [ app_init ] --END-- [ RunTime:0.000533s ]
INFO: [ app_begin ] --START--
INFO: Run Behavior\ReadHtmlCacheBehavior [ RunTime:0.001567s ]
INFO: [ app_begin ] --END-- [ RunTime:0.001668s ]
NOTIC: [8] Use of undefined constant ture - assumed 'ture' D:\WampServer2.1a-x32\WampServer\wamp\www\WesternFilms\server\Apps\Admin\Controller\BaseController.class.php 第 20 行.
SQL: SHOW COLUMNS FROM `west_user` [ RunTime:0.0060s ]
SQL: SELECT `uid`,`username`,`modify_time` FROM `west_user` WHERE `group` = 'user' AND `status` = 0 ORDER BY uid DESC LIMIT 0,10   [ RunTime:0.0006s ]
SQL: SHOW COLUMNS FROM `west_company` [ RunTime:0.0058s ]
SQL: SELECT * FROM `west_company` WHERE `uid` = 14 LIMIT 1   [ RunTime:0.0004s ]
NOTIC: [8] Undefined variable: count D:\WampServer2.1a-x32\WampServer\wamp\www\WesternFilms\server\Apps\Admin\Controller\ViewsController.class.php 第 59 行.

[ 2015-05-28T15:10:58+08:00 ] 127.0.0.1 /WesternFilms/server/index.php/Admin/views/getUser/p/1
INFO: [ app_init ] --START--
INFO: Run Behavior\BuildLiteBehavior [ RunTime:0.000043s ]
INFO: [ app_init ] --END-- [ RunTime:0.000805s ]
INFO: [ app_begin ] --START--
INFO: Run Behavior\ReadHtmlCacheBehavior [ RunTime:0.000805s ]
INFO: [ app_begin ] --END-- [ RunTime:0.000908s ]
NOTIC: [8] Use of undefined constant ture - assumed 'ture' D:\WampServer2.1a-x32\WampServer\wamp\www\WesternFilms\server\Apps\Admin\Controller\BaseController.class.php 第 20 行.
SQL: SHOW COLUMNS FROM `west_user` [ RunTime:0.0051s ]
SQL: SELECT `uid`,`username`,`modify_time` FROM `west_user` WHERE `group` = 'user' AND `status` = -1 ORDER BY uid DESC LIMIT 0,10   [ RunTime:0.0003s ]
NOTIC: [8] Undefined variable: count D:\WampServer2.1a-x32\WampServer\wamp\www\WesternFilms\server\Apps\Admin\Controller\ViewsController.class.php 第 59 行.
NOTIC: [8] Undefined variable: list_t D:\WampServer2.1a-x32\WampServer\wamp\www\WesternFilms\server\Apps\Admin\Controller\ViewsController.class.php 第 60 行.

[ 2015-05-28T15:11:31+08:00 ] 127.0.0.1 /WesternFilms/server/index.php/Admin/views/getUser/p/1
INFO: [ app_init ] --START--
INFO: Run Behavior\BuildLiteBehavior [ RunTime:0.000022s ]
INFO: [ app_init ] --END-- [ RunTime:0.000504s ]
INFO: [ app_begin ] --START--
INFO: Run Behavior\ReadHtmlCacheBehavior [ RunTime:0.000787s ]
INFO: [ app_begin ] --END-- [ RunTime:0.000887s ]
NOTIC: [8] Use of undefined constant ture - assumed 'ture' D:\WampServer2.1a-x32\WampServer\wamp\www\WesternFilms\server\Apps\Admin\Controller\BaseController.class.php 第 20 行.
SQL: SHOW COLUMNS FROM `west_user` [ RunTime:0.0073s ]
SQL: SELECT `uid`,`username`,`modify_time` FROM `west_user` WHERE `group` = 'user' ORDER BY uid DESC LIMIT 0,10   [ RunTime:0.0005s ]
SQL: SELECT COUNT(*) AS tp_count FROM `west_user` LIMIT 1   [ RunTime:0.0002s ]
SQL: SHOW COLUMNS FROM `west_company` [ RunTime:0.0059s ]
SQL: SELECT * FROM `west_company` WHERE `uid` = 14 LIMIT 1   [ RunTime:0.0004s ]
SQL: SELECT * FROM `west_company` WHERE `uid` = 13 LIMIT 1   [ RunTime:0.0004s ]

[ 2015-05-28T15:11:31+08:00 ] 127.0.0.1 /WesternFilms/server/index.php/Admin/views/getUser/p/1
INFO: [ app_init ] --START--
INFO: Run Behavior\BuildLiteBehavior [ RunTime:0.000022s ]
INFO: [ app_init ] --END-- [ RunTime:0.000517s ]
INFO: [ app_begin ] --START--
INFO: Run Behavior\ReadHtmlCacheBehavior [ RunTime:0.000746s ]
INFO: [ app_begin ] --END-- [ RunTime:0.000824s ]
NOTIC: [8] Use of undefined constant ture - assumed 'ture' D:\WampServer2.1a-x32\WampServer\wamp\www\WesternFilms\server\Apps\Admin\Controller\BaseController.class.php 第 20 行.
SQL: SHOW COLUMNS FROM `west_user` [ RunTime:0.0051s ]
SQL: SELECT `uid`,`username`,`modify_time` FROM `west_user` WHERE `group` = 'user' AND `status` = -1 ORDER BY uid DESC LIMIT 0,10   [ RunTime:0.0003s ]
NOTIC: [8] Undefined variable: count D:\WampServer2.1a-x32\WampServer\wamp\www\WesternFilms\server\Apps\Admin\Controller\ViewsController.class.php 第 59 行.
NOTIC: [8] Undefined variable: list_t D:\WampServer2.1a-x32\WampServer\wamp\www\WesternFilms\server\Apps\Admin\Controller\ViewsController.class.php 第 60 行.

[ 2015-05-28T15:11:31+08:00 ] 127.0.0.1 /WesternFilms/server/index.php/Admin/views/getUser/p/1
INFO: [ app_init ] --START--
INFO: Run Behavior\BuildLiteBehavior [ RunTime:0.000027s ]
INFO: [ app_init ] --END-- [ RunTime:0.000884s ]
INFO: [ app_begin ] --START--
INFO: Run Behavior\ReadHtmlCacheBehavior [ RunTime:0.000814s ]
INFO: [ app_begin ] --END-- [ RunTime:0.000925s ]
NOTIC: [8] Use of undefined constant ture - assumed 'ture' D:\WampServer2.1a-x32\WampServer\wamp\www\WesternFilms\server\Apps\Admin\Controller\BaseController.class.php 第 20 行.
SQL: SHOW COLUMNS FROM `west_user` [ RunTime:0.0053s ]
SQL: SELECT `uid`,`username`,`modify_time` FROM `west_user` WHERE `group` = 'user' AND `status` = 0 ORDER BY uid DESC LIMIT 0,10   [ RunTime:0.0003s ]
SQL: SHOW COLUMNS FROM `west_company` [ RunTime:0.0048s ]
SQL: SELECT * FROM `west_company` WHERE `uid` = 14 LIMIT 1   [ RunTime:0.0004s ]
NOTIC: [8] Undefined variable: count D:\WampServer2.1a-x32\WampServer\wamp\www\WesternFilms\server\Apps\Admin\Controller\ViewsController.class.php 第 59 行.

[ 2015-05-28T15:11:31+08:00 ] 127.0.0.1 /WesternFilms/server/index.php/Admin/views/getUser/p/1
INFO: [ app_init ] --START--
INFO: Run Behavior\BuildLiteBehavior [ RunTime:0.000015s ]
INFO: [ app_init ] --END-- [ RunTime:0.000417s ]
INFO: [ app_begin ] --START--
INFO: Run Behavior\ReadHtmlCacheBehavior [ RunTime:0.000615s ]
INFO: [ app_begin ] --END-- [ RunTime:0.000686s ]
NOTIC: [8] Use of undefined constant ture - assumed 'ture' D:\WampServer2.1a-x32\WampServer\wamp\www\WesternFilms\server\Apps\Admin\Controller\BaseController.class.php 第 20 行.
SQL: SHOW COLUMNS FROM `west_user` [ RunTime:0.0049s ]
SQL: SELECT `uid`,`username`,`modify_time` FROM `west_user` WHERE `group` = 'user' AND `status` = 1 ORDER BY uid DESC LIMIT 0,10   [ RunTime:0.0004s ]
SQL: SHOW COLUMNS FROM `west_company` [ RunTime:0.0049s ]
SQL: SELECT * FROM `west_company` WHERE `uid` = 13 LIMIT 1   [ RunTime:0.0004s ]
NOTIC: [8] Undefined variable: count D:\WampServer2.1a-x32\WampServer\wamp\www\WesternFilms\server\Apps\Admin\Controller\ViewsController.class.php 第 59 行.

