[ 2015-06-03T02:33:58+08:00 ] 127.0.0.1 /WesternFilms/server/index.php/Admin/views/getUser/p/1
INFO: [ app_init ] --START--
INFO: Run Behavior\BuildLiteBehavior [ RunTime:0.000025s ]
INFO: [ app_init ] --END-- [ RunTime:0.000562s ]
INFO: [ app_begin ] --START--
INFO: Run Behavior\ReadHtmlCacheBehavior [ RunTime:0.000842s ]
INFO: [ app_begin ] --END-- [ RunTime:0.000939s ]
NOTIC: [8] Use of undefined constant ture - assumed 'ture' D:\WampServer2.1a-x32\WampServer\wamp\www\WesternFilms\server\Apps\Admin\Controller\BaseController.class.php 第 20 行.
SQL: SHOW COLUMNS FROM `west_user` [ RunTime:0.0240s ]
SQL: SELECT `uid`,`username`,`modify_time` FROM `west_user` WHERE `group` = 'user' ORDER BY uid DESC LIMIT 0,10000   [ RunTime:0.0008s ]
SQL: SELECT COUNT(*) AS tp_count FROM `west_user` LIMIT 1   [ RunTime:0.0003s ]
SQL: SHOW COLUMNS FROM `west_company` [ RunTime:0.0076s ]
SQL: SELECT * FROM `west_company` WHERE `uid` = 28 LIMIT 1   [ RunTime:0.0005s ]
SQL: SELECT * FROM `west_company` WHERE `uid` = 27 LIMIT 1   [ RunTime:0.0003s ]
SQL: SELECT * FROM `west_company` WHERE `uid` = 26 LIMIT 1   [ RunTime:0.0004s ]
SQL: SELECT * FROM `west_company` WHERE `uid` = 25 LIMIT 1   [ RunTime:0.0004s ]
SQL: SELECT * FROM `west_company` WHERE `uid` = 24 LIMIT 1   [ RunTime:0.0006s ]
SQL: SELECT * FROM `west_company` WHERE `uid` = 22 LIMIT 1   [ RunTime:0.0006s ]
SQL: SELECT * FROM `west_company` WHERE `uid` = 18 LIMIT 1   [ RunTime:0.0005s ]
SQL: SELECT * FROM `west_company` WHERE `uid` = 17 LIMIT 1   [ RunTime:0.0010s ]
SQL: SELECT * FROM `west_company` WHERE `uid` = 16 LIMIT 1   [ RunTime:0.0005s ]
SQL: SELECT * FROM `west_company` WHERE `uid` = 15 LIMIT 1   [ RunTime:0.0005s ]
SQL: SELECT * FROM `west_company` WHERE `uid` = 14 LIMIT 1   [ RunTime:0.0004s ]
SQL: SELECT * FROM `west_company` WHERE `uid` = 13 LIMIT 1   [ RunTime:0.0004s ]

[ 2015-06-03T02:33:58+08:00 ] 127.0.0.1 /WesternFilms/server/index.php/Admin/views/getUser/p/1
INFO: [ app_init ] --START--
INFO: Run Behavior\BuildLiteBehavior [ RunTime:0.000038s ]
INFO: [ app_init ] --END-- [ RunTime:0.000744s ]
INFO: [ app_begin ] --START--
INFO: Run Behavior\ReadHtmlCacheBehavior [ RunTime:0.000941s ]
INFO: [ app_begin ] --END-- [ RunTime:0.001037s ]
NOTIC: [8] Use of undefined constant ture - assumed 'ture' D:\WampServer2.1a-x32\WampServer\wamp\www\WesternFilms\server\Apps\Admin\Controller\BaseController.class.php 第 20 行.
SQL: SHOW COLUMNS FROM `west_user` [ RunTime:0.0105s ]
SQL: SELECT `uid`,`username`,`modify_time` FROM `west_user` WHERE `group` = 'user' AND `status` = 0 ORDER BY uid DESC LIMIT 0,10000   [ RunTime:0.0012s ]
SQL: SHOW COLUMNS FROM `west_company` [ RunTime:0.0094s ]
SQL: SELECT * FROM `west_company` WHERE `uid` = 27 LIMIT 1   [ RunTime:0.0006s ]
SQL: SELECT * FROM `west_company` WHERE `uid` = 25 LIMIT 1   [ RunTime:0.0010s ]
SQL: SELECT * FROM `west_company` WHERE `uid` = 24 LIMIT 1   [ RunTime:0.0010s ]
NOTIC: [8] Undefined variable: count D:\WampServer2.1a-x32\WampServer\wamp\www\WesternFilms\server\Apps\Admin\Controller\ViewsController.class.php 第 61 行.

[ 2015-06-03T02:33:58+08:00 ] 127.0.0.1 /WesternFilms/server/index.php/Admin/views/getVideos?p=1
INFO: [ app_init ] --START--
INFO: Run Behavior\BuildLiteBehavior [ RunTime:0.000020s ]
INFO: [ app_init ] --END-- [ RunTime:0.000533s ]
INFO: [ app_begin ] --START--
INFO: Run Behavior\ReadHtmlCacheBehavior [ RunTime:0.000790s ]
INFO: [ app_begin ] --END-- [ RunTime:0.000879s ]
NOTIC: [8] Use of undefined constant ture - assumed 'ture' D:\WampServer2.1a-x32\WampServer\wamp\www\WesternFilms\server\Apps\Admin\Controller\BaseController.class.php 第 20 行.
SQL: SHOW COLUMNS FROM `west_videos` [ RunTime:0.0115s ]
SQL: SELECT * FROM `west_videos` WHERE ( status = 1 ) ORDER BY id DESC LIMIT 0,100000   [ RunTime:0.0036s ]
SQL: SELECT COUNT(*) AS tp_count FROM `west_videos` LIMIT 1   [ RunTime:0.0011s ]
SQL: SHOW COLUMNS FROM `west_company` [ RunTime:0.0643s ]
SQL: SELECT * FROM `west_company` WHERE `uid` = 26 LIMIT 1   [ RunTime:0.0004s ]
SQL: SELECT * FROM `west_company` WHERE `uid` = 13 LIMIT 1   [ RunTime:0.0003s ]
SQL: SELECT * FROM `west_company` WHERE `uid` = 13 LIMIT 1   [ RunTime:0.0003s ]
SQL: SELECT * FROM `west_company` WHERE `uid` = 22 LIMIT 1   [ RunTime:0.0003s ]
SQL: SELECT * FROM `west_company` WHERE `uid` = 13 LIMIT 1   [ RunTime:0.0003s ]
SQL: SELECT * FROM `west_company` WHERE `uid` = 13 LIMIT 1   [ RunTime:0.0003s ]
SQL: SELECT * FROM `west_company` WHERE `uid` = 13 LIMIT 1   [ RunTime:0.0003s ]
SQL: SELECT * FROM `west_company` WHERE `uid` = 13 LIMIT 1   [ RunTime:0.0002s ]
SQL: SELECT * FROM `west_company` WHERE `uid` = 13 LIMIT 1   [ RunTime:0.0003s ]
SQL: SELECT * FROM `west_company` WHERE `uid` = 13 LIMIT 1   [ RunTime:0.0002s ]
SQL: SELECT * FROM `west_company` WHERE `uid` = 13 LIMIT 1   [ RunTime:0.0002s ]
SQL: SELECT * FROM `west_company` WHERE `uid` = 13 LIMIT 1   [ RunTime:0.0002s ]
SQL: SELECT * FROM `west_company` WHERE `uid` = 13 LIMIT 1   [ RunTime:0.0002s ]
SQL: SELECT * FROM `west_company` WHERE `uid` = 13 LIMIT 1   [ RunTime:0.0002s ]
SQL: SELECT * FROM `west_company` WHERE `uid` = 13 LIMIT 1   [ RunTime:0.0002s ]
SQL: SELECT * FROM `west_company` WHERE `uid` = 13 LIMIT 1   [ RunTime:0.0002s ]

[ 2015-06-03T02:33:58+08:00 ] 127.0.0.1 /WesternFilms/server/index.php/Admin/views/getUser/p/1
INFO: [ app_init ] --START--
INFO: Run Behavior\BuildLiteBehavior [ RunTime:0.000023s ]
INFO: [ app_init ] --END-- [ RunTime:0.000597s ]
INFO: [ app_begin ] --START--
INFO: Run Behavior\ReadHtmlCacheBehavior [ RunTime:0.001199s ]
INFO: [ app_begin ] --END-- [ RunTime:0.001295s ]
NOTIC: [8] Use of undefined constant ture - assumed 'ture' D:\WampServer2.1a-x32\WampServer\wamp\www\WesternFilms\server\Apps\Admin\Controller\BaseController.class.php 第 20 行.
SQL: SHOW COLUMNS FROM `west_user` [ RunTime:0.0071s ]
SQL: SELECT `uid`,`username`,`modify_time` FROM `west_user` WHERE `group` = 'user' AND `status` = 2 ORDER BY uid DESC LIMIT 0,10000   [ RunTime:0.0005s ]
SQL: SHOW COLUMNS FROM `west_company` [ RunTime:0.0053s ]
SQL: SELECT * FROM `west_company` WHERE `uid` = 18 LIMIT 1   [ RunTime:0.0005s ]
SQL: SELECT * FROM `west_company` WHERE `uid` = 17 LIMIT 1   [ RunTime:0.0004s ]
NOTIC: [8] Undefined variable: count D:\WampServer2.1a-x32\WampServer\wamp\www\WesternFilms\server\Apps\Admin\Controller\ViewsController.class.php 第 61 行.

[ 2015-06-03T02:33:58+08:00 ] 127.0.0.1 /WesternFilms/server/index.php/Admin/views/getUser/p/1
INFO: [ app_init ] --START--
INFO: Run Behavior\BuildLiteBehavior [ RunTime:0.000026s ]
INFO: [ app_init ] --END-- [ RunTime:0.001415s ]
INFO: [ app_begin ] --START--
INFO: Run Behavior\ReadHtmlCacheBehavior [ RunTime:0.001124s ]
INFO: [ app_begin ] --END-- [ RunTime:0.001275s ]
NOTIC: [8] Use of undefined constant ture - assumed 'ture' D:\WampServer2.1a-x32\WampServer\wamp\www\WesternFilms\server\Apps\Admin\Controller\BaseController.class.php 第 20 行.
SQL: SHOW COLUMNS FROM `west_user` [ RunTime:0.0076s ]
SQL: SELECT `uid`,`username`,`modify_time` FROM `west_user` WHERE `group` = 'user' AND `status` = 1 ORDER BY uid DESC LIMIT 0,10000   [ RunTime:0.0005s ]
SQL: SHOW COLUMNS FROM `west_company` [ RunTime:0.0089s ]
SQL: SELECT * FROM `west_company` WHERE `uid` = 28 LIMIT 1   [ RunTime:0.0011s ]
SQL: SELECT * FROM `west_company` WHERE `uid` = 26 LIMIT 1   [ RunTime:0.0006s ]
SQL: SELECT * FROM `west_company` WHERE `uid` = 22 LIMIT 1   [ RunTime:0.0006s ]
SQL: SELECT * FROM `west_company` WHERE `uid` = 16 LIMIT 1   [ RunTime:0.0003s ]
SQL: SELECT * FROM `west_company` WHERE `uid` = 15 LIMIT 1   [ RunTime:0.0005s ]
SQL: SELECT * FROM `west_company` WHERE `uid` = 14 LIMIT 1   [ RunTime:0.0005s ]
SQL: SELECT * FROM `west_company` WHERE `uid` = 13 LIMIT 1   [ RunTime:0.0010s ]
NOTIC: [8] Undefined variable: count D:\WampServer2.1a-x32\WampServer\wamp\www\WesternFilms\server\Apps\Admin\Controller\ViewsController.class.php 第 61 行.

[ 2015-06-03T02:33:58+08:00 ] 127.0.0.1 /WesternFilms/server/index.php/Admin/views/getNews?p=1
INFO: [ app_init ] --START--
INFO: Run Behavior\BuildLiteBehavior [ RunTime:0.000023s ]
INFO: [ app_init ] --END-- [ RunTime:0.000725s ]
INFO: [ app_begin ] --START--
INFO: Run Behavior\ReadHtmlCacheBehavior [ RunTime:0.001089s ]
INFO: [ app_begin ] --END-- [ RunTime:0.001187s ]
NOTIC: [8] Use of undefined constant ture - assumed 'ture' D:\WampServer2.1a-x32\WampServer\wamp\www\WesternFilms\server\Apps\Admin\Controller\BaseController.class.php 第 20 行.
SQL: SHOW COLUMNS FROM `west_news` [ RunTime:0.0083s ]
SQL: SELECT * FROM `west_news` WHERE ( status = 1 ) ORDER BY id DESC LIMIT 0,100000   [ RunTime:0.0008s ]
SQL: SELECT COUNT(*) AS tp_count FROM `west_news` LIMIT 1   [ RunTime:0.0003s ]
SQL: SHOW COLUMNS FROM `west_company` [ RunTime:0.0058s ]
SQL: SELECT * FROM `west_company` WHERE `uid` = 26 LIMIT 1   [ RunTime:0.0004s ]
SQL: SELECT * FROM `west_company` WHERE `uid` = 22 LIMIT 1   [ RunTime:0.0003s ]
SQL: SELECT * FROM `west_company` WHERE `uid` = 13 LIMIT 1   [ RunTime:0.0003s ]
SQL: SELECT * FROM `west_company` WHERE `uid` = 13 LIMIT 1   [ RunTime:0.0003s ]
SQL: SELECT * FROM `west_company` WHERE `uid` = 13 LIMIT 1   [ RunTime:0.0003s ]
SQL: SELECT * FROM `west_company` WHERE `uid` = 13 LIMIT 1   [ RunTime:0.0002s ]
SQL: SELECT * FROM `west_company` WHERE `uid` = 13 LIMIT 1   [ RunTime:0.0002s ]
SQL: SELECT * FROM `west_company` WHERE `uid` = 13 LIMIT 1   [ RunTime:0.0002s ]
SQL: SELECT * FROM `west_company` WHERE `uid` = 13 LIMIT 1   [ RunTime:0.0002s ]
SQL: SELECT * FROM `west_company` WHERE `uid` = 13 LIMIT 1   [ RunTime:0.0002s ]
SQL: SELECT * FROM `west_company` WHERE `uid` = 13 LIMIT 1   [ RunTime:0.0002s ]
SQL: SELECT * FROM `west_company` WHERE `uid` = 13 LIMIT 1   [ RunTime:0.0002s ]
SQL: SELECT * FROM `west_company` WHERE `uid` = 13 LIMIT 1   [ RunTime:0.0002s ]
SQL: SELECT * FROM `west_company` WHERE `uid` = 13 LIMIT 1   [ RunTime:0.0002s ]

[ 2015-06-03T02:33:59+08:00 ] 127.0.0.1 /WesternFilms/server/index.php/Admin/views/getLinks?p=1
INFO: [ app_init ] --START--
INFO: Run Behavior\BuildLiteBehavior [ RunTime:0.000058s ]
INFO: [ app_init ] --END-- [ RunTime:0.001136s ]
INFO: [ app_begin ] --START--
INFO: Run Behavior\ReadHtmlCacheBehavior [ RunTime:0.001035s ]
INFO: [ app_begin ] --END-- [ RunTime:0.001174s ]
NOTIC: [8] Use of undefined constant ture - assumed 'ture' D:\WampServer2.1a-x32\WampServer\wamp\www\WesternFilms\server\Apps\Admin\Controller\BaseController.class.php 第 20 行.
SQL: SHOW COLUMNS FROM `west_links` [ RunTime:0.0073s ]
SQL: SELECT * FROM `west_links` WHERE ( status = 1 ) ORDER BY id DESC LIMIT 0,100000   [ RunTime:0.0005s ]
SQL: SELECT COUNT(*) AS tp_count FROM `west_links` LIMIT 1   [ RunTime:0.0002s ]
SQL: SHOW COLUMNS FROM `west_company` [ RunTime:0.0056s ]
SQL: SELECT * FROM `west_company` WHERE `uid` = 13 LIMIT 1   [ RunTime:0.0004s ]
SQL: SELECT * FROM `west_company` WHERE `uid` = 22 LIMIT 1   [ RunTime:0.0003s ]
SQL: SELECT * FROM `west_company` WHERE `uid` = 13 LIMIT 1   [ RunTime:0.0003s ]
SQL: SELECT * FROM `west_company` WHERE `uid` = 13 LIMIT 1   [ RunTime:0.0003s ]
SQL: SELECT * FROM `west_company` WHERE `uid` = 13 LIMIT 1   [ RunTime:0.0003s ]
SQL: SELECT * FROM `west_company` WHERE `uid` = 13 LIMIT 1   [ RunTime:0.0003s ]
SQL: SELECT * FROM `west_company` WHERE `uid` = 13 LIMIT 1   [ RunTime:0.0003s ]
SQL: SELECT * FROM `west_company` WHERE `uid` = 13 LIMIT 1   [ RunTime:0.0003s ]
SQL: SELECT * FROM `west_company` WHERE `uid` = 13 LIMIT 1   [ RunTime:0.0003s ]
SQL: SELECT * FROM `west_company` WHERE `uid` = 13 LIMIT 1   [ RunTime:0.0003s ]
SQL: SELECT * FROM `west_company` WHERE `uid` = 13 LIMIT 1   [ RunTime:0.0003s ]
SQL: SELECT * FROM `west_company` WHERE `uid` = 13 LIMIT 1   [ RunTime:0.0003s ]
SQL: SELECT * FROM `west_company` WHERE `uid` = 13 LIMIT 1   [ RunTime:0.0003s ]

[ 2015-06-03T03:01:38+08:00 ] 127.0.0.1 /WesternFilms/server/index.php/Admin/views/getUser/p/1
INFO: [ app_init ] --START--
INFO: Run Behavior\BuildLiteBehavior [ RunTime:0.000034s ]
INFO: [ app_init ] --END-- [ RunTime:0.000681s ]
INFO: [ app_begin ] --START--
INFO: Run Behavior\ReadHtmlCacheBehavior [ RunTime:0.000726s ]
INFO: [ app_begin ] --END-- [ RunTime:0.000816s ]
NOTIC: [8] Use of undefined constant ture - assumed 'ture' D:\WampServer2.1a-x32\WampServer\wamp\www\WesternFilms\server\Apps\Admin\Controller\BaseController.class.php 第 20 行.
SQL: SHOW COLUMNS FROM `west_user` [ RunTime:0.0119s ]
SQL: SELECT `uid`,`username`,`modify_time` FROM `west_user` WHERE `group` = 'user' ORDER BY uid DESC LIMIT 0,10000   [ RunTime:0.0007s ]
SQL: SELECT COUNT(*) AS tp_count FROM `west_user` LIMIT 1   [ RunTime:0.0008s ]
SQL: SHOW COLUMNS FROM `west_company` [ RunTime:0.0097s ]
SQL: SELECT * FROM `west_company` WHERE `uid` = 28 LIMIT 1   [ RunTime:0.0007s ]
SQL: SELECT * FROM `west_company` WHERE `uid` = 27 LIMIT 1   [ RunTime:0.0006s ]
SQL: SELECT * FROM `west_company` WHERE `uid` = 26 LIMIT 1   [ RunTime:0.0009s ]
SQL: SELECT * FROM `west_company` WHERE `uid` = 25 LIMIT 1   [ RunTime:0.0007s ]
SQL: SELECT * FROM `west_company` WHERE `uid` = 24 LIMIT 1   [ RunTime:0.0006s ]
SQL: SELECT * FROM `west_company` WHERE `uid` = 22 LIMIT 1   [ RunTime:0.0009s ]
SQL: SELECT * FROM `west_company` WHERE `uid` = 18 LIMIT 1   [ RunTime:0.0008s ]
SQL: SELECT * FROM `west_company` WHERE `uid` = 17 LIMIT 1   [ RunTime:0.0009s ]
SQL: SELECT * FROM `west_company` WHERE `uid` = 16 LIMIT 1   [ RunTime:0.0005s ]
SQL: SELECT * FROM `west_company` WHERE `uid` = 15 LIMIT 1   [ RunTime:0.0006s ]
SQL: SELECT * FROM `west_company` WHERE `uid` = 14 LIMIT 1   [ RunTime:0.0005s ]
SQL: SELECT * FROM `west_company` WHERE `uid` = 13 LIMIT 1   [ RunTime:0.0010s ]

[ 2015-06-03T03:01:38+08:00 ] 127.0.0.1 /WesternFilms/server/index.php/Admin/views/getUser/p/1
INFO: [ app_init ] --START--
INFO: Run Behavior\BuildLiteBehavior [ RunTime:0.000024s ]
INFO: [ app_init ] --END-- [ RunTime:0.000683s ]
INFO: [ app_begin ] --START--
INFO: Run Behavior\ReadHtmlCacheBehavior [ RunTime:0.000949s ]
INFO: [ app_begin ] --END-- [ RunTime:0.001044s ]
NOTIC: [8] Use of undefined constant ture - assumed 'ture' D:\WampServer2.1a-x32\WampServer\wamp\www\WesternFilms\server\Apps\Admin\Controller\BaseController.class.php 第 20 行.
SQL: SHOW COLUMNS FROM `west_user` [ RunTime:0.0092s ]
SQL: SELECT `uid`,`username`,`modify_time` FROM `west_user` WHERE `group` = 'user' AND `status` = 0 ORDER BY uid DESC LIMIT 0,10000   [ RunTime:0.0006s ]
SQL: SHOW COLUMNS FROM `west_company` [ RunTime:0.0061s ]
SQL: SELECT * FROM `west_company` WHERE `uid` = 27 LIMIT 1   [ RunTime:0.0006s ]
SQL: SELECT * FROM `west_company` WHERE `uid` = 25 LIMIT 1   [ RunTime:0.0004s ]
SQL: SELECT * FROM `west_company` WHERE `uid` = 24 LIMIT 1   [ RunTime:0.0003s ]
NOTIC: [8] Undefined variable: count D:\WampServer2.1a-x32\WampServer\wamp\www\WesternFilms\server\Apps\Admin\Controller\ViewsController.class.php 第 61 行.

[ 2015-06-03T03:01:38+08:00 ] 127.0.0.1 /WesternFilms/server/index.php/Admin/views/getUser/p/1
INFO: [ app_init ] --START--
INFO: Run Behavior\BuildLiteBehavior [ RunTime:0.000025s ]
INFO: [ app_init ] --END-- [ RunTime:0.000609s ]
INFO: [ app_begin ] --START--
INFO: Run Behavior\ReadHtmlCacheBehavior [ RunTime:0.001388s ]
INFO: [ app_begin ] --END-- [ RunTime:0.001500s ]
NOTIC: [8] Use of undefined constant ture - assumed 'ture' D:\WampServer2.1a-x32\WampServer\wamp\www\WesternFilms\server\Apps\Admin\Controller\BaseController.class.php 第 20 行.
SQL: SHOW COLUMNS FROM `west_user` [ RunTime:0.0087s ]
SQL: SELECT `uid`,`username`,`modify_time` FROM `west_user` WHERE `group` = 'user' AND `status` = 2 ORDER BY uid DESC LIMIT 0,10000   [ RunTime:0.0004s ]
SQL: SHOW COLUMNS FROM `west_company` [ RunTime:0.0063s ]
SQL: SELECT * FROM `west_company` WHERE `uid` = 18 LIMIT 1   [ RunTime:0.0003s ]
SQL: SELECT * FROM `west_company` WHERE `uid` = 17 LIMIT 1   [ RunTime:0.0003s ]
NOTIC: [8] Undefined variable: count D:\WampServer2.1a-x32\WampServer\wamp\www\WesternFilms\server\Apps\Admin\Controller\ViewsController.class.php 第 61 行.

[ 2015-06-03T03:01:38+08:00 ] 127.0.0.1 /WesternFilms/server/index.php/Admin/views/getVideos?p=1
INFO: [ app_init ] --START--
INFO: Run Behavior\BuildLiteBehavior [ RunTime:0.000013s ]
INFO: [ app_init ] --END-- [ RunTime:0.000386s ]
INFO: [ app_begin ] --START--
INFO: Run Behavior\ReadHtmlCacheBehavior [ RunTime:0.001465s ]
INFO: [ app_begin ] --END-- [ RunTime:0.001565s ]
NOTIC: [8] Use of undefined constant ture - assumed 'ture' D:\WampServer2.1a-x32\WampServer\wamp\www\WesternFilms\server\Apps\Admin\Controller\BaseController.class.php 第 20 行.
SQL: SHOW COLUMNS FROM `west_videos` [ RunTime:0.0049s ]
SQL: SELECT * FROM `west_videos` WHERE ( status = 1 ) ORDER BY id DESC LIMIT 0,100000   [ RunTime:0.0005s ]
SQL: SELECT COUNT(*) AS tp_count FROM `west_videos` LIMIT 1   [ RunTime:0.0002s ]
SQL: SHOW COLUMNS FROM `west_company` [ RunTime:0.0051s ]
SQL: SELECT * FROM `west_company` WHERE `uid` = 13 LIMIT 1   [ RunTime:0.0003s ]
SQL: SELECT * FROM `west_company` WHERE `uid` = 26 LIMIT 1   [ RunTime:0.0002s ]
SQL: SELECT * FROM `west_company` WHERE `uid` = 13 LIMIT 1   [ RunTime:0.0003s ]
SQL: SELECT * FROM `west_company` WHERE `uid` = 13 LIMIT 1   [ RunTime:0.0002s ]
SQL: SELECT * FROM `west_company` WHERE `uid` = 22 LIMIT 1   [ RunTime:0.0003s ]
SQL: SELECT * FROM `west_company` WHERE `uid` = 13 LIMIT 1   [ RunTime:0.0003s ]
SQL: SELECT * FROM `west_company` WHERE `uid` = 13 LIMIT 1   [ RunTime:0.0003s ]
SQL: SELECT * FROM `west_company` WHERE `uid` = 13 LIMIT 1   [ RunTime:0.0002s ]
SQL: SELECT * FROM `west_company` WHERE `uid` = 13 LIMIT 1   [ RunTime:0.0002s ]
SQL: SELECT * FROM `west_company` WHERE `uid` = 13 LIMIT 1   [ RunTime:0.0002s ]
SQL: SELECT * FROM `west_company` WHERE `uid` = 13 LIMIT 1   [ RunTime:0.0002s ]
SQL: SELECT * FROM `west_company` WHERE `uid` = 13 LIMIT 1   [ RunTime:0.0002s ]
SQL: SELECT * FROM `west_company` WHERE `uid` = 13 LIMIT 1   [ RunTime:0.0002s ]
SQL: SELECT * FROM `west_company` WHERE `uid` = 13 LIMIT 1   [ RunTime:0.0002s ]
SQL: SELECT * FROM `west_company` WHERE `uid` = 13 LIMIT 1   [ RunTime:0.0002s ]
SQL: SELECT * FROM `west_company` WHERE `uid` = 13 LIMIT 1   [ RunTime:0.0002s ]
SQL: SELECT * FROM `west_company` WHERE `uid` = 13 LIMIT 1   [ RunTime:0.0002s ]

[ 2015-06-03T03:01:38+08:00 ] 127.0.0.1 /WesternFilms/server/index.php/Admin/views/getUser/p/1
INFO: [ app_init ] --START--
INFO: Run Behavior\BuildLiteBehavior [ RunTime:0.000025s ]
INFO: [ app_init ] --END-- [ RunTime:0.000603s ]
INFO: [ app_begin ] --START--
INFO: Run Behavior\ReadHtmlCacheBehavior [ RunTime:0.001217s ]
INFO: [ app_begin ] --END-- [ RunTime:0.001429s ]
NOTIC: [8] Use of undefined constant ture - assumed 'ture' D:\WampServer2.1a-x32\WampServer\wamp\www\WesternFilms\server\Apps\Admin\Controller\BaseController.class.php 第 20 行.
SQL: SHOW COLUMNS FROM `west_user` [ RunTime:0.0080s ]
SQL: SELECT `uid`,`username`,`modify_time` FROM `west_user` WHERE `group` = 'user' AND `status` = 1 ORDER BY uid DESC LIMIT 0,10000   [ RunTime:0.0008s ]
SQL: SHOW COLUMNS FROM `west_company` [ RunTime:0.0085s ]
SQL: SELECT * FROM `west_company` WHERE `uid` = 28 LIMIT 1   [ RunTime:0.0007s ]
SQL: SELECT * FROM `west_company` WHERE `uid` = 26 LIMIT 1   [ RunTime:0.0004s ]
SQL: SELECT * FROM `west_company` WHERE `uid` = 22 LIMIT 1   [ RunTime:0.0004s ]
SQL: SELECT * FROM `west_company` WHERE `uid` = 16 LIMIT 1   [ RunTime:0.0006s ]
SQL: SELECT * FROM `west_company` WHERE `uid` = 15 LIMIT 1   [ RunTime:0.0003s ]
SQL: SELECT * FROM `west_company` WHERE `uid` = 14 LIMIT 1   [ RunTime:0.0002s ]
SQL: SELECT * FROM `west_company` WHERE `uid` = 13 LIMIT 1   [ RunTime:0.0002s ]
NOTIC: [8] Undefined variable: count D:\WampServer2.1a-x32\WampServer\wamp\www\WesternFilms\server\Apps\Admin\Controller\ViewsController.class.php 第 61 行.

[ 2015-06-03T03:01:38+08:00 ] 127.0.0.1 /WesternFilms/server/index.php/Admin/views/getNews?p=1
INFO: [ app_init ] --START--
INFO: Run Behavior\BuildLiteBehavior [ RunTime:0.000019s ]
INFO: [ app_init ] --END-- [ RunTime:0.000579s ]
INFO: [ app_begin ] --START--
INFO: Run Behavior\ReadHtmlCacheBehavior [ RunTime:0.000864s ]
INFO: [ app_begin ] --END-- [ RunTime:0.001705s ]
NOTIC: [8] Use of undefined constant ture - assumed 'ture' D:\WampServer2.1a-x32\WampServer\wamp\www\WesternFilms\server\Apps\Admin\Controller\BaseController.class.php 第 20 行.
SQL: SHOW COLUMNS FROM `west_news` [ RunTime:0.0073s ]
SQL: SELECT * FROM `west_news` WHERE ( status = 1 ) ORDER BY id DESC LIMIT 0,100000   [ RunTime:0.0006s ]
SQL: SELECT COUNT(*) AS tp_count FROM `west_news` LIMIT 1   [ RunTime:0.0002s ]
SQL: SHOW COLUMNS FROM `west_company` [ RunTime:0.0054s ]
SQL: SELECT * FROM `west_company` WHERE `uid` = 13 LIMIT 1   [ RunTime:0.0003s ]
SQL: SELECT * FROM `west_company` WHERE `uid` = 26 LIMIT 1   [ RunTime:0.0003s ]
SQL: SELECT * FROM `west_company` WHERE `uid` = 22 LIMIT 1   [ RunTime:0.0002s ]
SQL: SELECT * FROM `west_company` WHERE `uid` = 13 LIMIT 1   [ RunTime:0.0002s ]
SQL: SELECT * FROM `west_company` WHERE `uid` = 13 LIMIT 1   [ RunTime:0.0002s ]
SQL: SELECT * FROM `west_company` WHERE `uid` = 13 LIMIT 1   [ RunTime:0.0002s ]
SQL: SELECT * FROM `west_company` WHERE `uid` = 13 LIMIT 1   [ RunTime:0.0002s ]
SQL: SELECT * FROM `west_company` WHERE `uid` = 13 LIMIT 1   [ RunTime:0.0002s ]
SQL: SELECT * FROM `west_company` WHERE `uid` = 13 LIMIT 1   [ RunTime:0.0002s ]
SQL: SELECT * FROM `west_company` WHERE `uid` = 13 LIMIT 1   [ RunTime:0.0002s ]
SQL: SELECT * FROM `west_company` WHERE `uid` = 13 LIMIT 1   [ RunTime:0.0002s ]
SQL: SELECT * FROM `west_company` WHERE `uid` = 13 LIMIT 1   [ RunTime:0.0003s ]
SQL: SELECT * FROM `west_company` WHERE `uid` = 13 LIMIT 1   [ RunTime:0.0002s ]
SQL: SELECT * FROM `west_company` WHERE `uid` = 13 LIMIT 1   [ RunTime:0.0002s ]
SQL: SELECT * FROM `west_company` WHERE `uid` = 13 LIMIT 1   [ RunTime:0.0002s ]

[ 2015-06-03T03:01:38+08:00 ] 127.0.0.1 /WesternFilms/server/index.php/Admin/views/getLinks?p=1
INFO: [ app_init ] --START--
INFO: Run Behavior\BuildLiteBehavior [ RunTime:0.000026s ]
INFO: [ app_init ] --END-- [ RunTime:0.000577s ]
INFO: [ app_begin ] --START--
INFO: Run Behavior\ReadHtmlCacheBehavior [ RunTime:0.000848s ]
INFO: [ app_begin ] --END-- [ RunTime:0.000993s ]
NOTIC: [8] Use of undefined constant ture - assumed 'ture' D:\WampServer2.1a-x32\WampServer\wamp\www\WesternFilms\server\Apps\Admin\Controller\BaseController.class.php 第 20 行.
SQL: SHOW COLUMNS FROM `west_links` [ RunTime:0.0077s ]
SQL: SELECT * FROM `west_links` WHERE ( status = 1 ) ORDER BY id DESC LIMIT 0,100000   [ RunTime:0.0008s ]
SQL: SELECT COUNT(*) AS tp_count FROM `west_links` LIMIT 1   [ RunTime:0.0004s ]
SQL: SHOW COLUMNS FROM `west_company` [ RunTime:0.0092s ]
SQL: SELECT * FROM `west_company` WHERE `uid` = 13 LIMIT 1   [ RunTime:0.0004s ]
SQL: SELECT * FROM `west_company` WHERE `uid` = 13 LIMIT 1   [ RunTime:0.0004s ]
SQL: SELECT * FROM `west_company` WHERE `uid` = 13 LIMIT 1   [ RunTime:0.0003s ]
SQL: SELECT * FROM `west_company` WHERE `uid` = 22 LIMIT 1   [ RunTime:0.0003s ]
SQL: SELECT * FROM `west_company` WHERE `uid` = 13 LIMIT 1   [ RunTime:0.0004s ]
SQL: SELECT * FROM `west_company` WHERE `uid` = 13 LIMIT 1   [ RunTime:0.0004s ]
SQL: SELECT * FROM `west_company` WHERE `uid` = 13 LIMIT 1   [ RunTime:0.0007s ]
SQL: SELECT * FROM `west_company` WHERE `uid` = 13 LIMIT 1   [ RunTime:0.0004s ]
SQL: SELECT * FROM `west_company` WHERE `uid` = 13 LIMIT 1   [ RunTime:0.0004s ]
SQL: SELECT * FROM `west_company` WHERE `uid` = 13 LIMIT 1   [ RunTime:0.0004s ]
SQL: SELECT * FROM `west_company` WHERE `uid` = 13 LIMIT 1   [ RunTime:0.0002s ]
SQL: SELECT * FROM `west_company` WHERE `uid` = 13 LIMIT 1   [ RunTime:0.0002s ]
SQL: SELECT * FROM `west_company` WHERE `uid` = 13 LIMIT 1   [ RunTime:0.0002s ]
SQL: SELECT * FROM `west_company` WHERE `uid` = 13 LIMIT 1   [ RunTime:0.0002s ]
SQL: SELECT * FROM `west_company` WHERE `uid` = 13 LIMIT 1   [ RunTime:0.0002s ]

[ 2015-06-03T03:02:18+08:00 ] 127.0.0.1 /WesternFilms/server/index.php/Admin/views/getUser/p/1
INFO: [ app_init ] --START--
INFO: Run Behavior\BuildLiteBehavior [ RunTime:0.000023s ]
INFO: [ app_init ] --END-- [ RunTime:0.000598s ]
INFO: [ app_begin ] --START--
INFO: Run Behavior\ReadHtmlCacheBehavior [ RunTime:0.001159s ]
INFO: [ app_begin ] --END-- [ RunTime:0.001257s ]
NOTIC: [8] Use of undefined constant ture - assumed 'ture' D:\WampServer2.1a-x32\WampServer\wamp\www\WesternFilms\server\Apps\Admin\Controller\BaseController.class.php 第 20 行.
SQL: SHOW COLUMNS FROM `west_user` [ RunTime:0.0107s ]
SQL: SELECT `uid`,`username`,`modify_time` FROM `west_user` WHERE `group` = 'user' AND `status` = 0 ORDER BY uid DESC LIMIT 0,10000   [ RunTime:0.0011s ]
SQL: SHOW COLUMNS FROM `west_company` [ RunTime:0.0110s ]
SQL: SELECT * FROM `west_company` WHERE `uid` = 27 LIMIT 1   [ RunTime:0.0016s ]
SQL: SELECT * FROM `west_company` WHERE `uid` = 25 LIMIT 1   [ RunTime:0.0016s ]
SQL: SELECT * FROM `west_company` WHERE `uid` = 24 LIMIT 1   [ RunTime:0.0014s ]
NOTIC: [8] Undefined variable: count D:\WampServer2.1a-x32\WampServer\wamp\www\WesternFilms\server\Apps\Admin\Controller\ViewsController.class.php 第 61 行.

[ 2015-06-03T03:02:18+08:00 ] 127.0.0.1 /WesternFilms/server/index.php/Admin/views/getUser/p/1
INFO: [ app_init ] --START--
INFO: Run Behavior\BuildLiteBehavior [ RunTime:0.000039s ]
INFO: [ app_init ] --END-- [ RunTime:0.000990s ]
INFO: [ app_begin ] --START--
INFO: Run Behavior\ReadHtmlCacheBehavior [ RunTime:0.001219s ]
INFO: [ app_begin ] --END-- [ RunTime:0.001328s ]
NOTIC: [8] Use of undefined constant ture - assumed 'ture' D:\WampServer2.1a-x32\WampServer\wamp\www\WesternFilms\server\Apps\Admin\Controller\BaseController.class.php 第 20 行.
SQL: SHOW COLUMNS FROM `west_user` [ RunTime:0.0080s ]
SQL: SELECT `uid`,`username`,`modify_time` FROM `west_user` WHERE `group` = 'user' ORDER BY uid DESC LIMIT 0,10000   [ RunTime:0.0004s ]
SQL: SELECT COUNT(*) AS tp_count FROM `west_user` LIMIT 1   [ RunTime:0.0002s ]
SQL: SHOW COLUMNS FROM `west_company` [ RunTime:0.0107s ]
SQL: SELECT * FROM `west_company` WHERE `uid` = 28 LIMIT 1   [ RunTime:0.0005s ]
SQL: SELECT * FROM `west_company` WHERE `uid` = 27 LIMIT 1   [ RunTime:0.0003s ]
SQL: SELECT * FROM `west_company` WHERE `uid` = 26 LIMIT 1   [ RunTime:0.0003s ]
SQL: SELECT * FROM `west_company` WHERE `uid` = 25 LIMIT 1   [ RunTime:0.0003s ]
SQL: SELECT * FROM `west_company` WHERE `uid` = 24 LIMIT 1   [ RunTime:0.0003s ]
SQL: SELECT * FROM `west_company` WHERE `uid` = 22 LIMIT 1   [ RunTime:0.0004s ]
SQL: SELECT * FROM `west_company` WHERE `uid` = 18 LIMIT 1   [ RunTime:0.0004s ]
SQL: SELECT * FROM `west_company` WHERE `uid` = 17 LIMIT 1   [ RunTime:0.0003s ]
SQL: SELECT * FROM `west_company` WHERE `uid` = 16 LIMIT 1   [ RunTime:0.0004s ]
SQL: SELECT * FROM `west_company` WHERE `uid` = 15 LIMIT 1   [ RunTime:0.0004s ]
SQL: SELECT * FROM `west_company` WHERE `uid` = 14 LIMIT 1   [ RunTime:0.0004s ]
SQL: SELECT * FROM `west_company` WHERE `uid` = 13 LIMIT 1   [ RunTime:0.0005s ]

[ 2015-06-03T03:02:18+08:00 ] 127.0.0.1 /WesternFilms/server/index.php/Admin/views/getUser/p/1
INFO: [ app_init ] --START--
INFO: Run Behavior\BuildLiteBehavior [ RunTime:0.000022s ]
INFO: [ app_init ] --END-- [ RunTime:0.000580s ]
INFO: [ app_begin ] --START--
INFO: Run Behavior\ReadHtmlCacheBehavior [ RunTime:0.000834s ]
INFO: [ app_begin ] --END-- [ RunTime:0.000930s ]
NOTIC: [8] Use of undefined constant ture - assumed 'ture' D:\WampServer2.1a-x32\WampServer\wamp\www\WesternFilms\server\Apps\Admin\Controller\BaseController.class.php 第 20 行.
SQL: SHOW COLUMNS FROM `west_user` [ RunTime:0.0089s ]
SQL: SELECT `uid`,`username`,`modify_time` FROM `west_user` WHERE `group` = 'user' AND `status` = 1 ORDER BY uid DESC LIMIT 0,10000   [ RunTime:0.0006s ]
SQL: SHOW COLUMNS FROM `west_company` [ RunTime:0.0099s ]
SQL: SELECT * FROM `west_company` WHERE `uid` = 28 LIMIT 1   [ RunTime:0.0005s ]
SQL: SELECT * FROM `west_company` WHERE `uid` = 26 LIMIT 1   [ RunTime:0.0003s ]
SQL: SELECT * FROM `west_company` WHERE `uid` = 22 LIMIT 1   [ RunTime:0.0003s ]
SQL: SELECT * FROM `west_company` WHERE `uid` = 16 LIMIT 1   [ RunTime:0.0003s ]
SQL: SELECT * FROM `west_company` WHERE `uid` = 15 LIMIT 1   [ RunTime:0.0004s ]
SQL: SELECT * FROM `west_company` WHERE `uid` = 14 LIMIT 1   [ RunTime:0.0003s ]
SQL: SELECT * FROM `west_company` WHERE `uid` = 13 LIMIT 1   [ RunTime:0.0003s ]
NOTIC: [8] Undefined variable: count D:\WampServer2.1a-x32\WampServer\wamp\www\WesternFilms\server\Apps\Admin\Controller\ViewsController.class.php 第 61 行.

[ 2015-06-03T03:02:18+08:00 ] 127.0.0.1 /WesternFilms/server/index.php/Admin/views/getUser/p/1
INFO: [ app_init ] --START--
INFO: Run Behavior\BuildLiteBehavior [ RunTime:0.000025s ]
INFO: [ app_init ] --END-- [ RunTime:0.000855s ]
INFO: [ app_begin ] --START--
INFO: Run Behavior\ReadHtmlCacheBehavior [ RunTime:0.001184s ]
INFO: [ app_begin ] --END-- [ RunTime:0.001299s ]
NOTIC: [8] Use of undefined constant ture - assumed 'ture' D:\WampServer2.1a-x32\WampServer\wamp\www\WesternFilms\server\Apps\Admin\Controller\BaseController.class.php 第 20 行.
SQL: SHOW COLUMNS FROM `west_user` [ RunTime:0.0066s ]
SQL: SELECT `uid`,`username`,`modify_time` FROM `west_user` WHERE `group` = 'user' AND `status` = 2 ORDER BY uid DESC LIMIT 0,10000   [ RunTime:0.0009s ]
SQL: SHOW COLUMNS FROM `west_company` [ RunTime:0.0095s ]
SQL: SELECT * FROM `west_company` WHERE `uid` = 18 LIMIT 1   [ RunTime:0.0005s ]
SQL: SELECT * FROM `west_company` WHERE `uid` = 17 LIMIT 1   [ RunTime:0.0004s ]
NOTIC: [8] Undefined variable: count D:\WampServer2.1a-x32\WampServer\wamp\www\WesternFilms\server\Apps\Admin\Controller\ViewsController.class.php 第 61 行.

[ 2015-06-03T03:02:18+08:00 ] 127.0.0.1 /WesternFilms/server/index.php/Admin/views/getNews?p=1
INFO: [ app_init ] --START--
INFO: Run Behavior\BuildLiteBehavior [ RunTime:0.000026s ]
INFO: [ app_init ] --END-- [ RunTime:0.001087s ]
INFO: [ app_begin ] --START--
INFO: Run Behavior\ReadHtmlCacheBehavior [ RunTime:0.000916s ]
INFO: [ app_begin ] --END-- [ RunTime:0.001049s ]
NOTIC: [8] Use of undefined constant ture - assumed 'ture' D:\WampServer2.1a-x32\WampServer\wamp\www\WesternFilms\server\Apps\Admin\Controller\BaseController.class.php 第 20 行.
SQL: SHOW COLUMNS FROM `west_news` [ RunTime:0.0058s ]
SQL: SELECT * FROM `west_news` WHERE ( status = 1 ) ORDER BY id DESC LIMIT 0,100000   [ RunTime:0.0008s ]
SQL: SELECT COUNT(*) AS tp_count FROM `west_news` LIMIT 1   [ RunTime:0.0003s ]
SQL: SHOW COLUMNS FROM `west_company` [ RunTime:0.0056s ]
SQL: SELECT * FROM `west_company` WHERE `uid` = 13 LIMIT 1   [ RunTime:0.0004s ]
SQL: SELECT * FROM `west_company` WHERE `uid` = 26 LIMIT 1   [ RunTime:0.0004s ]
SQL: SELECT * FROM `west_company` WHERE `uid` = 22 LIMIT 1   [ RunTime:0.0003s ]
SQL: SELECT * FROM `west_company` WHERE `uid` = 13 LIMIT 1   [ RunTime:0.0003s ]
SQL: SELECT * FROM `west_company` WHERE `uid` = 13 LIMIT 1   [ RunTime:0.0003s ]
SQL: SELECT * FROM `west_company` WHERE `uid` = 13 LIMIT 1   [ RunTime:0.0003s ]
SQL: SELECT * FROM `west_company` WHERE `uid` = 13 LIMIT 1   [ RunTime:0.0003s ]
SQL: SELECT * FROM `west_company` WHERE `uid` = 13 LIMIT 1   [ RunTime:0.0003s ]
SQL: SELECT * FROM `west_company` WHERE `uid` = 13 LIMIT 1   [ RunTime:0.0003s ]
SQL: SELECT * FROM `west_company` WHERE `uid` = 13 LIMIT 1   [ RunTime:0.0003s ]
SQL: SELECT * FROM `west_company` WHERE `uid` = 13 LIMIT 1   [ RunTime:0.0003s ]
SQL: SELECT * FROM `west_company` WHERE `uid` = 13 LIMIT 1   [ RunTime:0.0003s ]
SQL: SELECT * FROM `west_company` WHERE `uid` = 13 LIMIT 1   [ RunTime:0.0003s ]
SQL: SELECT * FROM `west_company` WHERE `uid` = 13 LIMIT 1   [ RunTime:0.0003s ]
SQL: SELECT * FROM `west_company` WHERE `uid` = 13 LIMIT 1   [ RunTime:0.0005s ]

[ 2015-06-03T03:02:18+08:00 ] 127.0.0.1 /WesternFilms/server/index.php/Admin/views/getVideos?p=1
INFO: [ app_init ] --START--
INFO: Run Behavior\BuildLiteBehavior [ RunTime:0.000024s ]
INFO: [ app_init ] --END-- [ RunTime:0.000576s ]
INFO: [ app_begin ] --START--
INFO: Run Behavior\ReadHtmlCacheBehavior [ RunTime:0.001068s ]
INFO: [ app_begin ] --END-- [ RunTime:0.001160s ]
NOTIC: [8] Use of undefined constant ture - assumed 'ture' D:\WampServer2.1a-x32\WampServer\wamp\www\WesternFilms\server\Apps\Admin\Controller\BaseController.class.php 第 20 行.
SQL: SHOW COLUMNS FROM `west_videos` [ RunTime:0.0101s ]
SQL: SELECT * FROM `west_videos` WHERE ( status = 1 ) ORDER BY id DESC LIMIT 0,100000   [ RunTime:0.0005s ]
SQL: SELECT COUNT(*) AS tp_count FROM `west_videos` LIMIT 1   [ RunTime:0.0002s ]
SQL: SHOW COLUMNS FROM `west_company` [ RunTime:0.0093s ]
SQL: SELECT * FROM `west_company` WHERE `uid` = 13 LIMIT 1   [ RunTime:0.0025s ]
SQL: SELECT * FROM `west_company` WHERE `uid` = 26 LIMIT 1   [ RunTime:0.0011s ]
SQL: SELECT * FROM `west_company` WHERE `uid` = 13 LIMIT 1   [ RunTime:0.0006s ]
SQL: SELECT * FROM `west_company` WHERE `uid` = 13 LIMIT 1   [ RunTime:0.0005s ]
SQL: SELECT * FROM `west_company` WHERE `uid` = 22 LIMIT 1   [ RunTime:0.0006s ]
SQL: SELECT * FROM `west_company` WHERE `uid` = 13 LIMIT 1   [ RunTime:0.0005s ]
SQL: SELECT * FROM `west_company` WHERE `uid` = 13 LIMIT 1   [ RunTime:0.0005s ]
SQL: SELECT * FROM `west_company` WHERE `uid` = 13 LIMIT 1   [ RunTime:0.0004s ]
SQL: SELECT * FROM `west_company` WHERE `uid` = 13 LIMIT 1   [ RunTime:0.0005s ]
SQL: SELECT * FROM `west_company` WHERE `uid` = 13 LIMIT 1   [ RunTime:0.0004s ]
SQL: SELECT * FROM `west_company` WHERE `uid` = 13 LIMIT 1   [ RunTime:0.0003s ]
SQL: SELECT * FROM `west_company` WHERE `uid` = 13 LIMIT 1   [ RunTime:0.0003s ]
SQL: SELECT * FROM `west_company` WHERE `uid` = 13 LIMIT 1   [ RunTime:0.0007s ]
SQL: SELECT * FROM `west_company` WHERE `uid` = 13 LIMIT 1   [ RunTime:0.0005s ]
SQL: SELECT * FROM `west_company` WHERE `uid` = 13 LIMIT 1   [ RunTime:0.0005s ]
SQL: SELECT * FROM `west_company` WHERE `uid` = 13 LIMIT 1   [ RunTime:0.0005s ]
SQL: SELECT * FROM `west_company` WHERE `uid` = 13 LIMIT 1   [ RunTime:0.0003s ]

[ 2015-06-03T03:02:18+08:00 ] 127.0.0.1 /WesternFilms/server/index.php/Admin/views/getLinks?p=1
INFO: [ app_init ] --START--
INFO: Run Behavior\BuildLiteBehavior [ RunTime:0.000022s ]
INFO: [ app_init ] --END-- [ RunTime:0.000579s ]
INFO: [ app_begin ] --START--
INFO: Run Behavior\ReadHtmlCacheBehavior [ RunTime:0.000751s ]
INFO: [ app_begin ] --END-- [ RunTime:0.000837s ]
NOTIC: [8] Use of undefined constant ture - assumed 'ture' D:\WampServer2.1a-x32\WampServer\wamp\www\WesternFilms\server\Apps\Admin\Controller\BaseController.class.php 第 20 行.
SQL: SHOW COLUMNS FROM `west_links` [ RunTime:0.0065s ]
SQL: SELECT * FROM `west_links` WHERE ( status = 1 ) ORDER BY id DESC LIMIT 0,100000   [ RunTime:0.0006s ]
SQL: SELECT COUNT(*) AS tp_count FROM `west_links` LIMIT 1   [ RunTime:0.0003s ]
SQL: SHOW COLUMNS FROM `west_company` [ RunTime:0.0090s ]
SQL: SELECT * FROM `west_company` WHERE `uid` = 13 LIMIT 1   [ RunTime:0.0005s ]
SQL: SELECT * FROM `west_company` WHERE `uid` = 13 LIMIT 1   [ RunTime:0.0004s ]
SQL: SELECT * FROM `west_company` WHERE `uid` = 13 LIMIT 1   [ RunTime:0.0003s ]
SQL: SELECT * FROM `west_company` WHERE `uid` = 22 LIMIT 1   [ RunTime:0.0003s ]
SQL: SELECT * FROM `west_company` WHERE `uid` = 13 LIMIT 1   [ RunTime:0.0003s ]
SQL: SELECT * FROM `west_company` WHERE `uid` = 13 LIMIT 1   [ RunTime:0.0004s ]
SQL: SELECT * FROM `west_company` WHERE `uid` = 13 LIMIT 1   [ RunTime:0.0004s ]
SQL: SELECT * FROM `west_company` WHERE `uid` = 13 LIMIT 1   [ RunTime:0.0004s ]
SQL: SELECT * FROM `west_company` WHERE `uid` = 13 LIMIT 1   [ RunTime:0.0003s ]
SQL: SELECT * FROM `west_company` WHERE `uid` = 13 LIMIT 1   [ RunTime:0.0005s ]
SQL: SELECT * FROM `west_company` WHERE `uid` = 13 LIMIT 1   [ RunTime:0.0003s ]
SQL: SELECT * FROM `west_company` WHERE `uid` = 13 LIMIT 1   [ RunTime:0.0005s ]
SQL: SELECT * FROM `west_company` WHERE `uid` = 13 LIMIT 1   [ RunTime:0.0003s ]
SQL: SELECT * FROM `west_company` WHERE `uid` = 13 LIMIT 1   [ RunTime:0.0003s ]
SQL: SELECT * FROM `west_company` WHERE `uid` = 13 LIMIT 1   [ RunTime:0.0003s ]

[ 2015-06-03T22:16:27+08:00 ] 127.0.0.1 /WesternFilms/server/index.php/Admin/user/login
INFO: [ app_init ] --START--
INFO: Run Behavior\BuildLiteBehavior [ RunTime:0.000032s ]
INFO: [ app_init ] --END-- [ RunTime:0.000875s ]
INFO: [ app_begin ] --START--
INFO: Run Behavior\ReadHtmlCacheBehavior [ RunTime:0.001125s ]
INFO: [ app_begin ] --END-- [ RunTime:0.001268s ]
NOTIC: [8] Undefined variable: id D:\WampServer2.1a-x32\WampServer\wamp\www\WesternFilms\server\Apps\Admin\Controller\UserController.class.php 第 22 行.
SQL: SHOW COLUMNS FROM `west_user` [ RunTime:0.0037s ]
SQL: SELECT * FROM `west_user` WHERE `username` = 'admin' LIMIT 1   [ RunTime:0.0004s ]

[ 2015-06-03T22:16:27+08:00 ] 127.0.0.1 /WesternFilms/server/index.php/Admin/views/getUser/p/1
INFO: [ app_init ] --START--
INFO: Run Behavior\BuildLiteBehavior [ RunTime:0.000015s ]
INFO: [ app_init ] --END-- [ RunTime:0.000330s ]
INFO: [ app_begin ] --START--
INFO: Run Behavior\ReadHtmlCacheBehavior [ RunTime:0.000462s ]
INFO: [ app_begin ] --END-- [ RunTime:0.000517s ]
NOTIC: [8] Use of undefined constant ture - assumed 'ture' D:\WampServer2.1a-x32\WampServer\wamp\www\WesternFilms\server\Apps\Admin\Controller\BaseController.class.php 第 20 行.
SQL: SHOW COLUMNS FROM `west_user` [ RunTime:0.0050s ]
SQL: SELECT `uid`,`username`,`modify_time` FROM `west_user` WHERE `group` = 'user' ORDER BY uid DESC LIMIT 0,10000   [ RunTime:0.0005s ]
SQL: SELECT COUNT(*) AS tp_count FROM `west_user` LIMIT 1   [ RunTime:0.0003s ]
SQL: SHOW COLUMNS FROM `west_company` [ RunTime:0.0052s ]
SQL: SELECT * FROM `west_company` WHERE `uid` = 28 LIMIT 1   [ RunTime:0.0005s ]
SQL: SELECT * FROM `west_company` WHERE `uid` = 27 LIMIT 1   [ RunTime:0.0009s ]
SQL: SELECT * FROM `west_company` WHERE `uid` = 26 LIMIT 1   [ RunTime:0.0005s ]
SQL: SELECT * FROM `west_company` WHERE `uid` = 25 LIMIT 1   [ RunTime:0.0004s ]
SQL: SELECT * FROM `west_company` WHERE `uid` = 24 LIMIT 1   [ RunTime:0.0004s ]
SQL: SELECT * FROM `west_company` WHERE `uid` = 22 LIMIT 1   [ RunTime:0.0004s ]
SQL: SELECT * FROM `west_company` WHERE `uid` = 18 LIMIT 1   [ RunTime:0.0004s ]
SQL: SELECT * FROM `west_company` WHERE `uid` = 17 LIMIT 1   [ RunTime:0.0004s ]
SQL: SELECT * FROM `west_company` WHERE `uid` = 16 LIMIT 1   [ RunTime:0.0003s ]
SQL: SELECT * FROM `west_company` WHERE `uid` = 15 LIMIT 1   [ RunTime:0.0003s ]
SQL: SELECT * FROM `west_company` WHERE `uid` = 14 LIMIT 1   [ RunTime:0.0003s ]
SQL: SELECT * FROM `west_company` WHERE `uid` = 13 LIMIT 1   [ RunTime:0.0003s ]

[ 2015-06-03T22:16:27+08:00 ] 127.0.0.1 /WesternFilms/server/index.php/Admin/views/getUser/p/1
INFO: [ app_init ] --START--
INFO: Run Behavior\BuildLiteBehavior [ RunTime:0.000019s ]
INFO: [ app_init ] --END-- [ RunTime:0.000449s ]
INFO: [ app_begin ] --START--
INFO: Run Behavior\ReadHtmlCacheBehavior [ RunTime:0.000662s ]
INFO: [ app_begin ] --END-- [ RunTime:0.000741s ]
NOTIC: [8] Use of undefined constant ture - assumed 'ture' D:\WampServer2.1a-x32\WampServer\wamp\www\WesternFilms\server\Apps\Admin\Controller\BaseController.class.php 第 20 行.
SQL: SHOW COLUMNS FROM `west_user` [ RunTime:0.0074s ]
SQL: SELECT `uid`,`username`,`modify_time` FROM `west_user` WHERE `group` = 'user' AND `status` = 0 ORDER BY uid DESC LIMIT 0,10000   [ RunTime:0.0006s ]
SQL: SHOW COLUMNS FROM `west_company` [ RunTime:0.0036s ]
SQL: SELECT * FROM `west_company` WHERE `uid` = 27 LIMIT 1   [ RunTime:0.0003s ]
SQL: SELECT * FROM `west_company` WHERE `uid` = 25 LIMIT 1   [ RunTime:0.0003s ]
SQL: SELECT * FROM `west_company` WHERE `uid` = 24 LIMIT 1   [ RunTime:0.0003s ]
NOTIC: [8] Undefined variable: count D:\WampServer2.1a-x32\WampServer\wamp\www\WesternFilms\server\Apps\Admin\Controller\ViewsController.class.php 第 61 行.

[ 2015-06-03T22:16:27+08:00 ] 127.0.0.1 /WesternFilms/server/index.php/Admin/views/getVideos?p=1
INFO: [ app_init ] --START--
INFO: Run Behavior\BuildLiteBehavior [ RunTime:0.000014s ]
INFO: [ app_init ] --END-- [ RunTime:0.000333s ]
INFO: [ app_begin ] --START--
INFO: Run Behavior\ReadHtmlCacheBehavior [ RunTime:0.000489s ]
INFO: [ app_begin ] --END-- [ RunTime:0.000538s ]
NOTIC: [8] Use of undefined constant ture - assumed 'ture' D:\WampServer2.1a-x32\WampServer\wamp\www\WesternFilms\server\Apps\Admin\Controller\BaseController.class.php 第 20 行.
SQL: SHOW COLUMNS FROM `west_videos` [ RunTime:0.0048s ]
SQL: SELECT * FROM `west_videos` WHERE ( status = 1 ) ORDER BY id DESC LIMIT 0,100000   [ RunTime:0.0004s ]
SQL: SELECT COUNT(*) AS tp_count FROM `west_videos` LIMIT 1   [ RunTime:0.0002s ]
SQL: SHOW COLUMNS FROM `west_company` [ RunTime:0.0035s ]
SQL: SELECT * FROM `west_company` WHERE `uid` = 13 LIMIT 1   [ RunTime:0.0003s ]
SQL: SELECT * FROM `west_company` WHERE `uid` = 13 LIMIT 1   [ RunTime:0.0002s ]
SQL: SELECT * FROM `west_company` WHERE `uid` = 26 LIMIT 1   [ RunTime:0.0002s ]
SQL: SELECT * FROM `west_company` WHERE `uid` = 13 LIMIT 1   [ RunTime:0.0002s ]
SQL: SELECT * FROM `west_company` WHERE `uid` = 13 LIMIT 1   [ RunTime:0.0002s ]
SQL: SELECT * FROM `west_company` WHERE `uid` = 22 LIMIT 1   [ RunTime:0.0002s ]
SQL: SELECT * FROM `west_company` WHERE `uid` = 13 LIMIT 1   [ RunTime:0.0002s ]
SQL: SELECT * FROM `west_company` WHERE `uid` = 13 LIMIT 1   [ RunTime:0.0002s ]
SQL: SELECT * FROM `west_company` WHERE `uid` = 13 LIMIT 1   [ RunTime:0.0002s ]
SQL: SELECT * FROM `west_company` WHERE `uid` = 13 LIMIT 1   [ RunTime:0.0002s ]
SQL: SELECT * FROM `west_company` WHERE `uid` = 13 LIMIT 1   [ RunTime:0.0002s ]
SQL: SELECT * FROM `west_company` WHERE `uid` = 13 LIMIT 1   [ RunTime:0.0002s ]
SQL: SELECT * FROM `west_company` WHERE `uid` = 13 LIMIT 1   [ RunTime:0.0002s ]
SQL: SELECT * FROM `west_company` WHERE `uid` = 13 LIMIT 1   [ RunTime:0.0002s ]
SQL: SELECT * FROM `west_company` WHERE `uid` = 13 LIMIT 1   [ RunTime:0.0002s ]
SQL: SELECT * FROM `west_company` WHERE `uid` = 13 LIMIT 1   [ RunTime:0.0002s ]
SQL: SELECT * FROM `west_company` WHERE `uid` = 13 LIMIT 1   [ RunTime:0.0002s ]
SQL: SELECT * FROM `west_company` WHERE `uid` = 13 LIMIT 1   [ RunTime:0.0002s ]

[ 2015-06-03T22:16:27+08:00 ] 127.0.0.1 /WesternFilms/server/index.php/Admin/views/getUser/p/1
INFO: [ app_init ] --START--
INFO: Run Behavior\BuildLiteBehavior [ RunTime:0.000020s ]
INFO: [ app_init ] --END-- [ RunTime:0.000485s ]
INFO: [ app_begin ] --START--
INFO: Run Behavior\ReadHtmlCacheBehavior [ RunTime:0.000914s ]
INFO: [ app_begin ] --END-- [ RunTime:0.001013s ]
NOTIC: [8] Use of undefined constant ture - assumed 'ture' D:\WampServer2.1a-x32\WampServer\wamp\www\WesternFilms\server\Apps\Admin\Controller\BaseController.class.php 第 20 行.
SQL: SHOW COLUMNS FROM `west_user` [ RunTime:0.0058s ]
SQL: SELECT `uid`,`username`,`modify_time` FROM `west_user` WHERE `group` = 'user' AND `status` = 1 ORDER BY uid DESC LIMIT 0,10000   [ RunTime:0.0004s ]
SQL: SHOW COLUMNS FROM `west_company` [ RunTime:0.0044s ]
SQL: SELECT * FROM `west_company` WHERE `uid` = 28 LIMIT 1   [ RunTime:0.0003s ]
SQL: SELECT * FROM `west_company` WHERE `uid` = 26 LIMIT 1   [ RunTime:0.0002s ]
SQL: SELECT * FROM `west_company` WHERE `uid` = 22 LIMIT 1   [ RunTime:0.0002s ]
SQL: SELECT * FROM `west_company` WHERE `uid` = 16 LIMIT 1   [ RunTime:0.0002s ]
SQL: SELECT * FROM `west_company` WHERE `uid` = 15 LIMIT 1   [ RunTime:0.0002s ]
SQL: SELECT * FROM `west_company` WHERE `uid` = 14 LIMIT 1   [ RunTime:0.0002s ]
SQL: SELECT * FROM `west_company` WHERE `uid` = 13 LIMIT 1   [ RunTime:0.0002s ]
NOTIC: [8] Undefined variable: count D:\WampServer2.1a-x32\WampServer\wamp\www\WesternFilms\server\Apps\Admin\Controller\ViewsController.class.php 第 61 行.

[ 2015-06-03T22:16:27+08:00 ] 127.0.0.1 /WesternFilms/server/index.php/Admin/views/getUser/p/1
INFO: [ app_init ] --START--
INFO: Run Behavior\BuildLiteBehavior [ RunTime:0.000025s ]
INFO: [ app_init ] --END-- [ RunTime:0.000573s ]
INFO: [ app_begin ] --START--
INFO: Run Behavior\ReadHtmlCacheBehavior [ RunTime:0.000865s ]
INFO: [ app_begin ] --END-- [ RunTime:0.000979s ]
NOTIC: [8] Use of undefined constant ture - assumed 'ture' D:\WampServer2.1a-x32\WampServer\wamp\www\WesternFilms\server\Apps\Admin\Controller\BaseController.class.php 第 20 行.
SQL: SHOW COLUMNS FROM `west_user` [ RunTime:0.0044s ]
SQL: SELECT `uid`,`username`,`modify_time` FROM `west_user` WHERE `group` = 'user' AND `status` = 2 ORDER BY uid DESC LIMIT 0,10000   [ RunTime:0.0012s ]
SQL: SHOW COLUMNS FROM `west_company` [ RunTime:0.0057s ]
SQL: SELECT * FROM `west_company` WHERE `uid` = 18 LIMIT 1   [ RunTime:0.0004s ]
SQL: SELECT * FROM `west_company` WHERE `uid` = 17 LIMIT 1   [ RunTime:0.0004s ]
NOTIC: [8] Undefined variable: count D:\WampServer2.1a-x32\WampServer\wamp\www\WesternFilms\server\Apps\Admin\Controller\ViewsController.class.php 第 61 行.

[ 2015-06-03T22:16:27+08:00 ] 127.0.0.1 /WesternFilms/server/index.php/Admin/views/getNews?p=1
INFO: [ app_init ] --START--
INFO: Run Behavior\BuildLiteBehavior [ RunTime:0.000015s ]
INFO: [ app_init ] --END-- [ RunTime:0.000455s ]
INFO: [ app_begin ] --START--
INFO: Run Behavior\ReadHtmlCacheBehavior [ RunTime:0.000676s ]
INFO: [ app_begin ] --END-- [ RunTime:0.000750s ]
NOTIC: [8] Use of undefined constant ture - assumed 'ture' D:\WampServer2.1a-x32\WampServer\wamp\www\WesternFilms\server\Apps\Admin\Controller\BaseController.class.php 第 20 行.
SQL: SHOW COLUMNS FROM `west_news` [ RunTime:0.0041s ]
SQL: SELECT * FROM `west_news` WHERE ( status = 1 ) ORDER BY id DESC LIMIT 0,100000   [ RunTime:0.0007s ]
SQL: SELECT COUNT(*) AS tp_count FROM `west_news` LIMIT 1   [ RunTime:0.0004s ]
SQL: SHOW COLUMNS FROM `west_company` [ RunTime:0.0050s ]
SQL: SELECT * FROM `west_company` WHERE `uid` = 13 LIMIT 1   [ RunTime:0.0003s ]
SQL: SELECT * FROM `west_company` WHERE `uid` = 13 LIMIT 1   [ RunTime:0.0004s ]
SQL: SELECT * FROM `west_company` WHERE `uid` = 26 LIMIT 1   [ RunTime:0.0005s ]
SQL: SELECT * FROM `west_company` WHERE `uid` = 22 LIMIT 1   [ RunTime:0.0004s ]
SQL: SELECT * FROM `west_company` WHERE `uid` = 13 LIMIT 1   [ RunTime:0.0004s ]
SQL: SELECT * FROM `west_company` WHERE `uid` = 13 LIMIT 1   [ RunTime:0.0005s ]
SQL: SELECT * FROM `west_company` WHERE `uid` = 13 LIMIT 1   [ RunTime:0.0003s ]
SQL: SELECT * FROM `west_company` WHERE `uid` = 13 LIMIT 1   [ RunTime:0.0002s ]
SQL: SELECT * FROM `west_company` WHERE `uid` = 13 LIMIT 1   [ RunTime:0.0002s ]
SQL: SELECT * FROM `west_company` WHERE `uid` = 13 LIMIT 1   [ RunTime:0.0002s ]
SQL: SELECT * FROM `west_company` WHERE `uid` = 13 LIMIT 1   [ RunTime:0.0002s ]
SQL: SELECT * FROM `west_company` WHERE `uid` = 13 LIMIT 1   [ RunTime:0.0002s ]
SQL: SELECT * FROM `west_company` WHERE `uid` = 13 LIMIT 1   [ RunTime:0.0002s ]
SQL: SELECT * FROM `west_company` WHERE `uid` = 13 LIMIT 1   [ RunTime:0.0002s ]
SQL: SELECT * FROM `west_company` WHERE `uid` = 13 LIMIT 1   [ RunTime:0.0002s ]
SQL: SELECT * FROM `west_company` WHERE `uid` = 13 LIMIT 1   [ RunTime:0.0002s ]

[ 2015-06-03T22:16:27+08:00 ] 127.0.0.1 /WesternFilms/server/index.php/Admin/views/getLinks?p=1
INFO: [ app_init ] --START--
INFO: Run Behavior\BuildLiteBehavior [ RunTime:0.000026s ]
INFO: [ app_init ] --END-- [ RunTime:0.000575s ]
INFO: [ app_begin ] --START--
INFO: Run Behavior\ReadHtmlCacheBehavior [ RunTime:0.000904s ]
INFO: [ app_begin ] --END-- [ RunTime:0.001077s ]
NOTIC: [8] Use of undefined constant ture - assumed 'ture' D:\WampServer2.1a-x32\WampServer\wamp\www\WesternFilms\server\Apps\Admin\Controller\BaseController.class.php 第 20 行.
SQL: SHOW COLUMNS FROM `west_links` [ RunTime:0.0053s ]
SQL: SELECT * FROM `west_links` WHERE ( status = 1 ) ORDER BY id DESC LIMIT 0,100000   [ RunTime:0.0007s ]
SQL: SELECT COUNT(*) AS tp_count FROM `west_links` LIMIT 1   [ RunTime:0.0008s ]
SQL: SHOW COLUMNS FROM `west_company` [ RunTime:0.0041s ]
SQL: SELECT * FROM `west_company` WHERE `uid` = 13 LIMIT 1   [ RunTime:0.0003s ]
SQL: SELECT * FROM `west_company` WHERE `uid` = 13 LIMIT 1   [ RunTime:0.0002s ]
SQL: SELECT * FROM `west_company` WHERE `uid` = 13 LIMIT 1   [ RunTime:0.0002s ]
SQL: SELECT * FROM `west_company` WHERE `uid` = 22 LIMIT 1   [ RunTime:0.0002s ]
SQL: SELECT * FROM `west_company` WHERE `uid` = 13 LIMIT 1   [ RunTime:0.0002s ]
SQL: SELECT * FROM `west_company` WHERE `uid` = 13 LIMIT 1   [ RunTime:0.0002s ]
SQL: SELECT * FROM `west_company` WHERE `uid` = 13 LIMIT 1   [ RunTime:0.0002s ]
SQL: SELECT * FROM `west_company` WHERE `uid` = 13 LIMIT 1   [ RunTime:0.0002s ]
SQL: SELECT * FROM `west_company` WHERE `uid` = 13 LIMIT 1   [ RunTime:0.0002s ]
SQL: SELECT * FROM `west_company` WHERE `uid` = 13 LIMIT 1   [ RunTime:0.0002s ]
SQL: SELECT * FROM `west_company` WHERE `uid` = 13 LIMIT 1   [ RunTime:0.0002s ]
SQL: SELECT * FROM `west_company` WHERE `uid` = 13 LIMIT 1   [ RunTime:0.0002s ]
SQL: SELECT * FROM `west_company` WHERE `uid` = 13 LIMIT 1   [ RunTime:0.0002s ]
SQL: SELECT * FROM `west_company` WHERE `uid` = 13 LIMIT 1   [ RunTime:0.0002s ]
SQL: SELECT * FROM `west_company` WHERE `uid` = 13 LIMIT 1   [ RunTime:0.0002s ]

[ 2015-06-03T22:16:59+08:00 ] 127.0.0.1 /WesternFilms/server/index.php/Admin/user/login
INFO: [ app_init ] --START--
INFO: Run Behavior\BuildLiteBehavior [ RunTime:0.000016s ]
INFO: [ app_init ] --END-- [ RunTime:0.000317s ]
INFO: [ app_begin ] --START--
INFO: Run Behavior\ReadHtmlCacheBehavior [ RunTime:0.000415s ]
INFO: [ app_begin ] --END-- [ RunTime:0.000462s ]
NOTIC: [8] Undefined variable: id D:\WampServer2.1a-x32\WampServer\wamp\www\WesternFilms\server\Apps\Admin\Controller\UserController.class.php 第 22 行.

[ 2015-06-03T22:17:00+08:00 ] 127.0.0.1 /WesternFilms/server/index.php/Admin/user/login
INFO: [ app_init ] --START--
INFO: Run Behavior\BuildLiteBehavior [ RunTime:0.000033s ]
INFO: [ app_init ] --END-- [ RunTime:0.000721s ]
INFO: [ app_begin ] --START--
INFO: Run Behavior\ReadHtmlCacheBehavior [ RunTime:0.001065s ]
INFO: [ app_begin ] --END-- [ RunTime:0.001186s ]
NOTIC: [8] Undefined variable: id D:\WampServer2.1a-x32\WampServer\wamp\www\WesternFilms\server\Apps\Admin\Controller\UserController.class.php 第 22 行.

[ 2015-06-03T22:17:00+08:00 ] 127.0.0.1 /WesternFilms/server/index.php/Admin/user/login
INFO: [ app_init ] --START--
INFO: Run Behavior\BuildLiteBehavior [ RunTime:0.000027s ]
INFO: [ app_init ] --END-- [ RunTime:0.000623s ]
INFO: [ app_begin ] --START--
INFO: Run Behavior\ReadHtmlCacheBehavior [ RunTime:0.000925s ]
INFO: [ app_begin ] --END-- [ RunTime:0.001031s ]
NOTIC: [8] Undefined variable: id D:\WampServer2.1a-x32\WampServer\wamp\www\WesternFilms\server\Apps\Admin\Controller\UserController.class.php 第 22 行.

[ 2015-06-03T22:17:04+08:00 ] 127.0.0.1 /WesternFilms/server/index.php/Admin/user/login
INFO: [ app_init ] --START--
INFO: Run Behavior\BuildLiteBehavior [ RunTime:0.000014s ]
INFO: [ app_init ] --END-- [ RunTime:0.000298s ]
INFO: [ app_begin ] --START--
INFO: Run Behavior\ReadHtmlCacheBehavior [ RunTime:0.000467s ]
INFO: [ app_begin ] --END-- [ RunTime:0.000516s ]
NOTIC: [8] Undefined variable: id D:\WampServer2.1a-x32\WampServer\wamp\www\WesternFilms\server\Apps\Admin\Controller\UserController.class.php 第 22 行.

[ 2015-06-03T22:21:13+08:00 ] 127.0.0.1 /WesternFilms/server/index.php/Admin/user/login
INFO: [ app_init ] --START--
INFO: Run Behavior\BuildLiteBehavior [ RunTime:0.000033s ]
INFO: [ app_init ] --END-- [ RunTime:0.000729s ]
INFO: [ app_begin ] --START--
INFO: Run Behavior\ReadHtmlCacheBehavior [ RunTime:0.001080s ]
INFO: [ app_begin ] --END-- [ RunTime:0.001204s ]
NOTIC: [8] Undefined variable: id D:\WampServer2.1a-x32\WampServer\wamp\www\WesternFilms\server\Apps\Admin\Controller\UserController.class.php 第 22 行.
SQL: SHOW COLUMNS FROM `west_user` [ RunTime:0.0036s ]
SQL: SELECT * FROM `west_user` WHERE `username` = 'admin' LIMIT 1   [ RunTime:0.0003s ]

[ 2015-06-03T22:21:14+08:00 ] 127.0.0.1 /WesternFilms/server/index.php/Admin/views/getUser/p/1
INFO: [ app_init ] --START--
INFO: Run Behavior\BuildLiteBehavior [ RunTime:0.000015s ]
INFO: [ app_init ] --END-- [ RunTime:0.000313s ]
INFO: [ app_begin ] --START--
INFO: Run Behavior\ReadHtmlCacheBehavior [ RunTime:0.000477s ]
INFO: [ app_begin ] --END-- [ RunTime:0.000531s ]
NOTIC: [8] Use of undefined constant ture - assumed 'ture' D:\WampServer2.1a-x32\WampServer\wamp\www\WesternFilms\server\Apps\Admin\Controller\BaseController.class.php 第 20 行.
SQL: SHOW COLUMNS FROM `west_user` [ RunTime:0.0039s ]
SQL: SELECT `uid`,`username`,`modify_time` FROM `west_user` WHERE `group` = 'user' ORDER BY uid DESC LIMIT 0,10000   [ RunTime:0.0004s ]
SQL: SELECT COUNT(*) AS tp_count FROM `west_user` LIMIT 1   [ RunTime:0.0002s ]
SQL: SHOW COLUMNS FROM `west_company` [ RunTime:0.0042s ]
SQL: SELECT * FROM `west_company` WHERE `uid` = 28 LIMIT 1   [ RunTime:0.0005s ]
SQL: SELECT * FROM `west_company` WHERE `uid` = 27 LIMIT 1   [ RunTime:0.0005s ]
SQL: SELECT * FROM `west_company` WHERE `uid` = 26 LIMIT 1   [ RunTime:0.0004s ]
SQL: SELECT * FROM `west_company` WHERE `uid` = 25 LIMIT 1   [ RunTime:0.0004s ]
SQL: SELECT * FROM `west_company` WHERE `uid` = 24 LIMIT 1   [ RunTime:0.0020s ]
SQL: SELECT * FROM `west_company` WHERE `uid` = 22 LIMIT 1   [ RunTime:0.0005s ]
SQL: SELECT * FROM `west_company` WHERE `uid` = 18 LIMIT 1   [ RunTime:0.0004s ]
SQL: SELECT * FROM `west_company` WHERE `uid` = 17 LIMIT 1   [ RunTime:0.0004s ]
SQL: SELECT * FROM `west_company` WHERE `uid` = 16 LIMIT 1   [ RunTime:0.0004s ]
SQL: SELECT * FROM `west_company` WHERE `uid` = 15 LIMIT 1   [ RunTime:0.0005s ]
SQL: SELECT * FROM `west_company` WHERE `uid` = 14 LIMIT 1   [ RunTime:0.0004s ]
SQL: SELECT * FROM `west_company` WHERE `uid` = 13 LIMIT 1   [ RunTime:0.0004s ]

[ 2015-06-03T22:21:14+08:00 ] 127.0.0.1 /WesternFilms/server/index.php/Admin/views/getUser/p/1
INFO: [ app_init ] --START--
INFO: Run Behavior\BuildLiteBehavior [ RunTime:0.000014s ]
INFO: [ app_init ] --END-- [ RunTime:0.000317s ]
INFO: [ app_begin ] --START--
INFO: Run Behavior\ReadHtmlCacheBehavior [ RunTime:0.000472s ]
INFO: [ app_begin ] --END-- [ RunTime:0.000531s ]
NOTIC: [8] Use of undefined constant ture - assumed 'ture' D:\WampServer2.1a-x32\WampServer\wamp\www\WesternFilms\server\Apps\Admin\Controller\BaseController.class.php 第 20 行.
SQL: SHOW COLUMNS FROM `west_user` [ RunTime:0.0037s ]
SQL: SELECT `uid`,`username`,`modify_time` FROM `west_user` WHERE `group` = 'user' AND `status` = 2 ORDER BY uid DESC LIMIT 0,10000   [ RunTime:0.0003s ]
SQL: SHOW COLUMNS FROM `west_company` [ RunTime:0.0036s ]
SQL: SELECT * FROM `west_company` WHERE `uid` = 18 LIMIT 1   [ RunTime:0.0003s ]
SQL: SELECT * FROM `west_company` WHERE `uid` = 17 LIMIT 1   [ RunTime:0.0002s ]
NOTIC: [8] Undefined variable: count D:\WampServer2.1a-x32\WampServer\wamp\www\WesternFilms\server\Apps\Admin\Controller\ViewsController.class.php 第 61 行.

[ 2015-06-03T22:21:14+08:00 ] 127.0.0.1 /WesternFilms/server/index.php/Admin/views/getUser/p/1
INFO: [ app_init ] --START--
INFO: Run Behavior\BuildLiteBehavior [ RunTime:0.000023s ]
INFO: [ app_init ] --END-- [ RunTime:0.000612s ]
INFO: [ app_begin ] --START--
INFO: Run Behavior\ReadHtmlCacheBehavior [ RunTime:0.000688s ]
INFO: [ app_begin ] --END-- [ RunTime:0.000785s ]
NOTIC: [8] Use of undefined constant ture - assumed 'ture' D:\WampServer2.1a-x32\WampServer\wamp\www\WesternFilms\server\Apps\Admin\Controller\BaseController.class.php 第 20 行.
SQL: SHOW COLUMNS FROM `west_user` [ RunTime:0.0040s ]
SQL: SELECT `uid`,`username`,`modify_time` FROM `west_user` WHERE `group` = 'user' AND `status` = 0 ORDER BY uid DESC LIMIT 0,10000   [ RunTime:0.0003s ]
SQL: SHOW COLUMNS FROM `west_company` [ RunTime:0.0037s ]
SQL: SELECT * FROM `west_company` WHERE `uid` = 27 LIMIT 1   [ RunTime:0.0003s ]
SQL: SELECT * FROM `west_company` WHERE `uid` = 25 LIMIT 1   [ RunTime:0.0003s ]
SQL: SELECT * FROM `west_company` WHERE `uid` = 24 LIMIT 1   [ RunTime:0.0002s ]
NOTIC: [8] Undefined variable: count D:\WampServer2.1a-x32\WampServer\wamp\www\WesternFilms\server\Apps\Admin\Controller\ViewsController.class.php 第 61 行.

[ 2015-06-03T22:21:14+08:00 ] 127.0.0.1 /WesternFilms/server/index.php/Admin/views/getUser/p/1
INFO: [ app_init ] --START--
INFO: Run Behavior\BuildLiteBehavior [ RunTime:0.000023s ]
INFO: [ app_init ] --END-- [ RunTime:0.000455s ]
INFO: [ app_begin ] --START--
INFO: Run Behavior\ReadHtmlCacheBehavior [ RunTime:0.002019s ]
INFO: [ app_begin ] --END-- [ RunTime:0.002525s ]
NOTIC: [8] Use of undefined constant ture - assumed 'ture' D:\WampServer2.1a-x32\WampServer\wamp\www\WesternFilms\server\Apps\Admin\Controller\BaseController.class.php 第 20 行.
SQL: SHOW COLUMNS FROM `west_user` [ RunTime:0.0058s ]
SQL: SELECT `uid`,`username`,`modify_time` FROM `west_user` WHERE `group` = 'user' AND `status` = 1 ORDER BY uid DESC LIMIT 0,10000   [ RunTime:0.0006s ]
SQL: SHOW COLUMNS FROM `west_company` [ RunTime:0.0042s ]
SQL: SELECT * FROM `west_company` WHERE `uid` = 28 LIMIT 1   [ RunTime:0.0003s ]
SQL: SELECT * FROM `west_company` WHERE `uid` = 26 LIMIT 1   [ RunTime:0.0002s ]
SQL: SELECT * FROM `west_company` WHERE `uid` = 22 LIMIT 1   [ RunTime:0.0003s ]
SQL: SELECT * FROM `west_company` WHERE `uid` = 16 LIMIT 1   [ RunTime:0.0002s ]
SQL: SELECT * FROM `west_company` WHERE `uid` = 15 LIMIT 1   [ RunTime:0.0002s ]
SQL: SELECT * FROM `west_company` WHERE `uid` = 14 LIMIT 1   [ RunTime:0.0002s ]
SQL: SELECT * FROM `west_company` WHERE `uid` = 13 LIMIT 1   [ RunTime:0.0002s ]
NOTIC: [8] Undefined variable: count D:\WampServer2.1a-x32\WampServer\wamp\www\WesternFilms\server\Apps\Admin\Controller\ViewsController.class.php 第 61 行.

[ 2015-06-03T22:21:14+08:00 ] 127.0.0.1 /WesternFilms/server/index.php/Admin/views/getNews?p=1
INFO: [ app_init ] --START--
INFO: Run Behavior\BuildLiteBehavior [ RunTime:0.000023s ]
INFO: [ app_init ] --END-- [ RunTime:0.000542s ]
INFO: [ app_begin ] --START--
INFO: Run Behavior\ReadHtmlCacheBehavior [ RunTime:0.001112s ]
INFO: [ app_begin ] --END-- [ RunTime:0.001215s ]
NOTIC: [8] Use of undefined constant ture - assumed 'ture' D:\WampServer2.1a-x32\WampServer\wamp\www\WesternFilms\server\Apps\Admin\Controller\BaseController.class.php 第 20 行.
SQL: SHOW COLUMNS FROM `west_news` [ RunTime:0.0040s ]
SQL: SELECT * FROM `west_news` WHERE ( status = 1 ) ORDER BY id DESC LIMIT 0,100000   [ RunTime:0.0006s ]
SQL: SELECT COUNT(*) AS tp_count FROM `west_news` LIMIT 1   [ RunTime:0.0002s ]
SQL: SHOW COLUMNS FROM `west_company` [ RunTime:0.0036s ]
SQL: SELECT * FROM `west_company` WHERE `uid` = 13 LIMIT 1   [ RunTime:0.0003s ]
SQL: SELECT * FROM `west_company` WHERE `uid` = 13 LIMIT 1   [ RunTime:0.0003s ]
SQL: SELECT * FROM `west_company` WHERE `uid` = 26 LIMIT 1   [ RunTime:0.0002s ]
SQL: SELECT * FROM `west_company` WHERE `uid` = 22 LIMIT 1   [ RunTime:0.0002s ]
SQL: SELECT * FROM `west_company` WHERE `uid` = 13 LIMIT 1   [ RunTime:0.0002s ]
SQL: SELECT * FROM `west_company` WHERE `uid` = 13 LIMIT 1   [ RunTime:0.0002s ]
SQL: SELECT * FROM `west_company` WHERE `uid` = 13 LIMIT 1   [ RunTime:0.0002s ]
SQL: SELECT * FROM `west_company` WHERE `uid` = 13 LIMIT 1   [ RunTime:0.0002s ]
SQL: SELECT * FROM `west_company` WHERE `uid` = 13 LIMIT 1   [ RunTime:0.0002s ]
SQL: SELECT * FROM `west_company` WHERE `uid` = 13 LIMIT 1   [ RunTime:0.0002s ]
SQL: SELECT * FROM `west_company` WHERE `uid` = 13 LIMIT 1   [ RunTime:0.0002s ]
SQL: SELECT * FROM `west_company` WHERE `uid` = 13 LIMIT 1   [ RunTime:0.0003s ]
SQL: SELECT * FROM `west_company` WHERE `uid` = 13 LIMIT 1   [ RunTime:0.0002s ]
SQL: SELECT * FROM `west_company` WHERE `uid` = 13 LIMIT 1   [ RunTime:0.0002s ]
SQL: SELECT * FROM `west_company` WHERE `uid` = 13 LIMIT 1   [ RunTime:0.0002s ]
SQL: SELECT * FROM `west_company` WHERE `uid` = 13 LIMIT 1   [ RunTime:0.0002s ]

[ 2015-06-03T22:21:14+08:00 ] 127.0.0.1 /WesternFilms/server/index.php/Admin/views/getVideos?p=1
INFO: [ app_init ] --START--
INFO: Run Behavior\BuildLiteBehavior [ RunTime:0.000023s ]
INFO: [ app_init ] --END-- [ RunTime:0.000555s ]
INFO: [ app_begin ] --START--
INFO: Run Behavior\ReadHtmlCacheBehavior [ RunTime:0.000863s ]
INFO: [ app_begin ] --END-- [ RunTime:0.000961s ]
NOTIC: [8] Use of undefined constant ture - assumed 'ture' D:\WampServer2.1a-x32\WampServer\wamp\www\WesternFilms\server\Apps\Admin\Controller\BaseController.class.php 第 20 行.
SQL: SHOW COLUMNS FROM `west_videos` [ RunTime:0.0065s ]
SQL: SELECT * FROM `west_videos` WHERE ( status = 1 ) ORDER BY id DESC LIMIT 0,100000   [ RunTime:0.0004s ]
SQL: SELECT COUNT(*) AS tp_count FROM `west_videos` LIMIT 1   [ RunTime:0.0002s ]
SQL: SHOW COLUMNS FROM `west_company` [ RunTime:0.0036s ]
SQL: SELECT * FROM `west_company` WHERE `uid` = 13 LIMIT 1   [ RunTime:0.0003s ]
SQL: SELECT * FROM `west_company` WHERE `uid` = 13 LIMIT 1   [ RunTime:0.0002s ]
SQL: SELECT * FROM `west_company` WHERE `uid` = 26 LIMIT 1   [ RunTime:0.0002s ]
SQL: SELECT * FROM `west_company` WHERE `uid` = 13 LIMIT 1   [ RunTime:0.0002s ]
SQL: SELECT * FROM `west_company` WHERE `uid` = 13 LIMIT 1   [ RunTime:0.0002s ]
SQL: SELECT * FROM `west_company` WHERE `uid` = 22 LIMIT 1   [ RunTime:0.0002s ]
SQL: SELECT * FROM `west_company` WHERE `uid` = 13 LIMIT 1   [ RunTime:0.0003s ]
SQL: SELECT * FROM `west_company` WHERE `uid` = 13 LIMIT 1   [ RunTime:0.0002s ]
SQL: SELECT * FROM `west_company` WHERE `uid` = 13 LIMIT 1   [ RunTime:0.0002s ]
SQL: SELECT * FROM `west_company` WHERE `uid` = 13 LIMIT 1   [ RunTime:0.0002s ]
SQL: SELECT * FROM `west_company` WHERE `uid` = 13 LIMIT 1   [ RunTime:0.0002s ]
SQL: SELECT * FROM `west_company` WHERE `uid` = 13 LIMIT 1   [ RunTime:0.0002s ]
SQL: SELECT * FROM `west_company` WHERE `uid` = 13 LIMIT 1   [ RunTime:0.0002s ]
SQL: SELECT * FROM `west_company` WHERE `uid` = 13 LIMIT 1   [ RunTime:0.0002s ]
SQL: SELECT * FROM `west_company` WHERE `uid` = 13 LIMIT 1   [ RunTime:0.0002s ]
SQL: SELECT * FROM `west_company` WHERE `uid` = 13 LIMIT 1   [ RunTime:0.0002s ]
SQL: SELECT * FROM `west_company` WHERE `uid` = 13 LIMIT 1   [ RunTime:0.0002s ]
SQL: SELECT * FROM `west_company` WHERE `uid` = 13 LIMIT 1   [ RunTime:0.0002s ]

[ 2015-06-03T22:21:14+08:00 ] 127.0.0.1 /WesternFilms/server/index.php/Admin/views/getLinks?p=1
INFO: [ app_init ] --START--
INFO: Run Behavior\BuildLiteBehavior [ RunTime:0.000014s ]
INFO: [ app_init ] --END-- [ RunTime:0.000302s ]
INFO: [ app_begin ] --START--
INFO: Run Behavior\ReadHtmlCacheBehavior [ RunTime:0.000437s ]
INFO: [ app_begin ] --END-- [ RunTime:0.000485s ]
NOTIC: [8] Use of undefined constant ture - assumed 'ture' D:\WampServer2.1a-x32\WampServer\wamp\www\WesternFilms\server\Apps\Admin\Controller\BaseController.class.php 第 20 行.
SQL: SHOW COLUMNS FROM `west_links` [ RunTime:0.0038s ]
SQL: SELECT * FROM `west_links` WHERE ( status = 1 ) ORDER BY id DESC LIMIT 0,100000   [ RunTime:0.0005s ]
SQL: SELECT COUNT(*) AS tp_count FROM `west_links` LIMIT 1   [ RunTime:0.0002s ]
SQL: SHOW COLUMNS FROM `west_company` [ RunTime:0.0045s ]
SQL: SELECT * FROM `west_company` WHERE `uid` = 13 LIMIT 1   [ RunTime:0.0005s ]
SQL: SELECT * FROM `west_company` WHERE `uid` = 13 LIMIT 1   [ RunTime:0.0005s ]
SQL: SELECT * FROM `west_company` WHERE `uid` = 13 LIMIT 1   [ RunTime:0.0006s ]
SQL: SELECT * FROM `west_company` WHERE `uid` = 22 LIMIT 1   [ RunTime:0.0006s ]
SQL: SELECT * FROM `west_company` WHERE `uid` = 13 LIMIT 1   [ RunTime:0.0004s ]
SQL: SELECT * FROM `west_company` WHERE `uid` = 13 LIMIT 1   [ RunTime:0.0002s ]
SQL: SELECT * FROM `west_company` WHERE `uid` = 13 LIMIT 1   [ RunTime:0.0002s ]
SQL: SELECT * FROM `west_company` WHERE `uid` = 13 LIMIT 1   [ RunTime:0.0002s ]
SQL: SELECT * FROM `west_company` WHERE `uid` = 13 LIMIT 1   [ RunTime:0.0002s ]
SQL: SELECT * FROM `west_company` WHERE `uid` = 13 LIMIT 1   [ RunTime:0.0002s ]
SQL: SELECT * FROM `west_company` WHERE `uid` = 13 LIMIT 1   [ RunTime:0.0002s ]
SQL: SELECT * FROM `west_company` WHERE `uid` = 13 LIMIT 1   [ RunTime:0.0002s ]
SQL: SELECT * FROM `west_company` WHERE `uid` = 13 LIMIT 1   [ RunTime:0.0002s ]
SQL: SELECT * FROM `west_company` WHERE `uid` = 13 LIMIT 1   [ RunTime:0.0002s ]
SQL: SELECT * FROM `west_company` WHERE `uid` = 13 LIMIT 1   [ RunTime:0.0002s ]

