[ 2015-06-26T00:19:09+08:00 ] 127.0.0.1 /2/server/index.php?m=Admin&c=user&a=login
INFO: [ app_init ] --START--
INFO: Run Behavior\BuildLiteBehavior [ RunTime:0.000020s ]
INFO: [ app_init ] --END-- [ RunTime:0.000547s ]
INFO: [ app_begin ] --START--
INFO: Run Behavior\ReadHtmlCacheBehavior [ RunTime:0.000955s ]
INFO: [ app_begin ] --END-- [ RunTime:0.001031s ]
NOTIC: [8] Undefined variable: id D:\WampServer2.1a-x32\WampServer\wamp\www\2\server\Apps\Admin\Controller\UserController.class.php 第 22 行.
SQL: SHOW COLUMNS FROM `west_user` [ RunTime:0.0074s ]
SQL: SELECT * FROM `west_user` WHERE `username` = 'admin' LIMIT 1   [ RunTime:0.0007s ]

[ 2015-06-26T00:19:09+08:00 ] 127.0.0.1 /2/server/index.php?m=Admin&c=views&a=getUser&p=1
INFO: [ app_init ] --START--
INFO: Run Behavior\BuildLiteBehavior [ RunTime:0.000028s ]
INFO: [ app_init ] --END-- [ RunTime:0.000953s ]
INFO: [ app_begin ] --START--
INFO: Run Behavior\ReadHtmlCacheBehavior [ RunTime:0.001274s ]
INFO: [ app_begin ] --END-- [ RunTime:0.001402s ]
NOTIC: [8] Use of undefined constant ture - assumed 'ture' D:\WampServer2.1a-x32\WampServer\wamp\www\2\server\Apps\Admin\Controller\BaseController.class.php 第 20 行.
SQL: SHOW COLUMNS FROM `west_user` [ RunTime:0.0156s ]
SQL: SELECT `uid`,`username`,`modify_time` FROM `west_user` WHERE `group` = 'user' AND `status` = 0 ORDER BY uid DESC LIMIT 0,10000   [ RunTime:0.0008s ]
NOTIC: [8] Undefined variable: count D:\WampServer2.1a-x32\WampServer\wamp\www\2\server\Apps\Admin\Controller\ViewsController.class.php 第 61 行.
NOTIC: [8] Undefined variable: list_t D:\WampServer2.1a-x32\WampServer\wamp\www\2\server\Apps\Admin\Controller\ViewsController.class.php 第 62 行.

[ 2015-06-26T00:19:09+08:00 ] 127.0.0.1 /2/server/index.php?m=Admin&c=views&a=getUser&p=1
INFO: [ app_init ] --START--
INFO: Run Behavior\BuildLiteBehavior [ RunTime:0.000022s ]
INFO: [ app_init ] --END-- [ RunTime:0.000730s ]
INFO: [ app_begin ] --START--
INFO: Run Behavior\ReadHtmlCacheBehavior [ RunTime:0.001369s ]
INFO: [ app_begin ] --END-- [ RunTime:0.001532s ]
NOTIC: [8] Use of undefined constant ture - assumed 'ture' D:\WampServer2.1a-x32\WampServer\wamp\www\2\server\Apps\Admin\Controller\BaseController.class.php 第 20 行.
SQL: SHOW COLUMNS FROM `west_user` [ RunTime:0.0080s ]
SQL: SELECT `uid`,`username`,`modify_time` FROM `west_user` WHERE `group` = 'user' AND `status` = 2 ORDER BY uid DESC LIMIT 0,10000   [ RunTime:0.0007s ]
NOTIC: [8] Undefined variable: count D:\WampServer2.1a-x32\WampServer\wamp\www\2\server\Apps\Admin\Controller\ViewsController.class.php 第 61 行.
NOTIC: [8] Undefined variable: list_t D:\WampServer2.1a-x32\WampServer\wamp\www\2\server\Apps\Admin\Controller\ViewsController.class.php 第 62 行.

[ 2015-06-26T00:19:09+08:00 ] 127.0.0.1 /2/server/index.php?m=Admin&c=views&a=getUser&p=1
INFO: [ app_init ] --START--
INFO: Run Behavior\BuildLiteBehavior [ RunTime:0.000023s ]
INFO: [ app_init ] --END-- [ RunTime:0.000744s ]
INFO: [ app_begin ] --START--
INFO: Run Behavior\ReadHtmlCacheBehavior [ RunTime:0.003633s ]
INFO: [ app_begin ] --END-- [ RunTime:0.003749s ]
NOTIC: [8] Use of undefined constant ture - assumed 'ture' D:\WampServer2.1a-x32\WampServer\wamp\www\2\server\Apps\Admin\Controller\BaseController.class.php 第 20 行.
SQL: SHOW COLUMNS FROM `west_user` [ RunTime:0.0057s ]
SQL: SELECT `uid`,`username`,`modify_time` FROM `west_user` WHERE `group` = 'user' ORDER BY uid DESC LIMIT 0,10000   [ RunTime:0.0004s ]
SQL: SELECT COUNT(*) AS tp_count FROM `west_user` LIMIT 1   [ RunTime:0.0002s ]
SQL: SHOW COLUMNS FROM `west_company` [ RunTime:0.0049s ]
SQL: SELECT * FROM `west_company` WHERE `uid` = 33 LIMIT 1   [ RunTime:0.0004s ]
SQL: SELECT * FROM `west_company` WHERE `uid` = 32 LIMIT 1   [ RunTime:0.0003s ]
SQL: SELECT * FROM `west_company` WHERE `uid` = 31 LIMIT 1   [ RunTime:0.0003s ]
SQL: SELECT * FROM `west_company` WHERE `uid` = 30 LIMIT 1   [ RunTime:0.0003s ]
SQL: SELECT * FROM `west_company` WHERE `uid` = 13 LIMIT 1   [ RunTime:0.0003s ]

[ 2015-06-26T00:19:09+08:00 ] 127.0.0.1 /2/server/index.php?m=Admin&c=views&a=getUser&p=1
INFO: [ app_init ] --START--
INFO: Run Behavior\BuildLiteBehavior [ RunTime:0.000023s ]
INFO: [ app_init ] --END-- [ RunTime:0.000871s ]
INFO: [ app_begin ] --START--
INFO: Run Behavior\ReadHtmlCacheBehavior [ RunTime:0.001491s ]
INFO: [ app_begin ] --END-- [ RunTime:0.001616s ]
NOTIC: [8] Use of undefined constant ture - assumed 'ture' D:\WampServer2.1a-x32\WampServer\wamp\www\2\server\Apps\Admin\Controller\BaseController.class.php 第 20 行.
SQL: SHOW COLUMNS FROM `west_user` [ RunTime:0.0051s ]
SQL: SELECT `uid`,`username`,`modify_time` FROM `west_user` WHERE `group` = 'user' AND `status` = 1 ORDER BY uid DESC LIMIT 0,10000   [ RunTime:0.0004s ]
SQL: SHOW COLUMNS FROM `west_company` [ RunTime:0.0055s ]
SQL: SELECT * FROM `west_company` WHERE `uid` = 33 LIMIT 1   [ RunTime:0.0004s ]
SQL: SELECT * FROM `west_company` WHERE `uid` = 32 LIMIT 1   [ RunTime:0.0003s ]
SQL: SELECT * FROM `west_company` WHERE `uid` = 31 LIMIT 1   [ RunTime:0.0003s ]
SQL: SELECT * FROM `west_company` WHERE `uid` = 30 LIMIT 1   [ RunTime:0.0003s ]
SQL: SELECT * FROM `west_company` WHERE `uid` = 13 LIMIT 1   [ RunTime:0.0003s ]
NOTIC: [8] Undefined variable: count D:\WampServer2.1a-x32\WampServer\wamp\www\2\server\Apps\Admin\Controller\ViewsController.class.php 第 61 行.

[ 2015-06-26T00:19:09+08:00 ] 127.0.0.1 /2/server/index.php?m=Admin&c=views&a=getNews&p=1
INFO: [ app_init ] --START--
INFO: Run Behavior\BuildLiteBehavior [ RunTime:0.000024s ]
INFO: [ app_init ] --END-- [ RunTime:0.000750s ]
INFO: [ app_begin ] --START--
INFO: Run Behavior\ReadHtmlCacheBehavior [ RunTime:0.001113s ]
INFO: [ app_begin ] --END-- [ RunTime:0.001208s ]
NOTIC: [8] Use of undefined constant ture - assumed 'ture' D:\WampServer2.1a-x32\WampServer\wamp\www\2\server\Apps\Admin\Controller\BaseController.class.php 第 20 行.
SQL: SHOW COLUMNS FROM `west_news` [ RunTime:0.0068s ]
SQL: SELECT * FROM `west_news` WHERE ( status = 1 ) ORDER BY id DESC LIMIT 0,100000   [ RunTime:0.0008s ]
SQL: SELECT COUNT(*) AS tp_count FROM `west_news` LIMIT 1   [ RunTime:0.0002s ]
SQL: SHOW COLUMNS FROM `west_company` [ RunTime:0.0049s ]
SQL: SELECT * FROM `west_company` WHERE `uid` = 13 LIMIT 1   [ RunTime:0.0003s ]
SQL: SELECT * FROM `west_company` WHERE `uid` = 33 LIMIT 1   [ RunTime:0.0003s ]
SQL: SELECT * FROM `west_company` WHERE `uid` = 30 LIMIT 1   [ RunTime:0.0003s ]
SQL: SELECT * FROM `west_company` WHERE `uid` = 32 LIMIT 1   [ RunTime:0.0003s ]
SQL: SELECT * FROM `west_company` WHERE `uid` = 32 LIMIT 1   [ RunTime:0.0003s ]
SQL: SELECT * FROM `west_company` WHERE `uid` = 32 LIMIT 1   [ RunTime:0.0003s ]
SQL: SELECT * FROM `west_company` WHERE `uid` = 32 LIMIT 1   [ RunTime:0.0003s ]
SQL: SELECT * FROM `west_company` WHERE `uid` = 32 LIMIT 1   [ RunTime:0.0003s ]
SQL: SELECT * FROM `west_company` WHERE `uid` = 13 LIMIT 1   [ RunTime:0.0003s ]
SQL: SELECT * FROM `west_company` WHERE `uid` = 13 LIMIT 1   [ RunTime:0.0002s ]
SQL: SELECT * FROM `west_company` WHERE `uid` = 13 LIMIT 1   [ RunTime:0.0003s ]
SQL: SELECT * FROM `west_company` WHERE `uid` = 13 LIMIT 1   [ RunTime:0.0002s ]
SQL: SELECT * FROM `west_company` WHERE `uid` = 13 LIMIT 1   [ RunTime:0.0003s ]
SQL: SELECT * FROM `west_company` WHERE `uid` = 13 LIMIT 1   [ RunTime:0.0003s ]
SQL: SELECT * FROM `west_company` WHERE `uid` = 13 LIMIT 1   [ RunTime:0.0003s ]

[ 2015-06-26T00:19:09+08:00 ] 127.0.0.1 /2/server/index.php?m=Admin&c=views&a=getVideos&p=1
INFO: [ app_init ] --START--
INFO: Run Behavior\BuildLiteBehavior [ RunTime:0.000023s ]
INFO: [ app_init ] --END-- [ RunTime:0.000642s ]
INFO: [ app_begin ] --START--
INFO: Run Behavior\ReadHtmlCacheBehavior [ RunTime:0.001891s ]
INFO: [ app_begin ] --END-- [ RunTime:0.002074s ]
NOTIC: [8] Use of undefined constant ture - assumed 'ture' D:\WampServer2.1a-x32\WampServer\wamp\www\2\server\Apps\Admin\Controller\BaseController.class.php 第 20 行.
SQL: SHOW COLUMNS FROM `west_videos` [ RunTime:0.0083s ]
SQL: SELECT * FROM `west_videos` WHERE ( status = 1 ) ORDER BY id DESC LIMIT 0,100000   [ RunTime:0.0027s ]
SQL: SELECT COUNT(*) AS tp_count FROM `west_videos` LIMIT 1   [ RunTime:0.0014s ]
SQL: SHOW COLUMNS FROM `west_company` [ RunTime:0.0077s ]
SQL: SELECT * FROM `west_company` WHERE `uid` = 32 LIMIT 1   [ RunTime:0.0006s ]
SQL: SELECT * FROM `west_company` WHERE `uid` = 32 LIMIT 1   [ RunTime:0.0004s ]
SQL: SELECT * FROM `west_company` WHERE `uid` = 32 LIMIT 1   [ RunTime:0.0003s ]
SQL: SELECT * FROM `west_company` WHERE `uid` = 32 LIMIT 1   [ RunTime:0.0005s ]
SQL: SELECT * FROM `west_company` WHERE `uid` = 32 LIMIT 1   [ RunTime:0.0006s ]
SQL: SELECT * FROM `west_company` WHERE `uid` = 13 LIMIT 1   [ RunTime:0.0005s ]
SQL: SELECT * FROM `west_company` WHERE `uid` = 13 LIMIT 1   [ RunTime:0.0008s ]
SQL: SELECT * FROM `west_company` WHERE `uid` = 13 LIMIT 1   [ RunTime:0.0008s ]
SQL: SELECT * FROM `west_company` WHERE `uid` = 13 LIMIT 1   [ RunTime:0.0007s ]
SQL: SELECT * FROM `west_company` WHERE `uid` = 13 LIMIT 1   [ RunTime:0.0004s ]
SQL: SELECT * FROM `west_company` WHERE `uid` = 13 LIMIT 1   [ RunTime:0.0007s ]
SQL: SELECT * FROM `west_company` WHERE `uid` = 13 LIMIT 1   [ RunTime:0.0006s ]
SQL: SELECT * FROM `west_company` WHERE `uid` = 13 LIMIT 1   [ RunTime:0.0003s ]

[ 2015-06-26T00:19:09+08:00 ] 127.0.0.1 /2/server/index.php?m=Admin&c=views&a=getLinks&p=1
INFO: [ app_init ] --START--
INFO: Run Behavior\BuildLiteBehavior [ RunTime:0.000015s ]
INFO: [ app_init ] --END-- [ RunTime:0.000436s ]
INFO: [ app_begin ] --START--
INFO: Run Behavior\ReadHtmlCacheBehavior [ RunTime:0.000730s ]
INFO: [ app_begin ] --END-- [ RunTime:0.000793s ]
NOTIC: [8] Use of undefined constant ture - assumed 'ture' D:\WampServer2.1a-x32\WampServer\wamp\www\2\server\Apps\Admin\Controller\BaseController.class.php 第 20 行.
SQL: SHOW COLUMNS FROM `west_links` [ RunTime:0.0078s ]
SQL: SELECT * FROM `west_links` WHERE ( status = 1 ) ORDER BY id DESC LIMIT 0,100000   [ RunTime:0.0005s ]
SQL: SELECT COUNT(*) AS tp_count FROM `west_links` LIMIT 1   [ RunTime:0.0002s ]
SQL: SHOW COLUMNS FROM `west_company` [ RunTime:0.0062s ]
SQL: SELECT * FROM `west_company` WHERE `uid` = 32 LIMIT 1   [ RunTime:0.0007s ]
SQL: SELECT * FROM `west_company` WHERE `uid` = 13 LIMIT 1   [ RunTime:0.0004s ]
SQL: SELECT * FROM `west_company` WHERE `uid` = 13 LIMIT 1   [ RunTime:0.0003s ]
SQL: SELECT * FROM `west_company` WHERE `uid` = 30 LIMIT 1   [ RunTime:0.0003s ]
SQL: SELECT * FROM `west_company` WHERE `uid` = 13 LIMIT 1   [ RunTime:0.0003s ]
SQL: SELECT * FROM `west_company` WHERE `uid` = 13 LIMIT 1   [ RunTime:0.0003s ]
SQL: SELECT * FROM `west_company` WHERE `uid` = 13 LIMIT 1   [ RunTime:0.0003s ]
SQL: SELECT * FROM `west_company` WHERE `uid` = 13 LIMIT 1   [ RunTime:0.0003s ]
SQL: SELECT * FROM `west_company` WHERE `uid` = 13 LIMIT 1   [ RunTime:0.0003s ]
SQL: SELECT * FROM `west_company` WHERE `uid` = 13 LIMIT 1   [ RunTime:0.0003s ]
SQL: SELECT * FROM `west_company` WHERE `uid` = 13 LIMIT 1   [ RunTime:0.0003s ]
SQL: SELECT * FROM `west_company` WHERE `uid` = 13 LIMIT 1   [ RunTime:0.0004s ]
SQL: SELECT * FROM `west_company` WHERE `uid` = 13 LIMIT 1   [ RunTime:0.0003s ]
SQL: SELECT * FROM `west_company` WHERE `uid` = 13 LIMIT 1   [ RunTime:0.0003s ]
SQL: SELECT * FROM `west_company` WHERE `uid` = 13 LIMIT 1   [ RunTime:0.0003s ]

