[ 2015-06-10T00:48:31+08:00 ] 127.0.0.1 /WesternFilms/server/index.php?m=Home&c=index&a=getCompany&uid=13
INFO: [ app_init ] --START--
INFO: Run Behavior\BuildLiteBehavior [ RunTime:0.000016s ]
INFO: [ app_init ] --END-- [ RunTime:0.000649s ]
INFO: [ app_begin ] --START--
INFO: Run Behavior\ReadHtmlCacheBehavior [ RunTime:0.104778s ]
INFO: [ app_begin ] --END-- [ RunTime:0.104861s ]
SQL: SHOW COLUMNS FROM `west_company` [ RunTime:0.0294s ]
SQL: SELECT * FROM `west_company` WHERE `uid` = 13 LIMIT 1   [ RunTime:0.0012s ]

[ 2015-06-10T00:48:31+08:00 ] 127.0.0.1 /WesternFilms/server/index.php?m=Home&c=index&a=getNewsList&uid=13&p=1
INFO: [ app_init ] --START--
INFO: Run Behavior\BuildLiteBehavior [ RunTime:0.000028s ]
INFO: [ app_init ] --END-- [ RunTime:0.000726s ]
INFO: [ app_begin ] --START--
INFO: Run Behavior\ReadHtmlCacheBehavior [ RunTime:0.000922s ]
INFO: [ app_begin ] --END-- [ RunTime:0.001023s ]
SQL: SHOW COLUMNS FROM `west_news` [ RunTime:0.0060s ]
SQL: SELECT * FROM `west_news` WHERE `uid` = 13 AND `status` = 1 AND `hot` = 0 ORDER BY id DESC LIMIT 0,10   [ RunTime:0.0007s ]
SQL: SELECT COUNT(*) AS tp_count FROM `west_news` LIMIT 1   [ RunTime:0.0002s ]

[ 2015-06-10T00:48:31+08:00 ] 127.0.0.1 /WesternFilms/server/index.php?m=Home&c=index&a=getCompany&uid=13
INFO: [ app_init ] --START--
INFO: Run Behavior\BuildLiteBehavior [ RunTime:0.000015s ]
INFO: [ app_init ] --END-- [ RunTime:0.000393s ]
INFO: [ app_begin ] --START--
INFO: Run Behavior\ReadHtmlCacheBehavior [ RunTime:0.000487s ]
INFO: [ app_begin ] --END-- [ RunTime:0.000536s ]
SQL: SHOW COLUMNS FROM `west_company` [ RunTime:0.0067s ]
SQL: SELECT * FROM `west_company` WHERE `uid` = 13 LIMIT 1   [ RunTime:0.0004s ]

[ 2015-06-10T00:48:31+08:00 ] 127.0.0.1 /WesternFilms/server/index.php?m=Home&c=index&a=getVideo&uid=13
INFO: [ app_init ] --START--
INFO: Run Behavior\BuildLiteBehavior [ RunTime:0.000041s ]
INFO: [ app_init ] --END-- [ RunTime:0.000819s ]
INFO: [ app_begin ] --START--
INFO: Run Behavior\ReadHtmlCacheBehavior [ RunTime:0.000854s ]
INFO: [ app_begin ] --END-- [ RunTime:0.000970s ]
SQL: SHOW COLUMNS FROM `west_videos` [ RunTime:0.0076s ]
SQL: SELECT * FROM `west_videos` WHERE `uid` = 13 AND `status` = 1 ORDER BY id DESC LIMIT 6   [ RunTime:0.0004s ]

[ 2015-06-10T00:48:31+08:00 ] 127.0.0.1 /WesternFilms/server/index.php?m=Home&c=index&a=getMedia&uid=13
INFO: [ app_init ] --START--
INFO: Run Behavior\BuildLiteBehavior [ RunTime:0.000037s ]
INFO: [ app_init ] --END-- [ RunTime:0.000703s ]
INFO: [ app_begin ] --START--
INFO: Run Behavior\ReadHtmlCacheBehavior [ RunTime:0.004544s ]
INFO: [ app_begin ] --END-- [ RunTime:0.004652s ]
SQL: SHOW COLUMNS FROM `west_news` [ RunTime:0.0065s ]
SQL: SELECT * FROM `west_news` WHERE `status` = 1 AND `hot` = 1 AND `uid` = 13 ORDER BY id DESC LIMIT 4   [ RunTime:0.0008s ]

[ 2015-06-10T00:49:05+08:00 ] 127.0.0.1 /WesternFilms/server/index.php?m=Home&c=index&a=getCompany&uid=13
INFO: [ app_init ] --START--
INFO: Run Behavior\BuildLiteBehavior [ RunTime:0.000016s ]
INFO: [ app_init ] --END-- [ RunTime:0.000611s ]
INFO: [ app_begin ] --START--
INFO: Run Behavior\ReadHtmlCacheBehavior [ RunTime:0.000620s ]
INFO: [ app_begin ] --END-- [ RunTime:0.000685s ]
SQL: SHOW COLUMNS FROM `west_company` [ RunTime:0.0059s ]
SQL: SELECT * FROM `west_company` WHERE `uid` = 13 LIMIT 1   [ RunTime:0.0006s ]

[ 2015-06-10T00:49:05+08:00 ] 127.0.0.1 /WesternFilms/server/index.php?m=Home&c=views&a=getVideo&uid=13&p=1
INFO: [ app_init ] --START--
INFO: Run Behavior\BuildLiteBehavior [ RunTime:0.000041s ]
INFO: [ app_init ] --END-- [ RunTime:0.002156s ]
INFO: [ app_begin ] --START--
INFO: Run Behavior\ReadHtmlCacheBehavior [ RunTime:0.001351s ]
INFO: [ app_begin ] --END-- [ RunTime:0.001452s ]
SQL: SHOW COLUMNS FROM `west_videos` [ RunTime:0.0058s ]
SQL: SELECT * FROM `west_videos` WHERE ( status = 1 ) AND `uid` = 13 ORDER BY id DESC LIMIT 0,10000   [ RunTime:0.0004s ]
SQL: SELECT COUNT(*) AS tp_count FROM `west_videos` LIMIT 1   [ RunTime:0.0002s ]

[ 2015-06-10T00:49:05+08:00 ] 127.0.0.1 /WesternFilms/server/index.php?m=Home&c=views&a=getLinks&uid=13&p=1
INFO: [ app_init ] --START--
INFO: Run Behavior\BuildLiteBehavior [ RunTime:0.000025s ]
INFO: [ app_init ] --END-- [ RunTime:0.000879s ]
INFO: [ app_begin ] --START--
INFO: Run Behavior\ReadHtmlCacheBehavior [ RunTime:0.000943s ]
INFO: [ app_begin ] --END-- [ RunTime:0.001053s ]
SQL: SHOW COLUMNS FROM `west_links` [ RunTime:0.0054s ]
SQL: SELECT * FROM `west_links` WHERE ( status = 1 ) AND `uid` = 13 ORDER BY id DESC LIMIT 0,10000   [ RunTime:0.0005s ]
SQL: SELECT COUNT(*) AS tp_count FROM `west_links` LIMIT 1   [ RunTime:0.0004s ]

[ 2015-06-10T00:49:05+08:00 ] 127.0.0.1 /WesternFilms/server/index.php?m=Home&c=views&a=getNewsList&uid=13&p=1
INFO: [ app_init ] --START--
INFO: Run Behavior\BuildLiteBehavior [ RunTime:0.000017s ]
INFO: [ app_init ] --END-- [ RunTime:0.000537s ]
INFO: [ app_begin ] --START--
INFO: Run Behavior\ReadHtmlCacheBehavior [ RunTime:0.000529s ]
INFO: [ app_begin ] --END-- [ RunTime:0.000583s ]
SQL: SHOW COLUMNS FROM `west_news` [ RunTime:0.0052s ]
SQL: SELECT * FROM `west_news` WHERE `status` = 1 AND `uid` = 13 ORDER BY id DESC LIMIT 0,10000   [ RunTime:0.0007s ]
SQL: SELECT COUNT(*) AS tp_count FROM `west_news` LIMIT 1   [ RunTime:0.0002s ]

[ 2015-06-10T00:53:05+08:00 ] 127.0.0.1 /WesternFilms/server/index.php?m=Home&c=index&a=getCompany&uid=13
INFO: [ app_init ] --START--
INFO: Run Behavior\BuildLiteBehavior [ RunTime:0.000022s ]
INFO: [ app_init ] --END-- [ RunTime:0.000614s ]
INFO: [ app_begin ] --START--
INFO: Run Behavior\ReadHtmlCacheBehavior [ RunTime:0.001580s ]
INFO: [ app_begin ] --END-- [ RunTime:0.001684s ]
SQL: SHOW COLUMNS FROM `west_company` [ RunTime:0.0073s ]
SQL: SELECT * FROM `west_company` WHERE `uid` = 13 LIMIT 1   [ RunTime:0.0022s ]

[ 2015-06-10T00:53:05+08:00 ] 127.0.0.1 /WesternFilms/server/index.php?m=Home&c=views&a=getVideo&uid=13&p=1
INFO: [ app_init ] --START--
INFO: Run Behavior\BuildLiteBehavior [ RunTime:0.000022s ]
INFO: [ app_init ] --END-- [ RunTime:0.000649s ]
INFO: [ app_begin ] --START--
INFO: Run Behavior\ReadHtmlCacheBehavior [ RunTime:0.001090s ]
INFO: [ app_begin ] --END-- [ RunTime:0.001181s ]
SQL: SHOW COLUMNS FROM `west_videos` [ RunTime:0.0050s ]
SQL: SELECT * FROM `west_videos` WHERE ( status = 1 ) AND `uid` = 13 ORDER BY id DESC LIMIT 0,10000   [ RunTime:0.0005s ]
SQL: SELECT COUNT(*) AS tp_count FROM `west_videos` LIMIT 1   [ RunTime:0.0002s ]

[ 2015-06-10T00:53:05+08:00 ] 127.0.0.1 /WesternFilms/server/index.php?m=Home&c=views&a=getLinks&uid=13&p=1
INFO: [ app_init ] --START--
INFO: Run Behavior\BuildLiteBehavior [ RunTime:0.000024s ]
INFO: [ app_init ] --END-- [ RunTime:0.000698s ]
INFO: [ app_begin ] --START--
INFO: Run Behavior\ReadHtmlCacheBehavior [ RunTime:0.001087s ]
INFO: [ app_begin ] --END-- [ RunTime:0.001197s ]
SQL: SHOW COLUMNS FROM `west_links` [ RunTime:0.0066s ]
SQL: SELECT * FROM `west_links` WHERE ( status = 1 ) AND `uid` = 13 ORDER BY id DESC LIMIT 0,10000   [ RunTime:0.0019s ]
SQL: SELECT COUNT(*) AS tp_count FROM `west_links` LIMIT 1   [ RunTime:0.0021s ]

[ 2015-06-10T00:53:05+08:00 ] 127.0.0.1 /WesternFilms/server/index.php?m=Home&c=views&a=getNewsList&uid=13&p=1
INFO: [ app_init ] --START--
INFO: Run Behavior\BuildLiteBehavior [ RunTime:0.000015s ]
INFO: [ app_init ] --END-- [ RunTime:0.000368s ]
INFO: [ app_begin ] --START--
INFO: Run Behavior\ReadHtmlCacheBehavior [ RunTime:0.000897s ]
INFO: [ app_begin ] --END-- [ RunTime:0.001010s ]
SQL: SHOW COLUMNS FROM `west_news` [ RunTime:0.0106s ]
SQL: SELECT * FROM `west_news` WHERE `status` = 1 AND `uid` = 13 ORDER BY id DESC LIMIT 0,10000   [ RunTime:0.0024s ]
SQL: SELECT COUNT(*) AS tp_count FROM `west_news` LIMIT 1   [ RunTime:0.0006s ]

[ 2015-06-10T15:38:11+08:00 ] 127.0.0.1 /WesternFilms/server/index.php?m=Home&c=views&a=getLinks&uid=13&p=1
INFO: [ app_init ] --START--
INFO: Run Behavior\BuildLiteBehavior [ RunTime:0.000015s ]
INFO: [ app_init ] --END-- [ RunTime:0.000410s ]
INFO: [ app_begin ] --START--
INFO: Run Behavior\ReadHtmlCacheBehavior [ RunTime:0.000827s ]
INFO: [ app_begin ] --END-- [ RunTime:0.000913s ]
SQL: SHOW COLUMNS FROM `west_links` [ RunTime:0.0189s ]
SQL: SELECT * FROM `west_links` WHERE ( status = 1 ) AND `uid` = 13 ORDER BY id DESC LIMIT 0,10000   [ RunTime:0.0006s ]
SQL: SELECT COUNT(*) AS tp_count FROM `west_links` LIMIT 1   [ RunTime:0.0146s ]

[ 2015-06-10T15:38:11+08:00 ] 127.0.0.1 /WesternFilms/server/index.php?m=Home&c=index&a=getCompany&uid=13
INFO: [ app_init ] --START--
INFO: Run Behavior\BuildLiteBehavior [ RunTime:0.000024s ]
INFO: [ app_init ] --END-- [ RunTime:0.002190s ]
INFO: [ app_begin ] --START--
INFO: Run Behavior\ReadHtmlCacheBehavior [ RunTime:0.000977s ]
INFO: [ app_begin ] --END-- [ RunTime:0.001055s ]
SQL: SHOW COLUMNS FROM `west_company` [ RunTime:0.2728s ]
SQL: SELECT * FROM `west_company` WHERE `uid` = 13 LIMIT 1   [ RunTime:0.0011s ]

[ 2015-06-10T15:38:11+08:00 ] 127.0.0.1 /WesternFilms/server/index.php?m=Home&c=views&a=getVideo&uid=13&p=1
INFO: [ app_init ] --START--
INFO: Run Behavior\BuildLiteBehavior [ RunTime:0.000022s ]
INFO: [ app_init ] --END-- [ RunTime:0.000620s ]
INFO: [ app_begin ] --START--
INFO: Run Behavior\ReadHtmlCacheBehavior [ RunTime:0.000849s ]
INFO: [ app_begin ] --END-- [ RunTime:0.000931s ]
SQL: SHOW COLUMNS FROM `west_videos` [ RunTime:0.0072s ]
SQL: SELECT * FROM `west_videos` WHERE ( status = 1 ) AND `uid` = 13 ORDER BY id DESC LIMIT 0,10000   [ RunTime:0.0008s ]
SQL: SELECT COUNT(*) AS tp_count FROM `west_videos` LIMIT 1   [ RunTime:0.0005s ]

[ 2015-06-10T15:38:12+08:00 ] 127.0.0.1 /WesternFilms/server/index.php?m=Home&c=views&a=getNewsList&uid=13&p=1
INFO: [ app_init ] --START--
INFO: Run Behavior\BuildLiteBehavior [ RunTime:0.000024s ]
INFO: [ app_init ] --END-- [ RunTime:0.000703s ]
INFO: [ app_begin ] --START--
INFO: Run Behavior\ReadHtmlCacheBehavior [ RunTime:0.001824s ]
INFO: [ app_begin ] --END-- [ RunTime:0.001912s ]
SQL: SHOW COLUMNS FROM `west_news` [ RunTime:0.0524s ]
SQL: SELECT * FROM `west_news` WHERE `status` = 1 AND `uid` = 13 ORDER BY id DESC LIMIT 0,10000   [ RunTime:0.1224s ]
SQL: SELECT COUNT(*) AS tp_count FROM `west_news` LIMIT 1   [ RunTime:0.0008s ]

[ 2015-06-10T15:38:19+08:00 ] 127.0.0.1 /WesternFilms/server/index.php?m=Home&c=index&a=getCompany&uid=13
INFO: [ app_init ] --START--
INFO: Run Behavior\BuildLiteBehavior [ RunTime:0.000044s ]
INFO: [ app_init ] --END-- [ RunTime:0.000958s ]
INFO: [ app_begin ] --START--
INFO: Run Behavior\ReadHtmlCacheBehavior [ RunTime:0.000768s ]
INFO: [ app_begin ] --END-- [ RunTime:0.000864s ]
SQL: SHOW COLUMNS FROM `west_company` [ RunTime:0.0058s ]
SQL: SELECT * FROM `west_company` WHERE `uid` = 13 LIMIT 1   [ RunTime:0.0004s ]

[ 2015-06-10T15:38:19+08:00 ] 127.0.0.1 /WesternFilms/server/index.php?m=Home&c=views&a=getNewsList&uid=13&p=1
INFO: [ app_init ] --START--
INFO: Run Behavior\BuildLiteBehavior [ RunTime:0.000022s ]
INFO: [ app_init ] --END-- [ RunTime:0.000515s ]
INFO: [ app_begin ] --START--
INFO: Run Behavior\ReadHtmlCacheBehavior [ RunTime:0.000735s ]
INFO: [ app_begin ] --END-- [ RunTime:0.000820s ]
SQL: SHOW COLUMNS FROM `west_news` [ RunTime:0.0068s ]
SQL: SELECT * FROM `west_news` WHERE `status` = 1 AND `uid` = 13 ORDER BY id DESC LIMIT 0,10000   [ RunTime:0.0019s ]
SQL: SELECT COUNT(*) AS tp_count FROM `west_news` LIMIT 1   [ RunTime:0.0004s ]

[ 2015-06-10T15:38:19+08:00 ] 127.0.0.1 /WesternFilms/server/index.php?m=Home&c=views&a=getVideo&uid=13&p=1
INFO: [ app_init ] --START--
INFO: Run Behavior\BuildLiteBehavior [ RunTime:0.000020s ]
INFO: [ app_init ] --END-- [ RunTime:0.000534s ]
INFO: [ app_begin ] --START--
INFO: Run Behavior\ReadHtmlCacheBehavior [ RunTime:0.000944s ]
INFO: [ app_begin ] --END-- [ RunTime:0.001050s ]
SQL: SHOW COLUMNS FROM `west_videos` [ RunTime:0.0038s ]
SQL: SELECT * FROM `west_videos` WHERE ( status = 1 ) AND `uid` = 13 ORDER BY id DESC LIMIT 0,10000   [ RunTime:0.0005s ]
SQL: SELECT COUNT(*) AS tp_count FROM `west_videos` LIMIT 1   [ RunTime:0.0003s ]

[ 2015-06-10T15:38:19+08:00 ] 127.0.0.1 /WesternFilms/server/index.php?m=Home&c=views&a=getLinks&uid=13&p=1
INFO: [ app_init ] --START--
INFO: Run Behavior\BuildLiteBehavior [ RunTime:0.000039s ]
INFO: [ app_init ] --END-- [ RunTime:0.000770s ]
INFO: [ app_begin ] --START--
INFO: Run Behavior\ReadHtmlCacheBehavior [ RunTime:0.000836s ]
INFO: [ app_begin ] --END-- [ RunTime:0.000928s ]
SQL: SHOW COLUMNS FROM `west_links` [ RunTime:0.0042s ]
SQL: SELECT * FROM `west_links` WHERE ( status = 1 ) AND `uid` = 13 ORDER BY id DESC LIMIT 0,10000   [ RunTime:0.0005s ]
SQL: SELECT COUNT(*) AS tp_count FROM `west_links` LIMIT 1   [ RunTime:0.0003s ]

[ 2015-06-10T15:38:30+08:00 ] 127.0.0.1 /WesternFilms/server/index.php?m=Home&c=views&a=getVideo&uid=13&p=1
INFO: [ app_init ] --START--
INFO: Run Behavior\BuildLiteBehavior [ RunTime:0.000016s ]
INFO: [ app_init ] --END-- [ RunTime:0.000358s ]
INFO: [ app_begin ] --START--
INFO: Run Behavior\ReadHtmlCacheBehavior [ RunTime:0.000499s ]
INFO: [ app_begin ] --END-- [ RunTime:0.000559s ]
SQL: SHOW COLUMNS FROM `west_videos` [ RunTime:0.0042s ]
SQL: SELECT * FROM `west_videos` WHERE ( status = 1 ) AND `uid` = 13 ORDER BY id DESC LIMIT 0,10000   [ RunTime:0.0006s ]
SQL: SELECT COUNT(*) AS tp_count FROM `west_videos` LIMIT 1   [ RunTime:0.0003s ]

[ 2015-06-10T15:38:30+08:00 ] 127.0.0.1 /WesternFilms/server/index.php?m=Home&c=index&a=getCompany&uid=13
INFO: [ app_init ] --START--
INFO: Run Behavior\BuildLiteBehavior [ RunTime:0.000022s ]
INFO: [ app_init ] --END-- [ RunTime:0.000544s ]
INFO: [ app_begin ] --START--
INFO: Run Behavior\ReadHtmlCacheBehavior [ RunTime:0.000825s ]
INFO: [ app_begin ] --END-- [ RunTime:0.000919s ]
SQL: SHOW COLUMNS FROM `west_company` [ RunTime:0.0061s ]
SQL: SELECT * FROM `west_company` WHERE `uid` = 13 LIMIT 1   [ RunTime:0.0009s ]

[ 2015-06-10T15:38:31+08:00 ] 127.0.0.1 /WesternFilms/server/index.php?m=Home&c=views&a=getLinks&uid=13&p=1
INFO: [ app_init ] --START--
INFO: Run Behavior\BuildLiteBehavior [ RunTime:0.000015s ]
INFO: [ app_init ] --END-- [ RunTime:0.000353s ]
INFO: [ app_begin ] --START--
INFO: Run Behavior\ReadHtmlCacheBehavior [ RunTime:0.000497s ]
INFO: [ app_begin ] --END-- [ RunTime:0.000551s ]
SQL: SHOW COLUMNS FROM `west_links` [ RunTime:0.0041s ]
SQL: SELECT * FROM `west_links` WHERE ( status = 1 ) AND `uid` = 13 ORDER BY id DESC LIMIT 0,10000   [ RunTime:0.0005s ]
SQL: SELECT COUNT(*) AS tp_count FROM `west_links` LIMIT 1   [ RunTime:0.0003s ]

[ 2015-06-10T15:38:31+08:00 ] 127.0.0.1 /WesternFilms/server/index.php?m=Home&c=views&a=getNewsList&uid=13&p=1
INFO: [ app_init ] --START--
INFO: Run Behavior\BuildLiteBehavior [ RunTime:0.000023s ]
INFO: [ app_init ] --END-- [ RunTime:0.000517s ]
INFO: [ app_begin ] --START--
INFO: Run Behavior\ReadHtmlCacheBehavior [ RunTime:0.001150s ]
INFO: [ app_begin ] --END-- [ RunTime:0.001349s ]
SQL: SHOW COLUMNS FROM `west_news` [ RunTime:0.0050s ]
SQL: SELECT * FROM `west_news` WHERE `status` = 1 AND `uid` = 13 ORDER BY id DESC LIMIT 0,10000   [ RunTime:0.0007s ]
SQL: SELECT COUNT(*) AS tp_count FROM `west_news` LIMIT 1   [ RunTime:0.0003s ]

