[ 2015-07-03T16:50:10+08:00 ] 127.0.0.1 /WesternFilms/server/index.php?m=Home&c=index&a=getCompany&uid=13
INFO: [ app_init ] --START--
INFO: Run Behavior\BuildLiteBehavior [ RunTime:0.000047s ]
INFO: [ app_init ] --END-- [ RunTime:0.013846s ]
INFO: [ app_begin ] --START--
INFO: Run Behavior\ReadHtmlCacheBehavior [ RunTime:0.009278s ]
INFO: [ app_begin ] --END-- [ RunTime:0.009438s ]
SQL: SHOW COLUMNS FROM `west_company` [ RunTime:0.0209s ]
SQL: SELECT * FROM `west_company` WHERE `uid` = 13 LIMIT 1   [ RunTime:0.0163s ]

[ 2015-07-03T16:50:10+08:00 ] 127.0.0.1 /WesternFilms/server/index.php?m=Home&c=index&a=getNewsList&uid=13&p=1
INFO: [ app_init ] --START--
INFO: Run Behavior\BuildLiteBehavior [ RunTime:0.000032s ]
INFO: [ app_init ] --END-- [ RunTime:0.000745s ]
INFO: [ app_begin ] --START--
INFO: Run Behavior\ReadHtmlCacheBehavior [ RunTime:0.001090s ]
INFO: [ app_begin ] --END-- [ RunTime:0.001362s ]
SQL: SHOW COLUMNS FROM `west_news` [ RunTime:0.0107s ]
SQL: SELECT * FROM `west_news` WHERE `uid` = 13 AND `status` = 1 AND `hot` = 0 ORDER BY top DESC, id DESC LIMIT 0,10   [ RunTime:0.0211s ]
SQL: SELECT COUNT(*) AS tp_count FROM `west_news` LIMIT 1   [ RunTime:0.0009s ]

[ 2015-07-03T16:50:10+08:00 ] 127.0.0.1 /WesternFilms/server/index.php?m=Home&c=index&a=getCompany&uid=13
INFO: [ app_init ] --START--
INFO: Run Behavior\BuildLiteBehavior [ RunTime:0.000033s ]
INFO: [ app_init ] --END-- [ RunTime:0.000774s ]
INFO: [ app_begin ] --START--
INFO: Run Behavior\ReadHtmlCacheBehavior [ RunTime:0.001032s ]
INFO: [ app_begin ] --END-- [ RunTime:0.001187s ]
SQL: SHOW COLUMNS FROM `west_company` [ RunTime:0.0100s ]
SQL: SELECT * FROM `west_company` WHERE `uid` = 13 LIMIT 1   [ RunTime:0.0011s ]

[ 2015-07-03T16:50:10+08:00 ] 127.0.0.1 /WesternFilms/server/index.php?m=Home&c=index&a=getVideo&uid=13
INFO: [ app_init ] --START--
INFO: Run Behavior\BuildLiteBehavior [ RunTime:0.000035s ]
INFO: [ app_init ] --END-- [ RunTime:0.000927s ]
INFO: [ app_begin ] --START--
INFO: Run Behavior\ReadHtmlCacheBehavior [ RunTime:0.001060s ]
INFO: [ app_begin ] --END-- [ RunTime:0.001203s ]
SQL: SHOW COLUMNS FROM `west_videos` [ RunTime:0.0098s ]
SQL: SELECT * FROM `west_videos` WHERE `uid` = 13 AND `status` = 1 ORDER BY id DESC LIMIT 2   [ RunTime:0.0012s ]

[ 2015-07-03T16:50:10+08:00 ] 127.0.0.1 /WesternFilms/server/index.php?m=Home&c=index&a=getMedia&uid=13
INFO: [ app_init ] --START--
INFO: Run Behavior\BuildLiteBehavior [ RunTime:0.000120s ]
INFO: [ app_init ] --END-- [ RunTime:0.001030s ]
INFO: [ app_begin ] --START--
INFO: Run Behavior\ReadHtmlCacheBehavior [ RunTime:0.001364s ]
INFO: [ app_begin ] --END-- [ RunTime:0.001523s ]
SQL: SHOW COLUMNS FROM `west_news` [ RunTime:0.0099s ]
SQL: SELECT * FROM `west_news` WHERE `status` = 1 AND `hot` = 1 AND `uid` = 13 ORDER BY top DESC, id DESC LIMIT 4   [ RunTime:0.0016s ]

[ 2015-07-03T16:51:10+08:00 ] 127.0.0.1 /WesternFilms/server/index.php?m=Home&c=index&a=getCompany&uid=13
INFO: [ app_init ] --START--
INFO: Run Behavior\BuildLiteBehavior [ RunTime:0.000033s ]
INFO: [ app_init ] --END-- [ RunTime:0.000857s ]
INFO: [ app_begin ] --START--
INFO: Run Behavior\ReadHtmlCacheBehavior [ RunTime:0.001331s ]
INFO: [ app_begin ] --END-- [ RunTime:0.001480s ]
SQL: SHOW COLUMNS FROM `west_company` [ RunTime:0.0102s ]
SQL: SELECT * FROM `west_company` WHERE `uid` = 13 LIMIT 1   [ RunTime:0.0012s ]

[ 2015-07-03T16:51:10+08:00 ] 127.0.0.1 /WesternFilms/server/index.php?m=Home&c=index&a=getNewsList&uid=13&p=1
INFO: [ app_init ] --START--
INFO: Run Behavior\BuildLiteBehavior [ RunTime:0.000032s ]
INFO: [ app_init ] --END-- [ RunTime:0.000759s ]
INFO: [ app_begin ] --START--
INFO: Run Behavior\ReadHtmlCacheBehavior [ RunTime:0.001037s ]
INFO: [ app_begin ] --END-- [ RunTime:0.001176s ]
SQL: SHOW COLUMNS FROM `west_news` [ RunTime:0.0107s ]
SQL: SELECT * FROM `west_news` WHERE `uid` = 13 AND `status` = 1 AND `hot` = 0 ORDER BY top DESC, id DESC LIMIT 0,10   [ RunTime:0.0014s ]
SQL: SELECT COUNT(*) AS tp_count FROM `west_news` LIMIT 1   [ RunTime:0.0008s ]

[ 2015-07-03T16:51:10+08:00 ] 127.0.0.1 /WesternFilms/server/index.php?m=Home&c=index&a=getCompany&uid=13
INFO: [ app_init ] --START--
INFO: Run Behavior\BuildLiteBehavior [ RunTime:0.000037s ]
INFO: [ app_init ] --END-- [ RunTime:0.000782s ]
INFO: [ app_begin ] --START--
INFO: Run Behavior\ReadHtmlCacheBehavior [ RunTime:0.001025s ]
INFO: [ app_begin ] --END-- [ RunTime:0.001162s ]
SQL: SHOW COLUMNS FROM `west_company` [ RunTime:0.0102s ]
SQL: SELECT * FROM `west_company` WHERE `uid` = 13 LIMIT 1   [ RunTime:0.0012s ]

[ 2015-07-03T16:51:10+08:00 ] 127.0.0.1 /WesternFilms/server/index.php?m=Home&c=index&a=getVideo&uid=13
INFO: [ app_init ] --START--
INFO: Run Behavior\BuildLiteBehavior [ RunTime:0.000033s ]
INFO: [ app_init ] --END-- [ RunTime:0.000759s ]
INFO: [ app_begin ] --START--
INFO: Run Behavior\ReadHtmlCacheBehavior [ RunTime:0.001131s ]
INFO: [ app_begin ] --END-- [ RunTime:0.001277s ]
SQL: SHOW COLUMNS FROM `west_videos` [ RunTime:0.0107s ]
SQL: SELECT * FROM `west_videos` WHERE `uid` = 13 AND `status` = 1 ORDER BY id DESC LIMIT 2   [ RunTime:0.0011s ]

[ 2015-07-03T16:51:11+08:00 ] 127.0.0.1 /WesternFilms/server/index.php?m=Home&c=index&a=getMedia&uid=13
INFO: [ app_init ] --START--
INFO: Run Behavior\BuildLiteBehavior [ RunTime:0.000034s ]
INFO: [ app_init ] --END-- [ RunTime:0.001037s ]
INFO: [ app_begin ] --START--
INFO: Run Behavior\ReadHtmlCacheBehavior [ RunTime:0.002258s ]
INFO: [ app_begin ] --END-- [ RunTime:0.002498s ]
SQL: SHOW COLUMNS FROM `west_news` [ RunTime:0.0110s ]
SQL: SELECT * FROM `west_news` WHERE `status` = 1 AND `hot` = 1 AND `uid` = 13 ORDER BY top DESC, id DESC LIMIT 4   [ RunTime:0.0016s ]

[ 2015-07-03T16:51:11+08:00 ] 127.0.0.1 /WesternFilms/server/index.php?m=Home&c=index&a=getVideo&uid=13
INFO: [ app_init ] --START--
INFO: Run Behavior\BuildLiteBehavior [ RunTime:0.000034s ]
INFO: [ app_init ] --END-- [ RunTime:0.000767s ]
INFO: [ app_begin ] --START--
INFO: Run Behavior\ReadHtmlCacheBehavior [ RunTime:0.001020s ]
INFO: [ app_begin ] --END-- [ RunTime:0.001154s ]
SQL: SHOW COLUMNS FROM `west_videos` [ RunTime:0.0100s ]
SQL: SELECT * FROM `west_videos` WHERE `uid` = 13 AND `status` = 1 ORDER BY id DESC LIMIT 2   [ RunTime:0.0014s ]

[ 2015-07-03T16:51:31+08:00 ] 127.0.0.1 /WesternFilms/server/index.php?m=Home&c=index&a=getCompany&uid=13
INFO: [ app_init ] --START--
INFO: Run Behavior\BuildLiteBehavior [ RunTime:0.000033s ]
INFO: [ app_init ] --END-- [ RunTime:0.000840s ]
INFO: [ app_begin ] --START--
INFO: Run Behavior\ReadHtmlCacheBehavior [ RunTime:0.001252s ]
INFO: [ app_begin ] --END-- [ RunTime:0.001398s ]
SQL: SHOW COLUMNS FROM `west_company` [ RunTime:0.0104s ]
SQL: SELECT * FROM `west_company` WHERE `uid` = 13 LIMIT 1   [ RunTime:0.0011s ]

[ 2015-07-03T16:51:31+08:00 ] 127.0.0.1 /WesternFilms/server/index.php?m=Home&c=index&a=getNewsList&uid=13&p=1
INFO: [ app_init ] --START--
INFO: Run Behavior\BuildLiteBehavior [ RunTime:0.000110s ]
INFO: [ app_init ] --END-- [ RunTime:0.000856s ]
INFO: [ app_begin ] --START--
INFO: Run Behavior\ReadHtmlCacheBehavior [ RunTime:0.001086s ]
INFO: [ app_begin ] --END-- [ RunTime:0.001232s ]
SQL: SHOW COLUMNS FROM `west_news` [ RunTime:0.0100s ]
SQL: SELECT * FROM `west_news` WHERE `uid` = 13 AND `status` = 1 AND `hot` = 0 ORDER BY top DESC, id DESC LIMIT 0,10   [ RunTime:0.0014s ]
SQL: SELECT COUNT(*) AS tp_count FROM `west_news` LIMIT 1   [ RunTime:0.0009s ]

[ 2015-07-03T16:51:31+08:00 ] 127.0.0.1 /WesternFilms/server/index.php?m=Home&c=index&a=getCompany&uid=13
INFO: [ app_init ] --START--
INFO: Run Behavior\BuildLiteBehavior [ RunTime:0.000035s ]
INFO: [ app_init ] --END-- [ RunTime:0.000997s ]
INFO: [ app_begin ] --START--
INFO: Run Behavior\ReadHtmlCacheBehavior [ RunTime:0.001325s ]
INFO: [ app_begin ] --END-- [ RunTime:0.001533s ]
SQL: SHOW COLUMNS FROM `west_company` [ RunTime:0.0113s ]
SQL: SELECT * FROM `west_company` WHERE `uid` = 13 LIMIT 1   [ RunTime:0.0017s ]

[ 2015-07-03T16:51:31+08:00 ] 127.0.0.1 /WesternFilms/server/index.php?m=Home&c=index&a=getVideo&uid=13
INFO: [ app_init ] --START--
INFO: Run Behavior\BuildLiteBehavior [ RunTime:0.000031s ]
INFO: [ app_init ] --END-- [ RunTime:0.000725s ]
INFO: [ app_begin ] --START--
INFO: Run Behavior\ReadHtmlCacheBehavior [ RunTime:0.001130s ]
INFO: [ app_begin ] --END-- [ RunTime:0.001280s ]
SQL: SHOW COLUMNS FROM `west_videos` [ RunTime:0.0097s ]
SQL: SELECT * FROM `west_videos` WHERE `uid` = 13 AND `status` = 1 ORDER BY id DESC LIMIT 2   [ RunTime:0.0012s ]

[ 2015-07-03T16:51:46+08:00 ] 127.0.0.1 /WesternFilms/server/index.php?m=Home&c=index&a=getCompany&uid=13
INFO: [ app_init ] --START--
INFO: Run Behavior\BuildLiteBehavior [ RunTime:0.000033s ]
INFO: [ app_init ] --END-- [ RunTime:0.000773s ]
INFO: [ app_begin ] --START--
INFO: Run Behavior\ReadHtmlCacheBehavior [ RunTime:0.001020s ]
INFO: [ app_begin ] --END-- [ RunTime:0.001150s ]
SQL: SHOW COLUMNS FROM `west_company` [ RunTime:0.0097s ]
SQL: SELECT * FROM `west_company` WHERE `uid` = 13 LIMIT 1   [ RunTime:0.0011s ]

[ 2015-07-03T16:51:46+08:00 ] 127.0.0.1 /WesternFilms/server/index.php?m=Home&c=index&a=getNewsList&uid=13&p=1
INFO: [ app_init ] --START--
INFO: Run Behavior\BuildLiteBehavior [ RunTime:0.000032s ]
INFO: [ app_init ] --END-- [ RunTime:0.000764s ]
INFO: [ app_begin ] --START--
INFO: Run Behavior\ReadHtmlCacheBehavior [ RunTime:0.001070s ]
INFO: [ app_begin ] --END-- [ RunTime:0.001215s ]
SQL: SHOW COLUMNS FROM `west_news` [ RunTime:0.0118s ]
SQL: SELECT * FROM `west_news` WHERE `uid` = 13 AND `status` = 1 AND `hot` = 0 ORDER BY top DESC, id DESC LIMIT 0,10   [ RunTime:0.0014s ]
SQL: SELECT COUNT(*) AS tp_count FROM `west_news` LIMIT 1   [ RunTime:0.0008s ]

[ 2015-07-03T16:51:47+08:00 ] 127.0.0.1 /WesternFilms/server/index.php?m=Home&c=index&a=getCompany&uid=13
INFO: [ app_init ] --START--
INFO: Run Behavior\BuildLiteBehavior [ RunTime:0.000034s ]
INFO: [ app_init ] --END-- [ RunTime:0.000778s ]
INFO: [ app_begin ] --START--
INFO: Run Behavior\ReadHtmlCacheBehavior [ RunTime:0.001441s ]
INFO: [ app_begin ] --END-- [ RunTime:0.001614s ]
SQL: SHOW COLUMNS FROM `west_company` [ RunTime:0.0110s ]
SQL: SELECT * FROM `west_company` WHERE `uid` = 13 LIMIT 1   [ RunTime:0.0011s ]

[ 2015-07-03T16:51:47+08:00 ] 127.0.0.1 /WesternFilms/server/index.php?m=Home&c=index&a=getVideo&uid=13
INFO: [ app_init ] --START--
INFO: Run Behavior\BuildLiteBehavior [ RunTime:0.000032s ]
INFO: [ app_init ] --END-- [ RunTime:0.000739s ]
INFO: [ app_begin ] --START--
INFO: Run Behavior\ReadHtmlCacheBehavior [ RunTime:0.001015s ]
INFO: [ app_begin ] --END-- [ RunTime:0.001156s ]
SQL: SHOW COLUMNS FROM `west_videos` [ RunTime:0.0102s ]
SQL: SELECT * FROM `west_videos` WHERE `uid` = 13 AND `status` = 1 ORDER BY id DESC LIMIT 2   [ RunTime:0.0013s ]

[ 2015-07-03T16:51:47+08:00 ] 127.0.0.1 /WesternFilms/server/index.php?m=Home&c=index&a=getVideo&uid=13
INFO: [ app_init ] --START--
INFO: Run Behavior\BuildLiteBehavior [ RunTime:0.000034s ]
INFO: [ app_init ] --END-- [ RunTime:0.000781s ]
INFO: [ app_begin ] --START--
INFO: Run Behavior\ReadHtmlCacheBehavior [ RunTime:0.001421s ]
INFO: [ app_begin ] --END-- [ RunTime:0.001577s ]
SQL: SHOW COLUMNS FROM `west_videos` [ RunTime:0.0115s ]
SQL: SELECT * FROM `west_videos` WHERE `uid` = 13 AND `status` = 1 ORDER BY id DESC LIMIT 2   [ RunTime:0.0036s ]

[ 2015-07-03T16:51:51+08:00 ] 127.0.0.1 /WesternFilms/server/index.php?m=Home&c=index&a=getCompany&uid=13
INFO: [ app_init ] --START--
INFO: Run Behavior\BuildLiteBehavior [ RunTime:0.000034s ]
INFO: [ app_init ] --END-- [ RunTime:0.000744s ]
INFO: [ app_begin ] --START--
INFO: Run Behavior\ReadHtmlCacheBehavior [ RunTime:0.001031s ]
INFO: [ app_begin ] --END-- [ RunTime:0.001171s ]
SQL: SHOW COLUMNS FROM `west_company` [ RunTime:0.0096s ]
SQL: SELECT * FROM `west_company` WHERE `uid` = 13 LIMIT 1   [ RunTime:0.0011s ]

[ 2015-07-03T16:51:51+08:00 ] 127.0.0.1 /WesternFilms/server/index.php?m=Home&c=index&a=getCompany&uid=13
INFO: [ app_init ] --START--
INFO: Run Behavior\BuildLiteBehavior [ RunTime:0.000036s ]
INFO: [ app_init ] --END-- [ RunTime:0.000869s ]
INFO: [ app_begin ] --START--
INFO: Run Behavior\ReadHtmlCacheBehavior [ RunTime:0.001049s ]
INFO: [ app_begin ] --END-- [ RunTime:0.001211s ]
SQL: SHOW COLUMNS FROM `west_company` [ RunTime:0.0100s ]
SQL: SELECT * FROM `west_company` WHERE `uid` = 13 LIMIT 1   [ RunTime:0.0011s ]

[ 2015-07-03T16:51:51+08:00 ] 127.0.0.1 /WesternFilms/server/index.php?m=Home&c=views&a=getVideo&uid=13&p=1
INFO: [ app_init ] --START--
INFO: Run Behavior\BuildLiteBehavior [ RunTime:0.000032s ]
INFO: [ app_init ] --END-- [ RunTime:0.000738s ]
INFO: [ app_begin ] --START--
INFO: Run Behavior\ReadHtmlCacheBehavior [ RunTime:0.001201s ]
INFO: [ app_begin ] --END-- [ RunTime:0.001347s ]
SQL: SHOW COLUMNS FROM `west_videos` [ RunTime:0.0110s ]
SQL: SELECT * FROM `west_videos` WHERE ( status = 1 ) AND `uid` = 13 ORDER BY id DESC LIMIT 0,10000   [ RunTime:0.0014s ]
SQL: SELECT COUNT(*) AS tp_count FROM `west_videos` LIMIT 1   [ RunTime:0.0008s ]

[ 2015-07-03T16:52:04+08:00 ] 127.0.0.1 /WesternFilms/server/index.php?m=Home&c=index&a=getCompany&uid=13
INFO: [ app_init ] --START--
INFO: Run Behavior\BuildLiteBehavior [ RunTime:0.000033s ]
INFO: [ app_init ] --END-- [ RunTime:0.000849s ]
INFO: [ app_begin ] --START--
INFO: Run Behavior\ReadHtmlCacheBehavior [ RunTime:0.001227s ]
INFO: [ app_begin ] --END-- [ RunTime:0.001384s ]
SQL: SHOW COLUMNS FROM `west_company` [ RunTime:0.0098s ]
SQL: SELECT * FROM `west_company` WHERE `uid` = 13 LIMIT 1   [ RunTime:0.0011s ]

[ 2015-07-03T16:52:04+08:00 ] 127.0.0.1 /WesternFilms/server/index.php?m=Home&c=index&a=getCompany&uid=13
INFO: [ app_init ] --START--
INFO: Run Behavior\BuildLiteBehavior [ RunTime:0.000032s ]
INFO: [ app_init ] --END-- [ RunTime:0.000737s ]
INFO: [ app_begin ] --START--
INFO: Run Behavior\ReadHtmlCacheBehavior [ RunTime:0.001103s ]
INFO: [ app_begin ] --END-- [ RunTime:0.001489s ]
SQL: SHOW COLUMNS FROM `west_company` [ RunTime:0.0101s ]
SQL: SELECT * FROM `west_company` WHERE `uid` = 13 LIMIT 1   [ RunTime:0.0011s ]

[ 2015-07-03T16:52:05+08:00 ] 127.0.0.1 /WesternFilms/server/index.php?m=Home&c=index&a=getCompany&uid=13
INFO: [ app_init ] --START--
INFO: Run Behavior\BuildLiteBehavior [ RunTime:0.000033s ]
INFO: [ app_init ] --END-- [ RunTime:0.000759s ]
INFO: [ app_begin ] --START--
INFO: Run Behavior\ReadHtmlCacheBehavior [ RunTime:0.001053s ]
INFO: [ app_begin ] --END-- [ RunTime:0.001203s ]
SQL: SHOW COLUMNS FROM `west_company` [ RunTime:0.0116s ]
SQL: SELECT * FROM `west_company` WHERE `uid` = 13 LIMIT 1   [ RunTime:0.0011s ]

[ 2015-07-03T16:52:05+08:00 ] 127.0.0.1 /WesternFilms/server/index.php?m=Home&c=index&a=getCompany&uid=13
INFO: [ app_init ] --START--
INFO: Run Behavior\BuildLiteBehavior [ RunTime:0.000032s ]
INFO: [ app_init ] --END-- [ RunTime:0.000758s ]
INFO: [ app_begin ] --START--
INFO: Run Behavior\ReadHtmlCacheBehavior [ RunTime:0.001025s ]
INFO: [ app_begin ] --END-- [ RunTime:0.001181s ]
SQL: SHOW COLUMNS FROM `west_company` [ RunTime:0.0102s ]
SQL: SELECT * FROM `west_company` WHERE `uid` = 13 LIMIT 1   [ RunTime:0.0011s ]

[ 2015-07-03T16:52:06+08:00 ] 127.0.0.1 /WesternFilms/server/index.php?m=Home&c=views&a=getLinks&uid=13&p=1
INFO: [ app_init ] --START--
INFO: Run Behavior\BuildLiteBehavior [ RunTime:0.000036s ]
INFO: [ app_init ] --END-- [ RunTime:0.000933s ]
INFO: [ app_begin ] --START--
INFO: Run Behavior\ReadHtmlCacheBehavior [ RunTime:0.001157s ]
INFO: [ app_begin ] --END-- [ RunTime:0.001300s ]
SQL: SHOW COLUMNS FROM `west_links` [ RunTime:0.0101s ]
SQL: SELECT * FROM `west_links` WHERE ( status = 1 ) AND `uid` = 13 ORDER BY id DESC LIMIT 0,10000   [ RunTime:0.0011s ]
SQL: SELECT COUNT(*) AS tp_count FROM `west_links` LIMIT 1   [ RunTime:0.0011s ]

[ 2015-07-03T16:52:15+08:00 ] 127.0.0.1 /WesternFilms/server/index.php?m=Home&c=index&a=getCompany&uid=13
INFO: [ app_init ] --START--
INFO: Run Behavior\BuildLiteBehavior [ RunTime:0.000033s ]
INFO: [ app_init ] --END-- [ RunTime:0.000748s ]
INFO: [ app_begin ] --START--
INFO: Run Behavior\ReadHtmlCacheBehavior [ RunTime:0.001014s ]
INFO: [ app_begin ] --END-- [ RunTime:0.001149s ]
SQL: SHOW COLUMNS FROM `west_company` [ RunTime:0.0104s ]
SQL: SELECT * FROM `west_company` WHERE `uid` = 13 LIMIT 1   [ RunTime:0.0011s ]

[ 2015-07-03T16:52:15+08:00 ] 127.0.0.1 /WesternFilms/server/index.php?m=Home&c=index&a=getCompany&uid=13
INFO: [ app_init ] --START--
INFO: Run Behavior\BuildLiteBehavior [ RunTime:0.000033s ]
INFO: [ app_init ] --END-- [ RunTime:0.000735s ]
INFO: [ app_begin ] --START--
INFO: Run Behavior\ReadHtmlCacheBehavior [ RunTime:0.001007s ]
INFO: [ app_begin ] --END-- [ RunTime:0.001144s ]
SQL: SHOW COLUMNS FROM `west_company` [ RunTime:0.0099s ]
SQL: SELECT * FROM `west_company` WHERE `uid` = 13 LIMIT 1   [ RunTime:0.0011s ]

[ 2015-07-03T16:52:15+08:00 ] 127.0.0.1 /WesternFilms/server/index.php?m=Home&c=index&a=getVideo&uid=13
INFO: [ app_init ] --START--
INFO: Run Behavior\BuildLiteBehavior [ RunTime:0.000036s ]
INFO: [ app_init ] --END-- [ RunTime:0.000803s ]
INFO: [ app_begin ] --START--
INFO: Run Behavior\ReadHtmlCacheBehavior [ RunTime:0.001022s ]
INFO: [ app_begin ] --END-- [ RunTime:0.001229s ]
SQL: SHOW COLUMNS FROM `west_videos` [ RunTime:0.0105s ]
SQL: SELECT * FROM `west_videos` WHERE `uid` = 13 AND `status` = 1 ORDER BY id DESC LIMIT 2   [ RunTime:0.0013s ]

[ 2015-07-03T16:52:15+08:00 ] 127.0.0.1 /WesternFilms/server/index.php?m=Home&c=views&a=getVideo&uid=13&p=1
INFO: [ app_init ] --START--
INFO: Run Behavior\BuildLiteBehavior [ RunTime:0.000035s ]
INFO: [ app_init ] --END-- [ RunTime:0.000890s ]
INFO: [ app_begin ] --START--
INFO: Run Behavior\ReadHtmlCacheBehavior [ RunTime:0.001121s ]
INFO: [ app_begin ] --END-- [ RunTime:0.001268s ]
SQL: SHOW COLUMNS FROM `west_videos` [ RunTime:0.0112s ]
SQL: SELECT * FROM `west_videos` WHERE ( status = 1 ) AND `uid` = 13 ORDER BY id DESC LIMIT 0,10000   [ RunTime:0.0047s ]
SQL: SELECT COUNT(*) AS tp_count FROM `west_videos` LIMIT 1   [ RunTime:0.0009s ]

[ 2015-07-03T16:52:47+08:00 ] 127.0.0.1 /WesternFilms/server/index.php?m=Home&c=index&a=getCompany&uid=13
INFO: [ app_init ] --START--
INFO: Run Behavior\BuildLiteBehavior [ RunTime:0.000033s ]
INFO: [ app_init ] --END-- [ RunTime:0.000750s ]
INFO: [ app_begin ] --START--
INFO: Run Behavior\ReadHtmlCacheBehavior [ RunTime:0.001010s ]
INFO: [ app_begin ] --END-- [ RunTime:0.001142s ]
SQL: SHOW COLUMNS FROM `west_company` [ RunTime:0.0111s ]
SQL: SELECT * FROM `west_company` WHERE `uid` = 13 LIMIT 1   [ RunTime:0.0011s ]

[ 2015-07-03T16:52:47+08:00 ] 127.0.0.1 /WesternFilms/server/index.php?m=Home&c=index&a=getCompany&uid=13
INFO: [ app_init ] --START--
INFO: Run Behavior\BuildLiteBehavior [ RunTime:0.000034s ]
INFO: [ app_init ] --END-- [ RunTime:0.000750s ]
INFO: [ app_begin ] --START--
INFO: Run Behavior\ReadHtmlCacheBehavior [ RunTime:0.001031s ]
INFO: [ app_begin ] --END-- [ RunTime:0.001182s ]
SQL: SHOW COLUMNS FROM `west_company` [ RunTime:0.0097s ]
SQL: SELECT * FROM `west_company` WHERE `uid` = 13 LIMIT 1   [ RunTime:0.0014s ]

[ 2015-07-03T16:52:48+08:00 ] 127.0.0.1 /WesternFilms/server/index.php?m=Home&c=index&a=getVideo&uid=13
INFO: [ app_init ] --START--
INFO: Run Behavior\BuildLiteBehavior [ RunTime:0.000105s ]
INFO: [ app_init ] --END-- [ RunTime:0.001357s ]
INFO: [ app_begin ] --START--
INFO: Run Behavior\ReadHtmlCacheBehavior [ RunTime:0.001196s ]
INFO: [ app_begin ] --END-- [ RunTime:0.001340s ]
SQL: SHOW COLUMNS FROM `west_videos` [ RunTime:0.0111s ]
SQL: SELECT * FROM `west_videos` WHERE `uid` = 13 AND `status` = 1 ORDER BY id DESC LIMIT 2   [ RunTime:0.0012s ]

[ 2015-07-03T16:52:48+08:00 ] 127.0.0.1 /WesternFilms/server/index.php?m=Home&c=views&a=getVideo&uid=13&p=1
INFO: [ app_init ] --START--
INFO: Run Behavior\BuildLiteBehavior [ RunTime:0.000033s ]
INFO: [ app_init ] --END-- [ RunTime:0.000770s ]
INFO: [ app_begin ] --START--
INFO: Run Behavior\ReadHtmlCacheBehavior [ RunTime:0.001100s ]
INFO: [ app_begin ] --END-- [ RunTime:0.001253s ]
SQL: SHOW COLUMNS FROM `west_videos` [ RunTime:0.0126s ]
SQL: SELECT * FROM `west_videos` WHERE ( status = 1 ) AND `uid` = 13 ORDER BY id DESC LIMIT 0,10000   [ RunTime:0.0011s ]
SQL: SELECT COUNT(*) AS tp_count FROM `west_videos` LIMIT 1   [ RunTime:0.0006s ]

[ 2015-07-03T16:52:54+08:00 ] 127.0.0.1 /WesternFilms/server/index.php?m=Home&c=index&a=getCompany&uid=13
INFO: [ app_init ] --START--
INFO: Run Behavior\BuildLiteBehavior [ RunTime:0.000032s ]
INFO: [ app_init ] --END-- [ RunTime:0.000748s ]
INFO: [ app_begin ] --START--
INFO: Run Behavior\ReadHtmlCacheBehavior [ RunTime:0.001071s ]
INFO: [ app_begin ] --END-- [ RunTime:0.001233s ]
SQL: SHOW COLUMNS FROM `west_company` [ RunTime:0.0097s ]
SQL: SELECT * FROM `west_company` WHERE `uid` = 13 LIMIT 1   [ RunTime:0.0012s ]

[ 2015-07-03T16:52:54+08:00 ] 127.0.0.1 /WesternFilms/server/index.php?m=Home&c=index&a=getNewsList&uid=13&p=1
INFO: [ app_init ] --START--
INFO: Run Behavior\BuildLiteBehavior [ RunTime:0.000032s ]
INFO: [ app_init ] --END-- [ RunTime:0.000723s ]
INFO: [ app_begin ] --START--
INFO: Run Behavior\ReadHtmlCacheBehavior [ RunTime:0.001191s ]
INFO: [ app_begin ] --END-- [ RunTime:0.001403s ]
SQL: SHOW COLUMNS FROM `west_news` [ RunTime:0.0108s ]
SQL: SELECT * FROM `west_news` WHERE `uid` = 13 AND `status` = 1 AND `hot` = 0 ORDER BY top DESC, id DESC LIMIT 0,10   [ RunTime:0.0014s ]
SQL: SELECT COUNT(*) AS tp_count FROM `west_news` LIMIT 1   [ RunTime:0.0006s ]

[ 2015-07-03T16:52:54+08:00 ] 127.0.0.1 /WesternFilms/server/index.php?m=Home&c=index&a=getCompany&uid=13
INFO: [ app_init ] --START--
INFO: Run Behavior\BuildLiteBehavior [ RunTime:0.000036s ]
INFO: [ app_init ] --END-- [ RunTime:0.000958s ]
INFO: [ app_begin ] --START--
INFO: Run Behavior\ReadHtmlCacheBehavior [ RunTime:0.001071s ]
INFO: [ app_begin ] --END-- [ RunTime:0.001224s ]
SQL: SHOW COLUMNS FROM `west_company` [ RunTime:0.0102s ]
SQL: SELECT * FROM `west_company` WHERE `uid` = 13 LIMIT 1   [ RunTime:0.0011s ]

[ 2015-07-03T16:52:54+08:00 ] 127.0.0.1 /WesternFilms/server/index.php?m=Home&c=index&a=getVideo&uid=13
INFO: [ app_init ] --START--
INFO: Run Behavior\BuildLiteBehavior [ RunTime:0.000037s ]
INFO: [ app_init ] --END-- [ RunTime:0.000982s ]
INFO: [ app_begin ] --START--
INFO: Run Behavior\ReadHtmlCacheBehavior [ RunTime:0.001180s ]
INFO: [ app_begin ] --END-- [ RunTime:0.001330s ]
SQL: SHOW COLUMNS FROM `west_videos` [ RunTime:0.0106s ]
SQL: SELECT * FROM `west_videos` WHERE `uid` = 13 AND `status` = 1 ORDER BY id DESC LIMIT 2   [ RunTime:0.0012s ]

[ 2015-07-03T16:52:54+08:00 ] 127.0.0.1 /WesternFilms/server/index.php?m=Home&c=index&a=getVideo&uid=13
INFO: [ app_init ] --START--
INFO: Run Behavior\BuildLiteBehavior [ RunTime:0.000034s ]
INFO: [ app_init ] --END-- [ RunTime:0.000773s ]
INFO: [ app_begin ] --START--
INFO: Run Behavior\ReadHtmlCacheBehavior [ RunTime:0.001029s ]
INFO: [ app_begin ] --END-- [ RunTime:0.001169s ]
SQL: SHOW COLUMNS FROM `west_videos` [ RunTime:0.0099s ]
SQL: SELECT * FROM `west_videos` WHERE `uid` = 13 AND `status` = 1 ORDER BY id DESC LIMIT 2   [ RunTime:0.0011s ]

[ 2015-07-03T16:53:00+08:00 ] 127.0.0.1 /WesternFilms/server/index.php?m=Home&c=index&a=getCompany&uid=13
INFO: [ app_init ] --START--
INFO: Run Behavior\BuildLiteBehavior [ RunTime:0.000035s ]
INFO: [ app_init ] --END-- [ RunTime:0.000744s ]
INFO: [ app_begin ] --START--
INFO: Run Behavior\ReadHtmlCacheBehavior [ RunTime:0.001009s ]
INFO: [ app_begin ] --END-- [ RunTime:0.001142s ]
SQL: SHOW COLUMNS FROM `west_company` [ RunTime:0.0097s ]
SQL: SELECT * FROM `west_company` WHERE `uid` = 13 LIMIT 1   [ RunTime:0.0011s ]

[ 2015-07-03T16:53:00+08:00 ] 127.0.0.1 /WesternFilms/server/index.php?m=Home&c=index&a=getCompany&uid=13
INFO: [ app_init ] --START--
INFO: Run Behavior\BuildLiteBehavior [ RunTime:0.000032s ]
INFO: [ app_init ] --END-- [ RunTime:0.000740s ]
INFO: [ app_begin ] --START--
INFO: Run Behavior\ReadHtmlCacheBehavior [ RunTime:0.001352s ]
INFO: [ app_begin ] --END-- [ RunTime:0.001488s ]
SQL: SHOW COLUMNS FROM `west_company` [ RunTime:0.0099s ]
SQL: SELECT * FROM `west_company` WHERE `uid` = 13 LIMIT 1   [ RunTime:0.0010s ]

[ 2015-07-03T16:53:00+08:00 ] 127.0.0.1 /WesternFilms/server/index.php?m=Home&c=index&a=getVideo&uid=13
INFO: [ app_init ] --START--
INFO: Run Behavior\BuildLiteBehavior [ RunTime:0.000142s ]
INFO: [ app_init ] --END-- [ RunTime:0.000995s ]
INFO: [ app_begin ] --START--
INFO: Run Behavior\ReadHtmlCacheBehavior [ RunTime:0.003103s ]
INFO: [ app_begin ] --END-- [ RunTime:0.003269s ]
SQL: SHOW COLUMNS FROM `west_videos` [ RunTime:0.0101s ]
SQL: SELECT * FROM `west_videos` WHERE `uid` = 13 AND `status` = 1 ORDER BY id DESC LIMIT 2   [ RunTime:0.0012s ]

[ 2015-07-03T16:53:00+08:00 ] 127.0.0.1 /WesternFilms/server/index.php?m=Home&c=views&a=getVideo&uid=13&p=1
INFO: [ app_init ] --START--
INFO: Run Behavior\BuildLiteBehavior [ RunTime:0.000034s ]
INFO: [ app_init ] --END-- [ RunTime:0.000841s ]
INFO: [ app_begin ] --START--
INFO: Run Behavior\ReadHtmlCacheBehavior [ RunTime:0.001579s ]
INFO: [ app_begin ] --END-- [ RunTime:0.001740s ]
SQL: SHOW COLUMNS FROM `west_videos` [ RunTime:0.0098s ]
SQL: SELECT * FROM `west_videos` WHERE ( status = 1 ) AND `uid` = 13 ORDER BY id DESC LIMIT 0,10000   [ RunTime:0.0014s ]
SQL: SELECT COUNT(*) AS tp_count FROM `west_videos` LIMIT 1   [ RunTime:0.0006s ]

[ 2015-07-03T16:54:05+08:00 ] 127.0.0.1 /WesternFilms/server/index.php?m=Home&c=index&a=getCompany&uid=13
INFO: [ app_init ] --START--
INFO: Run Behavior\BuildLiteBehavior [ RunTime:0.000038s ]
INFO: [ app_init ] --END-- [ RunTime:0.000987s ]
INFO: [ app_begin ] --START--
INFO: Run Behavior\ReadHtmlCacheBehavior [ RunTime:0.001410s ]
INFO: [ app_begin ] --END-- [ RunTime:0.001564s ]
SQL: SHOW COLUMNS FROM `west_company` [ RunTime:0.0129s ]
SQL: SELECT * FROM `west_company` WHERE `uid` = 13 LIMIT 1   [ RunTime:0.0012s ]

[ 2015-07-03T16:54:05+08:00 ] 127.0.0.1 /WesternFilms/server/index.php?m=Home&c=index&a=getCompany&uid=13
INFO: [ app_init ] --START--
INFO: Run Behavior\BuildLiteBehavior [ RunTime:0.000039s ]
INFO: [ app_init ] --END-- [ RunTime:0.000837s ]
INFO: [ app_begin ] --START--
INFO: Run Behavior\ReadHtmlCacheBehavior [ RunTime:0.001060s ]
INFO: [ app_begin ] --END-- [ RunTime:0.001207s ]
SQL: SHOW COLUMNS FROM `west_company` [ RunTime:0.0098s ]
SQL: SELECT * FROM `west_company` WHERE `uid` = 13 LIMIT 1   [ RunTime:0.0011s ]

[ 2015-07-03T16:54:05+08:00 ] 127.0.0.1 /WesternFilms/server/index.php?m=Home&c=index&a=getVideo&uid=13
INFO: [ app_init ] --START--
INFO: Run Behavior\BuildLiteBehavior [ RunTime:0.000039s ]
INFO: [ app_init ] --END-- [ RunTime:0.000994s ]
INFO: [ app_begin ] --START--
INFO: Run Behavior\ReadHtmlCacheBehavior [ RunTime:0.003129s ]
INFO: [ app_begin ] --END-- [ RunTime:0.003287s ]
SQL: SHOW COLUMNS FROM `west_videos` [ RunTime:0.0101s ]
SQL: SELECT * FROM `west_videos` WHERE `uid` = 13 AND `status` = 1 ORDER BY id DESC LIMIT 2   [ RunTime:0.0012s ]

[ 2015-07-03T16:54:05+08:00 ] 127.0.0.1 /WesternFilms/server/index.php?m=Home&c=views&a=getVideo&uid=13&p=1
INFO: [ app_init ] --START--
INFO: Run Behavior\BuildLiteBehavior [ RunTime:0.000036s ]
INFO: [ app_init ] --END-- [ RunTime:0.001055s ]
INFO: [ app_begin ] --START--
INFO: Run Behavior\ReadHtmlCacheBehavior [ RunTime:0.001397s ]
INFO: [ app_begin ] --END-- [ RunTime:0.001548s ]
SQL: SHOW COLUMNS FROM `west_videos` [ RunTime:0.0114s ]
SQL: SELECT * FROM `west_videos` WHERE ( status = 1 ) AND `uid` = 13 ORDER BY id DESC LIMIT 0,10000   [ RunTime:0.0012s ]
SQL: SELECT COUNT(*) AS tp_count FROM `west_videos` LIMIT 1   [ RunTime:0.0027s ]

[ 2015-07-03T16:55:06+08:00 ] 127.0.0.1 /WesternFilms/server/index.php?m=Home&c=index&a=getCompany&uid=13
INFO: [ app_init ] --START--
INFO: Run Behavior\BuildLiteBehavior [ RunTime:0.000034s ]
INFO: [ app_init ] --END-- [ RunTime:0.000849s ]
INFO: [ app_begin ] --START--
INFO: Run Behavior\ReadHtmlCacheBehavior [ RunTime:0.001213s ]
INFO: [ app_begin ] --END-- [ RunTime:0.001351s ]
SQL: SHOW COLUMNS FROM `west_company` [ RunTime:0.0099s ]
SQL: SELECT * FROM `west_company` WHERE `uid` = 13 LIMIT 1   [ RunTime:0.0012s ]

[ 2015-07-03T16:55:07+08:00 ] 127.0.0.1 /WesternFilms/server/index.php?m=Home&c=index&a=getCompany&uid=13
INFO: [ app_init ] --START--
INFO: Run Behavior\BuildLiteBehavior [ RunTime:0.000032s ]
INFO: [ app_init ] --END-- [ RunTime:0.000734s ]
INFO: [ app_begin ] --START--
INFO: Run Behavior\ReadHtmlCacheBehavior [ RunTime:0.001025s ]
INFO: [ app_begin ] --END-- [ RunTime:0.001177s ]
SQL: SHOW COLUMNS FROM `west_company` [ RunTime:0.0097s ]
SQL: SELECT * FROM `west_company` WHERE `uid` = 13 LIMIT 1   [ RunTime:0.0011s ]

[ 2015-07-03T16:55:07+08:00 ] 127.0.0.1 /WesternFilms/server/index.php?m=Home&c=index&a=getVideo&uid=13
INFO: [ app_init ] --START--
INFO: Run Behavior\BuildLiteBehavior [ RunTime:0.000037s ]
INFO: [ app_init ] --END-- [ RunTime:0.000916s ]
INFO: [ app_begin ] --START--
INFO: Run Behavior\ReadHtmlCacheBehavior [ RunTime:0.001128s ]
INFO: [ app_begin ] --END-- [ RunTime:0.001270s ]
SQL: SHOW COLUMNS FROM `west_videos` [ RunTime:0.0105s ]
SQL: SELECT * FROM `west_videos` WHERE `uid` = 13 AND `status` = 1 ORDER BY id DESC LIMIT 2   [ RunTime:0.0012s ]

[ 2015-07-03T16:55:07+08:00 ] 127.0.0.1 /WesternFilms/server/index.php?m=Home&c=views&a=getVideo&uid=13&p=1
INFO: [ app_init ] --START--
INFO: Run Behavior\BuildLiteBehavior [ RunTime:0.000034s ]
INFO: [ app_init ] --END-- [ RunTime:0.000829s ]
INFO: [ app_begin ] --START--
INFO: Run Behavior\ReadHtmlCacheBehavior [ RunTime:0.001379s ]
INFO: [ app_begin ] --END-- [ RunTime:0.001526s ]
SQL: SHOW COLUMNS FROM `west_videos` [ RunTime:0.0106s ]
SQL: SELECT * FROM `west_videos` WHERE ( status = 1 ) AND `uid` = 13 ORDER BY id DESC LIMIT 0,10000   [ RunTime:0.0014s ]
SQL: SELECT COUNT(*) AS tp_count FROM `west_videos` LIMIT 1   [ RunTime:0.0009s ]

[ 2015-07-03T16:55:14+08:00 ] 127.0.0.1 /WesternFilms/server/index.php?m=Home&c=index&a=getCompany&uid=13
INFO: [ app_init ] --START--
INFO: Run Behavior\BuildLiteBehavior [ RunTime:0.000033s ]
INFO: [ app_init ] --END-- [ RunTime:0.000753s ]
INFO: [ app_begin ] --START--
INFO: Run Behavior\ReadHtmlCacheBehavior [ RunTime:0.001024s ]
INFO: [ app_begin ] --END-- [ RunTime:0.001164s ]
SQL: SHOW COLUMNS FROM `west_company` [ RunTime:0.0099s ]
SQL: SELECT * FROM `west_company` WHERE `uid` = 13 LIMIT 1   [ RunTime:0.0011s ]

[ 2015-07-03T16:55:15+08:00 ] 127.0.0.1 /WesternFilms/server/index.php?m=Home&c=index&a=getCompany&uid=13
INFO: [ app_init ] --START--
INFO: Run Behavior\BuildLiteBehavior [ RunTime:0.000032s ]
INFO: [ app_init ] --END-- [ RunTime:0.000736s ]
INFO: [ app_begin ] --START--
INFO: Run Behavior\ReadHtmlCacheBehavior [ RunTime:0.001037s ]
INFO: [ app_begin ] --END-- [ RunTime:0.001174s ]
SQL: SHOW COLUMNS FROM `west_company` [ RunTime:0.0112s ]
SQL: SELECT * FROM `west_company` WHERE `uid` = 13 LIMIT 1   [ RunTime:0.0011s ]

[ 2015-07-03T16:55:15+08:00 ] 127.0.0.1 /WesternFilms/server/index.php?m=Home&c=index&a=getVideo&uid=13
INFO: [ app_init ] --START--
INFO: Run Behavior\BuildLiteBehavior [ RunTime:0.000033s ]
INFO: [ app_init ] --END-- [ RunTime:0.000754s ]
INFO: [ app_begin ] --START--
INFO: Run Behavior\ReadHtmlCacheBehavior [ RunTime:0.001020s ]
INFO: [ app_begin ] --END-- [ RunTime:0.001163s ]
SQL: SHOW COLUMNS FROM `west_videos` [ RunTime:0.0101s ]
SQL: SELECT * FROM `west_videos` WHERE `uid` = 13 AND `status` = 1 ORDER BY id DESC LIMIT 2   [ RunTime:0.0011s ]

[ 2015-07-03T16:55:15+08:00 ] 127.0.0.1 /WesternFilms/server/index.php?m=Home&c=index&a=getNewsList&uid=13&p=1
INFO: [ app_init ] --START--
INFO: Run Behavior\BuildLiteBehavior [ RunTime:0.000033s ]
INFO: [ app_init ] --END-- [ RunTime:0.000872s ]
INFO: [ app_begin ] --START--
INFO: Run Behavior\ReadHtmlCacheBehavior [ RunTime:0.001029s ]
INFO: [ app_begin ] --END-- [ RunTime:0.001167s ]
SQL: SHOW COLUMNS FROM `west_news` [ RunTime:0.0110s ]
SQL: SELECT * FROM `west_news` WHERE `uid` = 13 AND `status` = 1 AND `hot` = 0 ORDER BY top DESC, id DESC LIMIT 0,10   [ RunTime:0.0014s ]
SQL: SELECT COUNT(*) AS tp_count FROM `west_news` LIMIT 1   [ RunTime:0.0008s ]

[ 2015-07-03T16:56:32+08:00 ] 127.0.0.1 /WesternFilms/server/index.php?m=Home&c=index&a=getCompany&uid=13
INFO: [ app_init ] --START--
INFO: Run Behavior\BuildLiteBehavior [ RunTime:0.000033s ]
INFO: [ app_init ] --END-- [ RunTime:0.000822s ]
INFO: [ app_begin ] --START--
INFO: Run Behavior\ReadHtmlCacheBehavior [ RunTime:0.001277s ]
INFO: [ app_begin ] --END-- [ RunTime:0.001442s ]
SQL: SHOW COLUMNS FROM `west_company` [ RunTime:0.0100s ]
SQL: SELECT * FROM `west_company` WHERE `uid` = 13 LIMIT 1   [ RunTime:0.0011s ]

[ 2015-07-03T16:56:32+08:00 ] 127.0.0.1 /WesternFilms/server/index.php?m=Home&c=index&a=getCompany&uid=13
INFO: [ app_init ] --START--
INFO: Run Behavior\BuildLiteBehavior [ RunTime:0.000031s ]
INFO: [ app_init ] --END-- [ RunTime:0.000736s ]
INFO: [ app_begin ] --START--
INFO: Run Behavior\ReadHtmlCacheBehavior [ RunTime:0.001011s ]
INFO: [ app_begin ] --END-- [ RunTime:0.001152s ]
SQL: SHOW COLUMNS FROM `west_company` [ RunTime:0.0102s ]
SQL: SELECT * FROM `west_company` WHERE `uid` = 13 LIMIT 1   [ RunTime:0.0011s ]

[ 2015-07-03T16:56:32+08:00 ] 127.0.0.1 /WesternFilms/server/index.php?m=Home&c=index&a=getVideo&uid=13
INFO: [ app_init ] --START--
INFO: Run Behavior\BuildLiteBehavior [ RunTime:0.000037s ]
INFO: [ app_init ] --END-- [ RunTime:0.000954s ]
INFO: [ app_begin ] --START--
INFO: Run Behavior\ReadHtmlCacheBehavior [ RunTime:0.001057s ]
INFO: [ app_begin ] --END-- [ RunTime:0.001211s ]
SQL: SHOW COLUMNS FROM `west_videos` [ RunTime:0.0109s ]
SQL: SELECT * FROM `west_videos` WHERE `uid` = 13 AND `status` = 1 ORDER BY id DESC LIMIT 2   [ RunTime:0.0012s ]

[ 2015-07-03T16:56:32+08:00 ] 127.0.0.1 /WesternFilms/server/index.php?m=Home&c=index&a=getNewsList&uid=13&p=1
INFO: [ app_init ] --START--
INFO: Run Behavior\BuildLiteBehavior [ RunTime:0.000034s ]
INFO: [ app_init ] --END-- [ RunTime:0.000941s ]
INFO: [ app_begin ] --START--
INFO: Run Behavior\ReadHtmlCacheBehavior [ RunTime:0.001594s ]
INFO: [ app_begin ] --END-- [ RunTime:0.001757s ]
SQL: SHOW COLUMNS FROM `west_news` [ RunTime:0.0103s ]
SQL: SELECT * FROM `west_news` WHERE `uid` = 13 AND `status` = 1 AND `hot` = 0 ORDER BY top DESC, id DESC LIMIT 0,10   [ RunTime:0.0020s ]
SQL: SELECT COUNT(*) AS tp_count FROM `west_news` LIMIT 1   [ RunTime:0.0016s ]

[ 2015-07-03T16:56:36+08:00 ] 127.0.0.1 /WesternFilms/server/index.php?m=Home&c=index&a=getCompany&uid=13
INFO: [ app_init ] --START--
INFO: Run Behavior\BuildLiteBehavior [ RunTime:0.000032s ]
INFO: [ app_init ] --END-- [ RunTime:0.000748s ]
INFO: [ app_begin ] --START--
INFO: Run Behavior\ReadHtmlCacheBehavior [ RunTime:0.001014s ]
INFO: [ app_begin ] --END-- [ RunTime:0.001159s ]
SQL: SHOW COLUMNS FROM `west_company` [ RunTime:0.0096s ]
SQL: SELECT * FROM `west_company` WHERE `uid` = 13 LIMIT 1   [ RunTime:0.0012s ]

[ 2015-07-03T16:56:36+08:00 ] 127.0.0.1 /WesternFilms/server/index.php?m=Home&c=index&a=getNewsList&uid=13&p=1
INFO: [ app_init ] --START--
INFO: Run Behavior\BuildLiteBehavior [ RunTime:0.000034s ]
INFO: [ app_init ] --END-- [ RunTime:0.000768s ]
INFO: [ app_begin ] --START--
INFO: Run Behavior\ReadHtmlCacheBehavior [ RunTime:0.001220s ]
INFO: [ app_begin ] --END-- [ RunTime:0.001384s ]
SQL: SHOW COLUMNS FROM `west_news` [ RunTime:0.0105s ]
SQL: SELECT * FROM `west_news` WHERE `uid` = 13 AND `status` = 1 AND `hot` = 0 ORDER BY top DESC, id DESC LIMIT 0,10   [ RunTime:0.0014s ]
SQL: SELECT COUNT(*) AS tp_count FROM `west_news` LIMIT 1   [ RunTime:0.0008s ]

[ 2015-07-03T16:56:36+08:00 ] 127.0.0.1 /WesternFilms/server/index.php?m=Home&c=index&a=getCompany&uid=13
INFO: [ app_init ] --START--
INFO: Run Behavior\BuildLiteBehavior [ RunTime:0.000035s ]
INFO: [ app_init ] --END-- [ RunTime:0.000846s ]
INFO: [ app_begin ] --START--
INFO: Run Behavior\ReadHtmlCacheBehavior [ RunTime:0.001025s ]
INFO: [ app_begin ] --END-- [ RunTime:0.001162s ]
SQL: SHOW COLUMNS FROM `west_company` [ RunTime:0.0102s ]
SQL: SELECT * FROM `west_company` WHERE `uid` = 13 LIMIT 1   [ RunTime:0.0013s ]

[ 2015-07-03T16:56:36+08:00 ] 127.0.0.1 /WesternFilms/server/index.php?m=Home&c=index&a=getVideo&uid=13
INFO: [ app_init ] --START--
INFO: Run Behavior\BuildLiteBehavior [ RunTime:0.000036s ]
INFO: [ app_init ] --END-- [ RunTime:0.000813s ]
INFO: [ app_begin ] --START--
INFO: Run Behavior\ReadHtmlCacheBehavior [ RunTime:0.001089s ]
INFO: [ app_begin ] --END-- [ RunTime:0.001248s ]
SQL: SHOW COLUMNS FROM `west_videos` [ RunTime:0.0109s ]
SQL: SELECT * FROM `west_videos` WHERE `uid` = 13 AND `status` = 1 ORDER BY id DESC LIMIT 2   [ RunTime:0.0012s ]

[ 2015-07-03T16:56:36+08:00 ] 127.0.0.1 /WesternFilms/server/index.php?m=Home&c=index&a=getMedia&uid=13
INFO: [ app_init ] --START--
INFO: Run Behavior\BuildLiteBehavior [ RunTime:0.000033s ]
INFO: [ app_init ] --END-- [ RunTime:0.000752s ]
INFO: [ app_begin ] --START--
INFO: Run Behavior\ReadHtmlCacheBehavior [ RunTime:0.001083s ]
INFO: [ app_begin ] --END-- [ RunTime:0.001244s ]
SQL: SHOW COLUMNS FROM `west_news` [ RunTime:0.0103s ]
SQL: SELECT * FROM `west_news` WHERE `status` = 1 AND `hot` = 1 AND `uid` = 13 ORDER BY top DESC, id DESC LIMIT 4   [ RunTime:0.0015s ]

[ 2015-07-03T16:56:37+08:00 ] 127.0.0.1 /WesternFilms/server/index.php?m=Home&c=index&a=getVideo&uid=13
INFO: [ app_init ] --START--
INFO: Run Behavior\BuildLiteBehavior [ RunTime:0.000036s ]
INFO: [ app_init ] --END-- [ RunTime:0.001055s ]
INFO: [ app_begin ] --START--
INFO: Run Behavior\ReadHtmlCacheBehavior [ RunTime:0.001232s ]
INFO: [ app_begin ] --END-- [ RunTime:0.001384s ]
SQL: SHOW COLUMNS FROM `west_videos` [ RunTime:0.0108s ]
SQL: SELECT * FROM `west_videos` WHERE `uid` = 13 AND `status` = 1 ORDER BY id DESC LIMIT 2   [ RunTime:0.0013s ]

[ 2015-07-03T16:56:40+08:00 ] 127.0.0.1 /WesternFilms/server/index.php?m=Home&c=index&a=getCompany&uid=13
INFO: [ app_init ] --START--
INFO: Run Behavior\BuildLiteBehavior [ RunTime:0.000040s ]
INFO: [ app_init ] --END-- [ RunTime:0.000858s ]
INFO: [ app_begin ] --START--
INFO: Run Behavior\ReadHtmlCacheBehavior [ RunTime:0.001670s ]
INFO: [ app_begin ] --END-- [ RunTime:0.001885s ]
SQL: SHOW COLUMNS FROM `west_company` [ RunTime:0.0102s ]
SQL: SELECT * FROM `west_company` WHERE `uid` = 13 LIMIT 1   [ RunTime:0.0012s ]

[ 2015-07-03T16:56:40+08:00 ] 127.0.0.1 /WesternFilms/server/index.php?m=Home&c=index&a=getNewsList&uid=13&p=1
INFO: [ app_init ] --START--
INFO: Run Behavior\BuildLiteBehavior [ RunTime:0.000035s ]
INFO: [ app_init ] --END-- [ RunTime:0.000772s ]
INFO: [ app_begin ] --START--
INFO: Run Behavior\ReadHtmlCacheBehavior [ RunTime:0.001017s ]
INFO: [ app_begin ] --END-- [ RunTime:0.001154s ]
SQL: SHOW COLUMNS FROM `west_news` [ RunTime:0.0107s ]
SQL: SELECT * FROM `west_news` WHERE `uid` = 13 AND `status` = 1 AND `hot` = 0 ORDER BY top DESC, id DESC LIMIT 0,10   [ RunTime:0.0014s ]
SQL: SELECT COUNT(*) AS tp_count FROM `west_news` LIMIT 1   [ RunTime:0.0009s ]

[ 2015-07-03T16:56:40+08:00 ] 127.0.0.1 /WesternFilms/server/index.php?m=Home&c=index&a=getCompany&uid=13
INFO: [ app_init ] --START--
INFO: Run Behavior\BuildLiteBehavior [ RunTime:0.000035s ]
INFO: [ app_init ] --END-- [ RunTime:0.000742s ]
INFO: [ app_begin ] --START--
INFO: Run Behavior\ReadHtmlCacheBehavior [ RunTime:0.001003s ]
INFO: [ app_begin ] --END-- [ RunTime:0.001136s ]
SQL: SHOW COLUMNS FROM `west_company` [ RunTime:0.0102s ]
SQL: SELECT * FROM `west_company` WHERE `uid` = 13 LIMIT 1   [ RunTime:0.0011s ]

[ 2015-07-03T16:56:40+08:00 ] 127.0.0.1 /WesternFilms/server/index.php?m=Home&c=index&a=getMedia&uid=13
INFO: [ app_init ] --START--
INFO: Run Behavior\BuildLiteBehavior [ RunTime:0.000035s ]
INFO: [ app_init ] --END-- [ RunTime:0.000784s ]
INFO: [ app_begin ] --START--
INFO: Run Behavior\ReadHtmlCacheBehavior [ RunTime:0.001216s ]
INFO: [ app_begin ] --END-- [ RunTime:0.001399s ]
SQL: SHOW COLUMNS FROM `west_news` [ RunTime:0.0115s ]
SQL: SELECT * FROM `west_news` WHERE `status` = 1 AND `hot` = 1 AND `uid` = 13 ORDER BY top DESC, id DESC LIMIT 4   [ RunTime:0.0016s ]

[ 2015-07-03T16:56:40+08:00 ] 127.0.0.1 /WesternFilms/server/index.php?m=Home&c=index&a=getVideo&uid=13
INFO: [ app_init ] --START--
INFO: Run Behavior\BuildLiteBehavior [ RunTime:0.000035s ]
INFO: [ app_init ] --END-- [ RunTime:0.000909s ]
INFO: [ app_begin ] --START--
INFO: Run Behavior\ReadHtmlCacheBehavior [ RunTime:0.001137s ]
INFO: [ app_begin ] --END-- [ RunTime:0.001284s ]
SQL: SHOW COLUMNS FROM `west_videos` [ RunTime:0.0123s ]
SQL: SELECT * FROM `west_videos` WHERE `uid` = 13 AND `status` = 1 ORDER BY id DESC LIMIT 2   [ RunTime:0.0034s ]

[ 2015-07-03T16:56:40+08:00 ] 127.0.0.1 /WesternFilms/server/index.php?m=Home&c=views&a=getEpisodesList&uid=13
INFO: [ app_init ] --START--
INFO: Run Behavior\BuildLiteBehavior [ RunTime:0.000034s ]
INFO: [ app_init ] --END-- [ RunTime:0.000875s ]
INFO: [ app_begin ] --START--
INFO: Run Behavior\ReadHtmlCacheBehavior [ RunTime:0.001287s ]
INFO: [ app_begin ] --END-- [ RunTime:0.001450s ]
SQL: SHOW COLUMNS FROM `west_episodes` [ RunTime:0.0103s ]
SQL: SELECT * FROM `west_episodes` WHERE `status` = 1 AND `uid` = 13 ORDER BY id DESC LIMIT 0,10000   [ RunTime:0.0014s ]
SQL: SELECT COUNT(*) AS tp_count FROM `west_episodes` LIMIT 1   [ RunTime:0.0008s ]

[ 2015-07-03T16:57:04+08:00 ] 127.0.0.1 /WesternFilms/server/index.php?m=Home&c=index&a=getCompany&uid=13
INFO: [ app_init ] --START--
INFO: Run Behavior\BuildLiteBehavior [ RunTime:0.000104s ]
INFO: [ app_init ] --END-- [ RunTime:0.001586s ]
INFO: [ app_begin ] --START--
INFO: Run Behavior\ReadHtmlCacheBehavior [ RunTime:0.001053s ]
INFO: [ app_begin ] --END-- [ RunTime:0.001199s ]
SQL: SHOW COLUMNS FROM `west_company` [ RunTime:0.0100s ]
SQL: SELECT * FROM `west_company` WHERE `uid` = 13 LIMIT 1   [ RunTime:0.0013s ]

[ 2015-07-03T16:57:04+08:00 ] 127.0.0.1 /WesternFilms/server/index.php?m=Home&c=index&a=getCompany&uid=13
INFO: [ app_init ] --START--
INFO: Run Behavior\BuildLiteBehavior [ RunTime:0.000033s ]
INFO: [ app_init ] --END-- [ RunTime:0.000728s ]
INFO: [ app_begin ] --START--
INFO: Run Behavior\ReadHtmlCacheBehavior [ RunTime:0.001015s ]
INFO: [ app_begin ] --END-- [ RunTime:0.001150s ]
SQL: SHOW COLUMNS FROM `west_company` [ RunTime:0.0103s ]
SQL: SELECT * FROM `west_company` WHERE `uid` = 13 LIMIT 1   [ RunTime:0.0012s ]

[ 2015-07-03T17:04:46+08:00 ] 127.0.0.1 /WesternFilms/server/index.php?m=Home&c=index&a=getCompany&uid=13
INFO: [ app_init ] --START--
INFO: Run Behavior\BuildLiteBehavior [ RunTime:0.000033s ]
INFO: [ app_init ] --END-- [ RunTime:0.000855s ]
INFO: [ app_begin ] --START--
INFO: Run Behavior\ReadHtmlCacheBehavior [ RunTime:0.001340s ]
INFO: [ app_begin ] --END-- [ RunTime:0.001563s ]
SQL: SHOW COLUMNS FROM `west_company` [ RunTime:0.0101s ]
SQL: SELECT * FROM `west_company` WHERE `uid` = 13 LIMIT 1   [ RunTime:0.0013s ]

[ 2015-07-03T17:04:47+08:00 ] 127.0.0.1 /WesternFilms/server/index.php?m=Home&c=index&a=getCompany&uid=13
INFO: [ app_init ] --START--
INFO: Run Behavior\BuildLiteBehavior [ RunTime:0.000032s ]
INFO: [ app_init ] --END-- [ RunTime:0.000752s ]
INFO: [ app_begin ] --START--
INFO: Run Behavior\ReadHtmlCacheBehavior [ RunTime:0.001019s ]
INFO: [ app_begin ] --END-- [ RunTime:0.001160s ]
SQL: SHOW COLUMNS FROM `west_company` [ RunTime:0.0098s ]
SQL: SELECT * FROM `west_company` WHERE `uid` = 13 LIMIT 1   [ RunTime:0.0011s ]

[ 2015-07-03T17:07:10+08:00 ] 127.0.0.1 /WesternFilms/server/index.php?m=Home&c=index&a=getCompany&uid=13
INFO: [ app_init ] --START--
INFO: Run Behavior\BuildLiteBehavior [ RunTime:0.000035s ]
INFO: [ app_init ] --END-- [ RunTime:0.017289s ]
INFO: [ app_begin ] --START--
INFO: Run Behavior\ReadHtmlCacheBehavior [ RunTime:0.253074s ]
INFO: [ app_begin ] --END-- [ RunTime:0.253246s ]
SQL: SHOW COLUMNS FROM `west_company` [ RunTime:0.0111s ]
SQL: SELECT * FROM `west_company` WHERE `uid` = 13 LIMIT 1   [ RunTime:0.0027s ]

[ 2015-07-03T17:07:10+08:00 ] 127.0.0.1 /WesternFilms/server/index.php?m=Home&c=index&a=getCompany&uid=13
INFO: [ app_init ] --START--
INFO: Run Behavior\BuildLiteBehavior [ RunTime:0.000037s ]
INFO: [ app_init ] --END-- [ RunTime:0.000899s ]
INFO: [ app_begin ] --START--
INFO: Run Behavior\ReadHtmlCacheBehavior [ RunTime:0.001065s ]
INFO: [ app_begin ] --END-- [ RunTime:0.001210s ]
SQL: SHOW COLUMNS FROM `west_company` [ RunTime:0.0109s ]
SQL: SELECT * FROM `west_company` WHERE `uid` = 13 LIMIT 1   [ RunTime:0.0019s ]

[ 2015-07-03T17:07:32+08:00 ] 127.0.0.1 /WesternFilms/server/index.php?m=Home&c=index&a=getCompany&uid=13
INFO: [ app_init ] --START--
INFO: Run Behavior\BuildLiteBehavior [ RunTime:0.000034s ]
INFO: [ app_init ] --END-- [ RunTime:0.041616s ]
INFO: [ app_begin ] --START--
INFO: Run Behavior\ReadHtmlCacheBehavior [ RunTime:0.054936s ]
INFO: [ app_begin ] --END-- [ RunTime:0.055145s ]
SQL: SHOW COLUMNS FROM `west_company` [ RunTime:0.0119s ]
SQL: SELECT * FROM `west_company` WHERE `uid` = 13 LIMIT 1   [ RunTime:0.0018s ]

[ 2015-07-03T17:07:33+08:00 ] 127.0.0.1 /WesternFilms/server/index.php?m=Home&c=index&a=getCompany&uid=13
INFO: [ app_init ] --START--
INFO: Run Behavior\BuildLiteBehavior [ RunTime:0.000037s ]
INFO: [ app_init ] --END-- [ RunTime:0.000989s ]
INFO: [ app_begin ] --START--
INFO: Run Behavior\ReadHtmlCacheBehavior [ RunTime:0.001068s ]
INFO: [ app_begin ] --END-- [ RunTime:0.001211s ]
SQL: SHOW COLUMNS FROM `west_company` [ RunTime:0.0115s ]
SQL: SELECT * FROM `west_company` WHERE `uid` = 13 LIMIT 1   [ RunTime:0.0013s ]

[ 2015-07-03T17:08:09+08:00 ] 127.0.0.1 /WesternFilms/server/index.php?m=Home&c=index&a=getCompany&uid=13
INFO: [ app_init ] --START--
INFO: Run Behavior\BuildLiteBehavior [ RunTime:0.000036s ]
INFO: [ app_init ] --END-- [ RunTime:0.000863s ]
INFO: [ app_begin ] --START--
INFO: Run Behavior\ReadHtmlCacheBehavior [ RunTime:0.001793s ]
INFO: [ app_begin ] --END-- [ RunTime:0.002133s ]
SQL: SHOW COLUMNS FROM `west_company` [ RunTime:0.0105s ]
SQL: SELECT * FROM `west_company` WHERE `uid` = 13 LIMIT 1   [ RunTime:0.0012s ]

[ 2015-07-03T17:08:09+08:00 ] 127.0.0.1 /WesternFilms/server/index.php?m=Home&c=index&a=getCompany&uid=13
INFO: [ app_init ] --START--
INFO: Run Behavior\BuildLiteBehavior [ RunTime:0.000033s ]
INFO: [ app_init ] --END-- [ RunTime:0.000786s ]
INFO: [ app_begin ] --START--
INFO: Run Behavior\ReadHtmlCacheBehavior [ RunTime:0.001187s ]
INFO: [ app_begin ] --END-- [ RunTime:0.001334s ]
SQL: SHOW COLUMNS FROM `west_company` [ RunTime:0.0104s ]
SQL: SELECT * FROM `west_company` WHERE `uid` = 13 LIMIT 1   [ RunTime:0.0017s ]

[ 2015-07-03T17:08:49+08:00 ] 127.0.0.1 /WesternFilms/server/index.php?m=Home&c=index&a=getCompany&uid=13
INFO: [ app_init ] --START--
INFO: Run Behavior\BuildLiteBehavior [ RunTime:0.000036s ]
INFO: [ app_init ] --END-- [ RunTime:0.026049s ]
INFO: [ app_begin ] --START--
INFO: Run Behavior\ReadHtmlCacheBehavior [ RunTime:0.017299s ]
INFO: [ app_begin ] --END-- [ RunTime:0.017452s ]
SQL: SHOW COLUMNS FROM `west_company` [ RunTime:0.0104s ]
SQL: SELECT * FROM `west_company` WHERE `uid` = 13 LIMIT 1   [ RunTime:0.0013s ]

[ 2015-07-03T17:08:49+08:00 ] 127.0.0.1 /WesternFilms/server/index.php?m=Home&c=index&a=getCompany&uid=13
INFO: [ app_init ] --START--
INFO: Run Behavior\BuildLiteBehavior [ RunTime:0.000034s ]
INFO: [ app_init ] --END-- [ RunTime:0.001035s ]
INFO: [ app_begin ] --START--
INFO: Run Behavior\ReadHtmlCacheBehavior [ RunTime:0.001050s ]
INFO: [ app_begin ] --END-- [ RunTime:0.001194s ]
SQL: SHOW COLUMNS FROM `west_company` [ RunTime:0.0114s ]
SQL: SELECT * FROM `west_company` WHERE `uid` = 13 LIMIT 1   [ RunTime:0.0011s ]

[ 2015-07-03T17:08:50+08:00 ] 127.0.0.1 /WesternFilms/server/index.php?m=Home&c=index&a=getCompany&uid=13
INFO: [ app_init ] --START--
INFO: Run Behavior\BuildLiteBehavior [ RunTime:0.000033s ]
INFO: [ app_init ] --END-- [ RunTime:0.000769s ]
INFO: [ app_begin ] --START--
INFO: Run Behavior\ReadHtmlCacheBehavior [ RunTime:0.001020s ]
INFO: [ app_begin ] --END-- [ RunTime:0.001158s ]
SQL: SHOW COLUMNS FROM `west_company` [ RunTime:0.0104s ]
SQL: SELECT * FROM `west_company` WHERE `uid` = 13 LIMIT 1   [ RunTime:0.0013s ]

[ 2015-07-03T17:08:50+08:00 ] 127.0.0.1 /WesternFilms/server/index.php?m=Home&c=index&a=getCompany&uid=13
INFO: [ app_init ] --START--
INFO: Run Behavior\BuildLiteBehavior [ RunTime:0.000035s ]
INFO: [ app_init ] --END-- [ RunTime:0.000931s ]
INFO: [ app_begin ] --START--
INFO: Run Behavior\ReadHtmlCacheBehavior [ RunTime:0.001082s ]
INFO: [ app_begin ] --END-- [ RunTime:0.001434s ]
SQL: SHOW COLUMNS FROM `west_company` [ RunTime:0.0108s ]
SQL: SELECT * FROM `west_company` WHERE `uid` = 13 LIMIT 1   [ RunTime:0.0009s ]

[ 2015-07-03T18:29:56+08:00 ] 127.0.0.1 /WesternFilms/server/index.php?m=Home&c=index&a=getCompany&uid=13
INFO: [ app_init ] --START--
INFO: Run Behavior\BuildLiteBehavior [ RunTime:0.000038s ]
INFO: [ app_init ] --END-- [ RunTime:0.009321s ]
INFO: [ app_begin ] --START--
INFO: Run Behavior\ReadHtmlCacheBehavior [ RunTime:0.008781s ]
INFO: [ app_begin ] --END-- [ RunTime:0.008964s ]
SQL: SHOW COLUMNS FROM `west_company` [ RunTime:0.0275s ]
SQL: SELECT * FROM `west_company` WHERE `uid` = 13 LIMIT 1   [ RunTime:0.0011s ]

[ 2015-07-03T18:29:57+08:00 ] 127.0.0.1 /WesternFilms/server/index.php?m=Home&c=index&a=getNewsList&uid=13&p=1
INFO: [ app_init ] --START--
INFO: Run Behavior\BuildLiteBehavior [ RunTime:0.000037s ]
INFO: [ app_init ] --END-- [ RunTime:0.000903s ]
INFO: [ app_begin ] --START--
INFO: Run Behavior\ReadHtmlCacheBehavior [ RunTime:0.001070s ]
INFO: [ app_begin ] --END-- [ RunTime:0.001212s ]
SQL: SHOW COLUMNS FROM `west_news` [ RunTime:0.0268s ]
SQL: SELECT * FROM `west_news` WHERE `uid` = 13 AND `status` = 1 AND `hot` = 0 ORDER BY top DESC, id DESC LIMIT 0,10   [ RunTime:0.0017s ]
SQL: SELECT COUNT(*) AS tp_count FROM `west_news` LIMIT 1   [ RunTime:0.0008s ]

[ 2015-07-03T18:29:57+08:00 ] 127.0.0.1 /WesternFilms/server/index.php?m=Home&c=index&a=getCompany&uid=13
INFO: [ app_init ] --START--
INFO: Run Behavior\BuildLiteBehavior [ RunTime:0.000037s ]
INFO: [ app_init ] --END-- [ RunTime:0.000787s ]
INFO: [ app_begin ] --START--
INFO: Run Behavior\ReadHtmlCacheBehavior [ RunTime:0.001182s ]
INFO: [ app_begin ] --END-- [ RunTime:0.001345s ]
SQL: SHOW COLUMNS FROM `west_company` [ RunTime:0.0101s ]
SQL: SELECT * FROM `west_company` WHERE `uid` = 13 LIMIT 1   [ RunTime:0.0012s ]

[ 2015-07-03T18:29:57+08:00 ] 127.0.0.1 /WesternFilms/server/index.php?m=Home&c=index&a=getVideo&uid=13
INFO: [ app_init ] --START--
INFO: Run Behavior\BuildLiteBehavior [ RunTime:0.000032s ]
INFO: [ app_init ] --END-- [ RunTime:0.000745s ]
INFO: [ app_begin ] --START--
INFO: Run Behavior\ReadHtmlCacheBehavior [ RunTime:0.001024s ]
INFO: [ app_begin ] --END-- [ RunTime:0.001162s ]
SQL: SHOW COLUMNS FROM `west_videos` [ RunTime:0.0240s ]
SQL: SELECT * FROM `west_videos` WHERE `uid` = 13 AND `status` = 1 ORDER BY id DESC LIMIT 2   [ RunTime:0.0017s ]

[ 2015-07-03T18:29:57+08:00 ] 127.0.0.1 /WesternFilms/server/index.php?m=Home&c=index&a=getMedia&uid=13
INFO: [ app_init ] --START--
INFO: Run Behavior\BuildLiteBehavior [ RunTime:0.000045s ]
INFO: [ app_init ] --END-- [ RunTime:0.001009s ]
INFO: [ app_begin ] --START--
INFO: Run Behavior\ReadHtmlCacheBehavior [ RunTime:0.001433s ]
INFO: [ app_begin ] --END-- [ RunTime:0.001603s ]
SQL: SHOW COLUMNS FROM `west_news` [ RunTime:0.0140s ]
SQL: SELECT * FROM `west_news` WHERE `status` = 1 AND `hot` = 1 AND `uid` = 13 ORDER BY top DESC, id DESC LIMIT 4   [ RunTime:0.0015s ]

[ 2015-07-03T18:29:57+08:00 ] 127.0.0.1 /WesternFilms/server/index.php?m=Home&c=views&a=getEpisodesList&uid=13
INFO: [ app_init ] --START--
INFO: Run Behavior\BuildLiteBehavior [ RunTime:0.000035s ]
INFO: [ app_init ] --END-- [ RunTime:0.000809s ]
INFO: [ app_begin ] --START--
INFO: Run Behavior\ReadHtmlCacheBehavior [ RunTime:0.001122s ]
INFO: [ app_begin ] --END-- [ RunTime:0.001270s ]
SQL: SHOW COLUMNS FROM `west_episodes` [ RunTime:0.0220s ]
SQL: SELECT * FROM `west_episodes` WHERE `status` = 1 AND `uid` = 13 ORDER BY id DESC LIMIT 0,10000   [ RunTime:0.0025s ]
SQL: SELECT COUNT(*) AS tp_count FROM `west_episodes` LIMIT 1   [ RunTime:0.0009s ]

[ 2015-07-03T18:30:04+08:00 ] 127.0.0.1 /WesternFilms/server/index.php?m=Home&c=index&a=getCompany&uid=13
INFO: [ app_init ] --START--
INFO: Run Behavior\BuildLiteBehavior [ RunTime:0.000034s ]
INFO: [ app_init ] --END-- [ RunTime:0.000763s ]
INFO: [ app_begin ] --START--
INFO: Run Behavior\ReadHtmlCacheBehavior [ RunTime:0.001040s ]
INFO: [ app_begin ] --END-- [ RunTime:0.001176s ]
SQL: SHOW COLUMNS FROM `west_company` [ RunTime:0.0205s ]
SQL: SELECT * FROM `west_company` WHERE `uid` = 13 LIMIT 1   [ RunTime:0.0011s ]

[ 2015-07-03T18:30:05+08:00 ] 127.0.0.1 /WesternFilms/server/index.php?m=Home&c=index&a=getNewsList&uid=13&p=1
INFO: [ app_init ] --START--
INFO: Run Behavior\BuildLiteBehavior [ RunTime:0.000033s ]
INFO: [ app_init ] --END-- [ RunTime:0.000737s ]
INFO: [ app_begin ] --START--
INFO: Run Behavior\ReadHtmlCacheBehavior [ RunTime:0.001054s ]
INFO: [ app_begin ] --END-- [ RunTime:0.001196s ]
SQL: SHOW COLUMNS FROM `west_news` [ RunTime:0.0116s ]
SQL: SELECT * FROM `west_news` WHERE `uid` = 13 AND `status` = 1 AND `hot` = 0 ORDER BY top DESC, id DESC LIMIT 0,10   [ RunTime:0.0014s ]
SQL: SELECT COUNT(*) AS tp_count FROM `west_news` LIMIT 1   [ RunTime:0.0008s ]

[ 2015-07-03T18:30:05+08:00 ] 127.0.0.1 /WesternFilms/server/index.php?m=Home&c=index&a=getCompany&uid=13
INFO: [ app_init ] --START--
INFO: Run Behavior\BuildLiteBehavior [ RunTime:0.000034s ]
INFO: [ app_init ] --END-- [ RunTime:0.001139s ]
INFO: [ app_begin ] --START--
INFO: Run Behavior\ReadHtmlCacheBehavior [ RunTime:0.001038s ]
INFO: [ app_begin ] --END-- [ RunTime:0.001177s ]
SQL: SHOW COLUMNS FROM `west_company` [ RunTime:0.0109s ]
SQL: SELECT * FROM `west_company` WHERE `uid` = 13 LIMIT 1   [ RunTime:0.0012s ]

[ 2015-07-03T18:30:05+08:00 ] 127.0.0.1 /WesternFilms/server/index.php?m=Home&c=views&a=getEpisodesList&uid=13
INFO: [ app_init ] --START--
INFO: Run Behavior\BuildLiteBehavior [ RunTime:0.000033s ]
INFO: [ app_init ] --END-- [ RunTime:0.000868s ]
INFO: [ app_begin ] --START--
INFO: Run Behavior\ReadHtmlCacheBehavior [ RunTime:0.001392s ]
INFO: [ app_begin ] --END-- [ RunTime:0.001582s ]
SQL: SHOW COLUMNS FROM `west_episodes` [ RunTime:0.0113s ]
SQL: SELECT * FROM `west_episodes` WHERE `status` = 1 AND `uid` = 13 ORDER BY id DESC LIMIT 0,10000   [ RunTime:0.0013s ]
SQL: SELECT COUNT(*) AS tp_count FROM `west_episodes` LIMIT 1   [ RunTime:0.0010s ]

[ 2015-07-03T18:30:05+08:00 ] 127.0.0.1 /WesternFilms/server/index.php?m=Home&c=index&a=getVideo&uid=13
INFO: [ app_init ] --START--
INFO: Run Behavior\BuildLiteBehavior [ RunTime:0.000036s ]
INFO: [ app_init ] --END-- [ RunTime:0.000797s ]
INFO: [ app_begin ] --START--
INFO: Run Behavior\ReadHtmlCacheBehavior [ RunTime:0.001071s ]
INFO: [ app_begin ] --END-- [ RunTime:0.001215s ]
SQL: SHOW COLUMNS FROM `west_videos` [ RunTime:0.0108s ]
SQL: SELECT * FROM `west_videos` WHERE `uid` = 13 AND `status` = 1 ORDER BY id DESC LIMIT 2   [ RunTime:0.0013s ]

[ 2015-07-03T18:30:07+08:00 ] 127.0.0.1 /WesternFilms/server/index.php?m=Home&c=index&a=getCompany&uid=13
INFO: [ app_init ] --START--
INFO: Run Behavior\BuildLiteBehavior [ RunTime:0.000036s ]
INFO: [ app_init ] --END-- [ RunTime:0.000945s ]
INFO: [ app_begin ] --START--
INFO: Run Behavior\ReadHtmlCacheBehavior [ RunTime:0.001180s ]
INFO: [ app_begin ] --END-- [ RunTime:0.001330s ]
SQL: SHOW COLUMNS FROM `west_company` [ RunTime:0.0106s ]
SQL: SELECT * FROM `west_company` WHERE `uid` = 13 LIMIT 1   [ RunTime:0.0011s ]

[ 2015-07-03T18:30:08+08:00 ] 127.0.0.1 /WesternFilms/server/index.php?m=Home&c=index&a=getCompany&uid=13
INFO: [ app_init ] --START--
INFO: Run Behavior\BuildLiteBehavior [ RunTime:0.000032s ]
INFO: [ app_init ] --END-- [ RunTime:0.000823s ]
INFO: [ app_begin ] --START--
INFO: Run Behavior\ReadHtmlCacheBehavior [ RunTime:0.001492s ]
INFO: [ app_begin ] --END-- [ RunTime:0.001662s ]
SQL: SHOW COLUMNS FROM `west_company` [ RunTime:0.0108s ]
SQL: SELECT * FROM `west_company` WHERE `uid` = 13 LIMIT 1   [ RunTime:0.0012s ]

[ 2015-07-03T18:30:08+08:00 ] 127.0.0.1 /WesternFilms/server/index.php?m=Home&c=views&a=getEpisodesList&uid=13
INFO: [ app_init ] --START--
INFO: Run Behavior\BuildLiteBehavior [ RunTime:0.000036s ]
INFO: [ app_init ] --END-- [ RunTime:0.000859s ]
INFO: [ app_begin ] --START--
INFO: Run Behavior\ReadHtmlCacheBehavior [ RunTime:0.001092s ]
INFO: [ app_begin ] --END-- [ RunTime:0.001234s ]
SQL: SHOW COLUMNS FROM `west_episodes` [ RunTime:0.0108s ]
SQL: SELECT * FROM `west_episodes` WHERE `status` = 1 AND `uid` = 13 ORDER BY id DESC LIMIT 0,10000   [ RunTime:0.0014s ]
SQL: SELECT COUNT(*) AS tp_count FROM `west_episodes` LIMIT 1   [ RunTime:0.0009s ]

[ 2015-07-03T18:30:08+08:00 ] 127.0.0.1 /WesternFilms/server/index.php?m=Home&c=views&a=getVideo&uid=13&p=1
INFO: [ app_init ] --START--
INFO: Run Behavior\BuildLiteBehavior [ RunTime:0.000034s ]
INFO: [ app_init ] --END-- [ RunTime:0.000993s ]
INFO: [ app_begin ] --START--
INFO: Run Behavior\ReadHtmlCacheBehavior [ RunTime:0.001286s ]
INFO: [ app_begin ] --END-- [ RunTime:0.001447s ]
SQL: SHOW COLUMNS FROM `west_videos` [ RunTime:0.0138s ]
SQL: SELECT * FROM `west_videos` WHERE ( status = 1 ) AND `uid` = 13 ORDER BY id DESC LIMIT 0,10000   [ RunTime:0.0011s ]
SQL: SELECT COUNT(*) AS tp_count FROM `west_videos` LIMIT 1   [ RunTime:0.0006s ]

