[ 2015-05-18T17:05:26+08:00 ] 127.0.0.1 /westernfilms/index.php/Home/index/getNewsList/uid/2
INFO: [ app_init ] --START--
INFO: Run Behavior\BuildLiteBehavior [ RunTime:0.000000s ]
INFO: [ app_init ] --END-- [ RunTime:0.006000s ]
INFO: [ app_begin ] --START--
INFO: Run Behavior\ReadHtmlCacheBehavior [ RunTime:0.016001s ]
INFO: [ app_begin ] --END-- [ RunTime:0.016001s ]
SQL: SHOW COLUMNS FROM `west_news` [ RunTime:0.0210s ]
SQL: SELECT * FROM `west_news` WHERE `uid` = 2 ORDER BY id DESC LIMIT 0,10   [ RunTime:0.0010s ]
SQL: SELECT COUNT(*) AS tp_count FROM `west_news` LIMIT 1   [ RunTime:0.0010s ]

[ 2015-05-18T17:07:45+08:00 ] 127.0.0.1 /westernfilms/index.php/Home/index/getNewsList/uid/2
INFO: [ app_init ] --START--
INFO: Run Behavior\BuildLiteBehavior [ RunTime:0.000000s ]
INFO: [ app_init ] --END-- [ RunTime:0.000000s ]
INFO: [ app_begin ] --START--
INFO: Run Behavior\ReadHtmlCacheBehavior [ RunTime:0.000000s ]
INFO: [ app_begin ] --END-- [ RunTime:0.000000s ]
SQL: SHOW COLUMNS FROM `west_news` [ RunTime:0.0060s ]
SQL: SELECT * FROM `west_news` WHERE `uid` = 2 ORDER BY id DESC LIMIT 0,10   [ RunTime:0.0000s ]
SQL: SELECT COUNT(*) AS tp_count FROM `west_news` LIMIT 1   [ RunTime:0.0010s ]

[ 2015-05-18T17:07:52+08:00 ] 127.0.0.1 /westernfilms/index.php/Home/index/getNewsList/uid/2
INFO: [ app_init ] --START--
INFO: Run Behavior\BuildLiteBehavior [ RunTime:0.000000s ]
INFO: [ app_init ] --END-- [ RunTime:0.000000s ]
INFO: [ app_begin ] --START--
INFO: Run Behavior\ReadHtmlCacheBehavior [ RunTime:0.000000s ]
INFO: [ app_begin ] --END-- [ RunTime:0.002000s ]
SQL: SHOW COLUMNS FROM `west_news` [ RunTime:0.0030s ]
SQL: SELECT * FROM `west_news` WHERE `uid` = 2 ORDER BY id DESC LIMIT 0,10   [ RunTime:0.0010s ]
SQL: SELECT COUNT(*) AS tp_count FROM `west_news` LIMIT 1   [ RunTime:0.0000s ]

[ 2015-05-18T17:08:20+08:00 ] 127.0.0.1 /westernfilms/index.php/Home/index/getNewsList/uid/2
INFO: [ app_init ] --START--
INFO: Run Behavior\BuildLiteBehavior [ RunTime:0.000000s ]
INFO: [ app_init ] --END-- [ RunTime:0.001000s ]
INFO: [ app_begin ] --START--
INFO: Run Behavior\ReadHtmlCacheBehavior [ RunTime:0.001000s ]
INFO: [ app_begin ] --END-- [ RunTime:0.001000s ]
SQL: SHOW COLUMNS FROM `west_news` [ RunTime:0.0030s ]
SQL: SELECT * FROM `west_news` WHERE `uid` = 2 ORDER BY id DESC LIMIT 0,10   [ RunTime:0.0010s ]
SQL: SELECT COUNT(*) AS tp_count FROM `west_news` LIMIT 1   [ RunTime:0.0000s ]

[ 2015-05-18T17:08:24+08:00 ] 127.0.0.1 /westernfilms/index.php/Home/index/getNewsList/uid/2
INFO: [ app_init ] --START--
INFO: Run Behavior\BuildLiteBehavior [ RunTime:0.000000s ]
INFO: [ app_init ] --END-- [ RunTime:0.001000s ]
INFO: [ app_begin ] --START--
INFO: Run Behavior\ReadHtmlCacheBehavior [ RunTime:0.001001s ]
INFO: [ app_begin ] --END-- [ RunTime:0.001001s ]
SQL: SHOW COLUMNS FROM `west_news` [ RunTime:0.0050s ]
SQL: SELECT * FROM `west_news` WHERE `uid` = 2 ORDER BY id DESC LIMIT 0,10   [ RunTime:0.0000s ]
SQL: SELECT COUNT(*) AS tp_count FROM `west_news` LIMIT 1   [ RunTime:0.0010s ]

[ 2015-05-18T17:09:50+08:00 ] 127.0.0.1 /westernfilms/index.php/Home/index/getNewsList/uid/2/p/2
INFO: [ app_init ] --START--
INFO: Run Behavior\BuildLiteBehavior [ RunTime:0.000000s ]
INFO: [ app_init ] --END-- [ RunTime:0.001001s ]
INFO: [ app_begin ] --START--
INFO: Run Behavior\ReadHtmlCacheBehavior [ RunTime:0.002000s ]
INFO: [ app_begin ] --END-- [ RunTime:0.002000s ]
SQL: SHOW COLUMNS FROM `west_news` [ RunTime:0.0040s ]
SQL: SELECT * FROM `west_news` WHERE `uid` = 2 ORDER BY id DESC LIMIT 10,10   [ RunTime:0.0010s ]
SQL: SELECT COUNT(*) AS tp_count FROM `west_news` LIMIT 1   [ RunTime:0.0010s ]

[ 2015-05-18T17:12:16+08:00 ] 127.0.0.1 /westernfilms/index.php/Home/index/getNewsList/uid/2/p/2
INFO: [ app_init ] --START--
INFO: Run Behavior\BuildLiteBehavior [ RunTime:0.000000s ]
INFO: [ app_init ] --END-- [ RunTime:0.001000s ]
INFO: [ app_begin ] --START--
INFO: Run Behavior\ReadHtmlCacheBehavior [ RunTime:0.001001s ]
INFO: [ app_begin ] --END-- [ RunTime:0.001001s ]
SQL: SHOW COLUMNS FROM `west_news` [ RunTime:0.0030s ]
SQL: SELECT * FROM `west_news` WHERE `uid` = 2 ORDER BY id DESC LIMIT 10,10   [ RunTime:0.0010s ]
SQL: SELECT COUNT(*) AS tp_count FROM `west_news` LIMIT 1   [ RunTime:0.0010s ]

[ 2015-05-18T17:19:02+08:00 ] 127.0.0.1 /westernfilms/index.php/Home/index/getNewsList/uid/2/p/1
INFO: [ app_init ] --START--
INFO: Run Behavior\BuildLiteBehavior [ RunTime:0.000000s ]
INFO: [ app_init ] --END-- [ RunTime:0.001000s ]
INFO: [ app_begin ] --START--
INFO: Run Behavior\ReadHtmlCacheBehavior [ RunTime:0.001000s ]
INFO: [ app_begin ] --END-- [ RunTime:0.001000s ]
SQL: SHOW COLUMNS FROM `west_news` [ RunTime:0.0050s ]
SQL: SELECT * FROM `west_news` WHERE `uid` = 2 ORDER BY id DESC LIMIT 0,10   [ RunTime:0.0000s ]
SQL: SELECT COUNT(*) AS tp_count FROM `west_news` LIMIT 1   [ RunTime:0.0010s ]

[ 2015-05-18T17:25:11+08:00 ] 127.0.0.1 /westernfilms/index.php/Home/index/getMedia/uid/2
INFO: [ app_init ] --START--
INFO: Run Behavior\BuildLiteBehavior [ RunTime:0.000000s ]
INFO: [ app_init ] --END-- [ RunTime:0.001000s ]
INFO: [ app_begin ] --START--
INFO: Run Behavior\ReadHtmlCacheBehavior [ RunTime:0.001000s ]
INFO: [ app_begin ] --END-- [ RunTime:0.002000s ]
SQL: SHOW COLUMNS FROM `west_news` [ RunTime:0.0040s ]
SQL: SELECT * FROM `west_news` WHERE `uid` = 2 ORDER BY id DESC LIMIT 3   [ RunTime:0.0020s ]

[ 2015-05-18T17:33:48+08:00 ] 127.0.0.1 /westernfilms/index.php/Home/index/getCompany
INFO: [ app_init ] --START--
INFO: Run Behavior\BuildLiteBehavior [ RunTime:0.000000s ]
INFO: [ app_init ] --END-- [ RunTime:0.001000s ]
INFO: [ app_begin ] --START--
INFO: Run Behavior\ReadHtmlCacheBehavior [ RunTime:0.001000s ]
INFO: [ app_begin ] --END-- [ RunTime:0.001000s ]
SQL: SHOW COLUMNS FROM `west_company` [ RunTime:0.0600s ]
SQL: SELECT * FROM `west_company` WHERE `uid` = 0 LIMIT 1   [ RunTime:0.0010s ]

[ 2015-05-18T17:33:54+08:00 ] 127.0.0.1 /westernfilms/index.php/Home/index/getCompany/uid/2
INFO: [ app_init ] --START--
INFO: Run Behavior\BuildLiteBehavior [ RunTime:0.000000s ]
INFO: [ app_init ] --END-- [ RunTime:0.001000s ]
INFO: [ app_begin ] --START--
INFO: Run Behavior\ReadHtmlCacheBehavior [ RunTime:0.001000s ]
INFO: [ app_begin ] --END-- [ RunTime:0.002000s ]
SQL: SHOW COLUMNS FROM `west_company` [ RunTime:0.0040s ]
SQL: SELECT * FROM `west_company` WHERE `uid` = 2 LIMIT 1   [ RunTime:0.0000s ]

[ 2015-05-18T17:42:38+08:00 ] 127.0.0.1 /westernfilms/index.php/Home/index/getVedio/uid/2
INFO: [ app_init ] --START--
INFO: Run Behavior\BuildLiteBehavior [ RunTime:0.000000s ]
INFO: [ app_init ] --END-- [ RunTime:0.001000s ]
INFO: [ app_begin ] --START--
INFO: Run Behavior\ReadHtmlCacheBehavior [ RunTime:0.001000s ]
INFO: [ app_begin ] --END-- [ RunTime:0.001000s ]
ERR: SQLSTATE[42S02]: Base table or view not found: 1146 Table 'westfilms.west_vedio' doesn't exist

[ 2015-05-18T17:43:20+08:00 ] 127.0.0.1 /westernfilms/index.php/Home/index/getVedio/uid/2
INFO: [ app_init ] --START--
INFO: Run Behavior\BuildLiteBehavior [ RunTime:0.000000s ]
INFO: [ app_init ] --END-- [ RunTime:0.001000s ]
INFO: [ app_begin ] --START--
INFO: Run Behavior\ReadHtmlCacheBehavior [ RunTime:0.001000s ]
INFO: [ app_begin ] --END-- [ RunTime:0.001000s ]
SQL: SHOW COLUMNS FROM `west_videos` [ RunTime:0.0060s ]
SQL: SELECT * FROM `west_videos` WHERE `uid` = 2 ORDER BY id DESC LIMIT 6   [ RunTime:0.0000s ]

[ 2015-05-18T17:44:43+08:00 ] 127.0.0.1 /westernfilms/index.php/Home/index/getVedio/uid/2
INFO: [ app_init ] --START--
INFO: Run Behavior\BuildLiteBehavior [ RunTime:0.000000s ]
INFO: [ app_init ] --END-- [ RunTime:0.001000s ]
INFO: [ app_begin ] --START--
INFO: Run Behavior\ReadHtmlCacheBehavior [ RunTime:0.002000s ]
INFO: [ app_begin ] --END-- [ RunTime:0.002000s ]
SQL: SHOW COLUMNS FROM `west_videos` [ RunTime:0.0050s ]
SQL: SELECT * FROM `west_videos` WHERE `uid` = 2 ORDER BY id DESC LIMIT 6   [ RunTime:0.0000s ]

[ 2015-05-18T17:45:34+08:00 ] 127.0.0.1 /westernfilms/index.php/Home/index/getVideo/uid/2
INFO: [ app_init ] --START--
INFO: Run Behavior\BuildLiteBehavior [ RunTime:0.000000s ]
INFO: [ app_init ] --END-- [ RunTime:0.001000s ]
INFO: [ app_begin ] --START--
INFO: Run Behavior\ReadHtmlCacheBehavior [ RunTime:0.001000s ]
INFO: [ app_begin ] --END-- [ RunTime:0.002000s ]
SQL: SHOW COLUMNS FROM `west_videos` [ RunTime:0.0050s ]
SQL: SELECT * FROM `west_videos` WHERE `uid` = 2 ORDER BY id DESC LIMIT 6   [ RunTime:0.0000s ]

[ 2015-05-18T17:55:51+08:00 ] 127.0.0.1 /westernfilms/index.php/Home/index/getNewsContent/uid/2/id/3
INFO: [ app_init ] --START--
INFO: Run Behavior\BuildLiteBehavior [ RunTime:0.000000s ]
INFO: [ app_init ] --END-- [ RunTime:0.001000s ]
INFO: [ app_begin ] --START--
INFO: Run Behavior\ReadHtmlCacheBehavior [ RunTime:0.001000s ]
INFO: [ app_begin ] --END-- [ RunTime:0.001000s ]
ERR: 非法操作:getNewsContent

[ 2015-05-18T17:56:20+08:00 ] 127.0.0.1 /westernfilms/index.php/Home/index/getNewsContent/uid/2/id/3
INFO: [ app_init ] --START--
INFO: Run Behavior\BuildLiteBehavior [ RunTime:0.000000s ]
INFO: [ app_init ] --END-- [ RunTime:0.001000s ]
INFO: [ app_begin ] --START--
INFO: Run Behavior\ReadHtmlCacheBehavior [ RunTime:0.001000s ]
INFO: [ app_begin ] --END-- [ RunTime:0.001000s ]
ERR: 非法操作:getNewsContent

[ 2015-05-18T17:56:29+08:00 ] 127.0.0.1 /westernfilms/index.php/Home/Views/getNewsContent/uid/2/id/3
INFO: [ app_init ] --START--
INFO: Run Behavior\BuildLiteBehavior [ RunTime:0.000000s ]
INFO: [ app_init ] --END-- [ RunTime:0.001000s ]
INFO: [ app_begin ] --START--
INFO: Run Behavior\ReadHtmlCacheBehavior [ RunTime:0.001000s ]
INFO: [ app_begin ] --END-- [ RunTime:0.002000s ]
SQL: SHOW COLUMNS FROM `west_news` [ RunTime:0.0040s ]
SQL: SELECT * FROM `west_news` WHERE `uid` = 2 AND `id` = 3 LIMIT 1   [ RunTime:0.0010s ]

[ 2015-05-18T17:56:42+08:00 ] 127.0.0.1 /westernfilms/index.php/Home/Views/getNewsContent/uid/2/id/3
INFO: [ app_init ] --START--
INFO: Run Behavior\BuildLiteBehavior [ RunTime:0.000000s ]
INFO: [ app_init ] --END-- [ RunTime:0.001000s ]
INFO: [ app_begin ] --START--
INFO: Run Behavior\ReadHtmlCacheBehavior [ RunTime:0.001000s ]
INFO: [ app_begin ] --END-- [ RunTime:0.002000s ]
SQL: SHOW COLUMNS FROM `west_news` [ RunTime:0.0040s ]
SQL: SELECT * FROM `west_news` WHERE `uid` = 2 AND `id` = 3 LIMIT 1   [ RunTime:0.0000s ]
SQL: UPDATE `west_news` SET `views`='24' WHERE `uid` = 2 AND `id` = 3 [ RunTime:0.0410s ]

[ 2015-05-18T17:56:43+08:00 ] 127.0.0.1 /westernfilms/index.php/Home/Views/getNewsContent/uid/2/id/3
INFO: [ app_init ] --START--
INFO: Run Behavior\BuildLiteBehavior [ RunTime:0.000000s ]
INFO: [ app_init ] --END-- [ RunTime:0.001000s ]
INFO: [ app_begin ] --START--
INFO: Run Behavior\ReadHtmlCacheBehavior [ RunTime:0.001001s ]
INFO: [ app_begin ] --END-- [ RunTime:0.001001s ]
SQL: SHOW COLUMNS FROM `west_news` [ RunTime:0.0040s ]
SQL: SELECT * FROM `west_news` WHERE `uid` = 2 AND `id` = 3 LIMIT 1   [ RunTime:0.0010s ]
SQL: UPDATE `west_news` SET `views`='25' WHERE `uid` = 2 AND `id` = 3 [ RunTime:0.0390s ]

[ 2015-05-18T17:56:44+08:00 ] 127.0.0.1 /westernfilms/index.php/Home/Views/getNewsContent/uid/2/id/3
INFO: [ app_init ] --START--
INFO: Run Behavior\BuildLiteBehavior [ RunTime:0.000000s ]
INFO: [ app_init ] --END-- [ RunTime:0.001000s ]
INFO: [ app_begin ] --START--
INFO: Run Behavior\ReadHtmlCacheBehavior [ RunTime:0.002000s ]
INFO: [ app_begin ] --END-- [ RunTime:0.002000s ]
SQL: SHOW COLUMNS FROM `west_news` [ RunTime:0.0040s ]
SQL: SELECT * FROM `west_news` WHERE `uid` = 2 AND `id` = 3 LIMIT 1   [ RunTime:0.0010s ]
SQL: UPDATE `west_news` SET `views`='26' WHERE `uid` = 2 AND `id` = 3 [ RunTime:0.0430s ]

[ 2015-05-18T18:00:15+08:00 ] 127.0.0.1 /westernfilms/index.php/Home/Views/getVideo/uid/2/p/1
INFO: [ app_init ] --START--
INFO: Run Behavior\BuildLiteBehavior [ RunTime:0.000000s ]
INFO: [ app_init ] --END-- [ RunTime:0.001000s ]
INFO: [ app_begin ] --START--
INFO: Run Behavior\ReadHtmlCacheBehavior [ RunTime:0.001000s ]
INFO: [ app_begin ] --END-- [ RunTime:0.001000s ]
SQL: SHOW COLUMNS FROM `west_videos` [ RunTime:0.0040s ]
SQL: SELECT * FROM `west_videos` WHERE `uid` = 2 ORDER BY id DESC LIMIT 0,10   [ RunTime:0.0000s ]

[ 2015-05-18T18:07:37+08:00 ] 127.0.0.1 /westernfilms/index.php/Home/Views/getNewsContent/uid/2/id/4
INFO: [ app_init ] --START--
INFO: Run Behavior\BuildLiteBehavior [ RunTime:0.001000s ]
INFO: [ app_init ] --END-- [ RunTime:0.001000s ]
INFO: [ app_begin ] --START--
INFO: Run Behavior\ReadHtmlCacheBehavior [ RunTime:0.001000s ]
INFO: [ app_begin ] --END-- [ RunTime:0.001000s ]
SQL: SHOW COLUMNS FROM `west_news` [ RunTime:0.0030s ]
SQL: SELECT * FROM `west_news` WHERE `uid` = 2 AND `id` = 4 LIMIT 1   [ RunTime:0.0010s ]
SQL: UPDATE `west_news` SET `views`='24' WHERE `uid` = 2 AND `id` = 4 [ RunTime:0.0690s ]

[ 2015-05-18T18:11:42+08:00 ] 127.0.0.1 /westernfilms/index.php/Home/Views/getLinks/uid/2
INFO: [ app_init ] --START--
INFO: Run Behavior\BuildLiteBehavior [ RunTime:0.000000s ]
INFO: [ app_init ] --END-- [ RunTime:0.001000s ]
INFO: [ app_begin ] --START--
INFO: Run Behavior\ReadHtmlCacheBehavior [ RunTime:0.001001s ]
INFO: [ app_begin ] --END-- [ RunTime:0.001001s ]
SQL: SHOW COLUMNS FROM `west_links` [ RunTime:0.0080s ]
SQL: SELECT * FROM `west_links` WHERE `uid` = 2 ORDER BY id DESC LIMIT 0,10   [ RunTime:0.0010s ]

[ 2015-05-18T18:13:36+08:00 ] 127.0.0.1 /westernfilms/index.php/Home/Views/getLinks/uid/2
INFO: [ app_init ] --START--
INFO: Run Behavior\BuildLiteBehavior [ RunTime:0.000000s ]
INFO: [ app_init ] --END-- [ RunTime:0.001000s ]
INFO: [ app_begin ] --START--
INFO: Run Behavior\ReadHtmlCacheBehavior [ RunTime:0.001001s ]
INFO: [ app_begin ] --END-- [ RunTime:0.001001s ]
SQL: SHOW COLUMNS FROM `west_links` [ RunTime:0.0050s ]
SQL: SELECT * FROM `west_links` WHERE `uid` = 2 ORDER BY id DESC LIMIT 0,10   [ RunTime:0.0000s ]
SQL: SELECT COUNT(*) AS tp_count FROM `west_links` LIMIT 1   [ RunTime:0.0010s ]

