[ 2015-06-11T01:51:23+08:00 ] 127.0.0.1 /westfilms/server/index.php?m=Home&c=index&a=getCompany&uid=13
INFO: [ app_init ] --START--
INFO: Run Behavior\BuildLiteBehavior [ RunTime:0.000017s ]
INFO: [ app_init ] --END-- [ RunTime:0.000120s ]
INFO: [ app_begin ] --START--
INFO: Run Behavior\ReadHtmlCacheBehavior [ RunTime:0.000064s ]
INFO: [ app_begin ] --END-- [ RunTime:0.000137s ]
SQL: SHOW COLUMNS FROM `west_company` [ RunTime:0.0007s ]
SQL: SELECT * FROM `west_company` WHERE `uid` = 13 LIMIT 1   [ RunTime:0.0003s ]

[ 2015-06-11T01:51:23+08:00 ] 127.0.0.1 /westfilms/server/index.php?m=Home&c=index&a=getNewsList&uid=13&p=1
INFO: [ app_init ] --START--
INFO: Run Behavior\BuildLiteBehavior [ RunTime:0.000023s ]
INFO: [ app_init ] --END-- [ RunTime:0.000147s ]
INFO: [ app_begin ] --START--
INFO: Run Behavior\ReadHtmlCacheBehavior [ RunTime:0.000056s ]
INFO: [ app_begin ] --END-- [ RunTime:0.000131s ]
SQL: SHOW COLUMNS FROM `west_news` [ RunTime:0.0007s ]
SQL: SELECT * FROM `west_news` WHERE `uid` = 13 AND `status` = 1 AND `hot` = 0 ORDER BY id DESC LIMIT 0,10   [ RunTime:0.0004s ]
SQL: SELECT COUNT(*) AS tp_count FROM `west_news` LIMIT 1   [ RunTime:0.0002s ]

[ 2015-06-11T01:51:23+08:00 ] 127.0.0.1 /westfilms/server/index.php?m=Home&c=index&a=getCompany&uid=13
INFO: [ app_init ] --START--
INFO: Run Behavior\BuildLiteBehavior [ RunTime:0.000024s ]
INFO: [ app_init ] --END-- [ RunTime:0.000167s ]
INFO: [ app_begin ] --START--
INFO: Run Behavior\ReadHtmlCacheBehavior [ RunTime:0.000063s ]
INFO: [ app_begin ] --END-- [ RunTime:0.000143s ]
SQL: SHOW COLUMNS FROM `west_company` [ RunTime:0.0006s ]
SQL: SELECT * FROM `west_company` WHERE `uid` = 13 LIMIT 1   [ RunTime:0.0001s ]

[ 2015-06-11T01:51:23+08:00 ] 127.0.0.1 /westfilms/server/index.php?m=Home&c=index&a=getVideo&uid=13
INFO: [ app_init ] --START--
INFO: Run Behavior\BuildLiteBehavior [ RunTime:0.000026s ]
INFO: [ app_init ] --END-- [ RunTime:0.000169s ]
INFO: [ app_begin ] --START--
INFO: Run Behavior\ReadHtmlCacheBehavior [ RunTime:0.000070s ]
INFO: [ app_begin ] --END-- [ RunTime:0.000155s ]
SQL: SHOW COLUMNS FROM `west_videos` [ RunTime:0.0006s ]
SQL: SELECT * FROM `west_videos` WHERE `uid` = 13 AND `status` = 1 ORDER BY id DESC LIMIT 6   [ RunTime:0.0003s ]

[ 2015-06-11T01:51:23+08:00 ] 127.0.0.1 /westfilms/server/index.php?m=Home&c=index&a=getMedia&uid=13
INFO: [ app_init ] --START--
INFO: Run Behavior\BuildLiteBehavior [ RunTime:0.000017s ]
INFO: [ app_init ] --END-- [ RunTime:0.000112s ]
INFO: [ app_begin ] --START--
INFO: Run Behavior\ReadHtmlCacheBehavior [ RunTime:0.000045s ]
INFO: [ app_begin ] --END-- [ RunTime:0.000102s ]
SQL: SHOW COLUMNS FROM `west_news` [ RunTime:0.0007s ]
SQL: SELECT * FROM `west_news` WHERE `status` = 1 AND `hot` = 1 AND `uid` = 13 ORDER BY id DESC LIMIT 4   [ RunTime:0.0003s ]

[ 2015-06-11T01:51:24+08:00 ] 127.0.0.1 /westfilms/server/index.php?m=Home&c=index&a=getCompany&uid=13
INFO: [ app_init ] --START--
INFO: Run Behavior\BuildLiteBehavior [ RunTime:0.000022s ]
INFO: [ app_init ] --END-- [ RunTime:0.000172s ]
INFO: [ app_begin ] --START--
INFO: Run Behavior\ReadHtmlCacheBehavior [ RunTime:0.000057s ]
INFO: [ app_begin ] --END-- [ RunTime:0.000131s ]
SQL: SHOW COLUMNS FROM `west_company` [ RunTime:0.0006s ]
SQL: SELECT * FROM `west_company` WHERE `uid` = 13 LIMIT 1   [ RunTime:0.0001s ]

[ 2015-06-11T01:51:25+08:00 ] 127.0.0.1 /westfilms/server/index.php?m=Home&c=index&a=getNewsList&uid=13&p=1
INFO: [ app_init ] --START--
INFO: Run Behavior\BuildLiteBehavior [ RunTime:0.000023s ]
INFO: [ app_init ] --END-- [ RunTime:0.000153s ]
INFO: [ app_begin ] --START--
INFO: Run Behavior\ReadHtmlCacheBehavior [ RunTime:0.000059s ]
INFO: [ app_begin ] --END-- [ RunTime:0.000147s ]
SQL: SHOW COLUMNS FROM `west_news` [ RunTime:0.0008s ]
SQL: SELECT * FROM `west_news` WHERE `uid` = 13 AND `status` = 1 AND `hot` = 0 ORDER BY id DESC LIMIT 0,10   [ RunTime:0.0001s ]
SQL: SELECT COUNT(*) AS tp_count FROM `west_news` LIMIT 1   [ RunTime:0.0001s ]

[ 2015-06-11T01:51:25+08:00 ] 127.0.0.1 /westfilms/server/index.php?m=Home&c=index&a=getCompany&uid=13
INFO: [ app_init ] --START--
INFO: Run Behavior\BuildLiteBehavior [ RunTime:0.000023s ]
INFO: [ app_init ] --END-- [ RunTime:0.000155s ]
INFO: [ app_begin ] --START--
INFO: Run Behavior\ReadHtmlCacheBehavior [ RunTime:0.000066s ]
INFO: [ app_begin ] --END-- [ RunTime:0.000150s ]
SQL: SHOW COLUMNS FROM `west_company` [ RunTime:0.0006s ]
SQL: SELECT * FROM `west_company` WHERE `uid` = 13 LIMIT 1   [ RunTime:0.0001s ]

[ 2015-06-11T01:51:25+08:00 ] 127.0.0.1 /westfilms/server/index.php?m=Home&c=index&a=getVideo&uid=13
INFO: [ app_init ] --START--
INFO: Run Behavior\BuildLiteBehavior [ RunTime:0.000024s ]
INFO: [ app_init ] --END-- [ RunTime:0.000155s ]
INFO: [ app_begin ] --START--
INFO: Run Behavior\ReadHtmlCacheBehavior [ RunTime:0.000062s ]
INFO: [ app_begin ] --END-- [ RunTime:0.000139s ]
SQL: SHOW COLUMNS FROM `west_videos` [ RunTime:0.0006s ]
SQL: SELECT * FROM `west_videos` WHERE `uid` = 13 AND `status` = 1 ORDER BY id DESC LIMIT 6   [ RunTime:0.0001s ]

[ 2015-06-11T01:51:27+08:00 ] 127.0.0.1 /westfilms/server/index.php?m=Home&c=index&a=getCompany&uid=32
INFO: [ app_init ] --START--
INFO: Run Behavior\BuildLiteBehavior [ RunTime:0.000018s ]
INFO: [ app_init ] --END-- [ RunTime:0.000123s ]
INFO: [ app_begin ] --START--
INFO: Run Behavior\ReadHtmlCacheBehavior [ RunTime:0.000049s ]
INFO: [ app_begin ] --END-- [ RunTime:0.000105s ]
SQL: SHOW COLUMNS FROM `west_company` [ RunTime:0.0005s ]
SQL: SELECT * FROM `west_company` WHERE `uid` = 32 LIMIT 1   [ RunTime:0.0002s ]

[ 2015-06-11T01:51:27+08:00 ] 127.0.0.1 /westfilms/server/index.php?m=Home&c=index&a=getNewsList&uid=32&p=1
INFO: [ app_init ] --START--
INFO: Run Behavior\BuildLiteBehavior [ RunTime:0.000025s ]
INFO: [ app_init ] --END-- [ RunTime:0.000178s ]
INFO: [ app_begin ] --START--
INFO: Run Behavior\ReadHtmlCacheBehavior [ RunTime:0.000048s ]
INFO: [ app_begin ] --END-- [ RunTime:0.000110s ]
SQL: SHOW COLUMNS FROM `west_news` [ RunTime:0.0008s ]
SQL: SELECT * FROM `west_news` WHERE `uid` = 32 AND `status` = 1 AND `hot` = 0 ORDER BY id DESC LIMIT 0,10   [ RunTime:0.0003s ]
SQL: SELECT COUNT(*) AS tp_count FROM `west_news` LIMIT 1   [ RunTime:0.0001s ]

[ 2015-06-11T01:51:27+08:00 ] 127.0.0.1 /westfilms/server/index.php?m=Home&c=index&a=getCompany&uid=32
INFO: [ app_init ] --START--
INFO: Run Behavior\BuildLiteBehavior [ RunTime:0.000027s ]
INFO: [ app_init ] --END-- [ RunTime:0.000181s ]
INFO: [ app_begin ] --START--
INFO: Run Behavior\ReadHtmlCacheBehavior [ RunTime:0.000077s ]
INFO: [ app_begin ] --END-- [ RunTime:0.000155s ]
SQL: SHOW COLUMNS FROM `west_company` [ RunTime:0.0006s ]
SQL: SELECT * FROM `west_company` WHERE `uid` = 32 LIMIT 1   [ RunTime:0.0001s ]

[ 2015-06-11T01:51:27+08:00 ] 127.0.0.1 /westfilms/server/index.php?m=Home&c=index&a=getVideo&uid=32
INFO: [ app_init ] --START--
INFO: Run Behavior\BuildLiteBehavior [ RunTime:0.000029s ]
INFO: [ app_init ] --END-- [ RunTime:0.000193s ]
INFO: [ app_begin ] --START--
INFO: Run Behavior\ReadHtmlCacheBehavior [ RunTime:0.000081s ]
INFO: [ app_begin ] --END-- [ RunTime:0.000181s ]
SQL: SHOW COLUMNS FROM `west_videos` [ RunTime:0.0007s ]
SQL: SELECT * FROM `west_videos` WHERE `uid` = 32 AND `status` = 1 ORDER BY id DESC LIMIT 6   [ RunTime:0.0004s ]

[ 2015-06-11T01:51:29+08:00 ] 127.0.0.1 /westfilms/server/index.php?m=Home&c=index&a=getCompany&uid=32%26id%3D32
INFO: [ app_init ] --START--
INFO: Run Behavior\BuildLiteBehavior [ RunTime:0.000016s ]
INFO: [ app_init ] --END-- [ RunTime:0.000111s ]
INFO: [ app_begin ] --START--
INFO: Run Behavior\ReadHtmlCacheBehavior [ RunTime:0.000041s ]
INFO: [ app_begin ] --END-- [ RunTime:0.000095s ]
SQL: SHOW COLUMNS FROM `west_company` [ RunTime:0.0005s ]
SQL: SELECT * FROM `west_company` WHERE `uid` = 32 LIMIT 1   [ RunTime:0.0001s ]

[ 2015-06-11T01:51:29+08:00 ] 127.0.0.1 /westfilms/server/index.php?m=Home&c=index&a=getNewsList&uid=32%26id%3D32&p=1
INFO: [ app_init ] --START--
INFO: Run Behavior\BuildLiteBehavior [ RunTime:0.000017s ]
INFO: [ app_init ] --END-- [ RunTime:0.000110s ]
INFO: [ app_begin ] --START--
INFO: Run Behavior\ReadHtmlCacheBehavior [ RunTime:0.000041s ]
INFO: [ app_begin ] --END-- [ RunTime:0.000093s ]
SQL: SHOW COLUMNS FROM `west_news` [ RunTime:0.0006s ]
SQL: SELECT * FROM `west_news` WHERE `uid` = 32 AND `status` = 1 AND `hot` = 0 ORDER BY id DESC LIMIT 0,10   [ RunTime:0.0001s ]
SQL: SELECT COUNT(*) AS tp_count FROM `west_news` LIMIT 1   [ RunTime:0.0001s ]

[ 2015-06-11T01:51:29+08:00 ] 127.0.0.1 /westfilms/server/index.php?m=Home&c=index&a=getCompany&uid=32%26id%3D32
INFO: [ app_init ] --START--
INFO: Run Behavior\BuildLiteBehavior [ RunTime:0.000016s ]
INFO: [ app_init ] --END-- [ RunTime:0.000111s ]
INFO: [ app_begin ] --START--
INFO: Run Behavior\ReadHtmlCacheBehavior [ RunTime:0.000042s ]
INFO: [ app_begin ] --END-- [ RunTime:0.000095s ]
SQL: SHOW COLUMNS FROM `west_company` [ RunTime:0.0005s ]
SQL: SELECT * FROM `west_company` WHERE `uid` = 32 LIMIT 1   [ RunTime:0.0001s ]

[ 2015-06-11T01:51:29+08:00 ] 127.0.0.1 /westfilms/server/index.php?m=Home&c=views&a=getNewsContent&uid=32%26id%3D32&id=32
INFO: [ app_init ] --START--
INFO: Run Behavior\BuildLiteBehavior [ RunTime:0.000028s ]
INFO: [ app_init ] --END-- [ RunTime:0.000187s ]
INFO: [ app_begin ] --START--
INFO: Run Behavior\ReadHtmlCacheBehavior [ RunTime:0.000049s ]
INFO: [ app_begin ] --END-- [ RunTime:0.000108s ]
SQL: SHOW COLUMNS FROM `west_news` [ RunTime:0.0009s ]
SQL: SELECT * FROM `west_news` WHERE `uid` = 32 AND `id` = 32 LIMIT 1   [ RunTime:0.0003s ]
SQL: UPDATE `west_news` SET `views`='1' WHERE `uid` = 32 AND `id` = 32 [ RunTime:0.0007s ]

