[ 2015-05-30T22:31:48+08:00 ] 127.0.0.1 /WesternFilms/server/index.php/Home/index/getCompany?uid=13
INFO: [ app_init ] --START--
INFO: Run Behavior\BuildLiteBehavior [ RunTime:0.000020s ]
INFO: [ app_init ] --END-- [ RunTime:0.000541s ]
INFO: [ app_begin ] --START--
INFO: Run Behavior\ReadHtmlCacheBehavior [ RunTime:0.001264s ]
INFO: [ app_begin ] --END-- [ RunTime:0.001387s ]
SQL: SHOW COLUMNS FROM `west_company` [ RunTime:0.0115s ]
SQL: SELECT * FROM `west_company` WHERE `uid` = 13 LIMIT 1   [ RunTime:0.0010s ]

[ 2015-05-30T22:31:48+08:00 ] 127.0.0.1 /WesternFilms/server/index.php/Home/views/getVideo?uid=13&p=1
INFO: [ app_init ] --START--
INFO: Run Behavior\BuildLiteBehavior [ RunTime:0.000053s ]
INFO: [ app_init ] --END-- [ RunTime:0.000801s ]
INFO: [ app_begin ] --START--
INFO: Run Behavior\ReadHtmlCacheBehavior [ RunTime:0.001048s ]
INFO: [ app_begin ] --END-- [ RunTime:0.001196s ]
SQL: SHOW COLUMNS FROM `west_videos` [ RunTime:0.0088s ]
SQL: SELECT * FROM `west_videos` WHERE ( status = 1 ) AND `uid` = 13 ORDER BY id DESC LIMIT 0,10000   [ RunTime:0.0007s ]
SQL: SELECT COUNT(*) AS tp_count FROM `west_videos` LIMIT 1   [ RunTime:0.0004s ]

[ 2015-05-30T22:31:48+08:00 ] 127.0.0.1 /WesternFilms/server/index.php/Home/views/getLinks?uid=13&p=1
INFO: [ app_init ] --START--
INFO: Run Behavior\BuildLiteBehavior [ RunTime:0.000049s ]
INFO: [ app_init ] --END-- [ RunTime:0.001090s ]
INFO: [ app_begin ] --START--
INFO: Run Behavior\ReadHtmlCacheBehavior [ RunTime:0.001155s ]
INFO: [ app_begin ] --END-- [ RunTime:0.001267s ]
SQL: SHOW COLUMNS FROM `west_links` [ RunTime:0.0068s ]
SQL: SELECT * FROM `west_links` WHERE ( status = 1 ) AND `uid` = 13 ORDER BY id DESC LIMIT 0,10000   [ RunTime:0.0006s ]
SQL: SELECT COUNT(*) AS tp_count FROM `west_links` LIMIT 1   [ RunTime:0.0004s ]

[ 2015-05-30T22:31:48+08:00 ] 127.0.0.1 /WesternFilms/server/index.php/Home/views/getNewsList?uid=13&p=1
INFO: [ app_init ] --START--
INFO: Run Behavior\BuildLiteBehavior [ RunTime:0.000033s ]
INFO: [ app_init ] --END-- [ RunTime:0.000710s ]
INFO: [ app_begin ] --START--
INFO: Run Behavior\ReadHtmlCacheBehavior [ RunTime:0.003230s ]
INFO: [ app_begin ] --END-- [ RunTime:0.003345s ]
SQL: SHOW COLUMNS FROM `west_news` [ RunTime:0.0059s ]
SQL: SELECT * FROM `west_news` WHERE `status` = 1 AND `uid` = 13 ORDER BY id DESC LIMIT 0,10   [ RunTime:0.0006s ]
SQL: SELECT COUNT(*) AS tp_count FROM `west_news` LIMIT 1   [ RunTime:0.0002s ]

[ 2015-05-30T22:38:53+08:00 ] 127.0.0.1 /WesternFilms/server/index.php/Home/views/getVideo?uid=13&p=1
INFO: [ app_init ] --START--
INFO: Run Behavior\BuildLiteBehavior [ RunTime:0.000015s ]
INFO: [ app_init ] --END-- [ RunTime:0.000433s ]
INFO: [ app_begin ] --START--
INFO: Run Behavior\ReadHtmlCacheBehavior [ RunTime:0.000628s ]
INFO: [ app_begin ] --END-- [ RunTime:0.000689s ]
SQL: SHOW COLUMNS FROM `west_videos` [ RunTime:0.0167s ]
SQL: SELECT * FROM `west_videos` WHERE ( status = 1 ) AND `uid` = 13 ORDER BY id DESC LIMIT 0,10000   [ RunTime:0.0041s ]
SQL: SELECT COUNT(*) AS tp_count FROM `west_videos` LIMIT 1   [ RunTime:0.0011s ]

[ 2015-05-30T22:38:53+08:00 ] 127.0.0.1 /WesternFilms/server/index.php/Home/index/getCompany?uid=13
INFO: [ app_init ] --START--
INFO: Run Behavior\BuildLiteBehavior [ RunTime:0.000024s ]
INFO: [ app_init ] --END-- [ RunTime:0.000640s ]
INFO: [ app_begin ] --START--
INFO: Run Behavior\ReadHtmlCacheBehavior [ RunTime:0.001008s ]
INFO: [ app_begin ] --END-- [ RunTime:0.001102s ]
SQL: SHOW COLUMNS FROM `west_company` [ RunTime:0.0087s ]
SQL: SELECT * FROM `west_company` WHERE `uid` = 13 LIMIT 1   [ RunTime:0.0011s ]

[ 2015-05-30T22:38:53+08:00 ] 127.0.0.1 /WesternFilms/server/index.php/Home/views/getLinks?uid=13&p=1
INFO: [ app_init ] --START--
INFO: Run Behavior\BuildLiteBehavior [ RunTime:0.000030s ]
INFO: [ app_init ] --END-- [ RunTime:0.000702s ]
INFO: [ app_begin ] --START--
INFO: Run Behavior\ReadHtmlCacheBehavior [ RunTime:0.001277s ]
INFO: [ app_begin ] --END-- [ RunTime:0.001418s ]
SQL: SHOW COLUMNS FROM `west_links` [ RunTime:0.0145s ]
SQL: SELECT * FROM `west_links` WHERE ( status = 1 ) AND `uid` = 13 ORDER BY id DESC LIMIT 0,10000   [ RunTime:0.0016s ]
SQL: SELECT COUNT(*) AS tp_count FROM `west_links` LIMIT 1   [ RunTime:0.0020s ]

[ 2015-05-30T22:38:53+08:00 ] 127.0.0.1 /WesternFilms/server/index.php/Home/views/getNewsList?uid=13&p=1
INFO: [ app_init ] --START--
INFO: Run Behavior\BuildLiteBehavior [ RunTime:0.000036s ]
INFO: [ app_init ] --END-- [ RunTime:0.000872s ]
INFO: [ app_begin ] --START--
INFO: Run Behavior\ReadHtmlCacheBehavior [ RunTime:0.001341s ]
INFO: [ app_begin ] --END-- [ RunTime:0.001496s ]
SQL: SHOW COLUMNS FROM `west_news` [ RunTime:0.0110s ]
SQL: SELECT * FROM `west_news` WHERE `status` = 1 AND `uid` = 13 ORDER BY id DESC LIMIT 0,10   [ RunTime:0.0006s ]
SQL: SELECT COUNT(*) AS tp_count FROM `west_news` LIMIT 1   [ RunTime:0.0002s ]

[ 2015-05-30T22:39:33+08:00 ] 127.0.0.1 /WesternFilms/server/index.php/Home/index/getCompany?uid=13
INFO: [ app_init ] --START--
INFO: Run Behavior\BuildLiteBehavior [ RunTime:0.000025s ]
INFO: [ app_init ] --END-- [ RunTime:0.000587s ]
INFO: [ app_begin ] --START--
INFO: Run Behavior\ReadHtmlCacheBehavior [ RunTime:0.000855s ]
INFO: [ app_begin ] --END-- [ RunTime:0.000948s ]
SQL: SHOW COLUMNS FROM `west_company` [ RunTime:0.0057s ]
SQL: SELECT * FROM `west_company` WHERE `uid` = 13 LIMIT 1   [ RunTime:0.0005s ]

[ 2015-05-30T22:39:33+08:00 ] 127.0.0.1 /WesternFilms/server/index.php/Home/views/getVideo?uid=13&p=1
INFO: [ app_init ] --START--
INFO: Run Behavior\BuildLiteBehavior [ RunTime:0.000026s ]
INFO: [ app_init ] --END-- [ RunTime:0.000582s ]
INFO: [ app_begin ] --START--
INFO: Run Behavior\ReadHtmlCacheBehavior [ RunTime:0.000794s ]
INFO: [ app_begin ] --END-- [ RunTime:0.000888s ]
SQL: SHOW COLUMNS FROM `west_videos` [ RunTime:0.0100s ]
SQL: SELECT * FROM `west_videos` WHERE ( status = 1 ) AND `uid` = 13 ORDER BY id DESC LIMIT 0,10000   [ RunTime:0.0007s ]
SQL: SELECT COUNT(*) AS tp_count FROM `west_videos` LIMIT 1   [ RunTime:0.0003s ]

[ 2015-05-30T22:39:33+08:00 ] 127.0.0.1 /WesternFilms/server/index.php/Home/views/getNewsList?uid=13&p=1
INFO: [ app_init ] --START--
INFO: Run Behavior\BuildLiteBehavior [ RunTime:0.000027s ]
INFO: [ app_init ] --END-- [ RunTime:0.000608s ]
INFO: [ app_begin ] --START--
INFO: Run Behavior\ReadHtmlCacheBehavior [ RunTime:0.000931s ]
INFO: [ app_begin ] --END-- [ RunTime:0.001018s ]
SQL: SHOW COLUMNS FROM `west_news` [ RunTime:0.0083s ]
SQL: SELECT * FROM `west_news` WHERE `status` = 1 AND `uid` = 13 ORDER BY id DESC LIMIT 0,10   [ RunTime:0.0015s ]
SQL: SELECT COUNT(*) AS tp_count FROM `west_news` LIMIT 1   [ RunTime:0.0008s ]

[ 2015-05-30T22:39:33+08:00 ] 127.0.0.1 /WesternFilms/server/index.php/Home/views/getLinks?uid=13&p=1
INFO: [ app_init ] --START--
INFO: Run Behavior\BuildLiteBehavior [ RunTime:0.000023s ]
INFO: [ app_init ] --END-- [ RunTime:0.000631s ]
INFO: [ app_begin ] --START--
INFO: Run Behavior\ReadHtmlCacheBehavior [ RunTime:0.001136s ]
INFO: [ app_begin ] --END-- [ RunTime:0.001306s ]
SQL: SHOW COLUMNS FROM `west_links` [ RunTime:0.0077s ]
SQL: SELECT * FROM `west_links` WHERE ( status = 1 ) AND `uid` = 13 ORDER BY id DESC LIMIT 0,10000   [ RunTime:0.0005s ]
SQL: SELECT COUNT(*) AS tp_count FROM `west_links` LIMIT 1   [ RunTime:0.0005s ]

[ 2015-05-30T22:41:25+08:00 ] 127.0.0.1 /WesternFilms/server/index.php/Home/index/getCompany?uid=13
INFO: [ app_init ] --START--
INFO: Run Behavior\BuildLiteBehavior [ RunTime:0.000024s ]
INFO: [ app_init ] --END-- [ RunTime:0.000794s ]
INFO: [ app_begin ] --START--
INFO: Run Behavior\ReadHtmlCacheBehavior [ RunTime:0.001126s ]
INFO: [ app_begin ] --END-- [ RunTime:0.001221s ]
SQL: SHOW COLUMNS FROM `west_company` [ RunTime:0.0130s ]
SQL: SELECT * FROM `west_company` WHERE `uid` = 13 LIMIT 1   [ RunTime:0.0006s ]

[ 2015-05-30T22:41:25+08:00 ] 127.0.0.1 /WesternFilms/server/index.php/Home/views/getVideo?uid=13&p=1
INFO: [ app_init ] --START--
INFO: Run Behavior\BuildLiteBehavior [ RunTime:0.000021s ]
INFO: [ app_init ] --END-- [ RunTime:0.000589s ]
INFO: [ app_begin ] --START--
INFO: Run Behavior\ReadHtmlCacheBehavior [ RunTime:0.000886s ]
INFO: [ app_begin ] --END-- [ RunTime:0.000970s ]
SQL: SHOW COLUMNS FROM `west_videos` [ RunTime:0.0107s ]
SQL: SELECT * FROM `west_videos` WHERE ( status = 1 ) AND `uid` = 13 ORDER BY id DESC LIMIT 0,10000   [ RunTime:0.0009s ]
SQL: SELECT COUNT(*) AS tp_count FROM `west_videos` LIMIT 1   [ RunTime:0.0003s ]

[ 2015-05-30T22:41:25+08:00 ] 127.0.0.1 /WesternFilms/server/index.php/Home/views/getLinks?uid=13&p=1
INFO: [ app_init ] --START--
INFO: Run Behavior\BuildLiteBehavior [ RunTime:0.000026s ]
INFO: [ app_init ] --END-- [ RunTime:0.000692s ]
INFO: [ app_begin ] --START--
INFO: Run Behavior\ReadHtmlCacheBehavior [ RunTime:0.001321s ]
INFO: [ app_begin ] --END-- [ RunTime:0.001478s ]
SQL: SHOW COLUMNS FROM `west_links` [ RunTime:0.0117s ]
SQL: SELECT * FROM `west_links` WHERE ( status = 1 ) AND `uid` = 13 ORDER BY id DESC LIMIT 0,10000   [ RunTime:0.0007s ]
SQL: SELECT COUNT(*) AS tp_count FROM `west_links` LIMIT 1   [ RunTime:0.0008s ]

[ 2015-05-30T22:41:25+08:00 ] 127.0.0.1 /WesternFilms/server/index.php/Home/views/getNewsList?uid=13&p=1
INFO: [ app_init ] --START--
INFO: Run Behavior\BuildLiteBehavior [ RunTime:0.000025s ]
INFO: [ app_init ] --END-- [ RunTime:0.000683s ]
INFO: [ app_begin ] --START--
INFO: Run Behavior\ReadHtmlCacheBehavior [ RunTime:0.004762s ]
INFO: [ app_begin ] --END-- [ RunTime:0.004929s ]
SQL: SHOW COLUMNS FROM `west_news` [ RunTime:0.0063s ]
SQL: SELECT * FROM `west_news` WHERE `status` = 1 AND `uid` = 13 ORDER BY id DESC LIMIT 0,10   [ RunTime:0.0013s ]
SQL: SELECT COUNT(*) AS tp_count FROM `west_news` LIMIT 1   [ RunTime:0.0005s ]

[ 2015-05-30T22:42:03+08:00 ] 127.0.0.1 /WesternFilms/server/index.php/Home/views/getLinks?uid=13&p=1
INFO: [ app_init ] --START--
INFO: Run Behavior\BuildLiteBehavior [ RunTime:0.000025s ]
INFO: [ app_init ] --END-- [ RunTime:0.000627s ]
INFO: [ app_begin ] --START--
INFO: Run Behavior\ReadHtmlCacheBehavior [ RunTime:0.000933s ]
INFO: [ app_begin ] --END-- [ RunTime:0.001035s ]
SQL: SHOW COLUMNS FROM `west_links` [ RunTime:0.0106s ]
SQL: SELECT * FROM `west_links` WHERE ( status = 1 ) AND `uid` = 13 ORDER BY id DESC LIMIT 0,10000   [ RunTime:0.0011s ]
SQL: SELECT COUNT(*) AS tp_count FROM `west_links` LIMIT 1   [ RunTime:0.0004s ]

[ 2015-05-30T22:42:03+08:00 ] 127.0.0.1 /WesternFilms/server/index.php/Home/index/getCompany?uid=13
INFO: [ app_init ] --START--
INFO: Run Behavior\BuildLiteBehavior [ RunTime:0.000032s ]
INFO: [ app_init ] --END-- [ RunTime:0.001099s ]
INFO: [ app_begin ] --START--
INFO: Run Behavior\ReadHtmlCacheBehavior [ RunTime:0.001181s ]
INFO: [ app_begin ] --END-- [ RunTime:0.001291s ]
SQL: SHOW COLUMNS FROM `west_company` [ RunTime:0.0092s ]
SQL: SELECT * FROM `west_company` WHERE `uid` = 13 LIMIT 1   [ RunTime:0.0005s ]

[ 2015-05-30T22:42:03+08:00 ] 127.0.0.1 /WesternFilms/server/index.php/Home/views/getVideo?uid=13&p=1
INFO: [ app_init ] --START--
INFO: Run Behavior\BuildLiteBehavior [ RunTime:0.000025s ]
INFO: [ app_init ] --END-- [ RunTime:0.000576s ]
INFO: [ app_begin ] --START--
INFO: Run Behavior\ReadHtmlCacheBehavior [ RunTime:0.002840s ]
INFO: [ app_begin ] --END-- [ RunTime:0.002997s ]
SQL: SHOW COLUMNS FROM `west_videos` [ RunTime:0.0065s ]
SQL: SELECT * FROM `west_videos` WHERE ( status = 1 ) AND `uid` = 13 ORDER BY id DESC LIMIT 0,10000   [ RunTime:0.0012s ]
SQL: SELECT COUNT(*) AS tp_count FROM `west_videos` LIMIT 1   [ RunTime:0.0005s ]

[ 2015-05-30T22:42:03+08:00 ] 127.0.0.1 /WesternFilms/server/index.php/Home/views/getNewsList?uid=13&p=1
INFO: [ app_init ] --START--
INFO: Run Behavior\BuildLiteBehavior [ RunTime:0.000029s ]
INFO: [ app_init ] --END-- [ RunTime:0.000687s ]
INFO: [ app_begin ] --START--
INFO: Run Behavior\ReadHtmlCacheBehavior [ RunTime:0.002037s ]
INFO: [ app_begin ] --END-- [ RunTime:0.002150s ]
SQL: SHOW COLUMNS FROM `west_news` [ RunTime:0.0066s ]
SQL: SELECT * FROM `west_news` WHERE `status` = 1 AND `uid` = 13 ORDER BY id DESC LIMIT 0,10   [ RunTime:0.0012s ]
SQL: SELECT COUNT(*) AS tp_count FROM `west_news` LIMIT 1   [ RunTime:0.0007s ]

[ 2015-05-30T22:42:24+08:00 ] 127.0.0.1 /WesternFilms/server/index.php/Home/index/getCompany?uid=13
INFO: [ app_init ] --START--
INFO: Run Behavior\BuildLiteBehavior [ RunTime:0.000024s ]
INFO: [ app_init ] --END-- [ RunTime:0.001000s ]
INFO: [ app_begin ] --START--
INFO: Run Behavior\ReadHtmlCacheBehavior [ RunTime:0.001300s ]
INFO: [ app_begin ] --END-- [ RunTime:0.001395s ]
SQL: SHOW COLUMNS FROM `west_company` [ RunTime:0.0089s ]
SQL: SELECT * FROM `west_company` WHERE `uid` = 13 LIMIT 1   [ RunTime:0.0007s ]

[ 2015-05-30T22:42:24+08:00 ] 127.0.0.1 /WesternFilms/server/index.php/Home/views/getVideo?uid=13&p=1
INFO: [ app_init ] --START--
INFO: Run Behavior\BuildLiteBehavior [ RunTime:0.000022s ]
INFO: [ app_init ] --END-- [ RunTime:0.000571s ]
INFO: [ app_begin ] --START--
INFO: Run Behavior\ReadHtmlCacheBehavior [ RunTime:0.000815s ]
INFO: [ app_begin ] --END-- [ RunTime:0.000917s ]
SQL: SHOW COLUMNS FROM `west_videos` [ RunTime:0.0073s ]
SQL: SELECT * FROM `west_videos` WHERE ( status = 1 ) AND `uid` = 13 ORDER BY id DESC LIMIT 0,10000   [ RunTime:0.0008s ]
SQL: SELECT COUNT(*) AS tp_count FROM `west_videos` LIMIT 1   [ RunTime:0.0003s ]

[ 2015-05-30T22:42:24+08:00 ] 127.0.0.1 /WesternFilms/server/index.php/Home/views/getNewsList?uid=13&p=1
INFO: [ app_init ] --START--
INFO: Run Behavior\BuildLiteBehavior [ RunTime:0.000025s ]
INFO: [ app_init ] --END-- [ RunTime:0.000618s ]
INFO: [ app_begin ] --START--
INFO: Run Behavior\ReadHtmlCacheBehavior [ RunTime:0.007864s ]
INFO: [ app_begin ] --END-- [ RunTime:0.008049s ]
SQL: SHOW COLUMNS FROM `west_news` [ RunTime:0.0063s ]
SQL: SELECT * FROM `west_news` WHERE `status` = 1 AND `uid` = 13 ORDER BY id DESC LIMIT 0,10   [ RunTime:0.0006s ]
SQL: SELECT COUNT(*) AS tp_count FROM `west_news` LIMIT 1   [ RunTime:0.0003s ]

[ 2015-05-30T22:42:24+08:00 ] 127.0.0.1 /WesternFilms/server/index.php/Home/views/getLinks?uid=13&p=1
INFO: [ app_init ] --START--
INFO: Run Behavior\BuildLiteBehavior [ RunTime:0.000047s ]
INFO: [ app_init ] --END-- [ RunTime:0.000968s ]
INFO: [ app_begin ] --START--
INFO: Run Behavior\ReadHtmlCacheBehavior [ RunTime:0.000982s ]
INFO: [ app_begin ] --END-- [ RunTime:0.001097s ]
SQL: SHOW COLUMNS FROM `west_links` [ RunTime:0.0117s ]
SQL: SELECT * FROM `west_links` WHERE ( status = 1 ) AND `uid` = 13 ORDER BY id DESC LIMIT 0,10000   [ RunTime:0.0008s ]
SQL: SELECT COUNT(*) AS tp_count FROM `west_links` LIMIT 1   [ RunTime:0.0004s ]

[ 2015-05-30T22:44:42+08:00 ] 127.0.0.1 /WesternFilms/server/index.php/Home/index/getCompany?uid=13
INFO: [ app_init ] --START--
INFO: Run Behavior\BuildLiteBehavior [ RunTime:0.000024s ]
INFO: [ app_init ] --END-- [ RunTime:0.001086s ]
INFO: [ app_begin ] --START--
INFO: Run Behavior\ReadHtmlCacheBehavior [ RunTime:0.002597s ]
INFO: [ app_begin ] --END-- [ RunTime:0.002697s ]
SQL: SHOW COLUMNS FROM `west_company` [ RunTime:0.0077s ]
SQL: SELECT * FROM `west_company` WHERE `uid` = 13 LIMIT 1   [ RunTime:0.0005s ]

[ 2015-05-30T22:44:42+08:00 ] 127.0.0.1 /WesternFilms/server/index.php/Home/views/getVideo?uid=13&p=1
INFO: [ app_init ] --START--
INFO: Run Behavior\BuildLiteBehavior [ RunTime:0.000023s ]
INFO: [ app_init ] --END-- [ RunTime:0.000592s ]
INFO: [ app_begin ] --START--
INFO: Run Behavior\ReadHtmlCacheBehavior [ RunTime:0.001051s ]
INFO: [ app_begin ] --END-- [ RunTime:0.001139s ]
SQL: SHOW COLUMNS FROM `west_videos` [ RunTime:0.0089s ]
SQL: SELECT * FROM `west_videos` WHERE ( status = 1 ) AND `uid` = 13 ORDER BY id DESC LIMIT 0,10000   [ RunTime:0.0010s ]
SQL: SELECT COUNT(*) AS tp_count FROM `west_videos` LIMIT 1   [ RunTime:0.0003s ]

[ 2015-05-30T22:44:42+08:00 ] 127.0.0.1 /WesternFilms/server/index.php/Home/views/getNewsList?uid=13&p=1
INFO: [ app_init ] --START--
INFO: Run Behavior\BuildLiteBehavior [ RunTime:0.000026s ]
INFO: [ app_init ] --END-- [ RunTime:0.000688s ]
INFO: [ app_begin ] --START--
INFO: Run Behavior\ReadHtmlCacheBehavior [ RunTime:0.001061s ]
INFO: [ app_begin ] --END-- [ RunTime:0.001174s ]
SQL: SHOW COLUMNS FROM `west_news` [ RunTime:0.0075s ]
SQL: SELECT * FROM `west_news` WHERE `status` = 1 AND `uid` = 13 ORDER BY id DESC LIMIT 0,10   [ RunTime:0.0007s ]
SQL: SELECT COUNT(*) AS tp_count FROM `west_news` LIMIT 1   [ RunTime:0.0003s ]

[ 2015-05-30T22:44:42+08:00 ] 127.0.0.1 /WesternFilms/server/index.php/Home/views/getLinks?uid=13&p=1
INFO: [ app_init ] --START--
INFO: Run Behavior\BuildLiteBehavior [ RunTime:0.000022s ]
INFO: [ app_init ] --END-- [ RunTime:0.000589s ]
INFO: [ app_begin ] --START--
INFO: Run Behavior\ReadHtmlCacheBehavior [ RunTime:0.001148s ]
INFO: [ app_begin ] --END-- [ RunTime:0.001238s ]
SQL: SHOW COLUMNS FROM `west_links` [ RunTime:0.0076s ]
SQL: SELECT * FROM `west_links` WHERE ( status = 1 ) AND `uid` = 13 ORDER BY id DESC LIMIT 0,10000   [ RunTime:0.0009s ]
SQL: SELECT COUNT(*) AS tp_count FROM `west_links` LIMIT 1   [ RunTime:0.0003s ]

