[ 2015-07-04T11:32:52+08:00 ] 127.0.0.1 /WesternFilms/server/index.php?m=Home&c=index&a=getCompany&uid=me%26c%3Dviews%26a%3DgetEpisodesList%26uid%3D13
INFO: [ app_init ] --START--
INFO: Run Behavior\BuildLiteBehavior [ RunTime:0.000035s ]
INFO: [ app_init ] --END-- [ RunTime:0.000963s ]
INFO: [ app_begin ] --START--
INFO: Run Behavior\ReadHtmlCacheBehavior [ RunTime:0.001302s ]
INFO: [ app_begin ] --END-- [ RunTime:0.001455s ]
SQL: SHOW COLUMNS FROM `west_company` [ RunTime:0.0513s ]
SQL: SELECT * FROM `west_company` WHERE `uid` = 0 LIMIT 1   [ RunTime:0.0012s ]

[ 2015-07-04T11:32:53+08:00 ] 127.0.0.1 /WesternFilms/server/index.php?m=Home&c=index&a=getNewsList&uid=me%26c%3Dviews%26a%3DgetEpisodesList%26uid%3D13&p=1
INFO: [ app_init ] --START--
INFO: Run Behavior\BuildLiteBehavior [ RunTime:0.000033s ]
INFO: [ app_init ] --END-- [ RunTime:0.000717s ]
INFO: [ app_begin ] --START--
INFO: Run Behavior\ReadHtmlCacheBehavior [ RunTime:0.001137s ]
INFO: [ app_begin ] --END-- [ RunTime:0.001292s ]
SQL: SHOW COLUMNS FROM `west_news` [ RunTime:0.0413s ]
SQL: SELECT * FROM `west_news` WHERE `uid` = 0 AND `status` = 1 AND `hot` = 0 ORDER BY top DESC, id DESC LIMIT 0,10   [ RunTime:0.0013s ]
SQL: SELECT COUNT(*) AS tp_count FROM `west_news` LIMIT 1   [ RunTime:0.0010s ]

[ 2015-07-04T11:33:20+08:00 ] 127.0.0.1 /WesternFilms/server/index.php?m=Home&c=index&a=getCompany&uid=13%26m%3DHome%26c%3Dviews%26a%3DgetEpisodesList
INFO: [ app_init ] --START--
INFO: Run Behavior\BuildLiteBehavior [ RunTime:0.000033s ]
INFO: [ app_init ] --END-- [ RunTime:0.000727s ]
INFO: [ app_begin ] --START--
INFO: Run Behavior\ReadHtmlCacheBehavior [ RunTime:0.001173s ]
INFO: [ app_begin ] --END-- [ RunTime:0.001323s ]
SQL: SHOW COLUMNS FROM `west_company` [ RunTime:0.0097s ]
SQL: SELECT * FROM `west_company` WHERE `uid` = 13 LIMIT 1   [ RunTime:0.0011s ]

[ 2015-07-04T11:33:20+08:00 ] 127.0.0.1 /WesternFilms/server/index.php?m=Home&c=index&a=getNewsList&uid=13%26m%3DHome%26c%3Dviews%26a%3DgetEpisodesList&p=1
INFO: [ app_init ] --START--
INFO: Run Behavior\BuildLiteBehavior [ RunTime:0.000032s ]
INFO: [ app_init ] --END-- [ RunTime:0.000752s ]
INFO: [ app_begin ] --START--
INFO: Run Behavior\ReadHtmlCacheBehavior [ RunTime:0.001027s ]
INFO: [ app_begin ] --END-- [ RunTime:0.001159s ]
SQL: SHOW COLUMNS FROM `west_news` [ RunTime:0.0100s ]
SQL: SELECT * FROM `west_news` WHERE `uid` = 13 AND `status` = 1 AND `hot` = 0 ORDER BY top DESC, id DESC LIMIT 0,10   [ RunTime:0.0014s ]
SQL: SELECT COUNT(*) AS tp_count FROM `west_news` LIMIT 1   [ RunTime:0.0008s ]

[ 2015-07-04T11:33:20+08:00 ] 127.0.0.1 /WesternFilms/server/index.php?m=Home&c=index&a=getCompany&uid=13%26m%3DHome%26c%3Dviews%26a%3DgetEpisodesList
INFO: [ app_init ] --START--
INFO: Run Behavior\BuildLiteBehavior [ RunTime:0.000032s ]
INFO: [ app_init ] --END-- [ RunTime:0.000729s ]
INFO: [ app_begin ] --START--
INFO: Run Behavior\ReadHtmlCacheBehavior [ RunTime:0.001042s ]
INFO: [ app_begin ] --END-- [ RunTime:0.001176s ]
SQL: SHOW COLUMNS FROM `west_company` [ RunTime:0.0104s ]
SQL: SELECT * FROM `west_company` WHERE `uid` = 13 LIMIT 1   [ RunTime:0.0011s ]

[ 2015-07-04T11:33:20+08:00 ] 127.0.0.1 /WesternFilms/server/index.php?m=Home&c=index&a=getVideo&uid=13%26m%3DHome%26c%3Dviews%26a%3DgetEpisodesList
INFO: [ app_init ] --START--
INFO: Run Behavior\BuildLiteBehavior [ RunTime:0.000032s ]
INFO: [ app_init ] --END-- [ RunTime:0.000751s ]
INFO: [ app_begin ] --START--
INFO: Run Behavior\ReadHtmlCacheBehavior [ RunTime:0.001338s ]
INFO: [ app_begin ] --END-- [ RunTime:0.001491s ]
SQL: SHOW COLUMNS FROM `west_videos` [ RunTime:0.0307s ]
SQL: SELECT * FROM `west_videos` WHERE `uid` = 13 AND `status` = 1 ORDER BY id DESC LIMIT 2   [ RunTime:0.0012s ]

[ 2015-07-04T11:33:21+08:00 ] 127.0.0.1 /WesternFilms/server/index.php?m=Home&c=index&a=getMedia&uid=13%26m%3DHome%26c%3Dviews%26a%3DgetEpisodesList
INFO: [ app_init ] --START--
INFO: Run Behavior\BuildLiteBehavior [ RunTime:0.000033s ]
INFO: [ app_init ] --END-- [ RunTime:0.000864s ]
INFO: [ app_begin ] --START--
INFO: Run Behavior\ReadHtmlCacheBehavior [ RunTime:0.001276s ]
INFO: [ app_begin ] --END-- [ RunTime:0.001426s ]
SQL: SHOW COLUMNS FROM `west_news` [ RunTime:0.0101s ]
SQL: SELECT * FROM `west_news` WHERE `status` = 1 AND `hot` = 1 AND `uid` = 13 ORDER BY top DESC, id DESC LIMIT 4   [ RunTime:0.0015s ]

[ 2015-07-04T11:33:21+08:00 ] 127.0.0.1 /WesternFilms/server/index.php?m=Home&c=views&a=getEpisodesList&uid=13%26m%3DHome%26c%3Dviews%26a%3DgetEpisodesList
INFO: [ app_init ] --START--
INFO: Run Behavior\BuildLiteBehavior [ RunTime:0.000035s ]
INFO: [ app_init ] --END-- [ RunTime:0.000946s ]
INFO: [ app_begin ] --START--
INFO: Run Behavior\ReadHtmlCacheBehavior [ RunTime:0.001046s ]
INFO: [ app_begin ] --END-- [ RunTime:0.001186s ]
SQL: SHOW COLUMNS FROM `west_episodes` [ RunTime:0.1432s ]
SQL: SELECT * FROM `west_episodes` WHERE `status` = 1 AND `uid` = 13 ORDER BY id DESC LIMIT 0,10000   [ RunTime:0.0013s ]
SQL: SELECT COUNT(*) AS tp_count FROM `west_episodes` LIMIT 1   [ RunTime:0.0008s ]

[ 2015-07-04T11:33:31+08:00 ] 127.0.0.1 /WesternFilms/server/index.php?uid=13&m=Home&c=views&a=getEpisodesList
INFO: [ app_init ] --START--
INFO: Run Behavior\BuildLiteBehavior [ RunTime:0.000036s ]
INFO: [ app_init ] --END-- [ RunTime:0.000894s ]
INFO: [ app_begin ] --START--
INFO: Run Behavior\ReadHtmlCacheBehavior [ RunTime:0.001546s ]
INFO: [ app_begin ] --END-- [ RunTime:0.001712s ]
SQL: SHOW COLUMNS FROM `west_episodes` [ RunTime:0.0112s ]
SQL: SELECT * FROM `west_episodes` WHERE `status` = 1 AND `uid` = 13 ORDER BY id DESC LIMIT 0,10000   [ RunTime:0.0014s ]
SQL: SELECT COUNT(*) AS tp_count FROM `west_episodes` LIMIT 1   [ RunTime:0.0008s ]

[ 2015-07-04T11:34:17+08:00 ] 127.0.0.1 /WesternFilms/server/index.php?m=Home&c=index&a=getNewsList&uid=13
INFO: [ app_init ] --START--
INFO: Run Behavior\BuildLiteBehavior [ RunTime:0.000035s ]
INFO: [ app_init ] --END-- [ RunTime:0.000935s ]
INFO: [ app_begin ] --START--
INFO: Run Behavior\ReadHtmlCacheBehavior [ RunTime:0.001333s ]
INFO: [ app_begin ] --END-- [ RunTime:0.001498s ]
SQL: SHOW COLUMNS FROM `west_news` [ RunTime:0.0106s ]
SQL: SELECT * FROM `west_news` WHERE `uid` = 13 AND `status` = 1 AND `hot` = 0 ORDER BY top DESC, id DESC LIMIT 0,10   [ RunTime:0.0014s ]
SQL: SELECT COUNT(*) AS tp_count FROM `west_news` LIMIT 1   [ RunTime:0.0008s ]

