[ 2015-07-05T11:39:55+08:00 ] 127.0.0.1 /westfilms/server/index.php?m=Home&c=index&a=getCompany&uid=13
INFO: [ app_init ] --START--
INFO: Run Behavior\BuildLiteBehavior [ RunTime:0.000000s ]
INFO: [ app_init ] --END-- [ RunTime:0.002501s ]
INFO: [ app_begin ] --START--
INFO: Run Behavior\ReadHtmlCacheBehavior [ RunTime:0.000000s ]
INFO: [ app_begin ] --END-- [ RunTime:0.002500s ]
SQL: SHOW COLUMNS FROM `west_company` [ RunTime:0.0375s ]
SQL: SELECT * FROM `west_company` WHERE `uid` = 13 LIMIT 1   [ RunTime:0.0000s ]

[ 2015-07-05T11:39:55+08:00 ] 127.0.0.1 /westfilms/server/index.php?m=Home&c=index&a=getNewsList&uid=13&p=1
INFO: [ app_init ] --START--
INFO: Run Behavior\BuildLiteBehavior [ RunTime:0.000000s ]
INFO: [ app_init ] --END-- [ RunTime:0.002500s ]
INFO: [ app_begin ] --START--
INFO: Run Behavior\ReadHtmlCacheBehavior [ RunTime:0.000000s ]
INFO: [ app_begin ] --END-- [ RunTime:0.000000s ]
SQL: SHOW COLUMNS FROM `west_news` [ RunTime:0.4125s ]
SQL: SELECT * FROM `west_news` WHERE `uid` = 13 AND `status` = 1 AND `hot` = 0 ORDER BY top DESC, id DESC LIMIT 0,10   [ RunTime:0.0025s ]
SQL: SELECT COUNT(*) AS tp_count FROM `west_news` LIMIT 1   [ RunTime:0.0025s ]

[ 2015-07-05T11:39:55+08:00 ] 127.0.0.1 /westfilms/server/index.php?m=Home&c=index&a=getCompany&uid=13
INFO: [ app_init ] --START--
INFO: Run Behavior\BuildLiteBehavior [ RunTime:0.000000s ]
INFO: [ app_init ] --END-- [ RunTime:0.000000s ]
INFO: [ app_begin ] --START--
INFO: Run Behavior\ReadHtmlCacheBehavior [ RunTime:0.000000s ]
INFO: [ app_begin ] --END-- [ RunTime:0.002500s ]
SQL: SHOW COLUMNS FROM `west_company` [ RunTime:0.0050s ]
SQL: SELECT * FROM `west_company` WHERE `uid` = 13 LIMIT 1   [ RunTime:0.0025s ]

[ 2015-07-05T11:39:55+08:00 ] 127.0.0.1 /westfilms/server/index.php?m=Home&c=index&a=getVideo&uid=13
INFO: [ app_init ] --START--
INFO: Run Behavior\BuildLiteBehavior [ RunTime:0.000000s ]
INFO: [ app_init ] --END-- [ RunTime:0.002500s ]
INFO: [ app_begin ] --START--
INFO: Run Behavior\ReadHtmlCacheBehavior [ RunTime:0.000000s ]
INFO: [ app_begin ] --END-- [ RunTime:0.000000s ]
SQL: SHOW COLUMNS FROM `west_videos` [ RunTime:0.0375s ]
SQL: SELECT * FROM `west_videos` WHERE `uid` = 13 AND `status` = 1 ORDER BY id DESC LIMIT 2   [ RunTime:0.0025s ]

[ 2015-07-05T11:39:55+08:00 ] 127.0.0.1 /westfilms/server/index.php?m=Home&c=index&a=getMedia&uid=13
INFO: [ app_init ] --START--
INFO: Run Behavior\BuildLiteBehavior [ RunTime:0.000000s ]
INFO: [ app_init ] --END-- [ RunTime:0.000000s ]
INFO: [ app_begin ] --START--
INFO: Run Behavior\ReadHtmlCacheBehavior [ RunTime:0.000000s ]
INFO: [ app_begin ] --END-- [ RunTime:0.000000s ]
SQL: SHOW COLUMNS FROM `west_news` [ RunTime:0.0050s ]
SQL: SELECT * FROM `west_news` WHERE `status` = 1 AND `hot` = 1 AND `uid` = 13 ORDER BY top DESC, id DESC LIMIT 4   [ RunTime:0.0025s ]

[ 2015-07-05T11:39:59+08:00 ] 127.0.0.1 /westfilms/server/index.php?m=Home&c=index&a=getCompany&uid=13
INFO: [ app_init ] --START--
INFO: Run Behavior\BuildLiteBehavior [ RunTime:0.000000s ]
INFO: [ app_init ] --END-- [ RunTime:0.002500s ]
INFO: [ app_begin ] --START--
INFO: Run Behavior\ReadHtmlCacheBehavior [ RunTime:0.000000s ]
INFO: [ app_begin ] --END-- [ RunTime:0.000000s ]
SQL: SHOW COLUMNS FROM `west_company` [ RunTime:0.0025s ]
SQL: SELECT * FROM `west_company` WHERE `uid` = 13 LIMIT 1   [ RunTime:0.0025s ]

[ 2015-07-05T11:39:59+08:00 ] 127.0.0.1 /westfilms/server/index.php?m=Home&c=index&a=getNewsList&uid=13&p=1
INFO: [ app_init ] --START--
INFO: Run Behavior\BuildLiteBehavior [ RunTime:0.000000s ]
INFO: [ app_init ] --END-- [ RunTime:0.000000s ]
INFO: [ app_begin ] --START--
INFO: Run Behavior\ReadHtmlCacheBehavior [ RunTime:0.000000s ]
INFO: [ app_begin ] --END-- [ RunTime:0.002500s ]
SQL: SHOW COLUMNS FROM `west_news` [ RunTime:0.0050s ]
SQL: SELECT * FROM `west_news` WHERE `uid` = 13 AND `status` = 1 AND `hot` = 0 ORDER BY top DESC, id DESC LIMIT 0,10   [ RunTime:0.0000s ]
SQL: SELECT COUNT(*) AS tp_count FROM `west_news` LIMIT 1   [ RunTime:0.0000s ]

[ 2015-07-05T11:39:59+08:00 ] 127.0.0.1 /westfilms/server/index.php?m=Home&c=index&a=getCompany&uid=13
INFO: [ app_init ] --START--
INFO: Run Behavior\BuildLiteBehavior [ RunTime:0.000000s ]
INFO: [ app_init ] --END-- [ RunTime:0.000000s ]
INFO: [ app_begin ] --START--
INFO: Run Behavior\ReadHtmlCacheBehavior [ RunTime:0.000000s ]
INFO: [ app_begin ] --END-- [ RunTime:0.000000s ]
SQL: SHOW COLUMNS FROM `west_company` [ RunTime:0.0025s ]
SQL: SELECT * FROM `west_company` WHERE `uid` = 13 LIMIT 1   [ RunTime:0.0000s ]

[ 2015-07-05T11:39:59+08:00 ] 127.0.0.1 /westfilms/server/index.php?m=Home&c=index&a=getVideo&uid=13
INFO: [ app_init ] --START--
INFO: Run Behavior\BuildLiteBehavior [ RunTime:0.000000s ]
INFO: [ app_init ] --END-- [ RunTime:0.000000s ]
INFO: [ app_begin ] --START--
INFO: Run Behavior\ReadHtmlCacheBehavior [ RunTime:0.000000s ]
INFO: [ app_begin ] --END-- [ RunTime:0.000000s ]
SQL: SHOW COLUMNS FROM `west_videos` [ RunTime:0.0025s ]
SQL: SELECT * FROM `west_videos` WHERE `uid` = 13 AND `status` = 1 ORDER BY id DESC LIMIT 2   [ RunTime:0.0000s ]

[ 2015-07-05T11:40:01+08:00 ] 127.0.0.1 /westfilms/server/index.php?m=Home&c=index&a=getCompany&uid=13
INFO: [ app_init ] --START--
INFO: Run Behavior\BuildLiteBehavior [ RunTime:0.000000s ]
INFO: [ app_init ] --END-- [ RunTime:0.000000s ]
INFO: [ app_begin ] --START--
INFO: Run Behavior\ReadHtmlCacheBehavior [ RunTime:0.000000s ]
INFO: [ app_begin ] --END-- [ RunTime:0.000000s ]
SQL: SHOW COLUMNS FROM `west_company` [ RunTime:0.0025s ]
SQL: SELECT * FROM `west_company` WHERE `uid` = 13 LIMIT 1   [ RunTime:0.0025s ]

[ 2015-07-05T11:40:01+08:00 ] 127.0.0.1 /westfilms/server/index.php?m=Home&c=index&a=getCompany&uid=13
INFO: [ app_init ] --START--
INFO: Run Behavior\BuildLiteBehavior [ RunTime:0.000000s ]
INFO: [ app_init ] --END-- [ RunTime:0.000000s ]
INFO: [ app_begin ] --START--
INFO: Run Behavior\ReadHtmlCacheBehavior [ RunTime:0.002500s ]
INFO: [ app_begin ] --END-- [ RunTime:0.002500s ]
SQL: SHOW COLUMNS FROM `west_company` [ RunTime:0.0025s ]
SQL: SELECT * FROM `west_company` WHERE `uid` = 13 LIMIT 1   [ RunTime:0.0000s ]

[ 2015-07-05T11:40:01+08:00 ] 127.0.0.1 /westfilms/server/index.php?m=Home&c=views&a=getVideo&uid=13&p=1
INFO: [ app_init ] --START--
INFO: Run Behavior\BuildLiteBehavior [ RunTime:0.000000s ]
INFO: [ app_init ] --END-- [ RunTime:0.002500s ]
INFO: [ app_begin ] --START--
INFO: Run Behavior\ReadHtmlCacheBehavior [ RunTime:0.002500s ]
INFO: [ app_begin ] --END-- [ RunTime:0.002500s ]
SQL: SHOW COLUMNS FROM `west_videos` [ RunTime:0.0000s ]
SQL: SELECT * FROM `west_videos` WHERE ( status = 1 ) AND `uid` = 13 ORDER BY id DESC LIMIT 0,10000   [ RunTime:0.0000s ]
SQL: SELECT COUNT(*) AS tp_count FROM `west_videos` LIMIT 1   [ RunTime:0.0000s ]

[ 2015-07-05T11:40:08+08:00 ] 127.0.0.1 /westfilms/server/index.php?m=Home&c=index&a=getCompany&uid=13
INFO: [ app_init ] --START--
INFO: Run Behavior\BuildLiteBehavior [ RunTime:0.000000s ]
INFO: [ app_init ] --END-- [ RunTime:0.002500s ]
INFO: [ app_begin ] --START--
INFO: Run Behavior\ReadHtmlCacheBehavior [ RunTime:0.002500s ]
INFO: [ app_begin ] --END-- [ RunTime:0.002500s ]
SQL: SHOW COLUMNS FROM `west_company` [ RunTime:0.0025s ]
SQL: SELECT * FROM `west_company` WHERE `uid` = 13 LIMIT 1   [ RunTime:0.0025s ]

[ 2015-07-05T11:40:08+08:00 ] 127.0.0.1 /westfilms/server/index.php?m=Home&c=index&a=getCompany&uid=13
INFO: [ app_init ] --START--
INFO: Run Behavior\BuildLiteBehavior [ RunTime:0.000000s ]
INFO: [ app_init ] --END-- [ RunTime:0.002500s ]
INFO: [ app_begin ] --START--
INFO: Run Behavior\ReadHtmlCacheBehavior [ RunTime:0.000000s ]
INFO: [ app_begin ] --END-- [ RunTime:0.000000s ]
SQL: SHOW COLUMNS FROM `west_company` [ RunTime:0.0025s ]
SQL: SELECT * FROM `west_company` WHERE `uid` = 13 LIMIT 1   [ RunTime:0.0000s ]

[ 2015-07-05T11:40:08+08:00 ] 127.0.0.1 /westfilms/server/index.php?m=Home&c=index&a=getVideo&uid=13
INFO: [ app_init ] --START--
INFO: Run Behavior\BuildLiteBehavior [ RunTime:0.000000s ]
INFO: [ app_init ] --END-- [ RunTime:0.002501s ]
INFO: [ app_begin ] --START--
INFO: Run Behavior\ReadHtmlCacheBehavior [ RunTime:0.000000s ]
INFO: [ app_begin ] --END-- [ RunTime:0.002500s ]
SQL: SHOW COLUMNS FROM `west_videos` [ RunTime:0.0025s ]
SQL: SELECT * FROM `west_videos` WHERE `uid` = 13 AND `status` = 1 ORDER BY id DESC LIMIT 2   [ RunTime:0.0000s ]

[ 2015-07-05T11:40:08+08:00 ] 127.0.0.1 /westfilms/server/index.php?m=Home&c=index&a=getNewsList&uid=13&p=1
INFO: [ app_init ] --START--
INFO: Run Behavior\BuildLiteBehavior [ RunTime:0.000000s ]
INFO: [ app_init ] --END-- [ RunTime:0.000000s ]
INFO: [ app_begin ] --START--
INFO: Run Behavior\ReadHtmlCacheBehavior [ RunTime:0.000000s ]
INFO: [ app_begin ] --END-- [ RunTime:0.000000s ]
SQL: SHOW COLUMNS FROM `west_news` [ RunTime:0.0100s ]
SQL: SELECT * FROM `west_news` WHERE `uid` = 13 AND `status` = 1 AND `hot` = 0 ORDER BY top DESC, id DESC LIMIT 0,10   [ RunTime:0.0025s ]
SQL: SELECT COUNT(*) AS tp_count FROM `west_news` LIMIT 1   [ RunTime:0.0025s ]

[ 2015-07-05T11:40:10+08:00 ] 127.0.0.1 /westfilms/server/index.php?m=Home&c=index&a=getCompany&uid=13%26id%3D10
INFO: [ app_init ] --START--
INFO: Run Behavior\BuildLiteBehavior [ RunTime:0.000000s ]
INFO: [ app_init ] --END-- [ RunTime:0.000000s ]
INFO: [ app_begin ] --START--
INFO: Run Behavior\ReadHtmlCacheBehavior [ RunTime:0.000000s ]
INFO: [ app_begin ] --END-- [ RunTime:0.000000s ]
SQL: SHOW COLUMNS FROM `west_company` [ RunTime:0.0025s ]
SQL: SELECT * FROM `west_company` WHERE `uid` = 13 LIMIT 1   [ RunTime:0.0000s ]

[ 2015-07-05T11:40:10+08:00 ] 127.0.0.1 /westfilms/server/index.php?m=Home&c=index&a=getNewsList&uid=13%26id%3D10&p=1
INFO: [ app_init ] --START--
INFO: Run Behavior\BuildLiteBehavior [ RunTime:0.000000s ]
INFO: [ app_init ] --END-- [ RunTime:0.002500s ]
INFO: [ app_begin ] --START--
INFO: Run Behavior\ReadHtmlCacheBehavior [ RunTime:0.000000s ]
INFO: [ app_begin ] --END-- [ RunTime:0.000000s ]
SQL: SHOW COLUMNS FROM `west_news` [ RunTime:0.0025s ]
SQL: SELECT * FROM `west_news` WHERE `uid` = 13 AND `status` = 1 AND `hot` = 0 ORDER BY top DESC, id DESC LIMIT 0,10   [ RunTime:0.0000s ]
SQL: SELECT COUNT(*) AS tp_count FROM `west_news` LIMIT 1   [ RunTime:0.0000s ]

[ 2015-07-05T11:40:10+08:00 ] 127.0.0.1 /westfilms/server/index.php?m=Home&c=index&a=getCompany&uid=13%26id%3D10
INFO: [ app_init ] --START--
INFO: Run Behavior\BuildLiteBehavior [ RunTime:0.000000s ]
INFO: [ app_init ] --END-- [ RunTime:0.000000s ]
INFO: [ app_begin ] --START--
INFO: Run Behavior\ReadHtmlCacheBehavior [ RunTime:0.000000s ]
INFO: [ app_begin ] --END-- [ RunTime:0.000000s ]
SQL: SHOW COLUMNS FROM `west_company` [ RunTime:0.0025s ]
SQL: SELECT * FROM `west_company` WHERE `uid` = 13 LIMIT 1   [ RunTime:0.0000s ]

[ 2015-07-05T11:40:10+08:00 ] 127.0.0.1 /westfilms/server/index.php?m=Home&c=views&a=getNewsContent&uid=13%26id%3D10&id=10
INFO: [ app_init ] --START--
INFO: Run Behavior\BuildLiteBehavior [ RunTime:0.000000s ]
INFO: [ app_init ] --END-- [ RunTime:0.000000s ]
INFO: [ app_begin ] --START--
INFO: Run Behavior\ReadHtmlCacheBehavior [ RunTime:0.000000s ]
INFO: [ app_begin ] --END-- [ RunTime:0.002501s ]
SQL: SHOW COLUMNS FROM `west_news` [ RunTime:0.0050s ]
SQL: SELECT * FROM `west_news` WHERE `uid` = 13 AND `id` = 10 LIMIT 1   [ RunTime:0.0000s ]
SQL: UPDATE `west_news` SET `views`='2' WHERE `uid` = 13 AND `id` = 10 [ RunTime:0.0406s ]

[ 2015-07-05T11:40:21+08:00 ] 127.0.0.1 /westfilms/server/index.php?m=Home&c=index&a=getCompany&uid=13
INFO: [ app_init ] --START--
INFO: Run Behavior\BuildLiteBehavior [ RunTime:0.000000s ]
INFO: [ app_init ] --END-- [ RunTime:0.002500s ]
INFO: [ app_begin ] --START--
INFO: Run Behavior\ReadHtmlCacheBehavior [ RunTime:0.002500s ]
INFO: [ app_begin ] --END-- [ RunTime:0.002500s ]
SQL: SHOW COLUMNS FROM `west_company` [ RunTime:0.0100s ]
SQL: SELECT * FROM `west_company` WHERE `uid` = 13 LIMIT 1   [ RunTime:0.0000s ]

[ 2015-07-05T11:40:21+08:00 ] 127.0.0.1 /westfilms/server/index.php?m=Home&c=index&a=getCompany&uid=13
INFO: [ app_init ] --START--
INFO: Run Behavior\BuildLiteBehavior [ RunTime:0.000000s ]
INFO: [ app_init ] --END-- [ RunTime:0.000000s ]
INFO: [ app_begin ] --START--
INFO: Run Behavior\ReadHtmlCacheBehavior [ RunTime:0.002500s ]
INFO: [ app_begin ] --END-- [ RunTime:0.002500s ]
SQL: SHOW COLUMNS FROM `west_company` [ RunTime:0.0050s ]
SQL: SELECT * FROM `west_company` WHERE `uid` = 13 LIMIT 1   [ RunTime:0.0000s ]

[ 2015-07-05T11:40:21+08:00 ] 127.0.0.1 /westfilms/server/index.php?m=Home&c=views&a=getLinks&uid=13&p=1
INFO: [ app_init ] --START--
INFO: Run Behavior\BuildLiteBehavior [ RunTime:0.000000s ]
INFO: [ app_init ] --END-- [ RunTime:0.002500s ]
INFO: [ app_begin ] --START--
INFO: Run Behavior\ReadHtmlCacheBehavior [ RunTime:0.000000s ]
INFO: [ app_begin ] --END-- [ RunTime:0.000000s ]
SQL: SHOW COLUMNS FROM `west_links` [ RunTime:0.0425s ]
SQL: SELECT * FROM `west_links` WHERE ( status = 1 ) AND `uid` = 13 ORDER BY id DESC LIMIT 0,10000   [ RunTime:0.0000s ]
SQL: SELECT COUNT(*) AS tp_count FROM `west_links` LIMIT 1   [ RunTime:0.0000s ]

