[ 2015-07-02T11:46:31+08:00 ] 127.0.0.1 /westfilms/server/index.php?m=User&c=Api&a=getMovie&callback=jsonp1435808790703&name=%E6%88%91%E6%98%AF%E8%B0%812015
INFO: [ app_init ] --START--
INFO: Run Behavior\BuildLiteBehavior [ RunTime:0.000000s ]
INFO: [ app_init ] --END-- [ RunTime:0.012001s ]
INFO: [ app_begin ] --START--
INFO: Run Behavior\ReadHtmlCacheBehavior [ RunTime:0.000000s ]
INFO: [ app_begin ] --END-- [ RunTime:0.001000s ]
ERR: SQLSTATE[HY000] [1045] Access denied for user 'root'@'localhost' (using password: NO)

[ 2015-07-02T12:07:25+08:00 ] 127.0.0.1 /westfilms/server/index.php?m=User&c=user&a=login
INFO: [ app_init ] --START--
INFO: Run Behavior\BuildLiteBehavior [ RunTime:0.000000s ]
INFO: [ app_init ] --END-- [ RunTime:0.002000s ]
INFO: [ app_begin ] --START--
INFO: Run Behavior\ReadHtmlCacheBehavior [ RunTime:0.001000s ]
INFO: [ app_begin ] --END-- [ RunTime:0.001000s ]
NOTIC: [8] Undefined variable: id D:\wamp\www\westfilms\server\Apps\User\Controller\UserController.class.php 第 86 行.

[ 2015-07-02T12:08:03+08:00 ] 127.0.0.1 /westfilms/server/index.php?m=User&c=Api&a=verify
INFO: [ app_init ] --START--
INFO: Run Behavior\BuildLiteBehavior [ RunTime:0.000000s ]
INFO: [ app_init ] --END-- [ RunTime:0.001000s ]
INFO: [ app_begin ] --START--
INFO: Run Behavior\ReadHtmlCacheBehavior [ RunTime:0.001000s ]
INFO: [ app_begin ] --END-- [ RunTime:0.001000s ]
INFO: [ app_end ] --START--
INFO: Run Behavior\ShowPageTraceBehavior [ RunTime:0.025002s ]
INFO: [ app_end ] --END-- [ RunTime:0.025002s ]

[ 2015-07-02T12:08:06+08:00 ] 127.0.0.1 /westfilms/server/index.php?m=User&c=Api&a=verify&localeTime=1435810086570
INFO: [ app_init ] --START--
INFO: Run Behavior\BuildLiteBehavior [ RunTime:0.000000s ]
INFO: [ app_init ] --END-- [ RunTime:0.001000s ]
INFO: [ app_begin ] --START--
INFO: Run Behavior\ReadHtmlCacheBehavior [ RunTime:0.001001s ]
INFO: [ app_begin ] --END-- [ RunTime:0.001001s ]
INFO: [ app_end ] --START--
INFO: Run Behavior\ShowPageTraceBehavior [ RunTime:0.001000s ]
INFO: [ app_end ] --END-- [ RunTime:0.001000s ]

[ 2015-07-02T12:08:08+08:00 ] 127.0.0.1 /westfilms/server/index.php?m=User&c=Api&a=verify&localeTime=1435810088792
INFO: [ app_init ] --START--
INFO: Run Behavior\BuildLiteBehavior [ RunTime:0.000000s ]
INFO: [ app_init ] --END-- [ RunTime:0.001000s ]
INFO: [ app_begin ] --START--
INFO: Run Behavior\ReadHtmlCacheBehavior [ RunTime:0.001000s ]
INFO: [ app_begin ] --END-- [ RunTime:0.001000s ]
INFO: [ app_end ] --START--
INFO: Run Behavior\ShowPageTraceBehavior [ RunTime:0.001000s ]
INFO: [ app_end ] --END-- [ RunTime:0.001000s ]

[ 2015-07-02T12:08:09+08:00 ] 127.0.0.1 /westfilms/server/index.php?m=User&c=Api&a=verify&localeTime=1435810089639
INFO: [ app_init ] --START--
INFO: Run Behavior\BuildLiteBehavior [ RunTime:0.001000s ]
INFO: [ app_init ] --END-- [ RunTime:0.001000s ]
INFO: [ app_begin ] --START--
INFO: Run Behavior\ReadHtmlCacheBehavior [ RunTime:0.001000s ]
INFO: [ app_begin ] --END-- [ RunTime:0.002000s ]
INFO: [ app_end ] --START--
INFO: Run Behavior\ShowPageTraceBehavior [ RunTime:0.000000s ]
INFO: [ app_end ] --END-- [ RunTime:0.000000s ]

[ 2015-07-02T12:08:24+08:00 ] 127.0.0.1 /westfilms/server/index.php?m=User&c=Api&a=verify
INFO: [ app_init ] --START--
INFO: Run Behavior\BuildLiteBehavior [ RunTime:0.001000s ]
INFO: [ app_init ] --END-- [ RunTime:0.001000s ]
INFO: [ app_begin ] --START--
INFO: Run Behavior\ReadHtmlCacheBehavior [ RunTime:0.001000s ]
INFO: [ app_begin ] --END-- [ RunTime:0.001000s ]
INFO: [ app_end ] --START--
INFO: Run Behavior\ShowPageTraceBehavior [ RunTime:0.001000s ]
INFO: [ app_end ] --END-- [ RunTime:0.001000s ]

[ 2015-07-02T12:08:28+08:00 ] 127.0.0.1 /westfilms/server/index.php?m=User&c=Api&a=verify
INFO: [ app_init ] --START--
INFO: Run Behavior\BuildLiteBehavior [ RunTime:0.000000s ]
INFO: [ app_init ] --END-- [ RunTime:0.001000s ]
INFO: [ app_begin ] --START--
INFO: Run Behavior\ReadHtmlCacheBehavior [ RunTime:0.001000s ]
INFO: [ app_begin ] --END-- [ RunTime:0.001000s ]
INFO: [ app_end ] --START--
INFO: Run Behavior\ShowPageTraceBehavior [ RunTime:0.000000s ]
INFO: [ app_end ] --END-- [ RunTime:0.001000s ]

[ 2015-07-02T12:08:34+08:00 ] 127.0.0.1 /westfilms/server/index.php?m=User&c=Api&a=verify
INFO: [ app_init ] --START--
INFO: Run Behavior\BuildLiteBehavior [ RunTime:0.000000s ]
INFO: [ app_init ] --END-- [ RunTime:0.001000s ]
INFO: [ app_begin ] --START--
INFO: Run Behavior\ReadHtmlCacheBehavior [ RunTime:0.001000s ]
INFO: [ app_begin ] --END-- [ RunTime:0.001000s ]
INFO: [ app_end ] --START--
INFO: Run Behavior\ShowPageTraceBehavior [ RunTime:0.001000s ]
INFO: [ app_end ] --END-- [ RunTime:0.002000s ]

[ 2015-07-02T12:08:34+08:00 ] 127.0.0.1 /westfilms/server/index.php?m=User&c=Api&a=verify
INFO: [ app_init ] --START--
INFO: Run Behavior\BuildLiteBehavior [ RunTime:0.000000s ]
INFO: [ app_init ] --END-- [ RunTime:0.001000s ]
INFO: [ app_begin ] --START--
INFO: Run Behavior\ReadHtmlCacheBehavior [ RunTime:0.001000s ]
INFO: [ app_begin ] --END-- [ RunTime:0.001000s ]
INFO: [ app_end ] --START--
INFO: Run Behavior\ShowPageTraceBehavior [ RunTime:0.001000s ]
INFO: [ app_end ] --END-- [ RunTime:0.001000s ]

[ 2015-07-02T12:08:39+08:00 ] 127.0.0.1 /westfilms/server/index.php?m=User&c=Api&a=verify
INFO: [ app_init ] --START--
INFO: Run Behavior\BuildLiteBehavior [ RunTime:0.000000s ]
INFO: [ app_init ] --END-- [ RunTime:0.002000s ]
INFO: [ app_begin ] --START--
INFO: Run Behavior\ReadHtmlCacheBehavior [ RunTime:0.000000s ]
INFO: [ app_begin ] --END-- [ RunTime:0.000000s ]
INFO: [ app_end ] --START--
INFO: Run Behavior\ShowPageTraceBehavior [ RunTime:0.003000s ]
INFO: [ app_end ] --END-- [ RunTime:0.003000s ]

[ 2015-07-02T12:08:39+08:00 ] 127.0.0.1 /westfilms/server/index.php?m=User&c=Api&a=verify
INFO: [ app_init ] --START--
INFO: Run Behavior\BuildLiteBehavior [ RunTime:0.000000s ]
INFO: [ app_init ] --END-- [ RunTime:0.000000s ]
INFO: [ app_begin ] --START--
INFO: Run Behavior\ReadHtmlCacheBehavior [ RunTime:0.000000s ]
INFO: [ app_begin ] --END-- [ RunTime:0.001000s ]
INFO: [ app_end ] --START--
INFO: Run Behavior\ShowPageTraceBehavior [ RunTime:0.001001s ]
INFO: [ app_end ] --END-- [ RunTime:0.001001s ]

[ 2015-07-02T12:08:42+08:00 ] 127.0.0.1 /westfilms/server/index.php?m=User&c=Api&a=verify
INFO: [ app_init ] --START--
INFO: Run Behavior\BuildLiteBehavior [ RunTime:0.000000s ]
INFO: [ app_init ] --END-- [ RunTime:0.000000s ]
INFO: [ app_begin ] --START--
INFO: Run Behavior\ReadHtmlCacheBehavior [ RunTime:0.001000s ]
INFO: [ app_begin ] --END-- [ RunTime:0.001000s ]
INFO: [ app_end ] --START--
INFO: Run Behavior\ShowPageTraceBehavior [ RunTime:0.001000s ]
INFO: [ app_end ] --END-- [ RunTime:0.001000s ]

[ 2015-07-02T12:08:42+08:00 ] 127.0.0.1 /westfilms/server/index.php?m=User&c=Api&a=verify
INFO: [ app_init ] --START--
INFO: Run Behavior\BuildLiteBehavior [ RunTime:0.000000s ]
INFO: [ app_init ] --END-- [ RunTime:0.001001s ]
INFO: [ app_begin ] --START--
INFO: Run Behavior\ReadHtmlCacheBehavior [ RunTime:0.001000s ]
INFO: [ app_begin ] --END-- [ RunTime:0.001000s ]
INFO: [ app_end ] --START--
INFO: Run Behavior\ShowPageTraceBehavior [ RunTime:0.001000s ]
INFO: [ app_end ] --END-- [ RunTime:0.001000s ]

[ 2015-07-02T12:09:09+08:00 ] 127.0.0.1 /westfilms/server/index.php?m=User&c=user&a=login
INFO: [ app_init ] --START--
INFO: Run Behavior\BuildLiteBehavior [ RunTime:0.000000s ]
INFO: [ app_init ] --END-- [ RunTime:0.001000s ]
INFO: [ app_begin ] --START--
INFO: Run Behavior\ReadHtmlCacheBehavior [ RunTime:0.000000s ]
INFO: [ app_begin ] --END-- [ RunTime:0.000000s ]
NOTIC: [8] Undefined variable: id D:\wamp\www\westfilms\server\Apps\User\Controller\UserController.class.php 第 86 行.

[ 2015-07-02T12:09:19+08:00 ] 127.0.0.1 /westfilms/server/index.php?m=User&c=Api&a=verify
INFO: [ app_init ] --START--
INFO: Run Behavior\BuildLiteBehavior [ RunTime:0.000000s ]
INFO: [ app_init ] --END-- [ RunTime:0.001000s ]
INFO: [ app_begin ] --START--
INFO: Run Behavior\ReadHtmlCacheBehavior [ RunTime:0.000000s ]
INFO: [ app_begin ] --END-- [ RunTime:0.002000s ]
INFO: [ app_end ] --START--
INFO: Run Behavior\ShowPageTraceBehavior [ RunTime:0.001000s ]
INFO: [ app_end ] --END-- [ RunTime:0.001000s ]

[ 2015-07-02T12:09:35+08:00 ] 127.0.0.1 /westfilms/server/index.php?m=User&c=user&a=login
INFO: [ app_init ] --START--
INFO: Run Behavior\BuildLiteBehavior [ RunTime:0.000000s ]
INFO: [ app_init ] --END-- [ RunTime:0.001000s ]
INFO: [ app_begin ] --START--
INFO: Run Behavior\ReadHtmlCacheBehavior [ RunTime:0.001000s ]
INFO: [ app_begin ] --END-- [ RunTime:0.001000s ]
NOTIC: [8] Undefined variable: id D:\wamp\www\westfilms\server\Apps\User\Controller\UserController.class.php 第 86 行.
SQL: SHOW COLUMNS FROM `west_user` [ RunTime:0.0030s ]
SQL: SELECT * FROM `west_user` WHERE `username` = 'ztf' LIMIT 1   [ RunTime:0.0000s ]

[ 2015-07-02T12:10:43+08:00 ] 127.0.0.1 /westfilms/server/index.php?m=User&c=user&a=login
INFO: [ app_init ] --START--
INFO: Run Behavior\BuildLiteBehavior [ RunTime:0.000000s ]
INFO: [ app_init ] --END-- [ RunTime:0.000000s ]
INFO: [ app_begin ] --START--
INFO: Run Behavior\ReadHtmlCacheBehavior [ RunTime:0.001000s ]
INFO: [ app_begin ] --END-- [ RunTime:0.001000s ]
NOTIC: [8] Undefined variable: id D:\wamp\www\westfilms\server\Apps\User\Controller\UserController.class.php 第 86 行.

[ 2015-07-02T12:10:44+08:00 ] 127.0.0.1 /westfilms/server/index.php?m=User&c=Api&a=verify&localeTime=1435810244422
INFO: [ app_init ] --START--
INFO: Run Behavior\BuildLiteBehavior [ RunTime:0.000000s ]
INFO: [ app_init ] --END-- [ RunTime:0.001001s ]
INFO: [ app_begin ] --START--
INFO: Run Behavior\ReadHtmlCacheBehavior [ RunTime:0.001000s ]
INFO: [ app_begin ] --END-- [ RunTime:0.001000s ]
INFO: [ app_end ] --START--
INFO: Run Behavior\ShowPageTraceBehavior [ RunTime:0.001000s ]
INFO: [ app_end ] --END-- [ RunTime:0.002000s ]

[ 2015-07-02T12:10:49+08:00 ] 127.0.0.1 /westfilms/server/index.php?m=User&c=user&a=login
INFO: [ app_init ] --START--
INFO: Run Behavior\BuildLiteBehavior [ RunTime:0.001000s ]
INFO: [ app_init ] --END-- [ RunTime:0.001000s ]
INFO: [ app_begin ] --START--
INFO: Run Behavior\ReadHtmlCacheBehavior [ RunTime:0.001000s ]
INFO: [ app_begin ] --END-- [ RunTime:0.002000s ]
NOTIC: [8] Undefined variable: id D:\wamp\www\westfilms\server\Apps\User\Controller\UserController.class.php 第 86 行.
SQL: SHOW COLUMNS FROM `west_user` [ RunTime:0.0030s ]
SQL: SELECT * FROM `west_user` WHERE `username` = 'ztf' LIMIT 1   [ RunTime:0.0000s ]

[ 2015-07-02T12:12:25+08:00 ] 127.0.0.1 /westfilms/server/index.php?m=user&c=episodes&a=add
INFO: [ app_init ] --START--
INFO: Run Behavior\BuildLiteBehavior [ RunTime:0.000000s ]
INFO: [ app_init ] --END-- [ RunTime:0.001000s ]
INFO: [ app_begin ] --START--
INFO: Run Behavior\ReadHtmlCacheBehavior [ RunTime:0.001000s ]
INFO: [ app_begin ] --END-- [ RunTime:0.002000s ]
NOTIC: [8] Use of undefined constant ture - assumed 'ture' D:\wamp\www\westfilms\server\Apps\User\Controller\BaseController.class.php 第 29 行.
SQL: SHOW COLUMNS FROM `west_episodes` [ RunTime:0.0030s ]
SQL: INSERT INTO `west_episodes` (`uid`,`title`,`big_img`,`thumbnail`,`summary`,`source`,`author`,`content`,`release_time`,`status`,`recommend`,`top`,`modify_time`) VALUES ('13','afda','no','asdfasdf','asdfasdfasdfxczxc','asdfasdf','ghjdfghdgh','65465465','1435810345','1','0','0','1435810345') [ RunTime:0.0390s ]
SQL: SHOW COLUMNS FROM `west_log` [ RunTime:0.0030s ]
SQL: INSERT INTO `west_log` (`uid`,`type`,`target`,`target_id`,`target_name`,`modify_time`) VALUES ('13','add','episodes','1','afda','1435810345') [ RunTime:0.0270s ]

[ 2015-07-02T12:13:07+08:00 ] 127.0.0.1 /westfilms/server/index.php?m=user&c=episodes&a=edit
INFO: [ app_init ] --START--
INFO: Run Behavior\BuildLiteBehavior [ RunTime:0.000000s ]
INFO: [ app_init ] --END-- [ RunTime:0.001000s ]
INFO: [ app_begin ] --START--
INFO: Run Behavior\ReadHtmlCacheBehavior [ RunTime:0.001001s ]
INFO: [ app_begin ] --END-- [ RunTime:0.002001s ]
NOTIC: [8] Use of undefined constant ture - assumed 'ture' D:\wamp\www\westfilms\server\Apps\User\Controller\BaseController.class.php 第 29 行.
SQL: SHOW COLUMNS FROM `west_episodes` [ RunTime:0.0040s ]
SQL: SELECT * FROM `west_episodes` WHERE ( id = 1 ) LIMIT 1   [ RunTime:0.0000s ]
SQL: UPDATE `west_episodes` SET `title`='AAAAA',`big_img`='no',`thumbnail`='AAAAVVVV',`summary`='DFSFDSFSDxc',`source`='asdSDDSFasdf',`author`='gDFESDFSDFgh',`content`='654SDFSDFSDFDSF',`modify_time`='1435810387' WHERE ( id = 1 ) [ RunTime:0.0720s ]
SQL: SHOW COLUMNS FROM `west_log` [ RunTime:0.0030s ]
SQL: INSERT INTO `west_log` (`uid`,`type`,`target`,`target_id`,`target_name`,`modify_time`) VALUES ('13','edit','episodes','1','AAAAA','1435810387') [ RunTime:0.0330s ]

[ 2015-07-02T12:13:20+08:00 ] 127.0.0.1 /westfilms/server/index.php?m=user&c=episodes&a=add
INFO: [ app_init ] --START--
INFO: Run Behavior\BuildLiteBehavior [ RunTime:0.000000s ]
INFO: [ app_init ] --END-- [ RunTime:0.001000s ]
INFO: [ app_begin ] --START--
INFO: Run Behavior\ReadHtmlCacheBehavior [ RunTime:0.001000s ]
INFO: [ app_begin ] --END-- [ RunTime:0.001000s ]
NOTIC: [8] Use of undefined constant ture - assumed 'ture' D:\wamp\www\westfilms\server\Apps\User\Controller\BaseController.class.php 第 29 行.
SQL: SHOW COLUMNS FROM `west_episodes` [ RunTime:0.0030s ]
SQL: INSERT INTO `west_episodes` (`uid`,`title`,`big_img`,`thumbnail`,`summary`,`source`,`author`,`content`,`release_time`,`status`,`recommend`,`top`,`modify_time`) VALUES ('13','AAAAA','no','AAAAVVVV','DFSFDSFSDxc','asdSDDSFasdf','gDFESDFSDFgh','654SDFSDFSDFDSF','1435810399','1','0','0','1435810399') [ RunTime:0.0750s ]
SQL: SHOW COLUMNS FROM `west_log` [ RunTime:0.0040s ]
SQL: INSERT INTO `west_log` (`uid`,`type`,`target`,`target_id`,`target_name`,`modify_time`) VALUES ('13','add','episodes','2','AAAAA','1435810400') [ RunTime:0.0720s ]

[ 2015-07-02T12:13:58+08:00 ] 127.0.0.1 /westfilms/server/index.php?m=user&c=episodes&a=add
INFO: [ app_init ] --START--
INFO: Run Behavior\BuildLiteBehavior [ RunTime:0.000000s ]
INFO: [ app_init ] --END-- [ RunTime:0.001000s ]
INFO: [ app_begin ] --START--
INFO: Run Behavior\ReadHtmlCacheBehavior [ RunTime:0.000000s ]
INFO: [ app_begin ] --END-- [ RunTime:0.000000s ]
NOTIC: [8] Use of undefined constant ture - assumed 'ture' D:\wamp\www\westfilms\server\Apps\User\Controller\BaseController.class.php 第 29 行.
SQL: SHOW COLUMNS FROM `west_episodes` [ RunTime:0.0030s ]
SQL: INSERT INTO `west_episodes` (`uid`,`title`,`big_img`,`thumbnail`,`summary`,`source`,`author`,`content`,`release_time`,`status`,`recommend`,`top`,`modify_time`) VALUES ('13','SDFDSDSF','no','AAAAVVVV','DFSFDSFSDxc','asdSDDSFasdf','gDFESDFSDFgh','654SDFSDFSDFDSF','1435810438','1','0','0','1435810438') [ RunTime:0.0390s ]
SQL: SHOW COLUMNS FROM `west_log` [ RunTime:0.0040s ]
SQL: INSERT INTO `west_log` (`uid`,`type`,`target`,`target_id`,`target_name`,`modify_time`) VALUES ('13','add','episodes','3','SDFDSDSF','1435810438') [ RunTime:0.0260s ]

[ 2015-07-02T12:14:03+08:00 ] 127.0.0.1 /westfilms/server/index.php?m=user&c=episodes&a=add
INFO: [ app_init ] --START--
INFO: Run Behavior\BuildLiteBehavior [ RunTime:0.000000s ]
INFO: [ app_init ] --END-- [ RunTime:0.000000s ]
INFO: [ app_begin ] --START--
INFO: Run Behavior\ReadHtmlCacheBehavior [ RunTime:0.001000s ]
INFO: [ app_begin ] --END-- [ RunTime:0.001000s ]
NOTIC: [8] Use of undefined constant ture - assumed 'ture' D:\wamp\www\westfilms\server\Apps\User\Controller\BaseController.class.php 第 29 行.
SQL: SHOW COLUMNS FROM `west_episodes` [ RunTime:0.0030s ]
SQL: INSERT INTO `west_episodes` (`uid`,`title`,`big_img`,`thumbnail`,`summary`,`source`,`author`,`content`,`release_time`,`status`,`recommend`,`top`,`modify_time`) VALUES ('13','SSDFDXZCXZCF','no','AAAAVVVV','DFSFDSFSDxc','asdSDDSFasdf','gDFESDFSDFgh','654SDFSDFSDFDSF','1435810443','1','0','0','1435810443') [ RunTime:0.0350s ]
SQL: SHOW COLUMNS FROM `west_log` [ RunTime:0.0030s ]
SQL: INSERT INTO `west_log` (`uid`,`type`,`target`,`target_id`,`target_name`,`modify_time`) VALUES ('13','add','episodes','4','SSDFDXZCXZCF','1435810443') [ RunTime:0.1420s ]

[ 2015-07-02T12:14:06+08:00 ] 127.0.0.1 /westfilms/server/index.php?m=user&c=episodes&a=add
INFO: [ app_init ] --START--
INFO: Run Behavior\BuildLiteBehavior [ RunTime:0.000000s ]
INFO: [ app_init ] --END-- [ RunTime:0.001000s ]
INFO: [ app_begin ] --START--
INFO: Run Behavior\ReadHtmlCacheBehavior [ RunTime:0.001000s ]
INFO: [ app_begin ] --END-- [ RunTime:0.001000s ]
NOTIC: [8] Use of undefined constant ture - assumed 'ture' D:\wamp\www\westfilms\server\Apps\User\Controller\BaseController.class.php 第 29 行.
SQL: SHOW COLUMNS FROM `west_episodes` [ RunTime:0.0030s ]
SQL: INSERT INTO `west_episodes` (`uid`,`title`,`big_img`,`thumbnail`,`summary`,`source`,`author`,`content`,`release_time`,`status`,`recommend`,`top`,`modify_time`) VALUES ('13','SSDsdfasdfsCXZCF','no','AAAAVVVV','DFSFDSFSDxc','asdSDDSFasdf','gDFESDFSDFgh','654SDFSDFSDFDSF','1435810446','1','0','0','1435810446') [ RunTime:0.0330s ]
SQL: SHOW COLUMNS FROM `west_log` [ RunTime:0.0040s ]
SQL: INSERT INTO `west_log` (`uid`,`type`,`target`,`target_id`,`target_name`,`modify_time`) VALUES ('13','add','episodes','5','SSDsdfasdfsCXZCF','1435810446') [ RunTime:0.0340s ]

[ 2015-07-02T12:14:08+08:00 ] 127.0.0.1 /westfilms/server/index.php?m=user&c=episodes&a=add
INFO: [ app_init ] --START--
INFO: Run Behavior\BuildLiteBehavior [ RunTime:0.000000s ]
INFO: [ app_init ] --END-- [ RunTime:0.000000s ]
INFO: [ app_begin ] --START--
INFO: Run Behavior\ReadHtmlCacheBehavior [ RunTime:0.000000s ]
INFO: [ app_begin ] --END-- [ RunTime:0.001000s ]
NOTIC: [8] Use of undefined constant ture - assumed 'ture' D:\wamp\www\westfilms\server\Apps\User\Controller\BaseController.class.php 第 29 行.
SQL: SHOW COLUMNS FROM `west_episodes` [ RunTime:0.0050s ]
SQL: INSERT INTO `west_episodes` (`uid`,`title`,`big_img`,`thumbnail`,`summary`,`source`,`author`,`content`,`release_time`,`status`,`recommend`,`top`,`modify_time`) VALUES ('13','SSasdfasdfCXZCF','no','AAAAVVVV','DFSFDSFSDxc','asdSDDSFasdf','gDFESDFSDFgh','654SDFSDFSDFDSF','1435810447','1','0','0','1435810447') [ RunTime:0.0470s ]
SQL: SHOW COLUMNS FROM `west_log` [ RunTime:0.0040s ]
SQL: INSERT INTO `west_log` (`uid`,`type`,`target`,`target_id`,`target_name`,`modify_time`) VALUES ('13','add','episodes','6','SSasdfasdfCXZCF','1435810447') [ RunTime:0.0260s ]

[ 2015-07-02T12:14:09+08:00 ] 127.0.0.1 /westfilms/server/index.php?m=user&c=episodes&a=add
INFO: [ app_init ] --START--
INFO: Run Behavior\BuildLiteBehavior [ RunTime:0.000000s ]
INFO: [ app_init ] --END-- [ RunTime:0.001000s ]
INFO: [ app_begin ] --START--
INFO: Run Behavior\ReadHtmlCacheBehavior [ RunTime:0.001000s ]
INFO: [ app_begin ] --END-- [ RunTime:0.001000s ]
NOTIC: [8] Use of undefined constant ture - assumed 'ture' D:\wamp\www\westfilms\server\Apps\User\Controller\BaseController.class.php 第 29 行.
SQL: SHOW COLUMNS FROM `west_episodes` [ RunTime:0.0040s ]
SQL: INSERT INTO `west_episodes` (`uid`,`title`,`big_img`,`thumbnail`,`summary`,`source`,`author`,`content`,`release_time`,`status`,`recommend`,`top`,`modify_time`) VALUES ('13','asdfasdfdfCXZCF','no','AAAAVVVV','DFSFDSFSDxc','asdSDDSFasdf','gDFESDFSDFgh','654SDFSDFSDFDSF','1435810449','1','0','0','1435810449') [ RunTime:0.0440s ]
SQL: SHOW COLUMNS FROM `west_log` [ RunTime:0.0040s ]
SQL: INSERT INTO `west_log` (`uid`,`type`,`target`,`target_id`,`target_name`,`modify_time`) VALUES ('13','add','episodes','7','asdfasdfdfCXZCF','1435810449') [ RunTime:0.0270s ]

[ 2015-07-02T12:14:11+08:00 ] 127.0.0.1 /westfilms/server/index.php?m=user&c=episodes&a=add
INFO: [ app_init ] --START--
INFO: Run Behavior\BuildLiteBehavior [ RunTime:0.000000s ]
INFO: [ app_init ] --END-- [ RunTime:0.000000s ]
INFO: [ app_begin ] --START--
INFO: Run Behavior\ReadHtmlCacheBehavior [ RunTime:0.000000s ]
INFO: [ app_begin ] --END-- [ RunTime:0.001000s ]
NOTIC: [8] Use of undefined constant ture - assumed 'ture' D:\wamp\www\westfilms\server\Apps\User\Controller\BaseController.class.php 第 29 行.
SQL: SHOW COLUMNS FROM `west_episodes` [ RunTime:0.0030s ]
SQL: INSERT INTO `west_episodes` (`uid`,`title`,`big_img`,`thumbnail`,`summary`,`source`,`author`,`content`,`release_time`,`status`,`recommend`,`top`,`modify_time`) VALUES ('13','aasdfasdffdfCXZCF','no','AAAAVVVV','DFSFDSFSDxc','asdSDDSFasdf','gDFESDFSDFgh','654SDFSDFSDFDSF','1435810451','1','0','0','1435810451') [ RunTime:0.0760s ]
SQL: SHOW COLUMNS FROM `west_log` [ RunTime:0.0040s ]
SQL: INSERT INTO `west_log` (`uid`,`type`,`target`,`target_id`,`target_name`,`modify_time`) VALUES ('13','add','episodes','8','aasdfasdffdfCXZCF','1435810451') [ RunTime:0.0790s ]

[ 2015-07-02T12:14:25+08:00 ] 127.0.0.1 /westfilms/server/index.php?m=user&c=episodes&a=edit
INFO: [ app_init ] --START--
INFO: Run Behavior\BuildLiteBehavior [ RunTime:0.000000s ]
INFO: [ app_init ] --END-- [ RunTime:0.000000s ]
INFO: [ app_begin ] --START--
INFO: Run Behavior\ReadHtmlCacheBehavior [ RunTime:0.000000s ]
INFO: [ app_begin ] --END-- [ RunTime:0.001000s ]
NOTIC: [8] Use of undefined constant ture - assumed 'ture' D:\wamp\www\westfilms\server\Apps\User\Controller\BaseController.class.php 第 29 行.
SQL: SHOW COLUMNS FROM `west_episodes` [ RunTime:0.0040s ]
SQL: SELECT * FROM `west_episodes` WHERE ( id = -2 ) LIMIT 1   [ RunTime:0.0630s ]

[ 2015-07-02T12:14:30+08:00 ] 127.0.0.1 /westfilms/server/index.php?m=user&c=episodes&a=edit
INFO: [ app_init ] --START--
INFO: Run Behavior\BuildLiteBehavior [ RunTime:0.000000s ]
INFO: [ app_init ] --END-- [ RunTime:0.001000s ]
INFO: [ app_begin ] --START--
INFO: Run Behavior\ReadHtmlCacheBehavior [ RunTime:0.001000s ]
INFO: [ app_begin ] --END-- [ RunTime:0.001000s ]
NOTIC: [8] Use of undefined constant ture - assumed 'ture' D:\wamp\www\westfilms\server\Apps\User\Controller\BaseController.class.php 第 29 行.
SQL: SHOW COLUMNS FROM `west_episodes` [ RunTime:0.0040s ]
SQL: SELECT * FROM `west_episodes` WHERE ( id = 2 ) LIMIT 1   [ RunTime:0.0000s ]
SQL: UPDATE `west_episodes` SET `title`='CDSDFDCXZCF',`big_img`='no',`thumbnail`='AAAAVVVV',`summary`='DFSFDSFSDxc',`source`='asdSDDSFasdf',`author`='gDFESDFSDFgh',`content`='654SDFSDFSDFDSF',`modify_time`='1435810470' WHERE ( id = 2 ) [ RunTime:0.0760s ]
SQL: SHOW COLUMNS FROM `west_log` [ RunTime:0.0030s ]
SQL: INSERT INTO `west_log` (`uid`,`type`,`target`,`target_id`,`target_name`,`modify_time`) VALUES ('13','edit','episodes','2','CDSDFDCXZCF','1435810470') [ RunTime:0.0370s ]

[ 2015-07-02T12:14:38+08:00 ] 127.0.0.1 /westfilms/server/index.php?m=user&c=episodes&a=del
INFO: [ app_init ] --START--
INFO: Run Behavior\BuildLiteBehavior [ RunTime:0.000000s ]
INFO: [ app_init ] --END-- [ RunTime:0.000000s ]
INFO: [ app_begin ] --START--
INFO: Run Behavior\ReadHtmlCacheBehavior [ RunTime:0.000000s ]
INFO: [ app_begin ] --END-- [ RunTime:0.000000s ]
NOTIC: [8] Use of undefined constant ture - assumed 'ture' D:\wamp\www\westfilms\server\Apps\User\Controller\BaseController.class.php 第 29 行.
SQL: SHOW COLUMNS FROM `west_episodes` [ RunTime:0.0040s ]
SQL: SELECT * FROM `west_episodes` WHERE ( id = 2 ) LIMIT 1   [ RunTime:0.0000s ]
SQL: UPDATE `west_episodes` SET `status`='0' WHERE ( id = 2 ) [ RunTime:0.0630s ]
SQL: SHOW COLUMNS FROM `west_log` [ RunTime:0.0030s ]
SQL: INSERT INTO `west_log` (`uid`,`type`,`target`,`target_id`,`target_name`,`modify_time`) VALUES ('13','del','episodes','2','CDSDFDCXZCF','1435810478') [ RunTime:0.0270s ]

[ 2015-07-02T12:15:08+08:00 ] 127.0.0.1 /westfilms/server/index.php?m=user&c=episodes&a=del
INFO: [ app_init ] --START--
INFO: Run Behavior\BuildLiteBehavior [ RunTime:0.000000s ]
INFO: [ app_init ] --END-- [ RunTime:0.001000s ]
INFO: [ app_begin ] --START--
INFO: Run Behavior\ReadHtmlCacheBehavior [ RunTime:0.001000s ]
INFO: [ app_begin ] --END-- [ RunTime:0.001000s ]
NOTIC: [8] Use of undefined constant ture - assumed 'ture' D:\wamp\www\westfilms\server\Apps\User\Controller\BaseController.class.php 第 29 行.
SQL: SHOW COLUMNS FROM `west_episodes` [ RunTime:0.0030s ]
SQL: SELECT * FROM `west_episodes` WHERE ( id = 2 ) LIMIT 1   [ RunTime:0.0010s ]
SQL: UPDATE `west_episodes` SET `status`='0' WHERE ( id = 2 ) [ RunTime:0.1120s ]

[ 2015-07-02T12:15:30+08:00 ] 127.0.0.1 /westfilms/server/index.php?m=user&c=episodes&a=del
INFO: [ app_init ] --START--
INFO: Run Behavior\BuildLiteBehavior [ RunTime:0.000000s ]
INFO: [ app_init ] --END-- [ RunTime:0.001000s ]
INFO: [ app_begin ] --START--
INFO: Run Behavior\ReadHtmlCacheBehavior [ RunTime:0.001000s ]
INFO: [ app_begin ] --END-- [ RunTime:0.001000s ]
NOTIC: [8] Use of undefined constant ture - assumed 'ture' D:\wamp\www\westfilms\server\Apps\User\Controller\BaseController.class.php 第 29 行.
SQL: SHOW COLUMNS FROM `west_episodes` [ RunTime:0.0030s ]
SQL: SELECT * FROM `west_episodes` WHERE ( id = 1 ) LIMIT 1   [ RunTime:0.0010s ]
SQL: UPDATE `west_episodes` SET `status`='0' WHERE ( id = 1 ) [ RunTime:0.0370s ]
SQL: SHOW COLUMNS FROM `west_log` [ RunTime:0.0030s ]
SQL: INSERT INTO `west_log` (`uid`,`type`,`target`,`target_id`,`target_name`,`modify_time`) VALUES ('13','del','episodes','1','AAAAA','1435810530') [ RunTime:0.0280s ]

[ 2015-07-02T12:20:32+08:00 ] 127.0.0.1 /westfilms/server/index.php?m=User&c=user&a=logout
INFO: [ app_init ] --START--
INFO: Run Behavior\BuildLiteBehavior [ RunTime:0.000000s ]
INFO: [ app_init ] --END-- [ RunTime:0.000000s ]
INFO: [ app_begin ] --START--
INFO: Run Behavior\ReadHtmlCacheBehavior [ RunTime:0.001000s ]
INFO: [ app_begin ] --END-- [ RunTime:0.001000s ]

[ 2015-07-02T12:20:33+08:00 ] 127.0.0.1 /westfilms/server/index.php?m=User&c=Api&a=verify
INFO: [ app_init ] --START--
INFO: Run Behavior\BuildLiteBehavior [ RunTime:0.000000s ]
INFO: [ app_init ] --END-- [ RunTime:0.000000s ]
INFO: [ app_begin ] --START--
INFO: Run Behavior\ReadHtmlCacheBehavior [ RunTime:0.001000s ]
INFO: [ app_begin ] --END-- [ RunTime:0.001000s ]
INFO: [ app_end ] --START--
INFO: Run Behavior\ShowPageTraceBehavior [ RunTime:0.001000s ]
INFO: [ app_end ] --END-- [ RunTime:0.001000s ]

[ 2015-07-02T12:20:41+08:00 ] 127.0.0.1 /westfilms/server/index.php?m=User&c=user&a=login
INFO: [ app_init ] --START--
INFO: Run Behavior\BuildLiteBehavior [ RunTime:0.000000s ]
INFO: [ app_init ] --END-- [ RunTime:0.000000s ]
INFO: [ app_begin ] --START--
INFO: Run Behavior\ReadHtmlCacheBehavior [ RunTime:0.001000s ]
INFO: [ app_begin ] --END-- [ RunTime:0.001000s ]
NOTIC: [8] Undefined variable: id D:\wamp\www\westfilms\server\Apps\User\Controller\UserController.class.php 第 86 行.
SQL: SHOW COLUMNS FROM `west_user` [ RunTime:0.0030s ]
SQL: SELECT * FROM `west_user` WHERE `username` = 'liang' LIMIT 1   [ RunTime:0.0000s ]

[ 2015-07-02T12:22:12+08:00 ] 127.0.0.1 /westfilms/server/index.php?m=user&c=user&a=editInfo
INFO: [ app_init ] --START--
INFO: Run Behavior\BuildLiteBehavior [ RunTime:0.000000s ]
INFO: [ app_init ] --END-- [ RunTime:0.000000s ]
INFO: [ app_begin ] --START--
INFO: Run Behavior\ReadHtmlCacheBehavior [ RunTime:0.001000s ]
INFO: [ app_begin ] --END-- [ RunTime:0.001000s ]
NOTIC: [8] Use of undefined constant ture - assumed 'ture' D:\wamp\www\westfilms\server\Apps\User\Controller\BaseController.class.php 第 29 行.
SQL: SHOW COLUMNS FROM `west_user` [ RunTime:0.0040s ]
SQL: SHOW COLUMNS FROM `west_company` [ RunTime:0.0030s ]
SQL: UPDATE `west_company` SET `uid`='32',`mail`='',`tel`='',`wechat_url`='aasdfasdf',`introduction`='asdfasdf',`detail`='asdfasdf',`banner_url`='asdfasdf',`modify_time`='1435810932' WHERE ( uid = '32' ) [ RunTime:0.0670s ]

[ 2015-07-02T12:22:48+08:00 ] 127.0.0.1 /westfilms/server/index.php?m=user&c=user&a=editInfo
INFO: [ app_init ] --START--
INFO: Run Behavior\BuildLiteBehavior [ RunTime:0.001000s ]
INFO: [ app_init ] --END-- [ RunTime:0.001000s ]
INFO: [ app_begin ] --START--
INFO: Run Behavior\ReadHtmlCacheBehavior [ RunTime:0.001000s ]
INFO: [ app_begin ] --END-- [ RunTime:0.001000s ]
NOTIC: [8] Use of undefined constant ture - assumed 'ture' D:\wamp\www\westfilms\server\Apps\User\Controller\BaseController.class.php 第 29 行.
SQL: SHOW COLUMNS FROM `west_user` [ RunTime:0.0030s ]
SQL: SHOW COLUMNS FROM `west_company` [ RunTime:0.0040s ]
SQL: UPDATE `west_company` SET `uid`='32',`mail`='asdfas',`tel`='12341234',`wechat_url`='aasdfasdf',`introduction`='asdfasdf',`detail`='asdfasdf',`banner_url`='asdfasdf',`modify_time`='1435810968' WHERE ( uid = '32' ) [ RunTime:0.0710s ]

[ 2015-07-02T20:24:45+08:00 ] 127.0.0.1 /westfilms/server/index.php?m=user&c=videos&a=add
INFO: [ app_init ] --START--
INFO: Run Behavior\BuildLiteBehavior [ RunTime:0.000000s ]
INFO: [ app_init ] --END-- [ RunTime:0.000000s ]
INFO: [ app_begin ] --START--
INFO: Run Behavior\ReadHtmlCacheBehavior [ RunTime:0.001000s ]
INFO: [ app_begin ] --END-- [ RunTime:0.002000s ]
NOTIC: [8] Use of undefined constant ture - assumed 'ture' D:\wamp\www\westfilms\server\Apps\User\Controller\BaseController.class.php 第 29 行.
SQL: SHOW COLUMNS FROM `west_videos` [ RunTime:0.0040s ]
SQL: INSERT INTO `west_videos` (`uid`,`title`,`url`,`pic`,`detail`,`status`,`recommend`,`top`,`modify_time`) VALUES ('32','asdfas','12341234','aasdfasdf','asdfasdf','1','0','0','1435839885') [ RunTime:0.0340s ]
SQL: SHOW COLUMNS FROM `west_log` [ RunTime:0.0030s ]
SQL: INSERT INTO `west_log` (`uid`,`type`,`target`,`target_id`,`target_name`,`modify_time`) VALUES ('32','add','video','39','asdfas','1435839885') [ RunTime:0.0300s ]

[ 2015-07-02T20:25:36+08:00 ] 127.0.0.1 /westfilms/server/index.php?m=user&c=videos&a=edit
INFO: [ app_init ] --START--
INFO: Run Behavior\BuildLiteBehavior [ RunTime:0.000000s ]
INFO: [ app_init ] --END-- [ RunTime:0.000000s ]
INFO: [ app_begin ] --START--
INFO: Run Behavior\ReadHtmlCacheBehavior [ RunTime:0.001000s ]
INFO: [ app_begin ] --END-- [ RunTime:0.001000s ]
NOTIC: [8] Use of undefined constant ture - assumed 'ture' D:\wamp\www\westfilms\server\Apps\User\Controller\BaseController.class.php 第 29 行.
SQL: SHOW COLUMNS FROM `west_videos` [ RunTime:0.0030s ]
SQL: SELECT * FROM `west_videos` WHERE ( id = 39 ) LIMIT 1   [ RunTime:0.0000s ]
SQL: UPDATE `west_videos` SET `title`='AAA',`url`='AAAA12341234',`pic`='AAAaasdfasdf',`detail`='AAAasdfasdf',`modify_time`='1435839936' WHERE ( id = 39 ) [ RunTime:0.0690s ]
SQL: SHOW COLUMNS FROM `west_log` [ RunTime:0.0030s ]
SQL: INSERT INTO `west_log` (`uid`,`type`,`target`,`target_id`,`target_name`,`modify_time`) VALUES ('32','edit','video','39','AAA','1435839936') [ RunTime:0.0560s ]

[ 2015-07-02T20:26:59+08:00 ] 127.0.0.1 /westfilms/server/index.php?m=user&c=links&a=add
INFO: [ app_init ] --START--
INFO: Run Behavior\BuildLiteBehavior [ RunTime:0.000000s ]
INFO: [ app_init ] --END-- [ RunTime:0.001000s ]
INFO: [ app_begin ] --START--
INFO: Run Behavior\ReadHtmlCacheBehavior [ RunTime:0.001000s ]
INFO: [ app_begin ] --END-- [ RunTime:0.001000s ]
NOTIC: [8] Use of undefined constant ture - assumed 'ture' D:\wamp\www\westfilms\server\Apps\User\Controller\BaseController.class.php 第 29 行.
SQL: SHOW COLUMNS FROM `west_links` [ RunTime:0.0030s ]
SQL: INSERT INTO `west_links` (`uid`,`name`,`logo`,`info`,`detail`,`status`,`modify_time`) VALUES ('32','asdfasdf','asdfasdf','asdfasdf','sfdasdfa','1','1435840018') [ RunTime:0.1160s ]
SQL: SHOW COLUMNS FROM `west_log` [ RunTime:0.0030s ]
SQL: INSERT INTO `west_log` (`uid`,`type`,`target`,`target_id`,`target_name`,`modify_time`) VALUES ('32','add','links','48','asdfasdf','1435840019') [ RunTime:0.0440s ]

[ 2015-07-02T20:27:33+08:00 ] 127.0.0.1 /westfilms/server/index.php?m=user&c=links&a=del
INFO: [ app_init ] --START--
INFO: Run Behavior\BuildLiteBehavior [ RunTime:0.000000s ]
INFO: [ app_init ] --END-- [ RunTime:0.001000s ]
INFO: [ app_begin ] --START--
INFO: Run Behavior\ReadHtmlCacheBehavior [ RunTime:0.001000s ]
INFO: [ app_begin ] --END-- [ RunTime:0.001000s ]
NOTIC: [8] Use of undefined constant ture - assumed 'ture' D:\wamp\www\westfilms\server\Apps\User\Controller\BaseController.class.php 第 29 行.
SQL: SHOW COLUMNS FROM `west_links` [ RunTime:0.0030s ]
SQL: SELECT * FROM `west_links` WHERE ( id = 48 ) LIMIT 1   [ RunTime:0.0000s ]
SQL: UPDATE `west_links` SET `status`='0' WHERE ( id = 48 ) [ RunTime:0.0740s ]
SQL: SHOW COLUMNS FROM `west_log` [ RunTime:0.0030s ]
SQL: INSERT INTO `west_log` (`uid`,`type`,`target`,`target_id`,`target_name`,`modify_time`) VALUES ('32','del','links','48','asdfasdf','1435840053') [ RunTime:0.0270s ]

[ 2015-07-02T20:28:22+08:00 ] 127.0.0.1 /westfilms/server/index.php?m=user&c=links&a=del
INFO: [ app_init ] --START--
INFO: Run Behavior\BuildLiteBehavior [ RunTime:0.000000s ]
INFO: [ app_init ] --END-- [ RunTime:0.001000s ]
INFO: [ app_begin ] --START--
INFO: Run Behavior\ReadHtmlCacheBehavior [ RunTime:0.001000s ]
INFO: [ app_begin ] --END-- [ RunTime:0.001000s ]
NOTIC: [8] Use of undefined constant ture - assumed 'ture' D:\wamp\www\westfilms\server\Apps\User\Controller\BaseController.class.php 第 29 行.
SQL: SHOW COLUMNS FROM `west_links` [ RunTime:0.0040s ]
SQL: SELECT * FROM `west_links` WHERE ( id = 48 ) LIMIT 1   [ RunTime:0.0010s ]
SQL: UPDATE `west_links` SET `status`='0' WHERE ( id = 48 ) [ RunTime:0.0690s ]

[ 2015-07-02T20:28:30+08:00 ] 127.0.0.1 /westfilms/server/index.php?m=user&c=links&a=edit
INFO: [ app_init ] --START--
INFO: Run Behavior\BuildLiteBehavior [ RunTime:0.000000s ]
INFO: [ app_init ] --END-- [ RunTime:0.001000s ]
INFO: [ app_begin ] --START--
INFO: Run Behavior\ReadHtmlCacheBehavior [ RunTime:0.002000s ]
INFO: [ app_begin ] --END-- [ RunTime:0.002000s ]
NOTIC: [8] Use of undefined constant ture - assumed 'ture' D:\wamp\www\westfilms\server\Apps\User\Controller\BaseController.class.php 第 29 行.
SQL: SHOW COLUMNS FROM `west_links` [ RunTime:0.0030s ]
SQL: SELECT * FROM `west_links` WHERE ( id = 48 ) LIMIT 1   [ RunTime:0.0010s ]
SQL: UPDATE `west_links` SET `id`='48',`uid`='32',`name`='AAAasdfasdf',`logo`='AAAasdfasdf',`info`='AAAasdfasdf',`detail`='AAAsfdasdfa',`modify_time`='1435840110' WHERE ( id = 48 ) [ RunTime:0.0820s ]
SQL: SHOW COLUMNS FROM `west_log` [ RunTime:0.0020s ]
SQL: INSERT INTO `west_log` (`uid`,`type`,`target`,`target_id`,`target_name`,`modify_time`) VALUES ('32','edit','links','48','AAAasdfasdf','1435840110') [ RunTime:0.0270s ]

[ 2015-07-02T20:30:03+08:00 ] 127.0.0.1 /westfilms/server/index.php?m=user&c=other&a=recommend
INFO: [ app_init ] --START--
INFO: Run Behavior\BuildLiteBehavior [ RunTime:0.000000s ]
INFO: [ app_init ] --END-- [ RunTime:0.001000s ]
INFO: [ app_begin ] --START--
INFO: Run Behavior\ReadHtmlCacheBehavior [ RunTime:0.001000s ]
INFO: [ app_begin ] --END-- [ RunTime:0.001000s ]
NOTIC: [8] Use of undefined constant ture - assumed 'ture' D:\wamp\www\westfilms\server\Apps\User\Controller\BaseController.class.php 第 29 行.
SQL: SHOW COLUMNS FROM `west_news` [ RunTime:0.0030s ]
SQL: UPDATE `west_news` SET `recommend`='1',`modify_time`='1435840203' WHERE `uid` = 32 AND `id` = 32 [ RunTime:0.0700s ]

[ 2015-07-02T20:30:22+08:00 ] 127.0.0.1 /westfilms/server/index.php?m=user&c=other&a=top
INFO: [ app_init ] --START--
INFO: Run Behavior\BuildLiteBehavior [ RunTime:0.000000s ]
INFO: [ app_init ] --END-- [ RunTime:0.001000s ]
INFO: [ app_begin ] --START--
INFO: Run Behavior\ReadHtmlCacheBehavior [ RunTime:0.001000s ]
INFO: [ app_begin ] --END-- [ RunTime:0.001000s ]
NOTIC: [8] Use of undefined constant ture - assumed 'ture' D:\wamp\www\westfilms\server\Apps\User\Controller\BaseController.class.php 第 29 行.
SQL: SHOW COLUMNS FROM `west_news` [ RunTime:0.0040s ]
SQL: UPDATE `west_news` SET `top`='1',`modify_time`='1435840222' WHERE `uid` = 32 AND `id` = 32 [ RunTime:0.0650s ]

[ 2015-07-02T20:31:35+08:00 ] 127.0.0.1 /westfilms/server/index.php?m=user&c=other&a=recommend
INFO: [ app_init ] --START--
INFO: Run Behavior\BuildLiteBehavior [ RunTime:0.000000s ]
INFO: [ app_init ] --END-- [ RunTime:0.001000s ]
INFO: [ app_begin ] --START--
INFO: Run Behavior\ReadHtmlCacheBehavior [ RunTime:0.001000s ]
INFO: [ app_begin ] --END-- [ RunTime:0.002000s ]
NOTIC: [8] Use of undefined constant ture - assumed 'ture' D:\wamp\www\westfilms\server\Apps\User\Controller\BaseController.class.php 第 29 行.
SQL: SHOW COLUMNS FROM `west_videos` [ RunTime:0.0020s ]
SQL: UPDATE `west_videos` SET `recommend`='1',`modify_time`='1435840295' WHERE `uid` = 32 AND `id` = 31 [ RunTime:0.0010s ]

[ 2015-07-02T20:31:37+08:00 ] 127.0.0.1 /westfilms/server/index.php?m=user&c=other&a=recommend
INFO: [ app_init ] --START--
INFO: Run Behavior\BuildLiteBehavior [ RunTime:0.000000s ]
INFO: [ app_init ] --END-- [ RunTime:0.001000s ]
INFO: [ app_begin ] --START--
INFO: Run Behavior\ReadHtmlCacheBehavior [ RunTime:0.001000s ]
INFO: [ app_begin ] --END-- [ RunTime:0.001000s ]
NOTIC: [8] Use of undefined constant ture - assumed 'ture' D:\wamp\www\westfilms\server\Apps\User\Controller\BaseController.class.php 第 29 行.
SQL: SHOW COLUMNS FROM `west_videos` [ RunTime:0.0030s ]
SQL: UPDATE `west_videos` SET `recommend`='1',`modify_time`='1435840297' WHERE `uid` = 32 AND `id` = 34 [ RunTime:0.0430s ]

[ 2015-07-02T20:31:56+08:00 ] 127.0.0.1 /westfilms/server/index.php?m=user&c=other&a=top
INFO: [ app_init ] --START--
INFO: Run Behavior\BuildLiteBehavior [ RunTime:0.000000s ]
INFO: [ app_init ] --END-- [ RunTime:0.001000s ]
INFO: [ app_begin ] --START--
INFO: Run Behavior\ReadHtmlCacheBehavior [ RunTime:0.001000s ]
INFO: [ app_begin ] --END-- [ RunTime:0.001000s ]
NOTIC: [8] Use of undefined constant ture - assumed 'ture' D:\wamp\www\westfilms\server\Apps\User\Controller\BaseController.class.php 第 29 行.
SQL: SHOW COLUMNS FROM `west_videos` [ RunTime:0.0040s ]
SQL: UPDATE `west_videos` SET `top`='1',`modify_time`='1435840316' WHERE `uid` = 32 AND `id` = 34 [ RunTime:0.0620s ]

[ 2015-07-02T20:32:27+08:00 ] 127.0.0.1 /westfilms/server/index.php?m=User&c=user&a=logout
INFO: [ app_init ] --START--
INFO: Run Behavior\BuildLiteBehavior [ RunTime:0.000000s ]
INFO: [ app_init ] --END-- [ RunTime:0.000000s ]
INFO: [ app_begin ] --START--
INFO: Run Behavior\ReadHtmlCacheBehavior [ RunTime:0.001000s ]
INFO: [ app_begin ] --END-- [ RunTime:0.001000s ]

[ 2015-07-02T20:32:27+08:00 ] 127.0.0.1 /westfilms/server/index.php?m=User&c=Api&a=verify
INFO: [ app_init ] --START--
INFO: Run Behavior\BuildLiteBehavior [ RunTime:0.000000s ]
INFO: [ app_init ] --END-- [ RunTime:0.001000s ]
INFO: [ app_begin ] --START--
INFO: Run Behavior\ReadHtmlCacheBehavior [ RunTime:0.000000s ]
INFO: [ app_begin ] --END-- [ RunTime:0.001000s ]
INFO: [ app_end ] --START--
INFO: Run Behavior\ShowPageTraceBehavior [ RunTime:0.001000s ]
INFO: [ app_end ] --END-- [ RunTime:0.001000s ]

[ 2015-07-02T20:32:38+08:00 ] 127.0.0.1 /westfilms/server/index.php?m=User&c=user&a=login
INFO: [ app_init ] --START--
INFO: Run Behavior\BuildLiteBehavior [ RunTime:0.001000s ]
INFO: [ app_init ] --END-- [ RunTime:0.001000s ]
INFO: [ app_begin ] --START--
INFO: Run Behavior\ReadHtmlCacheBehavior [ RunTime:0.001000s ]
INFO: [ app_begin ] --END-- [ RunTime:0.001000s ]
NOTIC: [8] Undefined variable: id D:\wamp\www\westfilms\server\Apps\User\Controller\UserController.class.php 第 86 行.
SQL: SHOW COLUMNS FROM `west_user` [ RunTime:0.0030s ]
SQL: SELECT * FROM `west_user` WHERE `username` = 'ztf' LIMIT 1   [ RunTime:0.0000s ]

[ 2015-07-02T20:33:13+08:00 ] 127.0.0.1 /westfilms/server/index.php?m=user&c=other&a=top
INFO: [ app_init ] --START--
INFO: Run Behavior\BuildLiteBehavior [ RunTime:0.000000s ]
INFO: [ app_init ] --END-- [ RunTime:0.001000s ]
INFO: [ app_begin ] --START--
INFO: Run Behavior\ReadHtmlCacheBehavior [ RunTime:0.001000s ]
INFO: [ app_begin ] --END-- [ RunTime:0.001000s ]
NOTIC: [8] Use of undefined constant ture - assumed 'ture' D:\wamp\www\westfilms\server\Apps\User\Controller\BaseController.class.php 第 29 行.
SQL: SHOW COLUMNS FROM `west_episodes` [ RunTime:0.0040s ]
SQL: UPDATE `west_episodes` SET `top`='1',`modify_time`='1435840393' WHERE `uid` = 13 AND `id` = 2 [ RunTime:0.0720s ]

[ 2015-07-02T20:33:23+08:00 ] 127.0.0.1 /westfilms/server/index.php?m=user&c=other&a=recommend
INFO: [ app_init ] --START--
INFO: Run Behavior\BuildLiteBehavior [ RunTime:0.000000s ]
INFO: [ app_init ] --END-- [ RunTime:0.001000s ]
INFO: [ app_begin ] --START--
INFO: Run Behavior\ReadHtmlCacheBehavior [ RunTime:0.001000s ]
INFO: [ app_begin ] --END-- [ RunTime:0.002001s ]
NOTIC: [8] Use of undefined constant ture - assumed 'ture' D:\wamp\www\westfilms\server\Apps\User\Controller\BaseController.class.php 第 29 行.
SQL: SHOW COLUMNS FROM `west_episodes` [ RunTime:0.0040s ]
SQL: UPDATE `west_episodes` SET `recommend`='1',`modify_time`='1435840403' WHERE `uid` = 13 AND `id` = 2 [ RunTime:0.0620s ]

[ 2015-07-02T20:33:34+08:00 ] 127.0.0.1 /westfilms/server/index.php?m=user&c=other&a=recommend
INFO: [ app_init ] --START--
INFO: Run Behavior\BuildLiteBehavior [ RunTime:0.000000s ]
INFO: [ app_init ] --END-- [ RunTime:0.001000s ]
INFO: [ app_begin ] --START--
INFO: Run Behavior\ReadHtmlCacheBehavior [ RunTime:0.001000s ]
INFO: [ app_begin ] --END-- [ RunTime:0.001000s ]
NOTIC: [8] Use of undefined constant ture - assumed 'ture' D:\wamp\www\westfilms\server\Apps\User\Controller\BaseController.class.php 第 29 行.
SQL: SHOW COLUMNS FROM `west_episodes` [ RunTime:0.0030s ]
SQL: UPDATE `west_episodes` SET `recommend`='0',`modify_time`='1435840414' WHERE `uid` = 13 AND `id` = 2 [ RunTime:0.0760s ]

[ 2015-07-02T20:33:40+08:00 ] 127.0.0.1 /westfilms/server/index.php?m=user&c=other&a=top
INFO: [ app_init ] --START--
INFO: Run Behavior\BuildLiteBehavior [ RunTime:0.000000s ]
INFO: [ app_init ] --END-- [ RunTime:0.000000s ]
INFO: [ app_begin ] --START--
INFO: Run Behavior\ReadHtmlCacheBehavior [ RunTime:0.001000s ]
INFO: [ app_begin ] --END-- [ RunTime:0.001000s ]
NOTIC: [8] Use of undefined constant ture - assumed 'ture' D:\wamp\www\westfilms\server\Apps\User\Controller\BaseController.class.php 第 29 行.
SQL: SHOW COLUMNS FROM `west_episodes` [ RunTime:0.0030s ]
SQL: UPDATE `west_episodes` SET `top`='0',`modify_time`='1435840420' WHERE `uid` = 13 AND `id` = 2 [ RunTime:0.0330s ]

[ 2015-07-02T20:37:49+08:00 ] 127.0.0.1 /westfilms/server/index.php?m=User&c=Api&a=verify&localeTime=1435840669304
INFO: [ app_init ] --START--
INFO: Run Behavior\BuildLiteBehavior [ RunTime:0.000000s ]
INFO: [ app_init ] --END-- [ RunTime:0.000000s ]
INFO: [ app_begin ] --START--
INFO: Run Behavior\ReadHtmlCacheBehavior [ RunTime:0.000000s ]
INFO: [ app_begin ] --END-- [ RunTime:0.000000s ]
INFO: [ app_end ] --START--
INFO: Run Behavior\ShowPageTraceBehavior [ RunTime:0.001000s ]
INFO: [ app_end ] --END-- [ RunTime:0.001000s ]

