[ 2015-05-11T10:25:11+08:00 ] 127.0.0.1 /westernfilms/index.php/User/Api/upload
INFO: [ app_init ] --START--
INFO: Run Behavior\BuildLiteBehavior [ RunTime:0.000000s ]
INFO: [ app_init ] --END-- [ RunTime:0.007000s ]
INFO: [ app_begin ] --START--
INFO: Run Behavior\ReadHtmlCacheBehavior [ RunTime:0.016001s ]
INFO: [ app_begin ] --END-- [ RunTime:0.016001s ]

[ 2015-05-11T10:45:09+08:00 ] 127.0.0.1 /westernfilms/index.php/User/Api/upload
INFO: [ app_init ] --START--
INFO: Run Behavior\BuildLiteBehavior [ RunTime:0.000000s ]
INFO: [ app_init ] --END-- [ RunTime:0.001000s ]
INFO: [ app_begin ] --START--
INFO: Run Behavior\ReadHtmlCacheBehavior [ RunTime:0.001000s ]
INFO: [ app_begin ] --END-- [ RunTime:0.001000s ]

[ 2015-05-11T10:45:26+08:00 ] 127.0.0.1 /westernfilms/index.php/User/Api/upload
INFO: [ app_init ] --START--
INFO: Run Behavior\BuildLiteBehavior [ RunTime:0.000000s ]
INFO: [ app_init ] --END-- [ RunTime:0.001000s ]
INFO: [ app_begin ] --START--
INFO: Run Behavior\ReadHtmlCacheBehavior [ RunTime:0.001000s ]
INFO: [ app_begin ] --END-- [ RunTime:0.001000s ]

[ 2015-05-11T10:51:35+08:00 ] 127.0.0.1 /westernfilms/index.php/User/Api/upload
INFO: [ app_init ] --START--
INFO: Run Behavior\BuildLiteBehavior [ RunTime:0.000000s ]
INFO: [ app_init ] --END-- [ RunTime:0.000000s ]
INFO: [ app_begin ] --START--
INFO: Run Behavior\ReadHtmlCacheBehavior [ RunTime:0.001000s ]
INFO: [ app_begin ] --END-- [ RunTime:0.001000s ]

[ 2015-05-11T10:52:38+08:00 ] 127.0.0.1 /westernfilms/index.php/User/Api/upload
INFO: [ app_init ] --START--
INFO: Run Behavior\BuildLiteBehavior [ RunTime:0.000000s ]
INFO: [ app_init ] --END-- [ RunTime:0.001000s ]
INFO: [ app_begin ] --START--
INFO: Run Behavior\ReadHtmlCacheBehavior [ RunTime:0.001000s ]
INFO: [ app_begin ] --END-- [ RunTime:0.002000s ]

[ 2015-05-11T10:53:52+08:00 ] 127.0.0.1 /westernfilms/index.php/User/Api/upload
INFO: [ app_init ] --START--
INFO: Run Behavior\BuildLiteBehavior [ RunTime:0.000000s ]
INFO: [ app_init ] --END-- [ RunTime:0.001000s ]
INFO: [ app_begin ] --START--
INFO: Run Behavior\ReadHtmlCacheBehavior [ RunTime:0.000000s ]
INFO: [ app_begin ] --END-- [ RunTime:0.002000s ]

[ 2015-05-11T10:54:49+08:00 ] 127.0.0.1 /westernfilms/index.php/User/Api/upload
INFO: [ app_init ] --START--
INFO: Run Behavior\BuildLiteBehavior [ RunTime:0.000000s ]
INFO: [ app_init ] --END-- [ RunTime:0.001000s ]
INFO: [ app_begin ] --START--
INFO: Run Behavior\ReadHtmlCacheBehavior [ RunTime:0.001000s ]
INFO: [ app_begin ] --END-- [ RunTime:0.001000s ]

[ 2015-05-11T10:55:12+08:00 ] 127.0.0.1 /westernfilms/index.php/User/Api/upload
INFO: [ app_init ] --START--
INFO: Run Behavior\BuildLiteBehavior [ RunTime:0.000000s ]
INFO: [ app_init ] --END-- [ RunTime:0.001000s ]
INFO: [ app_begin ] --START--
INFO: Run Behavior\ReadHtmlCacheBehavior [ RunTime:0.000000s ]
INFO: [ app_begin ] --END-- [ RunTime:0.001001s ]

[ 2015-05-11T10:56:24+08:00 ] 127.0.0.1 /westernfilms/index.php/User/Api/upload
INFO: [ app_init ] --START--
INFO: Run Behavior\BuildLiteBehavior [ RunTime:0.000000s ]
INFO: [ app_init ] --END-- [ RunTime:0.001000s ]
INFO: [ app_begin ] --START--
INFO: Run Behavior\ReadHtmlCacheBehavior [ RunTime:0.001000s ]
INFO: [ app_begin ] --END-- [ RunTime:0.001000s ]

[ 2015-05-11T10:57:10+08:00 ] 127.0.0.1 /westernfilms/index.php/User/Api/upload
INFO: [ app_init ] --START--
INFO: Run Behavior\BuildLiteBehavior [ RunTime:0.000000s ]
INFO: [ app_init ] --END-- [ RunTime:0.001000s ]
INFO: [ app_begin ] --START--
INFO: Run Behavior\ReadHtmlCacheBehavior [ RunTime:0.001001s ]
INFO: [ app_begin ] --END-- [ RunTime:0.002001s ]

[ 2015-05-11T10:57:53+08:00 ] 127.0.0.1 /westernfilms/index.php/User/Api/upload
INFO: [ app_init ] --START--
INFO: Run Behavior\BuildLiteBehavior [ RunTime:0.000000s ]
INFO: [ app_init ] --END-- [ RunTime:0.001000s ]
INFO: [ app_begin ] --START--
INFO: Run Behavior\ReadHtmlCacheBehavior [ RunTime:0.000000s ]
INFO: [ app_begin ] --END-- [ RunTime:0.001000s ]

[ 2015-05-11T10:59:03+08:00 ] 127.0.0.1 /westernfilms/index.php/User/Api/upload
INFO: [ app_init ] --START--
INFO: Run Behavior\BuildLiteBehavior [ RunTime:0.000000s ]
INFO: [ app_init ] --END-- [ RunTime:0.001000s ]
INFO: [ app_begin ] --START--
INFO: Run Behavior\ReadHtmlCacheBehavior [ RunTime:0.001000s ]
INFO: [ app_begin ] --END-- [ RunTime:0.001000s ]

[ 2015-05-11T11:00:10+08:00 ] 127.0.0.1 /westernfilms/index.php/User/Api/upload
INFO: [ app_init ] --START--
INFO: Run Behavior\BuildLiteBehavior [ RunTime:0.000000s ]
INFO: [ app_init ] --END-- [ RunTime:0.000000s ]
INFO: [ app_begin ] --START--
INFO: Run Behavior\ReadHtmlCacheBehavior [ RunTime:0.002000s ]
INFO: [ app_begin ] --END-- [ RunTime:0.002000s ]

[ 2015-05-11T11:02:45+08:00 ] 127.0.0.1 /westernfilms/index.php/User/Api/upload
INFO: [ app_init ] --START--
INFO: Run Behavior\BuildLiteBehavior [ RunTime:0.000000s ]
INFO: [ app_init ] --END-- [ RunTime:0.000000s ]
INFO: [ app_begin ] --START--
INFO: Run Behavior\ReadHtmlCacheBehavior [ RunTime:0.002000s ]
INFO: [ app_begin ] --END-- [ RunTime:0.002000s ]
NOTIC: [2] call_user_func() expects parameter 1 to be a valid callback, no array or string given D:\wamp\www\WesternFilms\Think\Library\Think\Upload.class.php 第 170 行.
NOTIC: [2] getimagesize(./Public/Uploads/2015-05-11/2015051111024453013.jpg): failed to open stream: No such file or directory D:\wamp\www\WesternFilms\Apps\User\Controller\ApiController.class.php 第 41 行.
NOTIC: [2] imagecreatefromjpeg(./Public/Uploads/2015-05-11/2015051111024453013.jpg): failed to open stream: No such file or directory D:\wamp\www\WesternFilms\Apps\User\Controller\ApiController.class.php 第 47 行.
NOTIC: [2] imagecopyresampled() expects parameter 2 to be resource, boolean given D:\wamp\www\WesternFilms\Apps\User\Controller\ApiController.class.php 第 48 行.
NOTIC: [2] Cannot modify header information - headers already sent by (output started at D:\wamp\www\WesternFilms\Apps\User\Controller\ApiController.class.php:26) D:\wamp\www\WesternFilms\Think\Library\Think\Controller.class.php 第 215 行.

[ 2015-05-11T11:03:35+08:00 ] 127.0.0.1 /westernfilms/index.php/User/Api/upload
INFO: [ app_init ] --START--
INFO: Run Behavior\BuildLiteBehavior [ RunTime:0.000000s ]
INFO: [ app_init ] --END-- [ RunTime:0.001000s ]
INFO: [ app_begin ] --START--
INFO: Run Behavior\ReadHtmlCacheBehavior [ RunTime:0.001000s ]
INFO: [ app_begin ] --END-- [ RunTime:0.001000s ]
NOTIC: [2] call_user_func() expects parameter 1 to be a valid callback, no array or string given D:\wamp\www\WesternFilms\Think\Library\Think\Upload.class.php 第 170 行.

[ 2015-05-11T11:04:40+08:00 ] 127.0.0.1 /westernfilms/index.php/User/Api/upload
INFO: [ app_init ] --START--
INFO: Run Behavior\BuildLiteBehavior [ RunTime:0.000000s ]
INFO: [ app_init ] --END-- [ RunTime:0.001000s ]
INFO: [ app_begin ] --START--
INFO: Run Behavior\ReadHtmlCacheBehavior [ RunTime:0.001000s ]
INFO: [ app_begin ] --END-- [ RunTime:0.001000s ]
NOTIC: [2] finfo_file(): Empty filename or path D:\wamp\www\WesternFilms\Think\Library\Think\Upload.class.php 第 152 行.

[ 2015-05-11T11:04:47+08:00 ] 127.0.0.1 /westernfilms/index.php/User/Api/upload
INFO: [ app_init ] --START--
INFO: Run Behavior\BuildLiteBehavior [ RunTime:0.000000s ]
INFO: [ app_init ] --END-- [ RunTime:0.001000s ]
INFO: [ app_begin ] --START--
INFO: Run Behavior\ReadHtmlCacheBehavior [ RunTime:0.001000s ]
INFO: [ app_begin ] --END-- [ RunTime:0.001000s ]
NOTIC: [2] call_user_func() expects parameter 1 to be a valid callback, no array or string given D:\wamp\www\WesternFilms\Think\Library\Think\Upload.class.php 第 170 行.

[ 2015-05-11T11:06:38+08:00 ] 127.0.0.1 /westernfilms/index.php/User/Api/upload
INFO: [ app_init ] --START--
INFO: Run Behavior\BuildLiteBehavior [ RunTime:0.000000s ]
INFO: [ app_init ] --END-- [ RunTime:0.001001s ]
INFO: [ app_begin ] --START--
INFO: Run Behavior\ReadHtmlCacheBehavior [ RunTime:0.000000s ]
INFO: [ app_begin ] --END-- [ RunTime:0.002000s ]

[ 2015-05-11T11:06:53+08:00 ] 127.0.0.1 /westernfilms/index.php/User/Api/upload
INFO: [ app_init ] --START--
INFO: Run Behavior\BuildLiteBehavior [ RunTime:0.000000s ]
INFO: [ app_init ] --END-- [ RunTime:0.000000s ]
INFO: [ app_begin ] --START--
INFO: Run Behavior\ReadHtmlCacheBehavior [ RunTime:0.001000s ]
INFO: [ app_begin ] --END-- [ RunTime:0.001000s ]

[ 2015-05-11T11:07:01+08:00 ] 127.0.0.1 /westernfilms/index.php/User/Api/upload
INFO: [ app_init ] --START--
INFO: Run Behavior\BuildLiteBehavior [ RunTime:0.000000s ]
INFO: [ app_init ] --END-- [ RunTime:0.001000s ]
INFO: [ app_begin ] --START--
INFO: Run Behavior\ReadHtmlCacheBehavior [ RunTime:0.001000s ]
INFO: [ app_begin ] --END-- [ RunTime:0.001000s ]

[ 2015-05-11T11:09:21+08:00 ] 127.0.0.1 /westernfilms/index.php/User/Api/upload
INFO: [ app_init ] --START--
INFO: Run Behavior\BuildLiteBehavior [ RunTime:0.000000s ]
INFO: [ app_init ] --END-- [ RunTime:0.000000s ]
INFO: [ app_begin ] --START--
INFO: Run Behavior\ReadHtmlCacheBehavior [ RunTime:0.001000s ]
INFO: [ app_begin ] --END-- [ RunTime:0.001000s ]
NOTIC: [2] call_user_func() expects parameter 1 to be a valid callback, no array or string given D:\wamp\www\WesternFilms\Think\Library\Think\Upload.class.php 第 170 行.

[ 2015-05-11T11:10:00+08:00 ] 127.0.0.1 /westernfilms/index.php/User/Api/upload
INFO: [ app_init ] --START--
INFO: Run Behavior\BuildLiteBehavior [ RunTime:0.001000s ]
INFO: [ app_init ] --END-- [ RunTime:0.001000s ]
INFO: [ app_begin ] --START--
INFO: Run Behavior\ReadHtmlCacheBehavior [ RunTime:0.001000s ]
INFO: [ app_begin ] --END-- [ RunTime:0.001000s ]

[ 2015-05-11T11:11:27+08:00 ] 127.0.0.1 /westernfilms/index.php/User/Api/upload
INFO: [ app_init ] --START--
INFO: Run Behavior\BuildLiteBehavior [ RunTime:0.000000s ]
INFO: [ app_init ] --END-- [ RunTime:0.001000s ]
INFO: [ app_begin ] --START--
INFO: Run Behavior\ReadHtmlCacheBehavior [ RunTime:0.001000s ]
INFO: [ app_begin ] --END-- [ RunTime:0.001000s ]

[ 2015-05-11T11:11:43+08:00 ] 127.0.0.1 /westernfilms/index.php/User/Api/upload
INFO: [ app_init ] --START--
INFO: Run Behavior\BuildLiteBehavior [ RunTime:0.000000s ]
INFO: [ app_init ] --END-- [ RunTime:0.000000s ]
INFO: [ app_begin ] --START--
INFO: Run Behavior\ReadHtmlCacheBehavior [ RunTime:0.001000s ]
INFO: [ app_begin ] --END-- [ RunTime:0.001000s ]
NOTIC: [2] call_user_func() expects parameter 1 to be a valid callback, no array or string given D:\wamp\www\WesternFilms\Think\Library\Think\Upload.class.php 第 170 行.

[ 2015-05-11T11:12:54+08:00 ] 127.0.0.1 /westernfilms/index.php/User/Api/upload
INFO: [ app_init ] --START--
INFO: Run Behavior\BuildLiteBehavior [ RunTime:0.000000s ]
INFO: [ app_init ] --END-- [ RunTime:0.000000s ]
INFO: [ app_begin ] --START--
INFO: Run Behavior\ReadHtmlCacheBehavior [ RunTime:0.001000s ]
INFO: [ app_begin ] --END-- [ RunTime:0.001000s ]
NOTIC: [2] call_user_func() expects parameter 1 to be a valid callback, no array or string given D:\wamp\www\WesternFilms\Think\Library\Think\Upload.class.php 第 170 行.
NOTIC: [2] getimagesize(/../Public/Uploads/2015-05-11/2015051111125412912.jpg): failed to open stream: No such file or directory D:\wamp\www\WesternFilms\Apps\User\Controller\ApiController.class.php 第 39 行.
NOTIC: [2] imagecreatefromjpeg(/../Public/Uploads/2015-05-11/2015051111125412912.jpg): failed to open stream: No such file or directory D:\wamp\www\WesternFilms\Apps\User\Controller\ApiController.class.php 第 45 行.
NOTIC: [2] imagecopyresampled() expects parameter 2 to be resource, boolean given D:\wamp\www\WesternFilms\Apps\User\Controller\ApiController.class.php 第 46 行.

[ 2015-05-11T14:47:09+08:00 ] 127.0.0.1 /westernfilms/index.php/User/Api/upload
INFO: [ app_init ] --START--
INFO: Run Behavior\BuildLiteBehavior [ RunTime:0.000000s ]
INFO: [ app_init ] --END-- [ RunTime:0.000000s ]
INFO: [ app_begin ] --START--
INFO: Run Behavior\ReadHtmlCacheBehavior [ RunTime:0.001000s ]
INFO: [ app_begin ] --END-- [ RunTime:0.001000s ]
NOTIC: [2] call_user_func() expects parameter 1 to be a valid callback, no array or string given D:\wamp\www\WesternFilms\Think\Library\Think\Upload.class.php 第 170 行.
NOTIC: [2] getimagesize(/../Public/Uploads/2015-05-11/2015051114470920319.jpg): failed to open stream: No such file or directory D:\wamp\www\WesternFilms\Apps\User\Controller\ApiController.class.php 第 39 行.
NOTIC: [2] imagecreatefromjpeg(/../Public/Uploads/2015-05-11/2015051114470920319.jpg): failed to open stream: No such file or directory D:\wamp\www\WesternFilms\Apps\User\Controller\ApiController.class.php 第 45 行.
NOTIC: [2] imagecopyresampled() expects parameter 2 to be resource, boolean given D:\wamp\www\WesternFilms\Apps\User\Controller\ApiController.class.php 第 46 行.

[ 2015-05-11T14:48:07+08:00 ] 127.0.0.1 /westernfilms/index.php/User/Api/upload
INFO: [ app_init ] --START--
INFO: Run Behavior\BuildLiteBehavior [ RunTime:0.000000s ]
INFO: [ app_init ] --END-- [ RunTime:0.001000s ]
INFO: [ app_begin ] --START--
INFO: Run Behavior\ReadHtmlCacheBehavior [ RunTime:0.000000s ]
INFO: [ app_begin ] --END-- [ RunTime:0.001000s ]
NOTIC: [2] call_user_func() expects parameter 1 to be a valid callback, no array or string given D:\wamp\www\WesternFilms\Think\Library\Think\Upload.class.php 第 170 行.
NOTIC: [2] getimagesize(/../Public/Uploads/2015-05-11/2015051114480776624.jpg): failed to open stream: No such file or directory D:\wamp\www\WesternFilms\Apps\User\Controller\ApiController.class.php 第 39 行.
NOTIC: [2] imagecreatefromjpeg(/../Public/Uploads/2015-05-11/2015051114480776624.jpg): failed to open stream: No such file or directory D:\wamp\www\WesternFilms\Apps\User\Controller\ApiController.class.php 第 45 行.
NOTIC: [2] imagecopyresampled() expects parameter 2 to be resource, boolean given D:\wamp\www\WesternFilms\Apps\User\Controller\ApiController.class.php 第 46 行.

[ 2015-05-11T14:48:39+08:00 ] 127.0.0.1 /westernfilms/index.php/User/Api/upload
INFO: [ app_init ] --START--
INFO: Run Behavior\BuildLiteBehavior [ RunTime:0.000000s ]
INFO: [ app_init ] --END-- [ RunTime:0.000000s ]
INFO: [ app_begin ] --START--
INFO: Run Behavior\ReadHtmlCacheBehavior [ RunTime:0.001000s ]
INFO: [ app_begin ] --END-- [ RunTime:0.001000s ]
NOTIC: [2] call_user_func() expects parameter 1 to be a valid callback, no array or string given D:\wamp\www\WesternFilms\Think\Library\Think\Upload.class.php 第 170 行.
NOTIC: [2] getimagesize(/../Public/Uploads/2015-05-11/2015051114483996622.jpg): failed to open stream: No such file or directory D:\wamp\www\WesternFilms\Apps\User\Controller\ApiController.class.php 第 39 行.
NOTIC: [2] imagecreatefromjpeg(/../Public/Uploads/2015-05-11/2015051114483996622.jpg): failed to open stream: No such file or directory D:\wamp\www\WesternFilms\Apps\User\Controller\ApiController.class.php 第 45 行.
NOTIC: [2] imagecopyresampled() expects parameter 2 to be resource, boolean given D:\wamp\www\WesternFilms\Apps\User\Controller\ApiController.class.php 第 46 行.

[ 2015-05-11T14:52:05+08:00 ] 127.0.0.1 /westernfilms/index.php/User/Api/upload
INFO: [ app_init ] --START--
INFO: Run Behavior\BuildLiteBehavior [ RunTime:0.000000s ]
INFO: [ app_init ] --END-- [ RunTime:0.000000s ]
INFO: [ app_begin ] --START--
INFO: Run Behavior\ReadHtmlCacheBehavior [ RunTime:0.000000s ]
INFO: [ app_begin ] --END-- [ RunTime:0.001000s ]
NOTIC: [2] call_user_func() expects parameter 1 to be a valid callback, no array or string given D:\wamp\www\WesternFilms\Think\Library\Think\Upload.class.php 第 170 行.
NOTIC: [2] getimagesize(/../Public/Uploads/2015-05-11/2015051114520543024.jpg): failed to open stream: No such file or directory D:\wamp\www\WesternFilms\Apps\User\Controller\ApiController.class.php 第 39 行.
NOTIC: [2] imagecreatefromjpeg(/../Public/Uploads/2015-05-11/2015051114520543024.jpg): failed to open stream: No such file or directory D:\wamp\www\WesternFilms\Apps\User\Controller\ApiController.class.php 第 45 行.
NOTIC: [2] imagecopyresampled() expects parameter 2 to be resource, boolean given D:\wamp\www\WesternFilms\Apps\User\Controller\ApiController.class.php 第 46 行.

[ 2015-05-11T14:55:10+08:00 ] 127.0.0.1 /westernfilms/index.php/User/Api/upload
INFO: [ app_init ] --START--
INFO: Run Behavior\BuildLiteBehavior [ RunTime:0.000000s ]
INFO: [ app_init ] --END-- [ RunTime:0.001000s ]
INFO: [ app_begin ] --START--
INFO: Run Behavior\ReadHtmlCacheBehavior [ RunTime:0.001000s ]
INFO: [ app_begin ] --END-- [ RunTime:0.001000s ]
NOTIC: [2] call_user_func() expects parameter 1 to be a valid callback, no array or string given D:\wamp\www\WesternFilms\Think\Library\Think\Upload.class.php 第 170 行.
NOTIC: [2] getimagesize(/../Public/Uploads/2015-05-11/2015051114551019943.jpg): failed to open stream: No such file or directory D:\wamp\www\WesternFilms\Apps\User\Controller\ApiController.class.php 第 39 行.
NOTIC: [2] imagecreatefromjpeg(/../Public/Uploads/2015-05-11/2015051114551019943.jpg): failed to open stream: No such file or directory D:\wamp\www\WesternFilms\Apps\User\Controller\ApiController.class.php 第 45 行.
NOTIC: [2] imagecopyresampled() expects parameter 2 to be resource, boolean given D:\wamp\www\WesternFilms\Apps\User\Controller\ApiController.class.php 第 46 行.
NOTIC: [2] imagejpeg(/../Public/Uploads/2015-05-11/s_asdfasdf.jpg): failed to open stream: No such file or directory D:\wamp\www\WesternFilms\Apps\User\Controller\ApiController.class.php 第 49 行.

[ 2015-05-11T14:55:51+08:00 ] 127.0.0.1 /westernfilms/index.php/User/Api/upload
INFO: [ app_init ] --START--
INFO: Run Behavior\BuildLiteBehavior [ RunTime:0.000000s ]
INFO: [ app_init ] --END-- [ RunTime:0.000000s ]
INFO: [ app_begin ] --START--
INFO: Run Behavior\ReadHtmlCacheBehavior [ RunTime:0.001000s ]
INFO: [ app_begin ] --END-- [ RunTime:0.001000s ]
NOTIC: [2] call_user_func() expects parameter 1 to be a valid callback, no array or string given D:\wamp\www\WesternFilms\Think\Library\Think\Upload.class.php 第 170 行.
NOTIC: [2] getimagesize(/../Public/Uploads/2015-05-11/2015051114555070766.jpg): failed to open stream: No such file or directory D:\wamp\www\WesternFilms\Apps\User\Controller\ApiController.class.php 第 39 行.
NOTIC: [2] imagecreatefromjpeg(/../Public/Uploads/2015-05-11/2015051114555070766.jpg): failed to open stream: No such file or directory D:\wamp\www\WesternFilms\Apps\User\Controller\ApiController.class.php 第 45 行.
NOTIC: [2] imagecopyresampled() expects parameter 2 to be resource, boolean given D:\wamp\www\WesternFilms\Apps\User\Controller\ApiController.class.php 第 46 行.
NOTIC: [2] imagejpeg(/../Public/Uploads/2015-05-11/s_asdfasdf.jpg): failed to open stream: No such file or directory D:\wamp\www\WesternFilms\Apps\User\Controller\ApiController.class.php 第 49 行.

[ 2015-05-11T14:56:50+08:00 ] 127.0.0.1 /westernfilms/index.php/User/Api/upload
INFO: [ app_init ] --START--
INFO: Run Behavior\BuildLiteBehavior [ RunTime:0.000000s ]
INFO: [ app_init ] --END-- [ RunTime:0.000000s ]
INFO: [ app_begin ] --START--
INFO: Run Behavior\ReadHtmlCacheBehavior [ RunTime:0.001000s ]
INFO: [ app_begin ] --END-- [ RunTime:0.001000s ]
NOTIC: [2] call_user_func() expects parameter 1 to be a valid callback, no array or string given D:\wamp\www\WesternFilms\Think\Library\Think\Upload.class.php 第 170 行.

