[ 2015-05-23T00:27:52+08:00 ] 127.0.0.1 /WesternFilms/server/index.php/User/user/login
INFO: [ app_init ] --START--
INFO: Run Behavior\BuildLiteBehavior [ RunTime:0.000017s ]
INFO: [ app_init ] --END-- [ RunTime:0.000472s ]
INFO: [ app_begin ] --START--
INFO: Run Behavior\ReadHtmlCacheBehavior [ RunTime:0.000688s ]
INFO: [ app_begin ] --END-- [ RunTime:0.000748s ]
SQL: SHOW COLUMNS FROM `west_user` [ RunTime:0.0050s ]
SQL: SELECT * FROM `west_user` WHERE `username` = 'admin' LIMIT 1   [ RunTime:0.0004s ]

[ 2015-05-23T00:44:52+08:00 ] 127.0.0.1 /WesternFilms/server/index.php/User/user/login
INFO: [ app_init ] --START--
INFO: Run Behavior\BuildLiteBehavior [ RunTime:0.000014s ]
INFO: [ app_init ] --END-- [ RunTime:0.000390s ]
INFO: [ app_begin ] --START--
INFO: Run Behavior\ReadHtmlCacheBehavior [ RunTime:0.000576s ]
INFO: [ app_begin ] --END-- [ RunTime:0.000625s ]
SQL: SHOW COLUMNS FROM `west_user` [ RunTime:0.0050s ]
SQL: SELECT * FROM `west_user` WHERE `username` = 'admin' LIMIT 1   [ RunTime:0.0005s ]

[ 2015-05-23T00:50:35+08:00 ] 127.0.0.1 /WesternFilms/server/index.php/User/user/login
INFO: [ app_init ] --START--
INFO: Run Behavior\BuildLiteBehavior [ RunTime:0.000015s ]
INFO: [ app_init ] --END-- [ RunTime:0.000420s ]
INFO: [ app_begin ] --START--
INFO: Run Behavior\ReadHtmlCacheBehavior [ RunTime:0.000592s ]
INFO: [ app_begin ] --END-- [ RunTime:0.000647s ]
SQL: SHOW COLUMNS FROM `west_user` [ RunTime:0.0050s ]
SQL: SELECT * FROM `west_user` WHERE `username` = 'ztf' LIMIT 1   [ RunTime:0.0004s ]

[ 2015-05-23T00:50:42+08:00 ] 127.0.0.1 /WesternFilms/server/index.php/User/user/login
INFO: [ app_init ] --START--
INFO: Run Behavior\BuildLiteBehavior [ RunTime:0.000017s ]
INFO: [ app_init ] --END-- [ RunTime:0.000492s ]
INFO: [ app_begin ] --START--
INFO: Run Behavior\ReadHtmlCacheBehavior [ RunTime:0.000740s ]
INFO: [ app_begin ] --END-- [ RunTime:0.000807s ]
SQL: SHOW COLUMNS FROM `west_user` [ RunTime:0.0051s ]
SQL: SELECT * FROM `west_user` WHERE `username` = 'admin' LIMIT 1   [ RunTime:0.0005s ]

[ 2015-05-23T01:00:23+08:00 ] 127.0.0.1 /WesternFilms/server/index.php/User/user/login
INFO: [ app_init ] --START--
INFO: Run Behavior\BuildLiteBehavior [ RunTime:0.000018s ]
INFO: [ app_init ] --END-- [ RunTime:0.000655s ]
INFO: [ app_begin ] --START--
INFO: Run Behavior\ReadHtmlCacheBehavior [ RunTime:0.000889s ]
INFO: [ app_begin ] --END-- [ RunTime:0.000958s ]
SQL: SHOW COLUMNS FROM `west_user` [ RunTime:0.0059s ]
SQL: SELECT * FROM `west_user` WHERE `username` = 'admin' LIMIT 1   [ RunTime:0.0005s ]

[ 2015-05-23T12:30:40+08:00 ] 172.20.0.38 /WesternFilms/server/index.php/User/user/login
INFO: [ app_init ] --START--
INFO: Run Behavior\BuildLiteBehavior [ RunTime:0.000036s ]
INFO: [ app_init ] --END-- [ RunTime:0.004158s ]
INFO: [ app_begin ] --START--
INFO: Run Behavior\ReadHtmlCacheBehavior [ RunTime:0.010744s ]
INFO: [ app_begin ] --END-- [ RunTime:0.010894s ]
SQL: SHOW COLUMNS FROM `west_user` [ RunTime:0.0624s ]
SQL: SELECT * FROM `west_user` WHERE `username` = 'ztf' LIMIT 1   [ RunTime:0.0139s ]

[ 2015-05-23T12:30:57+08:00 ] 127.0.0.1 /WesternFilms/server/index.php/User/user/login
INFO: [ app_init ] --START--
INFO: Run Behavior\BuildLiteBehavior [ RunTime:0.000019s ]
INFO: [ app_init ] --END-- [ RunTime:0.000702s ]
INFO: [ app_begin ] --START--
INFO: Run Behavior\ReadHtmlCacheBehavior [ RunTime:0.000938s ]
INFO: [ app_begin ] --END-- [ RunTime:0.001020s ]
SQL: SHOW COLUMNS FROM `west_user` [ RunTime:0.0052s ]
SQL: SELECT * FROM `west_user` WHERE `username` = 'admin' LIMIT 1   [ RunTime:0.0004s ]

[ 2015-05-23T12:31:02+08:00 ] 127.0.0.1 /WesternFilms/server/index.php/User/user/login
INFO: [ app_init ] --START--
INFO: Run Behavior\BuildLiteBehavior [ RunTime:0.000016s ]
INFO: [ app_init ] --END-- [ RunTime:0.000440s ]
INFO: [ app_begin ] --START--
INFO: Run Behavior\ReadHtmlCacheBehavior [ RunTime:0.000534s ]
INFO: [ app_begin ] --END-- [ RunTime:0.000588s ]
SQL: SHOW COLUMNS FROM `west_user` [ RunTime:0.0050s ]
SQL: SELECT * FROM `west_user` WHERE `username` = 'ztf' LIMIT 1   [ RunTime:0.0004s ]

[ 2015-05-23T13:37:36+08:00 ] 172.20.0.38 /WesternFilms/server/index.php/User/user/editPass
INFO: [ app_init ] --START--
INFO: Run Behavior\BuildLiteBehavior [ RunTime:0.000015s ]
INFO: [ app_init ] --END-- [ RunTime:0.000465s ]
INFO: [ app_begin ] --START--
INFO: Run Behavior\ReadHtmlCacheBehavior [ RunTime:0.000660s ]
INFO: [ app_begin ] --END-- [ RunTime:0.000712s ]
NOTIC: [8] Use of undefined constant ture - assumed 'ture' D:\WampServer2.1a-x32\WampServer\wamp\www\WesternFilms\server\Apps\User\Controller\BaseController.class.php 第 20 行.
SQL: SHOW COLUMNS FROM `west_user` [ RunTime:0.0051s ]
SQL: SHOW COLUMNS FROM `west_user` [ RunTime:0.0047s ]
SQL: SELECT * FROM `west_user` WHERE ( username = 'ztf' ) LIMIT 1   [ RunTime:0.0005s ]
SQL: UPDATE `west_user` SET `password`='e10adc3949ba59abbe56e057f20f883e' WHERE ( username = 'ztf' ) [ RunTime:0.1322s ]

[ 2015-05-23T13:37:39+08:00 ] 172.20.0.38 /WesternFilms/server/index.php/User/user/login
INFO: [ app_init ] --START--
INFO: Run Behavior\BuildLiteBehavior [ RunTime:0.000022s ]
INFO: [ app_init ] --END-- [ RunTime:0.000559s ]
INFO: [ app_begin ] --START--
INFO: Run Behavior\ReadHtmlCacheBehavior [ RunTime:0.000822s ]
INFO: [ app_begin ] --END-- [ RunTime:0.000916s ]
SQL: SHOW COLUMNS FROM `west_user` [ RunTime:0.0048s ]
SQL: SELECT * FROM `west_user` WHERE `username` = 'ztf' LIMIT 1   [ RunTime:0.0004s ]

[ 2015-05-23T13:37:43+08:00 ] 172.20.0.38 /WesternFilms/server/index.php/User/user/login
INFO: [ app_init ] --START--
INFO: Run Behavior\BuildLiteBehavior [ RunTime:0.000032s ]
INFO: [ app_init ] --END-- [ RunTime:0.000883s ]
INFO: [ app_begin ] --START--
INFO: Run Behavior\ReadHtmlCacheBehavior [ RunTime:0.001237s ]
INFO: [ app_begin ] --END-- [ RunTime:0.001361s ]
SQL: SHOW COLUMNS FROM `west_user` [ RunTime:0.0050s ]
SQL: SELECT * FROM `west_user` WHERE `username` = 'ztf' LIMIT 1   [ RunTime:0.0004s ]

[ 2015-05-23T14:10:44+08:00 ] 172.20.0.38 /WesternFilms/server/index.php/User/Api/upload
INFO: [ app_init ] --START--
INFO: Run Behavior\BuildLiteBehavior [ RunTime:0.000016s ]
INFO: [ app_init ] --END-- [ RunTime:0.000483s ]
INFO: [ app_begin ] --START--
INFO: Run Behavior\ReadHtmlCacheBehavior [ RunTime:0.000733s ]
INFO: [ app_begin ] --END-- [ RunTime:0.000803s ]
NOTIC: [2] call_user_func() expects parameter 1 to be a valid callback, no array or string given D:\WampServer2.1a-x32\WampServer\wamp\www\WesternFilms\server\Think\Library\Think\Upload.class.php 第 170 行.

[ 2015-05-23T14:11:32+08:00 ] 172.20.0.38 /WesternFilms/server/index.php/User/Api/upload
INFO: [ app_init ] --START--
INFO: Run Behavior\BuildLiteBehavior [ RunTime:0.000014s ]
INFO: [ app_init ] --END-- [ RunTime:0.000537s ]
INFO: [ app_begin ] --START--
INFO: Run Behavior\ReadHtmlCacheBehavior [ RunTime:0.000824s ]
INFO: [ app_begin ] --END-- [ RunTime:0.000880s ]
NOTIC: [2] call_user_func() expects parameter 1 to be a valid callback, no array or string given D:\WampServer2.1a-x32\WampServer\wamp\www\WesternFilms\server\Think\Library\Think\Upload.class.php 第 170 行.

[ 2015-05-23T14:13:47+08:00 ] 172.20.0.38 /WesternFilms/server/index.php/User/Api/upload
INFO: [ app_init ] --START--
INFO: Run Behavior\BuildLiteBehavior [ RunTime:0.000020s ]
INFO: [ app_init ] --END-- [ RunTime:0.000749s ]
INFO: [ app_begin ] --START--
INFO: Run Behavior\ReadHtmlCacheBehavior [ RunTime:0.001150s ]
INFO: [ app_begin ] --END-- [ RunTime:0.001230s ]
NOTIC: [8] Undefined index: filename D:\WampServer2.1a-x32\WampServer\wamp\www\WesternFilms\server\Apps\User\Controller\ApiController.class.php 第 24 行.
NOTIC: [8] Undefined index: error D:\WampServer2.1a-x32\WampServer\wamp\www\WesternFilms\server\Think\Library\Think\Upload.class.php 第 269 行.
NOTIC: [8] Undefined index: tmp_name D:\WampServer2.1a-x32\WampServer\wamp\www\WesternFilms\server\Think\Library\Think\Upload.class.php 第 280 行.

[ 2015-05-23T14:13:58+08:00 ] 172.20.0.38 /WesternFilms/server/index.php/User/Api/upload
INFO: [ app_init ] --START--
INFO: Run Behavior\BuildLiteBehavior [ RunTime:0.000033s ]
INFO: [ app_init ] --END-- [ RunTime:0.000938s ]
INFO: [ app_begin ] --START--
INFO: Run Behavior\ReadHtmlCacheBehavior [ RunTime:0.000688s ]
INFO: [ app_begin ] --END-- [ RunTime:0.000749s ]
NOTIC: [2] call_user_func() expects parameter 1 to be a valid callback, no array or string given D:\WampServer2.1a-x32\WampServer\wamp\www\WesternFilms\server\Think\Library\Think\Upload.class.php 第 170 行.

[ 2015-05-23T14:39:36+08:00 ] 172.20.0.38 /WesternFilms/server/index.php/User/Api/upload
INFO: [ app_init ] --START--
INFO: Run Behavior\BuildLiteBehavior [ RunTime:0.000021s ]
INFO: [ app_init ] --END-- [ RunTime:0.000620s ]
INFO: [ app_begin ] --START--
INFO: Run Behavior\ReadHtmlCacheBehavior [ RunTime:0.000914s ]
INFO: [ app_begin ] --END-- [ RunTime:0.000991s ]
NOTIC: [8] Undefined index: filename D:\WampServer2.1a-x32\WampServer\wamp\www\WesternFilms\server\Apps\User\Controller\ApiController.class.php 第 24 行.
NOTIC: [8] Undefined index: error D:\WampServer2.1a-x32\WampServer\wamp\www\WesternFilms\server\Think\Library\Think\Upload.class.php 第 269 行.
NOTIC: [8] Undefined index: tmp_name D:\WampServer2.1a-x32\WampServer\wamp\www\WesternFilms\server\Think\Library\Think\Upload.class.php 第 280 行.

[ 2015-05-23T14:40:07+08:00 ] 172.20.0.38 /WesternFilms/server/index.php/User/Api/upload
INFO: [ app_init ] --START--
INFO: Run Behavior\BuildLiteBehavior [ RunTime:0.000033s ]
INFO: [ app_init ] --END-- [ RunTime:0.000952s ]
INFO: [ app_begin ] --START--
INFO: Run Behavior\ReadHtmlCacheBehavior [ RunTime:0.001896s ]
INFO: [ app_begin ] --END-- [ RunTime:0.002058s ]
NOTIC: [8] Undefined index: filename D:\WampServer2.1a-x32\WampServer\wamp\www\WesternFilms\server\Apps\User\Controller\ApiController.class.php 第 24 行.
NOTIC: [8] Undefined index: error D:\WampServer2.1a-x32\WampServer\wamp\www\WesternFilms\server\Think\Library\Think\Upload.class.php 第 269 行.
NOTIC: [8] Undefined index: tmp_name D:\WampServer2.1a-x32\WampServer\wamp\www\WesternFilms\server\Think\Library\Think\Upload.class.php 第 280 行.

[ 2015-05-23T14:40:31+08:00 ] 172.20.0.38 /WesternFilms/server/index.php/User/Api/upload
INFO: [ app_init ] --START--
INFO: Run Behavior\BuildLiteBehavior [ RunTime:0.000014s ]
INFO: [ app_init ] --END-- [ RunTime:0.000434s ]
INFO: [ app_begin ] --START--
INFO: Run Behavior\ReadHtmlCacheBehavior [ RunTime:0.000667s ]
INFO: [ app_begin ] --END-- [ RunTime:0.000717s ]
NOTIC: [8] Undefined index: filename D:\WampServer2.1a-x32\WampServer\wamp\www\WesternFilms\server\Apps\User\Controller\ApiController.class.php 第 24 行.
NOTIC: [8] Undefined index: error D:\WampServer2.1a-x32\WampServer\wamp\www\WesternFilms\server\Think\Library\Think\Upload.class.php 第 269 行.
NOTIC: [8] Undefined index: tmp_name D:\WampServer2.1a-x32\WampServer\wamp\www\WesternFilms\server\Think\Library\Think\Upload.class.php 第 280 行.

[ 2015-05-23T14:42:12+08:00 ] 172.20.0.38 /WesternFilms/server/index.php/User/Api/upload
INFO: [ app_init ] --START--
INFO: Run Behavior\BuildLiteBehavior [ RunTime:0.000015s ]
INFO: [ app_init ] --END-- [ RunTime:0.000853s ]
INFO: [ app_begin ] --START--
INFO: Run Behavior\ReadHtmlCacheBehavior [ RunTime:0.000739s ]
INFO: [ app_begin ] --END-- [ RunTime:0.000794s ]
NOTIC: [8] Undefined index: filename D:\WampServer2.1a-x32\WampServer\wamp\www\WesternFilms\server\Apps\User\Controller\ApiController.class.php 第 24 行.
NOTIC: [8] Undefined index: error D:\WampServer2.1a-x32\WampServer\wamp\www\WesternFilms\server\Think\Library\Think\Upload.class.php 第 269 行.
NOTIC: [8] Undefined index: tmp_name D:\WampServer2.1a-x32\WampServer\wamp\www\WesternFilms\server\Think\Library\Think\Upload.class.php 第 280 行.

[ 2015-05-23T14:42:31+08:00 ] 172.20.0.38 /WesternFilms/server/index.php/User/Api/upload
INFO: [ app_init ] --START--
INFO: Run Behavior\BuildLiteBehavior [ RunTime:0.000014s ]
INFO: [ app_init ] --END-- [ RunTime:0.000414s ]
INFO: [ app_begin ] --START--
INFO: Run Behavior\ReadHtmlCacheBehavior [ RunTime:0.000718s ]
INFO: [ app_begin ] --END-- [ RunTime:0.000773s ]
NOTIC: [8] Undefined index: filename D:\WampServer2.1a-x32\WampServer\wamp\www\WesternFilms\server\Apps\User\Controller\ApiController.class.php 第 24 行.
NOTIC: [8] Undefined index: error D:\WampServer2.1a-x32\WampServer\wamp\www\WesternFilms\server\Think\Library\Think\Upload.class.php 第 269 行.
NOTIC: [8] Undefined index: tmp_name D:\WampServer2.1a-x32\WampServer\wamp\www\WesternFilms\server\Think\Library\Think\Upload.class.php 第 280 行.

[ 2015-05-23T14:43:21+08:00 ] 172.20.0.38 /WesternFilms/server/index.php/User/Api/upload
INFO: [ app_init ] --START--
INFO: Run Behavior\BuildLiteBehavior [ RunTime:0.000034s ]
INFO: [ app_init ] --END-- [ RunTime:0.001073s ]
INFO: [ app_begin ] --START--
INFO: Run Behavior\ReadHtmlCacheBehavior [ RunTime:0.001683s ]
INFO: [ app_begin ] --END-- [ RunTime:0.001809s ]
NOTIC: [8] Undefined index: filename D:\WampServer2.1a-x32\WampServer\wamp\www\WesternFilms\server\Apps\User\Controller\ApiController.class.php 第 24 行.
NOTIC: [8] Undefined index: error D:\WampServer2.1a-x32\WampServer\wamp\www\WesternFilms\server\Think\Library\Think\Upload.class.php 第 269 行.
NOTIC: [8] Undefined index: tmp_name D:\WampServer2.1a-x32\WampServer\wamp\www\WesternFilms\server\Think\Library\Think\Upload.class.php 第 280 行.

[ 2015-05-23T14:45:41+08:00 ] 172.20.0.38 /WesternFilms/server/index.php/User/Api/upload
INFO: [ app_init ] --START--
INFO: Run Behavior\BuildLiteBehavior [ RunTime:0.000033s ]
INFO: [ app_init ] --END-- [ RunTime:0.000995s ]
INFO: [ app_begin ] --START--
INFO: Run Behavior\ReadHtmlCacheBehavior [ RunTime:0.001565s ]
INFO: [ app_begin ] --END-- [ RunTime:0.001711s ]
NOTIC: [8] Undefined index: filename D:\WampServer2.1a-x32\WampServer\wamp\www\WesternFilms\server\Apps\User\Controller\ApiController.class.php 第 24 行.
NOTIC: [8] Undefined index: error D:\WampServer2.1a-x32\WampServer\wamp\www\WesternFilms\server\Think\Library\Think\Upload.class.php 第 269 行.
NOTIC: [8] Undefined index: tmp_name D:\WampServer2.1a-x32\WampServer\wamp\www\WesternFilms\server\Think\Library\Think\Upload.class.php 第 280 行.

[ 2015-05-23T14:49:09+08:00 ] 172.20.0.38 /WesternFilms/server/index.php/User/Api/upload
INFO: [ app_init ] --START--
INFO: Run Behavior\BuildLiteBehavior [ RunTime:0.000016s ]
INFO: [ app_init ] --END-- [ RunTime:0.000459s ]
INFO: [ app_begin ] --START--
INFO: Run Behavior\ReadHtmlCacheBehavior [ RunTime:0.000625s ]
INFO: [ app_begin ] --END-- [ RunTime:0.000701s ]
NOTIC: [8] Undefined index: filename D:\WampServer2.1a-x32\WampServer\wamp\www\WesternFilms\server\Apps\User\Controller\ApiController.class.php 第 24 行.
NOTIC: [8] Undefined index: error D:\WampServer2.1a-x32\WampServer\wamp\www\WesternFilms\server\Think\Library\Think\Upload.class.php 第 269 行.
NOTIC: [8] Undefined index: tmp_name D:\WampServer2.1a-x32\WampServer\wamp\www\WesternFilms\server\Think\Library\Think\Upload.class.php 第 280 行.

[ 2015-05-23T14:58:29+08:00 ] 172.20.0.38 /WesternFilms/server/index.php/User/Api/upload
INFO: [ app_init ] --START--
INFO: Run Behavior\BuildLiteBehavior [ RunTime:0.000016s ]
INFO: [ app_init ] --END-- [ RunTime:0.000420s ]
INFO: [ app_begin ] --START--
INFO: Run Behavior\ReadHtmlCacheBehavior [ RunTime:0.000680s ]
INFO: [ app_begin ] --END-- [ RunTime:0.000738s ]
NOTIC: [8] Undefined index: filename D:\WampServer2.1a-x32\WampServer\wamp\www\WesternFilms\server\Apps\User\Controller\ApiController.class.php 第 24 行.
NOTIC: [8] Undefined index: error D:\WampServer2.1a-x32\WampServer\wamp\www\WesternFilms\server\Think\Library\Think\Upload.class.php 第 269 行.
NOTIC: [8] Undefined index: tmp_name D:\WampServer2.1a-x32\WampServer\wamp\www\WesternFilms\server\Think\Library\Think\Upload.class.php 第 280 行.

[ 2015-05-23T15:12:14+08:00 ] 172.20.0.38 /WesternFilms/server/index.php/User/links/add
INFO: [ app_init ] --START--
INFO: Run Behavior\BuildLiteBehavior [ RunTime:0.000033s ]
INFO: [ app_init ] --END-- [ RunTime:0.001063s ]
INFO: [ app_begin ] --START--
INFO: Run Behavior\ReadHtmlCacheBehavior [ RunTime:0.000693s ]
INFO: [ app_begin ] --END-- [ RunTime:0.000746s ]
NOTIC: [8] Use of undefined constant ture - assumed 'ture' D:\WampServer2.1a-x32\WampServer\wamp\www\WesternFilms\server\Apps\User\Controller\BaseController.class.php 第 20 行.
SQL: SHOW COLUMNS FROM `west_links` [ RunTime:0.0207s ]
SQL: INSERT INTO `west_links` (`uid`,`name`,`logo`,`info`,`modify_time`) VALUES ('14','222','sNewPass','222','1432365134') [ RunTime:0.0955s ]
SQL: SHOW COLUMNS FROM `west_log` [ RunTime:0.0128s ]
SQL: INSERT INTO `west_log` (`uid`,`type`,`target`,`target_id`,`target_name`,`modify_time`) VALUES ('14','add','links','1','222','1432365134') [ RunTime:0.1190s ]

[ 2015-05-23T15:14:03+08:00 ] 172.20.0.38 /WesternFilms/server/index.php/User/links/add
INFO: [ app_init ] --START--
INFO: Run Behavior\BuildLiteBehavior [ RunTime:0.000032s ]
INFO: [ app_init ] --END-- [ RunTime:0.000986s ]
INFO: [ app_begin ] --START--
INFO: Run Behavior\ReadHtmlCacheBehavior [ RunTime:0.002350s ]
INFO: [ app_begin ] --END-- [ RunTime:0.002440s ]
NOTIC: [8] Use of undefined constant ture - assumed 'ture' D:\WampServer2.1a-x32\WampServer\wamp\www\WesternFilms\server\Apps\User\Controller\BaseController.class.php 第 20 行.
SQL: SHOW COLUMNS FROM `west_links` [ RunTime:0.0044s ]
SQL: INSERT INTO `west_links` (`uid`,`name`,`logo`,`info`,`modify_time`) VALUES ('14','5566','sNewPass','666666','1432365243') [ RunTime:0.1168s ]
SQL: SHOW COLUMNS FROM `west_log` [ RunTime:0.0110s ]
SQL: INSERT INTO `west_log` (`uid`,`type`,`target`,`target_id`,`target_name`,`modify_time`) VALUES ('14','add','links','2','5566','1432365243') [ RunTime:0.0875s ]

[ 2015-05-23T15:38:48+08:00 ] 172.20.0.38 /WesternFilms/server/index.php/User/links/add
INFO: [ app_init ] --START--
INFO: Run Behavior\BuildLiteBehavior [ RunTime:0.000018s ]
INFO: [ app_init ] --END-- [ RunTime:0.000536s ]
INFO: [ app_begin ] --START--
INFO: Run Behavior\ReadHtmlCacheBehavior [ RunTime:0.000740s ]
INFO: [ app_begin ] --END-- [ RunTime:0.000806s ]
NOTIC: [8] Use of undefined constant ture - assumed 'ture' D:\WampServer2.1a-x32\WampServer\wamp\www\WesternFilms\server\Apps\User\Controller\BaseController.class.php 第 20 行.
SQL: SHOW COLUMNS FROM `west_links` [ RunTime:0.0051s ]
SQL: INSERT INTO `west_links` (`uid`,`name`,`logo`,`info`,`modify_time`) VALUES ('14','5555','sNewPass','55555','1432366728') [ RunTime:0.1143s ]
SQL: SHOW COLUMNS FROM `west_log` [ RunTime:0.0122s ]
SQL: INSERT INTO `west_log` (`uid`,`type`,`target`,`target_id`,`target_name`,`modify_time`) VALUES ('14','add','links','3','5555','1432366728') [ RunTime:0.0854s ]

[ 2015-05-23T15:39:33+08:00 ] 172.20.0.38 /WesternFilms/server/index.php/User/links/add
INFO: [ app_init ] --START--
INFO: Run Behavior\BuildLiteBehavior [ RunTime:0.000019s ]
INFO: [ app_init ] --END-- [ RunTime:0.000541s ]
INFO: [ app_begin ] --START--
INFO: Run Behavior\ReadHtmlCacheBehavior [ RunTime:0.000812s ]
INFO: [ app_begin ] --END-- [ RunTime:0.000879s ]
NOTIC: [8] Use of undefined constant ture - assumed 'ture' D:\WampServer2.1a-x32\WampServer\wamp\www\WesternFilms\server\Apps\User\Controller\BaseController.class.php 第 20 行.
SQL: SHOW COLUMNS FROM `west_links` [ RunTime:0.0051s ]
SQL: INSERT INTO `west_links` (`uid`,`name`,`logo`,`info`,`modify_time`) VALUES ('14','5555555','sNewPass','55555','1432366773') [ RunTime:0.1843s ]
SQL: SHOW COLUMNS FROM `west_log` [ RunTime:0.0085s ]
SQL: INSERT INTO `west_log` (`uid`,`type`,`target`,`target_id`,`target_name`,`modify_time`) VALUES ('14','add','links','4','5555555','1432366773') [ RunTime:0.0901s ]

[ 2015-05-23T15:40:09+08:00 ] 172.20.0.38 /WesternFilms/server/index.php/User/links/add
INFO: [ app_init ] --START--
INFO: Run Behavior\BuildLiteBehavior [ RunTime:0.000036s ]
INFO: [ app_init ] --END-- [ RunTime:0.001092s ]
INFO: [ app_begin ] --START--
INFO: Run Behavior\ReadHtmlCacheBehavior [ RunTime:0.001425s ]
INFO: [ app_begin ] --END-- [ RunTime:0.001687s ]
NOTIC: [8] Use of undefined constant ture - assumed 'ture' D:\WampServer2.1a-x32\WampServer\wamp\www\WesternFilms\server\Apps\User\Controller\BaseController.class.php 第 20 行.
SQL: SHOW COLUMNS FROM `west_links` [ RunTime:0.0049s ]
SQL: INSERT INTO `west_links` (`uid`,`name`,`logo`,`info`,`modify_time`) VALUES ('14','yjgjfg','sNewPass','gjfgj','1432366809') [ RunTime:0.1581s ]
SQL: SHOW COLUMNS FROM `west_log` [ RunTime:0.0124s ]
SQL: INSERT INTO `west_log` (`uid`,`type`,`target`,`target_id`,`target_name`,`modify_time`) VALUES ('14','add','links','5','yjgjfg','1432366809') [ RunTime:0.0858s ]

[ 2015-05-23T15:40:40+08:00 ] 172.20.0.38 /WesternFilms/server/index.php/User/links/add
INFO: [ app_init ] --START--
INFO: Run Behavior\BuildLiteBehavior [ RunTime:0.000034s ]
INFO: [ app_init ] --END-- [ RunTime:0.001047s ]
INFO: [ app_begin ] --START--
INFO: Run Behavior\ReadHtmlCacheBehavior [ RunTime:0.001167s ]
INFO: [ app_begin ] --END-- [ RunTime:0.001264s ]
NOTIC: [8] Use of undefined constant ture - assumed 'ture' D:\WampServer2.1a-x32\WampServer\wamp\www\WesternFilms\server\Apps\User\Controller\BaseController.class.php 第 20 行.
SQL: SHOW COLUMNS FROM `west_links` [ RunTime:0.0048s ]
SQL: INSERT INTO `west_links` (`uid`,`name`,`logo`,`info`,`modify_time`) VALUES ('14','rhhfdh','sNewPass','fhfhdf','1432366840') [ RunTime:0.1064s ]
SQL: SHOW COLUMNS FROM `west_log` [ RunTime:0.0119s ]
SQL: INSERT INTO `west_log` (`uid`,`type`,`target`,`target_id`,`target_name`,`modify_time`) VALUES ('14','add','links','6','rhhfdh','1432366840') [ RunTime:0.1537s ]

[ 2015-05-23T15:41:03+08:00 ] 172.20.0.38 /WesternFilms/server/index.php/User/links/add
INFO: [ app_init ] --START--
INFO: Run Behavior\BuildLiteBehavior [ RunTime:0.000018s ]
INFO: [ app_init ] --END-- [ RunTime:0.000531s ]
INFO: [ app_begin ] --START--
INFO: Run Behavior\ReadHtmlCacheBehavior [ RunTime:0.000730s ]
INFO: [ app_begin ] --END-- [ RunTime:0.000795s ]
NOTIC: [8] Use of undefined constant ture - assumed 'ture' D:\WampServer2.1a-x32\WampServer\wamp\www\WesternFilms\server\Apps\User\Controller\BaseController.class.php 第 20 行.
SQL: SHOW COLUMNS FROM `west_links` [ RunTime:0.0053s ]
SQL: INSERT INTO `west_links` (`uid`,`name`,`logo`,`info`,`modify_time`) VALUES ('14','dsgsg','sNewPass','gdgsd','1432366863') [ RunTime:0.1163s ]
SQL: SHOW COLUMNS FROM `west_log` [ RunTime:0.0124s ]
SQL: INSERT INTO `west_log` (`uid`,`type`,`target`,`target_id`,`target_name`,`modify_time`) VALUES ('14','add','links','7','dsgsg','1432366863') [ RunTime:0.0862s ]

[ 2015-05-23T18:12:29+08:00 ] 192.168.252.7 /WesternFilms/server/index.php/User/user/login
INFO: [ app_init ] --START--
INFO: Run Behavior\BuildLiteBehavior [ RunTime:0.000018s ]
INFO: [ app_init ] --END-- [ RunTime:0.000502s ]
INFO: [ app_begin ] --START--
INFO: Run Behavior\ReadHtmlCacheBehavior [ RunTime:0.000697s ]
INFO: [ app_begin ] --END-- [ RunTime:0.000756s ]
SQL: SHOW COLUMNS FROM `west_user` [ RunTime:0.0056s ]
SQL: SELECT * FROM `west_user` WHERE `username` = 'ztf' LIMIT 1   [ RunTime:0.0004s ]

[ 2015-05-23T18:12:34+08:00 ] 192.168.252.7 /WesternFilms/server/index.php/User/user/login
INFO: [ app_init ] --START--
INFO: Run Behavior\BuildLiteBehavior [ RunTime:0.000034s ]
INFO: [ app_init ] --END-- [ RunTime:0.000991s ]
INFO: [ app_begin ] --START--
INFO: Run Behavior\ReadHtmlCacheBehavior [ RunTime:0.000951s ]
INFO: [ app_begin ] --END-- [ RunTime:0.001038s ]
SQL: SHOW COLUMNS FROM `west_user` [ RunTime:0.0052s ]
SQL: SELECT * FROM `west_user` WHERE `username` = 'ztf' LIMIT 1   [ RunTime:0.0005s ]

[ 2015-05-23T19:09:29+08:00 ] 192.168.252.7 /WesternFilms/server/index.php/User/user/editInfo
INFO: [ app_init ] --START--
INFO: Run Behavior\BuildLiteBehavior [ RunTime:0.000032s ]
INFO: [ app_init ] --END-- [ RunTime:0.000874s ]
INFO: [ app_begin ] --START--
INFO: Run Behavior\ReadHtmlCacheBehavior [ RunTime:0.001973s ]
INFO: [ app_begin ] --END-- [ RunTime:0.002109s ]
NOTIC: [8] Use of undefined constant ture - assumed 'ture' D:\WampServer2.1a-x32\WampServer\wamp\www\WesternFilms\server\Apps\User\Controller\BaseController.class.php 第 20 行.
SQL: SHOW COLUMNS FROM `west_user` [ RunTime:0.0049s ]
SQL: SHOW COLUMNS FROM `west_company` [ RunTime:0.0047s ]
SQL: UPDATE `west_company` SET `uid`='14',`mail`='',`tel`='',`wechat_url`='',`introduction`='',`banner_url`='',`modify_time`='1432379369' WHERE ( uid = '14' ) [ RunTime:0.1167s ]

[ 2015-05-23T19:09:40+08:00 ] 192.168.252.7 /WesternFilms/server/index.php/User/user/editInfo
INFO: [ app_init ] --START--
INFO: Run Behavior\BuildLiteBehavior [ RunTime:0.000034s ]
INFO: [ app_init ] --END-- [ RunTime:0.001048s ]
INFO: [ app_begin ] --START--
INFO: Run Behavior\ReadHtmlCacheBehavior [ RunTime:0.001308s ]
INFO: [ app_begin ] --END-- [ RunTime:0.001446s ]
NOTIC: [8] Use of undefined constant ture - assumed 'ture' D:\WampServer2.1a-x32\WampServer\wamp\www\WesternFilms\server\Apps\User\Controller\BaseController.class.php 第 20 行.
SQL: SHOW COLUMNS FROM `west_user` [ RunTime:0.0050s ]
SQL: SHOW COLUMNS FROM `west_company` [ RunTime:0.0047s ]
SQL: UPDATE `west_company` SET `uid`='14',`mail`='',`tel`='',`wechat_url`='',`introduction`='',`banner_url`='',`modify_time`='1432379379' WHERE ( uid = '14' ) [ RunTime:0.1911s ]

[ 2015-05-23T19:09:55+08:00 ] 192.168.252.7 /WesternFilms/server/index.php/User/user/editInfo
INFO: [ app_init ] --START--
INFO: Run Behavior\BuildLiteBehavior [ RunTime:0.000018s ]
INFO: [ app_init ] --END-- [ RunTime:0.000559s ]
INFO: [ app_begin ] --START--
INFO: Run Behavior\ReadHtmlCacheBehavior [ RunTime:0.000759s ]
INFO: [ app_begin ] --END-- [ RunTime:0.000825s ]
NOTIC: [8] Use of undefined constant ture - assumed 'ture' D:\WampServer2.1a-x32\WampServer\wamp\www\WesternFilms\server\Apps\User\Controller\BaseController.class.php 第 20 行.
SQL: SHOW COLUMNS FROM `west_user` [ RunTime:0.0063s ]
SQL: SHOW COLUMNS FROM `west_company` [ RunTime:0.0058s ]
SQL: UPDATE `west_company` SET `uid`='14',`mail`='',`tel`='',`wechat_url`='',`introduction`='',`banner_url`='',`modify_time`='1432379395' WHERE ( uid = '14' ) [ RunTime:0.1171s ]

[ 2015-05-23T19:15:26+08:00 ] 192.168.252.7 /WesternFilms/server/index.php/User/user/editInfo
INFO: [ app_init ] --START--
INFO: Run Behavior\BuildLiteBehavior [ RunTime:0.000013s ]
INFO: [ app_init ] --END-- [ RunTime:0.000404s ]
INFO: [ app_begin ] --START--
INFO: Run Behavior\ReadHtmlCacheBehavior [ RunTime:0.000558s ]
INFO: [ app_begin ] --END-- [ RunTime:0.000623s ]
NOTIC: [8] Use of undefined constant ture - assumed 'ture' D:\WampServer2.1a-x32\WampServer\wamp\www\WesternFilms\server\Apps\User\Controller\BaseController.class.php 第 20 行.
SQL: SHOW COLUMNS FROM `west_user` [ RunTime:0.0050s ]
SQL: SHOW COLUMNS FROM `west_company` [ RunTime:0.0056s ]
SQL: UPDATE `west_company` SET `uid`='14',`mail`='123@123.com',`tel`='13572222222',`wechat_url`='',`introduction`='rwqerwetwetwet',`banner_url`='',`modify_time`='1432379726' WHERE ( uid = '14' ) [ RunTime:0.4545s ]

[ 2015-05-23T19:16:42+08:00 ] 192.168.252.7 /WesternFilms/server/index.php/User/user/editInfo
INFO: [ app_init ] --START--
INFO: Run Behavior\BuildLiteBehavior [ RunTime:0.000032s ]
INFO: [ app_init ] --END-- [ RunTime:0.000947s ]
INFO: [ app_begin ] --START--
INFO: Run Behavior\ReadHtmlCacheBehavior [ RunTime:0.000614s ]
INFO: [ app_begin ] --END-- [ RunTime:0.000666s ]
NOTIC: [8] Use of undefined constant ture - assumed 'ture' D:\WampServer2.1a-x32\WampServer\wamp\www\WesternFilms\server\Apps\User\Controller\BaseController.class.php 第 20 行.
SQL: SHOW COLUMNS FROM `west_user` [ RunTime:0.0050s ]
SQL: SHOW COLUMNS FROM `west_company` [ RunTime:0.0048s ]
SQL: UPDATE `west_company` SET `uid`='14',`mail`='123@123.com',`tel`='13572222222',`wechat_url`='',`introduction`='55555',`banner_url`='',`modify_time`='1432379802' WHERE ( uid = '14' ) [ RunTime:0.1877s ]

[ 2015-05-23T19:20:07+08:00 ] 192.168.252.7 /WesternFilms/server/index.php/User/user/editInfo
INFO: [ app_init ] --START--
INFO: Run Behavior\BuildLiteBehavior [ RunTime:0.000019s ]
INFO: [ app_init ] --END-- [ RunTime:0.000533s ]
INFO: [ app_begin ] --START--
INFO: Run Behavior\ReadHtmlCacheBehavior [ RunTime:0.000783s ]
INFO: [ app_begin ] --END-- [ RunTime:0.000856s ]
NOTIC: [8] Use of undefined constant ture - assumed 'ture' D:\WampServer2.1a-x32\WampServer\wamp\www\WesternFilms\server\Apps\User\Controller\BaseController.class.php 第 20 行.
SQL: SHOW COLUMNS FROM `west_user` [ RunTime:0.0047s ]
SQL: SHOW COLUMNS FROM `west_company` [ RunTime:0.0053s ]
SQL: UPDATE `west_company` SET `uid`='14',`mail`='123@123.com',`tel`='13572222222',`wechat_url`='',`introduction`='555556666',`banner_url`='',`modify_time`='1432380007' WHERE ( uid = '14' ) [ RunTime:0.0935s ]

[ 2015-05-23T19:20:57+08:00 ] 192.168.252.7 /WesternFilms/server/index.php/User/user/editInfo
INFO: [ app_init ] --START--
INFO: Run Behavior\BuildLiteBehavior [ RunTime:0.000018s ]
INFO: [ app_init ] --END-- [ RunTime:0.000493s ]
INFO: [ app_begin ] --START--
INFO: Run Behavior\ReadHtmlCacheBehavior [ RunTime:0.000669s ]
INFO: [ app_begin ] --END-- [ RunTime:0.000734s ]
NOTIC: [8] Use of undefined constant ture - assumed 'ture' D:\WampServer2.1a-x32\WampServer\wamp\www\WesternFilms\server\Apps\User\Controller\BaseController.class.php 第 20 行.
SQL: SHOW COLUMNS FROM `west_user` [ RunTime:0.0062s ]
SQL: SHOW COLUMNS FROM `west_company` [ RunTime:0.0062s ]
SQL: UPDATE `west_company` SET `uid`='14',`mail`='123@123.com',`tel`='13572222222',`wechat_url`='',`introduction`='55555666688888',`banner_url`='',`modify_time`='1432380057' WHERE ( uid = '14' ) [ RunTime:0.1173s ]

[ 2015-05-23T19:21:25+08:00 ] 192.168.252.7 /WesternFilms/server/index.php/User/user/editInfo
INFO: [ app_init ] --START--
INFO: Run Behavior\BuildLiteBehavior [ RunTime:0.000030s ]
INFO: [ app_init ] --END-- [ RunTime:0.000918s ]
INFO: [ app_begin ] --START--
INFO: Run Behavior\ReadHtmlCacheBehavior [ RunTime:0.000777s ]
INFO: [ app_begin ] --END-- [ RunTime:0.000856s ]
NOTIC: [8] Use of undefined constant ture - assumed 'ture' D:\WampServer2.1a-x32\WampServer\wamp\www\WesternFilms\server\Apps\User\Controller\BaseController.class.php 第 20 行.
SQL: SHOW COLUMNS FROM `west_user` [ RunTime:0.0048s ]
SQL: SHOW COLUMNS FROM `west_company` [ RunTime:0.0047s ]
SQL: UPDATE `west_company` SET `uid`='14',`mail`='123@123.com',`tel`='13572222222',`wechat_url`='',`introduction`='55555666688888',`banner_url`='',`modify_time`='1432380084' WHERE ( uid = '14' ) [ RunTime:0.1043s ]

[ 2015-05-23T19:22:53+08:00 ] 192.168.252.7 /WesternFilms/server/index.php/User/user/editInfo
INFO: [ app_init ] --START--
INFO: Run Behavior\BuildLiteBehavior [ RunTime:0.000032s ]
INFO: [ app_init ] --END-- [ RunTime:0.000873s ]
INFO: [ app_begin ] --START--
INFO: Run Behavior\ReadHtmlCacheBehavior [ RunTime:0.001238s ]
INFO: [ app_begin ] --END-- [ RunTime:0.001360s ]
NOTIC: [8] Use of undefined constant ture - assumed 'ture' D:\WampServer2.1a-x32\WampServer\wamp\www\WesternFilms\server\Apps\User\Controller\BaseController.class.php 第 20 行.
SQL: SHOW COLUMNS FROM `west_user` [ RunTime:0.0049s ]
SQL: SHOW COLUMNS FROM `west_company` [ RunTime:0.0048s ]
SQL: UPDATE `west_company` SET `uid`='14',`mail`='123@123.com',`tel`='13572222222',`wechat_url`='',`introduction`='55555666688888',`banner_url`='',`modify_time`='1432380173' WHERE ( uid = '14' ) [ RunTime:0.1242s ]

[ 2015-05-23T19:23:50+08:00 ] 192.168.252.7 /WesternFilms/server/index.php/User/user/editPass
INFO: [ app_init ] --START--
INFO: Run Behavior\BuildLiteBehavior [ RunTime:0.000014s ]
INFO: [ app_init ] --END-- [ RunTime:0.000433s ]
INFO: [ app_begin ] --START--
INFO: Run Behavior\ReadHtmlCacheBehavior [ RunTime:0.000616s ]
INFO: [ app_begin ] --END-- [ RunTime:0.000666s ]
NOTIC: [8] Use of undefined constant ture - assumed 'ture' D:\WampServer2.1a-x32\WampServer\wamp\www\WesternFilms\server\Apps\User\Controller\BaseController.class.php 第 20 行.
SQL: SHOW COLUMNS FROM `west_user` [ RunTime:0.0049s ]
SQL: SHOW COLUMNS FROM `west_user` [ RunTime:0.0051s ]
SQL: SELECT * FROM `west_user` WHERE ( username = 'ztf' ) LIMIT 1   [ RunTime:0.0004s ]

[ 2015-05-23T19:23:55+08:00 ] 192.168.252.7 /WesternFilms/server/index.php/User/user/editPass
INFO: [ app_init ] --START--
INFO: Run Behavior\BuildLiteBehavior [ RunTime:0.000014s ]
INFO: [ app_init ] --END-- [ RunTime:0.000693s ]
INFO: [ app_begin ] --START--
INFO: Run Behavior\ReadHtmlCacheBehavior [ RunTime:0.000541s ]
INFO: [ app_begin ] --END-- [ RunTime:0.000588s ]
NOTIC: [8] Use of undefined constant ture - assumed 'ture' D:\WampServer2.1a-x32\WampServer\wamp\www\WesternFilms\server\Apps\User\Controller\BaseController.class.php 第 20 行.
SQL: SHOW COLUMNS FROM `west_user` [ RunTime:0.0048s ]
SQL: SHOW COLUMNS FROM `west_user` [ RunTime:0.0047s ]
SQL: SELECT * FROM `west_user` WHERE ( username = 'ztf' ) LIMIT 1   [ RunTime:0.0005s ]
SQL: UPDATE `west_user` SET `password`='e10adc3949ba59abbe56e057f20f883e' WHERE ( username = 'ztf' ) [ RunTime:0.1411s ]

[ 2015-05-23T19:24:03+08:00 ] 192.168.252.7 /WesternFilms/server/index.php/User/user/editPass
INFO: [ app_init ] --START--
INFO: Run Behavior\BuildLiteBehavior [ RunTime:0.000033s ]
INFO: [ app_init ] --END-- [ RunTime:0.000891s ]
INFO: [ app_begin ] --START--
INFO: Run Behavior\ReadHtmlCacheBehavior [ RunTime:0.001325s ]
INFO: [ app_begin ] --END-- [ RunTime:0.001470s ]
NOTIC: [8] Use of undefined constant ture - assumed 'ture' D:\WampServer2.1a-x32\WampServer\wamp\www\WesternFilms\server\Apps\User\Controller\BaseController.class.php 第 20 行.
SQL: SHOW COLUMNS FROM `west_user` [ RunTime:0.0049s ]
SQL: SHOW COLUMNS FROM `west_user` [ RunTime:0.0047s ]
SQL: SELECT * FROM `west_user` WHERE ( username = 'ztf' ) LIMIT 1   [ RunTime:0.0006s ]
SQL: UPDATE `west_user` SET `password`='09a6f4ead95fb05ee29ab9e7d1219e33' WHERE ( username = 'ztf' ) [ RunTime:0.1133s ]

[ 2015-05-23T19:24:08+08:00 ] 192.168.252.7 /WesternFilms/server/index.php/User/user/editInfo
INFO: [ app_init ] --START--
INFO: Run Behavior\BuildLiteBehavior [ RunTime:0.000016s ]
INFO: [ app_init ] --END-- [ RunTime:0.000425s ]
INFO: [ app_begin ] --START--
INFO: Run Behavior\ReadHtmlCacheBehavior [ RunTime:0.000591s ]
INFO: [ app_begin ] --END-- [ RunTime:0.000648s ]

[ 2015-05-23T19:24:17+08:00 ] 192.168.252.7 /WesternFilms/server/index.php/User/user/login
INFO: [ app_init ] --START--
INFO: Run Behavior\BuildLiteBehavior [ RunTime:0.000032s ]
INFO: [ app_init ] --END-- [ RunTime:0.000880s ]
INFO: [ app_begin ] --START--
INFO: Run Behavior\ReadHtmlCacheBehavior [ RunTime:0.000541s ]
INFO: [ app_begin ] --END-- [ RunTime:0.000591s ]
SQL: SHOW COLUMNS FROM `west_user` [ RunTime:0.0050s ]
SQL: SELECT * FROM `west_user` WHERE `username` = 'ztf' LIMIT 1   [ RunTime:0.0004s ]

[ 2015-05-23T19:24:22+08:00 ] 192.168.252.7 /WesternFilms/server/index.php/User/user/login
INFO: [ app_init ] --START--
INFO: Run Behavior\BuildLiteBehavior [ RunTime:0.000033s ]
INFO: [ app_init ] --END-- [ RunTime:0.000945s ]
INFO: [ app_begin ] --START--
INFO: Run Behavior\ReadHtmlCacheBehavior [ RunTime:0.001265s ]
INFO: [ app_begin ] --END-- [ RunTime:0.001391s ]
SQL: SHOW COLUMNS FROM `west_user` [ RunTime:0.0049s ]
SQL: SELECT * FROM `west_user` WHERE `username` = 'ztf' LIMIT 1   [ RunTime:0.0004s ]

[ 2015-05-23T19:45:57+08:00 ] 192.168.252.7 /WesternFilms/server/index.php/User/user/login
INFO: [ app_init ] --START--
INFO: Run Behavior\BuildLiteBehavior [ RunTime:0.000018s ]
INFO: [ app_init ] --END-- [ RunTime:0.000543s ]
INFO: [ app_begin ] --START--
INFO: Run Behavior\ReadHtmlCacheBehavior [ RunTime:0.000819s ]
INFO: [ app_begin ] --END-- [ RunTime:0.000886s ]
SQL: SHOW COLUMNS FROM `west_user` [ RunTime:0.0053s ]
SQL: SELECT * FROM `west_user` WHERE `username` = 'ztf' LIMIT 1   [ RunTime:0.0005s ]

[ 2015-05-23T20:33:37+08:00 ] 192.168.252.7 /WesternFilms/server/index.php/User/user/login
INFO: [ app_init ] --START--
INFO: Run Behavior\BuildLiteBehavior [ RunTime:0.000034s ]
INFO: [ app_init ] --END-- [ RunTime:0.001068s ]
INFO: [ app_begin ] --START--
INFO: Run Behavior\ReadHtmlCacheBehavior [ RunTime:0.001532s ]
INFO: [ app_begin ] --END-- [ RunTime:0.001667s ]
SQL: SHOW COLUMNS FROM `west_user` [ RunTime:0.0046s ]
SQL: SELECT * FROM `west_user` WHERE `username` = 'ztf' LIMIT 1   [ RunTime:0.0004s ]

[ 2015-05-23T20:33:55+08:00 ] 192.168.252.7 /WesternFilms/server/index.php/User/user/regist
INFO: [ app_init ] --START--
INFO: Run Behavior\BuildLiteBehavior [ RunTime:0.000014s ]
INFO: [ app_init ] --END-- [ RunTime:0.000436s ]
INFO: [ app_begin ] --START--
INFO: Run Behavior\ReadHtmlCacheBehavior [ RunTime:0.000632s ]
INFO: [ app_begin ] --END-- [ RunTime:0.000689s ]
SQL: SHOW COLUMNS FROM `west_user` [ RunTime:0.0044s ]
SQL: SHOW COLUMNS FROM `west_user` [ RunTime:0.0043s ]
SQL: SELECT * FROM `west_user` WHERE ( username = '583838' ) LIMIT 1   [ RunTime:0.0004s ]
SQL: SHOW COLUMNS FROM `west_user` [ RunTime:0.0042s ]
SQL: INSERT INTO `west_user` (`username`,`password`,`group`,`status`,`modify_time`) VALUES ('583838','550a141f12de6341fba65b0ad0433500','user','0','1432384435') [ RunTime:0.0004s ]
SQL: SHOW COLUMNS FROM `west_company` [ RunTime:0.0045s ]
SQL: SELECT * FROM `west_company` WHERE ( name = '53873' ) LIMIT 1   [ RunTime:0.0004s ]
SQL: SHOW COLUMNS FROM `west_company` [ RunTime:0.0043s ]
SQL: INSERT INTO `west_company` (`uid`,`name`,`mail`,`tel`,`modify_time`) VALUES ('35','53873','44444','','1432384435') [ RunTime:0.0003s ]

[ 2015-05-23T20:34:00+08:00 ] 192.168.252.7 /WesternFilms/server/index.php/User/user/login
INFO: [ app_init ] --START--
INFO: Run Behavior\BuildLiteBehavior [ RunTime:0.000031s ]
INFO: [ app_init ] --END-- [ RunTime:0.000893s ]
INFO: [ app_begin ] --START--
INFO: Run Behavior\ReadHtmlCacheBehavior [ RunTime:0.001277s ]
INFO: [ app_begin ] --END-- [ RunTime:0.001408s ]
SQL: SHOW COLUMNS FROM `west_user` [ RunTime:0.0044s ]
SQL: SELECT * FROM `west_user` WHERE `username` = 'ztf' LIMIT 1   [ RunTime:0.0003s ]

