[ 2015-06-08T17:13:24+08:00 ] 127.0.0.1 /ff/server/index.php?m=User&c=Api&a=verify
INFO: [ app_init ] --START--
INFO: Run Behavior\BuildLiteBehavior [ RunTime:0.000037s ]
INFO: [ app_init ] --END-- [ RunTime:0.000854s ]
INFO: [ app_begin ] --START--
INFO: Run Behavior\ReadHtmlCacheBehavior [ RunTime:0.001426s ]
INFO: [ app_begin ] --END-- [ RunTime:0.001582s ]
INFO: [ app_end ] --START--
INFO: Run Behavior\ShowPageTraceBehavior [ RunTime:0.001579s ]
INFO: [ app_end ] --END-- [ RunTime:0.001771s ]

[ 2015-06-08T17:13:32+08:00 ] 127.0.0.1 /ff/server/index.php?m=User&c=user&a=login
INFO: [ app_init ] --START--
INFO: Run Behavior\BuildLiteBehavior [ RunTime:0.000034s ]
INFO: [ app_init ] --END-- [ RunTime:0.000831s ]
INFO: [ app_begin ] --START--
INFO: Run Behavior\ReadHtmlCacheBehavior [ RunTime:0.001295s ]
INFO: [ app_begin ] --END-- [ RunTime:0.001436s ]
NOTIC: [8] Undefined variable: id D:\wamp\www\ff\server\Apps\User\Controller\UserController.class.php 第 86 行.

[ 2015-06-08T17:13:34+08:00 ] 127.0.0.1 /ff/server/index.php?m=User&c=Api&a=verify&localeTime=1433754814093
INFO: [ app_init ] --START--
INFO: Run Behavior\BuildLiteBehavior [ RunTime:0.000036s ]
INFO: [ app_init ] --END-- [ RunTime:0.000863s ]
INFO: [ app_begin ] --START--
INFO: Run Behavior\ReadHtmlCacheBehavior [ RunTime:0.001369s ]
INFO: [ app_begin ] --END-- [ RunTime:0.001526s ]
INFO: [ app_end ] --START--
INFO: Run Behavior\ShowPageTraceBehavior [ RunTime:0.001498s ]
INFO: [ app_end ] --END-- [ RunTime:0.001689s ]

[ 2015-06-08T17:13:40+08:00 ] 127.0.0.1 /ff/server/index.php?m=User&c=user&a=login
INFO: [ app_init ] --START--
INFO: Run Behavior\BuildLiteBehavior [ RunTime:0.000032s ]
INFO: [ app_init ] --END-- [ RunTime:0.000844s ]
INFO: [ app_begin ] --START--
INFO: Run Behavior\ReadHtmlCacheBehavior [ RunTime:0.001370s ]
INFO: [ app_begin ] --END-- [ RunTime:0.001524s ]
NOTIC: [8] Undefined variable: id D:\wamp\www\ff\server\Apps\User\Controller\UserController.class.php 第 86 行.
SQL: SHOW COLUMNS FROM `west_user` [ RunTime:0.0099s ]
SQL: SELECT * FROM `west_user` WHERE `username` = 'ztf' LIMIT 1   [ RunTime:0.0010s ]

[ 2015-06-08T17:14:00+08:00 ] 127.0.0.1 /ff/server/index.php?m=User&c=Api&a=upload
INFO: [ app_init ] --START--
INFO: Run Behavior\BuildLiteBehavior [ RunTime:0.000033s ]
INFO: [ app_init ] --END-- [ RunTime:0.000749s ]
INFO: [ app_begin ] --START--
INFO: Run Behavior\ReadHtmlCacheBehavior [ RunTime:0.001027s ]
INFO: [ app_begin ] --END-- [ RunTime:0.001185s ]
NOTIC: [2] call_user_func() expects parameter 1 to be a valid callback, no array or string given D:\wamp\www\ff\server\Think\Library\Think\Upload.class.php 第 170 行.

[ 2015-06-08T17:14:04+08:00 ] 127.0.0.1 /ff/server/index.php?m=User&c=news&a=edit
INFO: [ app_init ] --START--
INFO: Run Behavior\BuildLiteBehavior [ RunTime:0.000033s ]
INFO: [ app_init ] --END-- [ RunTime:0.000810s ]
INFO: [ app_begin ] --START--
INFO: Run Behavior\ReadHtmlCacheBehavior [ RunTime:0.001571s ]
INFO: [ app_begin ] --END-- [ RunTime:0.001730s ]
NOTIC: [8] Use of undefined constant ture - assumed 'ture' D:\wamp\www\ff\server\Apps\User\Controller\BaseController.class.php 第 20 行.
SQL: SHOW COLUMNS FROM `west_news` [ RunTime:0.0625s ]
SQL: SELECT * FROM `west_news` WHERE ( id = 21 ) LIMIT 1   [ RunTime:0.0022s ]
SQL: UPDATE `west_news` SET `title`='《匆匆那年》不悔梦归处，只恨太匆匆',`big_img`='no',`thumbnail`='../server/Public/Uploads/2015-06-08/2015060817140068028.jpg',`summary`='根据九夜茴同名小说改编。电影讲述了阳光少年陈寻（彭于晏 饰）、痴心女孩方茴（倪妮 饰）、纯情备胎赵烨（郑恺 饰）、温情暖男乔然（魏晨 饰）、豪放女神林嘉茉（张子萱 饰）这群死党跨越十五年的青春、记忆与友情。',`source`='',`author`='青葱',`content`='&lt;h1&gt;
	&lt;span style=&quot;color:#111111;font-family:Helvetica, Arial, sans-serif;font-size:13px;line-height:21.0599994659424px;&quot;&gt;&amp;nbsp;&amp;nbsp;&amp;nbsp;&amp;nbsp;&amp;nbsp;&amp;nbsp;&amp;nbsp;&lt;span style=&quot;color:#E53333;&quot;&gt;&amp;nbsp;&lt;/span&gt;&lt;span style=&quot;color:#337FE5;&quot;&gt;这部片子并没有我期待中的好看，电影和片名一样拍得十分匆匆，最终拍成了一个散文式的mv，中途间或出现的字幕让人以为在做综卷&lt;/span&gt;&lt;/span&gt;&lt;span style=&quot;color:#111111;font-family:Helvetica, Arial, sans-serif;font-size:13px;line-height:21.0599994659424px;&quot;&gt;&lt;span style=&quot;color:#E53333;&quot;&gt;&lt;/span&gt;&lt;span style=&quot;color:#337FE5;&quot;&gt;调查。但它还原了每个人都有过的青春记忆，还是慢慢看痛了。&lt;/span&gt;&lt;span style=&quot;color:#337FE5;&quot;&gt;&amp;nbsp;&lt;/span&gt;&lt;/span&gt; 
&lt;/h1&gt;
&lt;span style=&quot;color:#111111;font-family:Helvetica, Arial, sans-serif;font-size:13px;line-height:21.0599994659424px;&quot;&gt;　　如果不是彭大大主演，估计就给两星了。&amp;nbsp;&lt;/span&gt;&lt;br /&gt;
&lt;span style=&quot;color:#111111;font-family:Helvetica, Arial, sans-serif;font-size:13px;line-height:21.0599994659424px;&quot;&gt;　　但出于偏心，冲着爱了八年的男神+去婚礼戏探过班，就打了四星。&amp;nbsp;&lt;/span&gt;&lt;br /&gt;
&lt;span style=&quot;color:#111111;font-family:Helvetica, Arial, sans-serif;font-size:13px;line-height:21.0599994659424px;&quot;&gt;　　&amp;nbsp;&lt;/span&gt;&lt;br /&gt;
&lt;span style=&quot;color:#111111;font-family:Helvetica, Arial, sans-serif;font-size:13px;line-height:21.0599994659424px;&quot;&gt;　　差的都有那么多人说了，那我就说点打动人的吧。&amp;nbsp;&lt;/span&gt;&lt;br /&gt;
&lt;span style=&quot;color:#111111;font-family:Helvetica, Arial, sans-serif;font-size:13px;line-height:21.0599994659424px;&quot;&gt;　　虽然片子就像MV似的抒情散乱，但有几处还很动人美妙。&amp;nbsp;&lt;/span&gt;&lt;br /&gt;
&lt;span style=&quot;color:#111111;font-family:Helvetica, Arial, sans-serif;font-size:13px;line-height:21.0599994659424px;&quot;&gt;　　方茴在黑板上写字，陈寻倚靠在教室前门，微笑地看着她。&amp;nbsp;&lt;/span&gt;&lt;br /&gt;
&lt;span style=&quot;color:#111111;font-family:Helvetica, Arial, sans-serif;font-size:13px;line-height:21.0599994659424px;&quot;&gt;　　陈寻在前面快走，他知道方茴在后面，笑得不露声色，方茴在前小碎步地快跑，陈寻追了上去。这种心照不宣看得怦然心动。&amp;nbsp;&lt;/span&gt;&lt;br /&gt;
&lt;span style=&quot;color:#111111;font-family:Helvetica, Arial, sans-serif;font-size:13px;line-height:21.0599994659424px;&quot;&gt;　　喜欢一个人会是什么样子？眼里都有光照进来。&amp;nbsp;&lt;/span&gt;&lt;br /&gt;
&lt;span style=&quot;color:#111111;font-family:Helvetica, Arial, sans-serif;font-size:13px;line-height:21.0599994659424px;&quot;&gt;　　陈寻反穿校服，只为了让她在人群中第一眼看到自己。&amp;nbsp;&lt;/span&gt;&lt;br /&gt;
&lt;span style=&quot;color:#111111;font-family:Helvetica, Arial, sans-serif;font-size:13px;line-height:21.0599994659424px;&quot;&gt;　　林嘉茉喜欢苏凯，便用他的名字缩写的钱去买优酸乳。&amp;nbsp;&lt;/span&gt;&lt;br /&gt;
&lt;span style=&quot;color:#111111;font-family:Helvetica, Arial, sans-serif;font-size:13px;line-height:21.0599994659424px;&quot;&gt;　　她只想通过百转千回的方式，告诉他，我暗恋你呀。&amp;nbsp;&lt;/span&gt;&lt;br /&gt;
&lt;span style=&quot;color:#111111;font-family:Helvetica, Arial, sans-serif;font-size:13px;line-height:21.0599994659424px;&quot;&gt;　　一张张带有“sk”开头的一元人命币就在苏凯眼前，哪知人家不解风情，转身走了。&amp;nbsp;&lt;/span&gt;&lt;br /&gt;
&lt;span style=&quot;color:#111111;font-family:Helvetica, Arial, sans-serif;font-size:13px;line-height:21.0599994659424px;&quot;&gt;　　但是赵烨给了她一叠一块的，说，&amp;nbsp;&lt;/span&gt;&lt;br /&gt;
&lt;span style=&quot;color:#111111;font-family:Helvetica, Arial, sans-serif;font-size:13px;line-height:21.0599994659424px;&quot;&gt;　　“我给你攒的，sk开头的钱”。&amp;nbsp;&lt;/span&gt;&lt;br /&gt;
&lt;span style=&quot;color:#111111;font-family:Helvetica, Arial, sans-serif;font-size:13px;line-height:21.0599994659424px;&quot;&gt;　　在沙滩上，两人约定写出彼此喜欢的人的名字。赵烨写了林嘉茉，而她写了苏凯。她说，我写完啦，便欢快地跑开。他说你还没看我写的呢，还没说完，她早已跑远。&amp;nbsp;&lt;/span&gt;&lt;br /&gt;
&lt;span style=&quot;color:#111111;font-family:Helvetica, Arial, sans-serif;font-size:13px;line-height:21.0599994659424px;&quot;&gt;　　他苦笑，将苏凯的名字抹去，写上了自己的名字，假装她喜欢的人是自己。然后，换上高兴的表情，在沙滩上追她。&amp;nbsp;&lt;/span&gt;&lt;br /&gt;
&lt;span style=&quot;color:#111111;font-family:Helvetica, Arial, sans-serif;font-size:13px;line-height:21.0599994659424px;&quot;&gt;　　&amp;nbsp;&lt;/span&gt;&lt;br /&gt;
&lt;span style=&quot;color:#111111;font-family:Helvetica, Arial, sans-serif;font-size:13px;line-height:21.0599994659424px;&quot;&gt;　　所谓爱情不过如此，我爱你，你不爱我；他爱我，我不爱他。&amp;nbsp;&lt;/span&gt;&lt;br /&gt;
&lt;span style=&quot;color:#111111;font-family:Helvetica, Arial, sans-serif;font-size:13px;line-height:21.0599994659424px;&quot;&gt;　　登对多难，于是只剩下了相互追逐。&amp;nbsp;&lt;/span&gt;&lt;br /&gt;
&lt;span style=&quot;color:#111111;font-family:Helvetica, Arial, sans-serif;font-size:13px;line-height:21.0599994659424px;&quot;&gt;　　林嘉茉编了一条那时候最流行的塑料手链，送给苏凯，却骗他，这是隔壁班的某某女生托我转交给你的。&amp;nbsp;&lt;/span&gt;&lt;br /&gt;
&lt;span style=&quot;color:#111111;font-family:Helvetica, Arial, sans-serif;font-size:13px;line-height:21.0599994659424px;&quot;&gt;　　撒了一个善意的小谎，只是为了让他不尴尬地收下自己亲手做的礼物，哪怕他并不知道。但只要看他戴着，心里就能甜出一条银河系的密度。&amp;nbsp;&lt;/span&gt;&lt;br /&gt;
&lt;span style=&quot;color:#111111;font-family:Helvetica, Arial, sans-serif;font-size:13px;line-height:21.0599994659424px;&quot;&gt;　　但是苏凯一本正经地告诉她，让她转告“那位同学”，好好学习，为社会主义奋斗。哈哈哈哈哈哈哈。&amp;nbsp;&lt;/span&gt;&lt;br /&gt;
&lt;span style=&quot;color:#111111;font-family:Helvetica, Arial, sans-serif;font-size:13px;line-height:21.0599994659424px;&quot;&gt;　　&amp;nbsp;&lt;/span&gt;&lt;br /&gt;
&lt;span style=&quot;color:#111111;font-family:Helvetica, Arial, sans-serif;font-size:13px;line-height:21.0599994659424px;&quot;&gt;　　赵烨手臂受伤，他们在石膏上集体签名。&amp;nbsp;&lt;/span&gt;&lt;br /&gt;
&lt;span style=&quot;color:#111111;font-family:Helvetica, Arial, sans-serif;font-size:13px;line-height:21.0599994659424px;&quot;&gt;　　陈寻方茴恋爱，他们就在树上一起刻字。&amp;nbsp;&lt;/span&gt;&lt;br /&gt;
&lt;span style=&quot;color:#111111;font-family:Helvetica, Arial, sans-serif;font-size:13px;line-height:21.0599994659424px;&quot;&gt;　　唯有青春时期热情并且郑重其事，成年以后我们谁也不会再做。&amp;nbsp;&lt;/span&gt;&lt;br /&gt;
&lt;span style=&quot;color:#111111;font-family:Helvetica, Arial, sans-serif;font-size:13px;line-height:21.0599994659424px;&quot;&gt;　　当年的他们好幼稚啊，但幼稚得多开心。&amp;nbsp;&lt;/span&gt;&lt;br /&gt;
&lt;span style=&quot;color:#111111;font-family:Helvetica, Arial, sans-serif;font-size:13px;line-height:21.0599994659424px;&quot;&gt;　　毕业时刻，陈寻唱歌，方茴去抱住他，许愿。&amp;nbsp;&lt;/span&gt;&lt;br /&gt;
&lt;span style=&quot;color:#111111;font-family:Helvetica, Arial, sans-serif;font-size:13px;line-height:21.0599994659424px;&quot;&gt;　　“我们以后会一直在一起吗？”&amp;nbsp;&lt;/span&gt;&lt;br /&gt;
&lt;span style=&quot;color:#111111;font-family:Helvetica, Arial, sans-serif;font-size:13px;line-height:21.0599994659424px;&quot;&gt;　　“会。”&amp;nbsp;&lt;/span&gt;&lt;br /&gt;
&lt;span style=&quot;color:#111111;font-family:Helvetica, Arial, sans-serif;font-size:13px;line-height:21.0599994659424px;&quot;&gt;　　“会结婚吗，会生孩子吗，一起晒被子吃早餐吗……”&amp;nbsp;&lt;/span&gt;&lt;br /&gt;
&lt;span style=&quot;color:#111111;font-family:Helvetica, Arial, sans-serif;font-size:13px;line-height:21.0599994659424px;&quot;&gt;　　“一定会。”&amp;nbsp;&lt;/span&gt;&lt;br /&gt;
&lt;span style=&quot;color:#111111;font-family:Helvetica, Arial, sans-serif;font-size:13px;line-height:21.0599994659424px;&quot;&gt;　　&amp;nbsp;&lt;/span&gt;&lt;br /&gt;
&lt;span style=&quot;color:#111111;font-family:Helvetica, Arial, sans-serif;font-size:13px;line-height:21.0599994659424px;&quot;&gt;　　年轻的我们怎么会知道，对方在发誓的时候都是真的觉得自己一定不会违背承诺，而在反悔的时候也都是真的觉得自己不能做到。所以誓言这种东西无法衡量坚贞，也不能判断对错，它只能证明，在说出来的那一刻，彼此曾经真诚过。&amp;nbsp;&lt;/span&gt;&lt;br /&gt;
&lt;span style=&quot;color:#111111;font-family:Helvetica, Arial, sans-serif;font-size:13px;line-height:21.0599994659424px;&quot;&gt;　　&amp;nbsp;&lt;/span&gt;&lt;br /&gt;
&lt;span style=&quot;color:#111111;font-family:Helvetica, Arial, sans-serif;font-size:13px;line-height:21.0599994659424px;&quot;&gt;　　分手后再聚，方茴扛了两箱酒，终于肯暴露脆弱，喝醉哀求陈寻不要分手。&amp;nbsp;&lt;/span&gt;&lt;br /&gt;
&lt;span style=&quot;color:#111111;font-family:Helvetica, Arial, sans-serif;font-size:13px;line-height:21.0599994659424px;&quot;&gt;　　喜欢方茴的新概念王子乔然看不下去，几个人打了起来。&amp;nbsp;&lt;/span&gt;&lt;br /&gt;
&lt;span style=&quot;color:#111111;font-family:Helvetica, Arial, sans-serif;font-size:13px;line-height:21.0599994659424px;&quot;&gt;　　“高兴吗，高兴了就他妈散伙吧。”&amp;nbsp;&lt;/span&gt;&lt;br /&gt;
&lt;span style=&quot;color:#111111;font-family:Helvetica, Arial, sans-serif;font-size:13px;line-height:21.0599994659424px;&quot;&gt;　　赵烨摔了当初大家一起签名的石膏。&amp;nbsp;&lt;/span&gt;&lt;br /&gt;
&lt;span style=&quot;color:#111111;font-family:Helvetica, Arial, sans-serif;font-size:13px;line-height:21.0599994659424px;&quot;&gt;　　林嘉茉用攒的SK开头的钱赔了老板。&amp;nbsp;&lt;/span&gt;&lt;br /&gt;
&lt;span style=&quot;color:#111111;font-family:Helvetica, Arial, sans-serif;font-size:13px;line-height:21.0599994659424px;&quot;&gt;　　陈寻两手空空地背对大家离去。&amp;nbsp;&lt;/span&gt;&lt;br /&gt;
&lt;span style=&quot;color:#111111;font-family:Helvetica, Arial, sans-serif;font-size:13px;line-height:21.0599994659424px;&quot;&gt;　　青春残酷之处在于，永远都以遗憾和惨烈收尾。&amp;nbsp;&lt;/span&gt;&lt;br /&gt;
&lt;span style=&quot;color:#111111;font-family:Helvetica, Arial, sans-serif;font-size:13px;line-height:21.0599994659424px;&quot;&gt;　　&amp;nbsp;&lt;/span&gt;&lt;br /&gt;
&lt;span style=&quot;color:#111111;font-family:Helvetica, Arial, sans-serif;font-size:13px;line-height:21.0599994659424px;&quot;&gt;　　陈寻说，男人会遇见两个女孩，一个是陆地，让他感到安全。一个是天空上的鸟，陪他一起高飞。如果方茴是陆地，那沈晓棠，便是能陪他飞翔的鸟。李碧华在《青蛇》里也写过，每个男人，都希望他生命中有两个女人：白蛇和青蛇。同期的，相间的，点缀他荒芜的命运。——只是，当他得到白蛇，她渐渐成了朱门旁惨白的余灰；那青蛇，却是树顶青翠欲滴爽脆刮辣的嫩叶子。当他得到了青蛇，她却是百子柜中闷绿的山草药；而白蛇，抬尽了头方见天际皑皑飘飞柔情万缕新雪花。&amp;nbsp;&lt;/span&gt;&lt;br /&gt;
&lt;span style=&quot;color:#111111;font-family:Helvetica, Arial, sans-serif;font-size:13px;line-height:21.0599994659424px;&quot;&gt;　　在他在陪同方茴打完别人的孩子，抱着她时，他还是反悔了。&amp;nbsp;&lt;/span&gt;&lt;br /&gt;
&lt;span style=&quot;color:#111111;font-family:Helvetica, Arial, sans-serif;font-size:13px;line-height:21.0599994659424px;&quot;&gt;　　“我想从这里重新来过，和之前不一样的重新来过，因为，我后悔了。”&amp;nbsp;&lt;/span&gt;&lt;br /&gt;
&lt;span style=&quot;color:#111111;font-family:Helvetica, Arial, sans-serif;font-size:13px;line-height:21.0599994659424px;&quot;&gt;　　回到他打球那天，人群定格，方茴向他跑过来，世界只有他们。&amp;nbsp;&lt;/span&gt;&lt;br /&gt;
&lt;span style=&quot;color:#111111;font-family:Helvetica, Arial, sans-serif;font-size:13px;line-height:21.0599994659424px;&quot;&gt;　　回到方茴在寝室崴到脚跌倒没接到他电话那天，他没有选择和沈晓棠去弹吉他。&amp;nbsp;&lt;/span&gt;&lt;br /&gt;
&lt;span style=&quot;color:#111111;font-family:Helvetica, Arial, sans-serif;font-size:13px;line-height:21.0599994659424px;&quot;&gt;　　回到他和沈晓棠演出那天，方茴打电话给他，问他喜不喜欢沈晓棠，他的回答不是“不知道”，而是，“我爱的人是你啊”。&amp;nbsp;&lt;/span&gt;&lt;br /&gt;
&lt;span style=&quot;color:#111111;font-family:Helvetica, Arial, sans-serif;font-size:13px;line-height:21.0599994659424px;&quot;&gt;　　再回到很久以前，也许重来也是无用。&amp;nbsp;&lt;/span&gt;&lt;br /&gt;
&lt;span style=&quot;color:#111111;font-family:Helvetica, Arial, sans-serif;font-size:13px;line-height:21.0599994659424px;&quot;&gt;　　&amp;nbsp;&lt;/span&gt;&lt;br /&gt;
&lt;span style=&quot;color:#111111;font-family:Helvetica, Arial, sans-serif;font-size:13px;line-height:21.0599994659424px;&quot;&gt;　　黄伟文有一句歌词是怎么唱的。&amp;nbsp;&lt;/span&gt;&lt;br /&gt;
&lt;span style=&quot;color:#111111;font-family:Helvetica, Arial, sans-serif;font-size:13px;line-height:21.0599994659424px;&quot;&gt;　　【其实你我这美梦，气数早已尽，重来也是无用。】&amp;nbsp;&lt;/span&gt;&lt;br /&gt;
&lt;span style=&quot;color:#111111;font-family:Helvetica, Arial, sans-serif;font-size:13px;line-height:21.0599994659424px;&quot;&gt;　　他简单纯粹热情，而她敏感骄傲倔强。&amp;nbsp;&lt;/span&gt;&lt;br /&gt;
&lt;span style=&quot;color:#111111;font-family:Helvetica, Arial, sans-serif;font-size:13px;line-height:21.0599994659424px;&quot;&gt;　　她期待的他不懂，他想给出她退缩。终归是要错过的。&amp;nbsp;&lt;/span&gt;&lt;br /&gt;
&lt;span style=&quot;color:#111111;font-family:Helvetica, Arial, sans-serif;font-size:13px;line-height:21.0599994659424px;&quot;&gt;　　于是时间过去十五年后，他们谁也没有和谁在一起。&amp;nbsp;&lt;/span&gt;&lt;br /&gt;
&lt;span style=&quot;color:#111111;font-family:Helvetica, Arial, sans-serif;font-size:13px;line-height:21.0599994659424px;&quot;&gt;　　&amp;nbsp;&lt;/span&gt;&lt;br /&gt;
&lt;span style=&quot;color:#111111;font-family:Helvetica, Arial, sans-serif;font-size:13px;line-height:21.0599994659424px;&quot;&gt;　　拍DV的女孩问陈寻有什么话想对方茴说时，他看着镜头，说，你好吗。&amp;nbsp;&lt;/span&gt;&lt;br /&gt;
&lt;span style=&quot;color:#111111;font-family:Helvetica, Arial, sans-serif;font-size:13px;line-height:21.0599994659424px;&quot;&gt;　　DV女孩翻了一个白眼走了。他低下头，重复地念，方茴，你好吗。方茴。像当年他喜欢她的时候，人群里独独喜爱反复地念她的名字。&amp;nbsp;&lt;/span&gt;&lt;br /&gt;
&lt;span style=&quot;color:#111111;font-family:Helvetica, Arial, sans-serif;font-size:13px;line-height:21.0599994659424px;&quot;&gt;　　“方茴。”&amp;nbsp;&lt;/span&gt;&lt;br /&gt;
&lt;span style=&quot;color:#111111;font-family:Helvetica, Arial, sans-serif;font-size:13px;line-height:21.0599994659424px;&quot;&gt;　　“怎么了？”&amp;nbsp;&lt;/span&gt;&lt;br /&gt;
&lt;span style=&quot;color:#111111;font-family:Helvetica, Arial, sans-serif;font-size:13px;line-height:21.0599994659424px;&quot;&gt;　　“没事。”&amp;nbsp;&lt;/span&gt;&lt;br /&gt;
&lt;span style=&quot;color:#111111;font-family:Helvetica, Arial, sans-serif;font-size:13px;line-height:21.0599994659424px;&quot;&gt;　　“方茴。”&amp;nbsp;&lt;/span&gt;&lt;br /&gt;
&lt;span style=&quot;color:#111111;font-family:Helvetica, Arial, sans-serif;font-size:13px;line-height:21.0599994659424px;&quot;&gt;　　“干嘛？”&amp;nbsp;&lt;/span&gt;&lt;br /&gt;
&lt;span style=&quot;color:#111111;font-family:Helvetica, Arial, sans-serif;font-size:13px;line-height:21.0599994659424px;&quot;&gt;　　“没事。就是想叫你名字。”&amp;nbsp;&lt;/span&gt;&lt;br /&gt;
&lt;span style=&quot;color:#111111;font-family:Helvetica, Arial, sans-serif;font-size:13px;line-height:21.0599994659424px;&quot;&gt;　　&amp;nbsp;&lt;/span&gt;&lt;br /&gt;
&lt;span style=&quot;color:#111111;font-family:Helvetica, Arial, sans-serif;font-size:13px;line-height:21.0599994659424px;&quot;&gt;　　DV女孩拍远在法国的方茴，问她有什么时候话想对陈寻说。&amp;nbsp;&lt;/span&gt;&lt;br /&gt;
&lt;span style=&quot;color:#111111;font-family:Helvetica, Arial, sans-serif;font-size:13px;line-height:21.0599994659424px;&quot;&gt;　　她已亭亭，一袭红裙，美得如梦似幻。&amp;nbsp;&lt;/span&gt;&lt;br /&gt;
&lt;span style=&quot;color:#111111;font-family:Helvetica, Arial, sans-serif;font-size:13px;line-height:21.0599994659424px;&quot;&gt;　　她转过头来，很大气地笑笑。&amp;nbsp;&lt;/span&gt;&lt;br /&gt;
&lt;span style=&quot;color:#111111;font-family:Helvetica, Arial, sans-serif;font-size:13px;line-height:21.0599994659424px;&quot;&gt;　　&amp;nbsp;&lt;/span&gt;&lt;br /&gt;
&lt;span style=&quot;color:#111111;font-family:Helvetica, Arial, sans-serif;font-size:13px;line-height:21.0599994659424px;&quot;&gt;　　陈寻翻到当年方茴还他的原理书，上面写着：&amp;nbsp;&lt;/span&gt;&lt;br /&gt;
&lt;span style=&quot;color:#111111;font-family:Helvetica, Arial, sans-serif;font-size:13px;line-height:21.0599994659424px;&quot;&gt;　　不悔梦归处，只恨太匆匆。&amp;nbsp;&lt;/span&gt;&lt;br /&gt;
&lt;span style=&quot;color:#111111;font-family:Helvetica, Arial, sans-serif;font-size:13px;line-height:21.0599994659424px;&quot;&gt;　　&amp;nbsp;&lt;/span&gt;&lt;br /&gt;
&lt;span style=&quot;color:#111111;font-family:Helvetica, Arial, sans-serif;font-size:13px;line-height:21.0599994659424px;&quot;&gt;　　“永远不是以前，也不是以后，我们在一起的那些瞬间，就是永远。”&amp;nbsp;&lt;/span&gt;&lt;br /&gt;
&lt;span style=&quot;color:#111111;font-family:Helvetica, Arial, sans-serif;font-size:13px;line-height:21.0599994659424px;&quot;&gt;　　&amp;nbsp;&lt;/span&gt;&lt;br /&gt;
&lt;span style=&quot;color:#111111;font-family:Helvetica, Arial, sans-serif;font-size:13px;line-height:21.0599994659424px;&quot;&gt;　　最好的结局不过如此。&amp;nbsp;&lt;/span&gt;&lt;br /&gt;
&lt;span style=&quot;color:#111111;font-family:Helvetica, Arial, sans-serif;font-size:13px;line-height:21.0599994659424px;&quot;&gt;　　谁没有被辜负过，谁没有去辜负过。&amp;nbsp;&lt;/span&gt;&lt;br /&gt;
&lt;span style=&quot;color:#111111;font-family:Helvetica, Arial, sans-serif;font-size:13px;line-height:21.0599994659424px;&quot;&gt;　　如果过去还值得眷恋，别太快冰释前嫌。&amp;nbsp;&lt;/span&gt;&lt;br /&gt;
&lt;span style=&quot;color:#111111;font-family:Helvetica, Arial, sans-serif;font-size:13px;line-height:21.0599994659424px;&quot;&gt;　　我们要相互亏欠，要不然凭何怀缅。&amp;nbsp;&lt;/span&gt;&lt;br /&gt;
&lt;span style=&quot;color:#111111;font-family:Helvetica, Arial, sans-serif;font-size:13px;line-height:21.0599994659424px;&quot;&gt;　　错过还有记忆，唯愿天各一方，互相安好，再不打扰。&lt;/span&gt;',`modify_time`='1433754844' WHERE ( id = 21 ) [ RunTime:0.0678s ]
SQL: SHOW COLUMNS FROM `west_log` [ RunTime:0.0104s ]
SQL: INSERT INTO `west_log` (`uid`,`type`,`target`,`target_id`,`target_name`,`modify_time`) VALUES ('13','edit','news','21','《匆匆那年》不悔梦归处，只恨太匆匆','1433754844') [ RunTime:0.0785s ]

