[ 2015-05-19T16:26:21+08:00 ] 127.0.0.1 /westernfilms/index.php/User/user/regist
INFO: [ app_init ] --START--
INFO: Run Behavior\BuildLiteBehavior [ RunTime:0.000000s ]
INFO: [ app_init ] --END-- [ RunTime:0.001000s ]
INFO: [ app_begin ] --START--
INFO: Run Behavior\ReadHtmlCacheBehavior [ RunTime:0.001000s ]
INFO: [ app_begin ] --END-- [ RunTime:0.001000s ]
SQL: SHOW COLUMNS FROM `west_user` [ RunTime:0.1250s ]
SQL: SHOW COLUMNS FROM `west_user` [ RunTime:0.0030s ]
SQL: SELECT * FROM `west_user` WHERE ( username = 'heheh' ) LIMIT 1   [ RunTime:0.0010s ]
SQL: SHOW COLUMNS FROM `west_user` [ RunTime:0.0030s ]
SQL: INSERT INTO `west_user` (`username`,`password`,`group`,`status`,`modify_time`) VALUES ('heheh','59e1c64c49c645cc85eaa6f8e73ba0bf','user','0','1432023981') [ RunTime:0.0010s ]
SQL: SHOW COLUMNS FROM `west_company` [ RunTime:0.0410s ]
SQL: SELECT * FROM `west_company` WHERE ( name = 'asdfas' ) LIMIT 1   [ RunTime:0.0010s ]
SQL: SHOW COLUMNS FROM `west_company` [ RunTime:0.0040s ]
SQL: INSERT INTO `west_company` (`uid`,`name`,`mail`,`tel`,`modify_time`) VALUES ('12','asdfas','asdf','454545','1432023981') [ RunTime:0.0000s ]

[ 2015-05-19T16:36:49+08:00 ] 127.0.0.1 /WesternFilms/server/index.php/User/user/login
INFO: [ app_init ] --START--
INFO: Run Behavior\BuildLiteBehavior [ RunTime:0.000018s ]
INFO: [ app_init ] --END-- [ RunTime:0.000524s ]
INFO: [ app_begin ] --START--
INFO: Run Behavior\ReadHtmlCacheBehavior [ RunTime:0.000715s ]
INFO: [ app_begin ] --END-- [ RunTime:0.000783s ]
SQL: SHOW COLUMNS FROM `west_user` [ RunTime:0.0056s ]
SQL: SELECT * FROM `west_user` WHERE `username` = 'ztf' LIMIT 1   [ RunTime:0.0004s ]

[ 2015-05-19T16:37:29+08:00 ] 127.0.0.1 /WesternFilms/server/index.php/User/user/login
INFO: [ app_init ] --START--
INFO: Run Behavior\BuildLiteBehavior [ RunTime:0.000019s ]
INFO: [ app_init ] --END-- [ RunTime:0.000457s ]
INFO: [ app_begin ] --START--
INFO: Run Behavior\ReadHtmlCacheBehavior [ RunTime:0.000712s ]
INFO: [ app_begin ] --END-- [ RunTime:0.000801s ]
SQL: SHOW COLUMNS FROM `west_user` [ RunTime:0.0057s ]
SQL: SELECT * FROM `west_user` WHERE `username` = 'ztf' LIMIT 1   [ RunTime:0.0006s ]

[ 2015-05-19T16:37:38+08:00 ] 127.0.0.1 /WesternFilms/server/index.php/User/user/login
INFO: [ app_init ] --START--
INFO: Run Behavior\BuildLiteBehavior [ RunTime:0.000032s ]
INFO: [ app_init ] --END-- [ RunTime:0.000741s ]
INFO: [ app_begin ] --START--
INFO: Run Behavior\ReadHtmlCacheBehavior [ RunTime:0.000685s ]
INFO: [ app_begin ] --END-- [ RunTime:0.000765s ]
SQL: SHOW COLUMNS FROM `west_user` [ RunTime:0.0051s ]
SQL: SELECT * FROM `west_user` WHERE `username` = 'ztf' LIMIT 1   [ RunTime:0.0004s ]

[ 2015-05-19T16:39:31+08:00 ] 127.0.0.1 /WesternFilms/server/index.php/User/user/login
INFO: [ app_init ] --START--
INFO: Run Behavior\BuildLiteBehavior [ RunTime:0.000015s ]
INFO: [ app_init ] --END-- [ RunTime:0.000397s ]
INFO: [ app_begin ] --START--
INFO: Run Behavior\ReadHtmlCacheBehavior [ RunTime:0.000579s ]
INFO: [ app_begin ] --END-- [ RunTime:0.000641s ]
SQL: SHOW COLUMNS FROM `west_user` [ RunTime:0.0223s ]
SQL: SELECT * FROM `west_user` WHERE `username` = 'ztf' LIMIT 1   [ RunTime:0.0006s ]

[ 2015-05-19T16:40:38+08:00 ] 127.0.0.1 /WesternFilms/server/index.php/User/user/regist
INFO: [ app_init ] --START--
INFO: Run Behavior\BuildLiteBehavior [ RunTime:0.000014s ]
INFO: [ app_init ] --END-- [ RunTime:0.000415s ]
INFO: [ app_begin ] --START--
INFO: Run Behavior\ReadHtmlCacheBehavior [ RunTime:0.000541s ]
INFO: [ app_begin ] --END-- [ RunTime:0.000597s ]
SQL: SHOW COLUMNS FROM `west_user` [ RunTime:0.0062s ]
SQL: SHOW COLUMNS FROM `west_user` [ RunTime:0.0047s ]
SQL: SELECT * FROM `west_user` WHERE ( username = 'xinliuruoxi' ) LIMIT 1   [ RunTime:0.0004s ]
SQL: SHOW COLUMNS FROM `west_user` [ RunTime:0.0052s ]
SQL: INSERT INTO `west_user` (`username`,`password`,`group`,`status`,`modify_time`) VALUES ('xinliuruoxi','09a6f4ead95fb05ee29ab9e7d1219e33','user','0','1432024837') [ RunTime:0.0005s ]
SQL: SHOW COLUMNS FROM `west_company` [ RunTime:0.0052s ]
SQL: SELECT * FROM `west_company` WHERE ( name = 'ztfztf' ) LIMIT 1   [ RunTime:0.0004s ]
SQL: SHOW COLUMNS FROM `west_company` [ RunTime:0.0048s ]
SQL: INSERT INTO `west_company` (`uid`,`name`,`mail`,`tel`,`modify_time`) VALUES ('11','ztfztf','123@qq.com','13555555555','1432024837') [ RunTime:0.0003s ]

[ 2015-05-19T16:41:54+08:00 ] 127.0.0.1 /WesternFilms/server/index.php/User/user/regist
INFO: [ app_init ] --START--
INFO: Run Behavior\BuildLiteBehavior [ RunTime:0.000018s ]
INFO: [ app_init ] --END-- [ RunTime:0.000530s ]
INFO: [ app_begin ] --START--
INFO: Run Behavior\ReadHtmlCacheBehavior [ RunTime:0.000757s ]
INFO: [ app_begin ] --END-- [ RunTime:0.000832s ]

[ 2015-05-19T16:42:02+08:00 ] 127.0.0.1 /WesternFilms/server/index.php/User/user/regist
INFO: [ app_init ] --START--
INFO: Run Behavior\BuildLiteBehavior [ RunTime:0.000018s ]
INFO: [ app_init ] --END-- [ RunTime:0.000558s ]
INFO: [ app_begin ] --START--
INFO: Run Behavior\ReadHtmlCacheBehavior [ RunTime:0.000650s ]
INFO: [ app_begin ] --END-- [ RunTime:0.000721s ]

[ 2015-05-19T16:42:39+08:00 ] 127.0.0.1 /WesternFilms/server/index.php/User/user/regist
INFO: [ app_init ] --START--
INFO: Run Behavior\BuildLiteBehavior [ RunTime:0.000019s ]
INFO: [ app_init ] --END-- [ RunTime:0.000498s ]
INFO: [ app_begin ] --START--
INFO: Run Behavior\ReadHtmlCacheBehavior [ RunTime:0.000702s ]
INFO: [ app_begin ] --END-- [ RunTime:0.000775s ]
SQL: SHOW COLUMNS FROM `west_user` [ RunTime:0.0065s ]
SQL: SHOW COLUMNS FROM `west_user` [ RunTime:0.0064s ]
SQL: SELECT * FROM `west_user` WHERE ( username = 'zou' ) LIMIT 1   [ RunTime:0.0005s ]
SQL: SHOW COLUMNS FROM `west_user` [ RunTime:0.0064s ]
SQL: INSERT INTO `west_user` (`username`,`password`,`group`,`status`,`modify_time`) VALUES ('zou','e10adc3949ba59abbe56e057f20f883e','user','0','1432024959') [ RunTime:0.0006s ]
SQL: SHOW COLUMNS FROM `west_company` [ RunTime:0.0081s ]
SQL: SELECT * FROM `west_company` WHERE ( name = 'lllllll' ) LIMIT 1   [ RunTime:0.0005s ]
SQL: SHOW COLUMNS FROM `west_company` [ RunTime:0.0063s ]
SQL: INSERT INTO `west_company` (`uid`,`name`,`mail`,`tel`,`modify_time`) VALUES ('12','lllllll','123com','13572158','1432024959') [ RunTime:0.0005s ]

[ 2015-05-19T21:56:23+08:00 ] 192.168.252.6 /WesternFilms/server/index.php/User/user/regist
INFO: [ app_init ] --START--
INFO: Run Behavior\BuildLiteBehavior [ RunTime:0.000034s ]
INFO: [ app_init ] --END-- [ RunTime:0.001545s ]
INFO: [ app_begin ] --START--
INFO: Run Behavior\ReadHtmlCacheBehavior [ RunTime:0.001527s ]
INFO: [ app_begin ] --END-- [ RunTime:0.001664s ]
SQL: SHOW COLUMNS FROM `west_user` [ RunTime:0.0059s ]
SQL: SHOW COLUMNS FROM `west_user` [ RunTime:0.0054s ]
SQL: SELECT * FROM `west_user` WHERE ( username = 'ppp' ) LIMIT 1   [ RunTime:0.0005s ]
SQL: SHOW COLUMNS FROM `west_user` [ RunTime:0.0053s ]
SQL: INSERT INTO `west_user` (`username`,`password`,`group`,`status`,`modify_time`) VALUES ('ppp','f27f6f1c7c5cbf4e3e192e0a47b85300','user','0','1432043783') [ RunTime:0.0004s ]
SQL: SHOW COLUMNS FROM `west_company` [ RunTime:0.0056s ]
SQL: SELECT * FROM `west_company` WHERE ( name = 'ppp' ) LIMIT 1   [ RunTime:0.0005s ]
SQL: SHOW COLUMNS FROM `west_company` [ RunTime:0.0054s ]
SQL: INSERT INTO `west_company` (`uid`,`name`,`mail`,`tel`,`modify_time`) VALUES ('13','ppp','ppp','','1432043783') [ RunTime:0.0004s ]

[ 2015-05-19T22:01:12+08:00 ] 192.168.252.6 /WesternFilms/server/index.php/User/user/regist
INFO: [ app_init ] --START--
INFO: Run Behavior\BuildLiteBehavior [ RunTime:0.000033s ]
INFO: [ app_init ] --END-- [ RunTime:0.001024s ]
INFO: [ app_begin ] --START--
INFO: Run Behavior\ReadHtmlCacheBehavior [ RunTime:0.002111s ]
INFO: [ app_begin ] --END-- [ RunTime:0.002278s ]
SQL: SHOW COLUMNS FROM `west_user` [ RunTime:0.0068s ]
SQL: SHOW COLUMNS FROM `west_user` [ RunTime:0.0063s ]
SQL: SELECT * FROM `west_user` WHERE ( username = 'ztf' ) LIMIT 1   [ RunTime:0.0004s ]
SQL: SHOW COLUMNS FROM `west_user` [ RunTime:0.0043s ]
SQL: INSERT INTO `west_user` (`username`,`password`,`group`,`status`,`modify_time`) VALUES ('ztf','09a6f4ead95fb05ee29ab9e7d1219e33','user','0','1432044072') [ RunTime:0.0004s ]
SQL: SHOW COLUMNS FROM `west_company` [ RunTime:0.0045s ]
SQL: SELECT * FROM `west_company` WHERE ( name = 'ztfztf' ) LIMIT 1   [ RunTime:0.0004s ]
SQL: SHOW COLUMNS FROM `west_company` [ RunTime:0.0044s ]
SQL: INSERT INTO `west_company` (`uid`,`name`,`mail`,`tel`,`modify_time`) VALUES ('14','ztfztf','123@123.com','','1432044072') [ RunTime:0.0004s ]

[ 2015-05-19T22:02:36+08:00 ] 192.168.252.6 /WesternFilms/server/index.php/User/user/regist
INFO: [ app_init ] --START--
INFO: Run Behavior\BuildLiteBehavior [ RunTime:0.000034s ]
INFO: [ app_init ] --END-- [ RunTime:0.000992s ]
INFO: [ app_begin ] --START--
INFO: Run Behavior\ReadHtmlCacheBehavior [ RunTime:0.001762s ]
INFO: [ app_begin ] --END-- [ RunTime:0.003245s ]
SQL: SHOW COLUMNS FROM `west_user` [ RunTime:0.0053s ]
SQL: SHOW COLUMNS FROM `west_user` [ RunTime:0.0051s ]
SQL: SELECT * FROM `west_user` WHERE ( username = 'ppp' ) LIMIT 1   [ RunTime:0.0005s ]
SQL: SHOW COLUMNS FROM `west_user` [ RunTime:0.0055s ]
SQL: INSERT INTO `west_user` (`username`,`password`,`group`,`status`,`modify_time`) VALUES ('ppp','f27f6f1c7c5cbf4e3e192e0a47b85300','user','0','1432044156') [ RunTime:0.0005s ]
SQL: SHOW COLUMNS FROM `west_company` [ RunTime:0.0052s ]
SQL: SELECT * FROM `west_company` WHERE ( name = 'ppp' ) LIMIT 1   [ RunTime:0.0005s ]
SQL: SHOW COLUMNS FROM `west_company` [ RunTime:0.0050s ]
SQL: INSERT INTO `west_company` (`uid`,`name`,`mail`,`tel`,`modify_time`) VALUES ('15','ppp','ppp','','1432044156') [ RunTime:0.0004s ]

[ 2015-05-19T22:04:40+08:00 ] 192.168.252.6 /WesternFilms/server/index.php/User/user/regist
INFO: [ app_init ] --START--
INFO: Run Behavior\BuildLiteBehavior [ RunTime:0.000034s ]
INFO: [ app_init ] --END-- [ RunTime:0.001049s ]
INFO: [ app_begin ] --START--
INFO: Run Behavior\ReadHtmlCacheBehavior [ RunTime:0.001507s ]
INFO: [ app_begin ] --END-- [ RunTime:0.001640s ]
SQL: SHOW COLUMNS FROM `west_user` [ RunTime:0.0052s ]
SQL: SHOW COLUMNS FROM `west_user` [ RunTime:0.0050s ]
SQL: SELECT * FROM `west_user` WHERE ( username = 'ppp' ) LIMIT 1   [ RunTime:0.0004s ]

[ 2015-05-19T22:04:42+08:00 ] 192.168.252.6 /WesternFilms/server/index.php/User/user/regist
INFO: [ app_init ] --START--
INFO: Run Behavior\BuildLiteBehavior [ RunTime:0.000015s ]
INFO: [ app_init ] --END-- [ RunTime:0.000412s ]
INFO: [ app_begin ] --START--
INFO: Run Behavior\ReadHtmlCacheBehavior [ RunTime:0.000539s ]
INFO: [ app_begin ] --END-- [ RunTime:0.000593s ]
SQL: SHOW COLUMNS FROM `west_user` [ RunTime:0.0050s ]
SQL: SHOW COLUMNS FROM `west_user` [ RunTime:0.0048s ]
SQL: SELECT * FROM `west_user` WHERE ( username = 'ppp' ) LIMIT 1   [ RunTime:0.0004s ]

[ 2015-05-19T22:04:53+08:00 ] 192.168.252.6 /WesternFilms/server/index.php/User/user/regist
INFO: [ app_init ] --START--
INFO: Run Behavior\BuildLiteBehavior [ RunTime:0.000033s ]
INFO: [ app_init ] --END-- [ RunTime:0.000971s ]
INFO: [ app_begin ] --START--
INFO: Run Behavior\ReadHtmlCacheBehavior [ RunTime:0.000655s ]
INFO: [ app_begin ] --END-- [ RunTime:0.000716s ]
SQL: SHOW COLUMNS FROM `west_user` [ RunTime:0.0060s ]
SQL: SHOW COLUMNS FROM `west_user` [ RunTime:0.0050s ]
SQL: SELECT * FROM `west_user` WHERE ( username = 'ppp' ) LIMIT 1   [ RunTime:0.0004s ]

[ 2015-05-19T22:05:16+08:00 ] 192.168.252.6 /WesternFilms/server/index.php/User/user/regist
INFO: [ app_init ] --START--
INFO: Run Behavior\BuildLiteBehavior [ RunTime:0.000034s ]
INFO: [ app_init ] --END-- [ RunTime:0.001039s ]
INFO: [ app_begin ] --START--
INFO: Run Behavior\ReadHtmlCacheBehavior [ RunTime:0.000619s ]
INFO: [ app_begin ] --END-- [ RunTime:0.000680s ]
SQL: SHOW COLUMNS FROM `west_user` [ RunTime:0.0051s ]
SQL: SHOW COLUMNS FROM `west_user` [ RunTime:0.0049s ]
SQL: SELECT * FROM `west_user` WHERE ( username = 'ppp' ) LIMIT 1   [ RunTime:0.0005s ]

[ 2015-05-19T22:05:46+08:00 ] 192.168.252.6 /WesternFilms/server/index.php/User/user/regist
INFO: [ app_init ] --START--
INFO: Run Behavior\BuildLiteBehavior [ RunTime:0.000021s ]
INFO: [ app_init ] --END-- [ RunTime:0.000566s ]
INFO: [ app_begin ] --START--
INFO: Run Behavior\ReadHtmlCacheBehavior [ RunTime:0.000766s ]
INFO: [ app_begin ] --END-- [ RunTime:0.000840s ]
SQL: SHOW COLUMNS FROM `west_user` [ RunTime:0.0052s ]
SQL: SHOW COLUMNS FROM `west_user` [ RunTime:0.0047s ]
SQL: SELECT * FROM `west_user` WHERE ( username = 'ppp' ) LIMIT 1   [ RunTime:0.0004s ]

[ 2015-05-19T22:05:47+08:00 ] 192.168.252.6 /WesternFilms/server/index.php/User/user/regist
INFO: [ app_init ] --START--
INFO: Run Behavior\BuildLiteBehavior [ RunTime:0.000032s ]
INFO: [ app_init ] --END-- [ RunTime:0.000881s ]
INFO: [ app_begin ] --START--
INFO: Run Behavior\ReadHtmlCacheBehavior [ RunTime:0.000534s ]
INFO: [ app_begin ] --END-- [ RunTime:0.000585s ]
SQL: SHOW COLUMNS FROM `west_user` [ RunTime:0.0049s ]
SQL: SHOW COLUMNS FROM `west_user` [ RunTime:0.0048s ]
SQL: SELECT * FROM `west_user` WHERE ( username = 'ppp' ) LIMIT 1   [ RunTime:0.0004s ]

[ 2015-05-19T22:05:47+08:00 ] 192.168.252.6 /WesternFilms/server/index.php/User/user/regist
INFO: [ app_init ] --START--
INFO: Run Behavior\BuildLiteBehavior [ RunTime:0.000034s ]
INFO: [ app_init ] --END-- [ RunTime:0.000981s ]
INFO: [ app_begin ] --START--
INFO: Run Behavior\ReadHtmlCacheBehavior [ RunTime:0.001328s ]
INFO: [ app_begin ] --END-- [ RunTime:0.001461s ]
SQL: SHOW COLUMNS FROM `west_user` [ RunTime:0.0050s ]
SQL: SHOW COLUMNS FROM `west_user` [ RunTime:0.0048s ]
SQL: SELECT * FROM `west_user` WHERE ( username = 'ppp' ) LIMIT 1   [ RunTime:0.0004s ]

[ 2015-05-19T22:05:47+08:00 ] 192.168.252.6 /WesternFilms/server/index.php/User/user/regist
INFO: [ app_init ] --START--
INFO: Run Behavior\BuildLiteBehavior [ RunTime:0.000026s ]
INFO: [ app_init ] --END-- [ RunTime:0.000731s ]
INFO: [ app_begin ] --START--
INFO: Run Behavior\ReadHtmlCacheBehavior [ RunTime:0.001401s ]
INFO: [ app_begin ] --END-- [ RunTime:0.001518s ]
SQL: SHOW COLUMNS FROM `west_user` [ RunTime:0.0049s ]
SQL: SHOW COLUMNS FROM `west_user` [ RunTime:0.0046s ]
SQL: SELECT * FROM `west_user` WHERE ( username = 'ppp' ) LIMIT 1   [ RunTime:0.0004s ]

[ 2015-05-19T22:05:48+08:00 ] 192.168.252.6 /WesternFilms/server/index.php/User/user/regist
INFO: [ app_init ] --START--
INFO: Run Behavior\BuildLiteBehavior [ RunTime:0.000019s ]
INFO: [ app_init ] --END-- [ RunTime:0.000429s ]
INFO: [ app_begin ] --START--
INFO: Run Behavior\ReadHtmlCacheBehavior [ RunTime:0.000677s ]
INFO: [ app_begin ] --END-- [ RunTime:0.000738s ]
SQL: SHOW COLUMNS FROM `west_user` [ RunTime:0.0057s ]
SQL: SHOW COLUMNS FROM `west_user` [ RunTime:0.0052s ]
SQL: SELECT * FROM `west_user` WHERE ( username = 'ppp' ) LIMIT 1   [ RunTime:0.0004s ]

[ 2015-05-19T22:05:48+08:00 ] 192.168.252.6 /WesternFilms/server/index.php/User/user/regist
INFO: [ app_init ] --START--
INFO: Run Behavior\BuildLiteBehavior [ RunTime:0.000033s ]
INFO: [ app_init ] --END-- [ RunTime:0.000880s ]
INFO: [ app_begin ] --START--
INFO: Run Behavior\ReadHtmlCacheBehavior [ RunTime:0.000541s ]
INFO: [ app_begin ] --END-- [ RunTime:0.000592s ]
SQL: SHOW COLUMNS FROM `west_user` [ RunTime:0.0049s ]
SQL: SHOW COLUMNS FROM `west_user` [ RunTime:0.0047s ]
SQL: SELECT * FROM `west_user` WHERE ( username = 'ppp' ) LIMIT 1   [ RunTime:0.0004s ]

[ 2015-05-19T22:05:48+08:00 ] 192.168.252.6 /WesternFilms/server/index.php/User/user/regist
INFO: [ app_init ] --START--
INFO: Run Behavior\BuildLiteBehavior [ RunTime:0.000032s ]
INFO: [ app_init ] --END-- [ RunTime:0.000903s ]
INFO: [ app_begin ] --START--
INFO: Run Behavior\ReadHtmlCacheBehavior [ RunTime:0.001486s ]
INFO: [ app_begin ] --END-- [ RunTime:0.001571s ]
SQL: SHOW COLUMNS FROM `west_user` [ RunTime:0.0051s ]
SQL: SHOW COLUMNS FROM `west_user` [ RunTime:0.0046s ]
SQL: SELECT * FROM `west_user` WHERE ( username = 'ppp' ) LIMIT 1   [ RunTime:0.0004s ]

[ 2015-05-19T22:05:48+08:00 ] 192.168.252.6 /WesternFilms/server/index.php/User/user/regist
INFO: [ app_init ] --START--
INFO: Run Behavior\BuildLiteBehavior [ RunTime:0.000014s ]
INFO: [ app_init ] --END-- [ RunTime:0.000400s ]
INFO: [ app_begin ] --START--
INFO: Run Behavior\ReadHtmlCacheBehavior [ RunTime:0.000532s ]
INFO: [ app_begin ] --END-- [ RunTime:0.000582s ]
SQL: SHOW COLUMNS FROM `west_user` [ RunTime:0.0048s ]
SQL: SHOW COLUMNS FROM `west_user` [ RunTime:0.0046s ]
SQL: SELECT * FROM `west_user` WHERE ( username = 'ppp' ) LIMIT 1   [ RunTime:0.0003s ]

[ 2015-05-19T22:05:48+08:00 ] 192.168.252.6 /WesternFilms/server/index.php/User/user/regist
INFO: [ app_init ] --START--
INFO: Run Behavior\BuildLiteBehavior [ RunTime:0.000018s ]
INFO: [ app_init ] --END-- [ RunTime:0.000500s ]
INFO: [ app_begin ] --START--
INFO: Run Behavior\ReadHtmlCacheBehavior [ RunTime:0.000704s ]
INFO: [ app_begin ] --END-- [ RunTime:0.000772s ]
SQL: SHOW COLUMNS FROM `west_user` [ RunTime:0.0050s ]
SQL: SHOW COLUMNS FROM `west_user` [ RunTime:0.0047s ]
SQL: SELECT * FROM `west_user` WHERE ( username = 'ppp' ) LIMIT 1   [ RunTime:0.0004s ]

[ 2015-05-19T22:05:48+08:00 ] 192.168.252.6 /WesternFilms/server/index.php/User/user/regist
INFO: [ app_init ] --START--
INFO: Run Behavior\BuildLiteBehavior [ RunTime:0.000014s ]
INFO: [ app_init ] --END-- [ RunTime:0.000402s ]
INFO: [ app_begin ] --START--
INFO: Run Behavior\ReadHtmlCacheBehavior [ RunTime:0.000663s ]
INFO: [ app_begin ] --END-- [ RunTime:0.000723s ]
SQL: SHOW COLUMNS FROM `west_user` [ RunTime:0.0050s ]
SQL: SHOW COLUMNS FROM `west_user` [ RunTime:0.0049s ]
SQL: SELECT * FROM `west_user` WHERE ( username = 'ppp' ) LIMIT 1   [ RunTime:0.0004s ]

[ 2015-05-19T22:05:49+08:00 ] 192.168.252.6 /WesternFilms/server/index.php/User/user/regist
INFO: [ app_init ] --START--
INFO: Run Behavior\BuildLiteBehavior [ RunTime:0.000027s ]
INFO: [ app_init ] --END-- [ RunTime:0.000451s ]
INFO: [ app_begin ] --START--
INFO: Run Behavior\ReadHtmlCacheBehavior [ RunTime:0.000545s ]
INFO: [ app_begin ] --END-- [ RunTime:0.000595s ]
SQL: SHOW COLUMNS FROM `west_user` [ RunTime:0.0049s ]
SQL: SHOW COLUMNS FROM `west_user` [ RunTime:0.0049s ]
SQL: SELECT * FROM `west_user` WHERE ( username = 'ppp' ) LIMIT 1   [ RunTime:0.0004s ]

[ 2015-05-19T22:05:49+08:00 ] 192.168.252.6 /WesternFilms/server/index.php/User/user/regist
INFO: [ app_init ] --START--
INFO: Run Behavior\BuildLiteBehavior [ RunTime:0.000020s ]
INFO: [ app_init ] --END-- [ RunTime:0.000570s ]
INFO: [ app_begin ] --START--
INFO: Run Behavior\ReadHtmlCacheBehavior [ RunTime:0.000749s ]
INFO: [ app_begin ] --END-- [ RunTime:0.000822s ]
SQL: SHOW COLUMNS FROM `west_user` [ RunTime:0.0049s ]
SQL: SHOW COLUMNS FROM `west_user` [ RunTime:0.0047s ]
SQL: SELECT * FROM `west_user` WHERE ( username = 'ppp' ) LIMIT 1   [ RunTime:0.0004s ]

[ 2015-05-19T22:05:49+08:00 ] 192.168.252.6 /WesternFilms/server/index.php/User/user/regist
INFO: [ app_init ] --START--
INFO: Run Behavior\BuildLiteBehavior [ RunTime:0.000034s ]
INFO: [ app_init ] --END-- [ RunTime:0.000924s ]
INFO: [ app_begin ] --START--
INFO: Run Behavior\ReadHtmlCacheBehavior [ RunTime:0.000594s ]
INFO: [ app_begin ] --END-- [ RunTime:0.000652s ]
SQL: SHOW COLUMNS FROM `west_user` [ RunTime:0.0055s ]
SQL: SHOW COLUMNS FROM `west_user` [ RunTime:0.0053s ]
SQL: SELECT * FROM `west_user` WHERE ( username = 'ppp' ) LIMIT 1   [ RunTime:0.0004s ]

[ 2015-05-19T22:05:49+08:00 ] 192.168.252.6 /WesternFilms/server/index.php/User/user/regist
INFO: [ app_init ] --START--
INFO: Run Behavior\BuildLiteBehavior [ RunTime:0.000032s ]
INFO: [ app_init ] --END-- [ RunTime:0.000874s ]
INFO: [ app_begin ] --START--
INFO: Run Behavior\ReadHtmlCacheBehavior [ RunTime:0.001918s ]
INFO: [ app_begin ] --END-- [ RunTime:0.002060s ]
SQL: SHOW COLUMNS FROM `west_user` [ RunTime:0.0049s ]
SQL: SHOW COLUMNS FROM `west_user` [ RunTime:0.0046s ]
SQL: SELECT * FROM `west_user` WHERE ( username = 'ppp' ) LIMIT 1   [ RunTime:0.0004s ]

[ 2015-05-19T22:05:49+08:00 ] 192.168.252.6 /WesternFilms/server/index.php/User/user/regist
INFO: [ app_init ] --START--
INFO: Run Behavior\BuildLiteBehavior [ RunTime:0.000013s ]
INFO: [ app_init ] --END-- [ RunTime:0.000398s ]
INFO: [ app_begin ] --START--
INFO: Run Behavior\ReadHtmlCacheBehavior [ RunTime:0.000510s ]
INFO: [ app_begin ] --END-- [ RunTime:0.000559s ]
SQL: SHOW COLUMNS FROM `west_user` [ RunTime:0.0051s ]
SQL: SHOW COLUMNS FROM `west_user` [ RunTime:0.0046s ]
SQL: SELECT * FROM `west_user` WHERE ( username = 'ppp' ) LIMIT 1   [ RunTime:0.0005s ]

[ 2015-05-19T22:05:49+08:00 ] 192.168.252.6 /WesternFilms/server/index.php/User/user/regist
INFO: [ app_init ] --START--
INFO: Run Behavior\BuildLiteBehavior [ RunTime:0.000016s ]
INFO: [ app_init ] --END-- [ RunTime:0.000481s ]
INFO: [ app_begin ] --START--
INFO: Run Behavior\ReadHtmlCacheBehavior [ RunTime:0.000608s ]
INFO: [ app_begin ] --END-- [ RunTime:0.000668s ]
SQL: SHOW COLUMNS FROM `west_user` [ RunTime:0.0058s ]
SQL: SHOW COLUMNS FROM `west_user` [ RunTime:0.0052s ]
SQL: SELECT * FROM `west_user` WHERE ( username = 'ppp' ) LIMIT 1   [ RunTime:0.0004s ]

[ 2015-05-19T22:05:50+08:00 ] 192.168.252.6 /WesternFilms/server/index.php/User/user/regist
INFO: [ app_init ] --START--
INFO: Run Behavior\BuildLiteBehavior [ RunTime:0.000032s ]
INFO: [ app_init ] --END-- [ RunTime:0.001032s ]
INFO: [ app_begin ] --START--
INFO: Run Behavior\ReadHtmlCacheBehavior [ RunTime:0.000715s ]
INFO: [ app_begin ] --END-- [ RunTime:0.000798s ]
SQL: SHOW COLUMNS FROM `west_user` [ RunTime:0.0050s ]
SQL: SHOW COLUMNS FROM `west_user` [ RunTime:0.0050s ]
SQL: SELECT * FROM `west_user` WHERE ( username = 'ppp' ) LIMIT 1   [ RunTime:0.0004s ]

[ 2015-05-19T22:05:50+08:00 ] 192.168.252.6 /WesternFilms/server/index.php/User/user/regist
INFO: [ app_init ] --START--
INFO: Run Behavior\BuildLiteBehavior [ RunTime:0.000033s ]
INFO: [ app_init ] --END-- [ RunTime:0.000873s ]
INFO: [ app_begin ] --START--
INFO: Run Behavior\ReadHtmlCacheBehavior [ RunTime:0.001224s ]
INFO: [ app_begin ] --END-- [ RunTime:0.001348s ]
SQL: SHOW COLUMNS FROM `west_user` [ RunTime:0.0049s ]
SQL: SHOW COLUMNS FROM `west_user` [ RunTime:0.0048s ]
SQL: SELECT * FROM `west_user` WHERE ( username = 'ppp' ) LIMIT 1   [ RunTime:0.0004s ]

[ 2015-05-19T22:05:50+08:00 ] 192.168.252.6 /WesternFilms/server/index.php/User/user/regist
INFO: [ app_init ] --START--
INFO: Run Behavior\BuildLiteBehavior [ RunTime:0.000020s ]
INFO: [ app_init ] --END-- [ RunTime:0.000588s ]
INFO: [ app_begin ] --START--
INFO: Run Behavior\ReadHtmlCacheBehavior [ RunTime:0.000781s ]
INFO: [ app_begin ] --END-- [ RunTime:0.000861s ]
SQL: SHOW COLUMNS FROM `west_user` [ RunTime:0.0057s ]
SQL: SHOW COLUMNS FROM `west_user` [ RunTime:0.0048s ]
SQL: SELECT * FROM `west_user` WHERE ( username = 'ppp' ) LIMIT 1   [ RunTime:0.0004s ]

[ 2015-05-19T22:05:54+08:00 ] 192.168.252.6 /WesternFilms/server/index.php/User/user/regist
INFO: [ app_init ] --START--
INFO: Run Behavior\BuildLiteBehavior [ RunTime:0.000032s ]
INFO: [ app_init ] --END-- [ RunTime:0.000880s ]
INFO: [ app_begin ] --START--
INFO: Run Behavior\ReadHtmlCacheBehavior [ RunTime:0.001224s ]
INFO: [ app_begin ] --END-- [ RunTime:0.001346s ]
SQL: SHOW COLUMNS FROM `west_user` [ RunTime:0.0064s ]
SQL: SHOW COLUMNS FROM `west_user` [ RunTime:0.0060s ]
SQL: SELECT * FROM `west_user` WHERE ( username = 'uuu' ) LIMIT 1   [ RunTime:0.0004s ]
SQL: SHOW COLUMNS FROM `west_user` [ RunTime:0.0057s ]
SQL: INSERT INTO `west_user` (`username`,`password`,`group`,`status`,`modify_time`) VALUES ('uuu','f27f6f1c7c5cbf4e3e192e0a47b85300','user','0','1432044354') [ RunTime:0.0004s ]
SQL: SHOW COLUMNS FROM `west_company` [ RunTime:0.0047s ]
SQL: SELECT * FROM `west_company` WHERE ( name = 'ppp' ) LIMIT 1   [ RunTime:0.0004s ]

[ 2015-05-19T22:05:55+08:00 ] 192.168.252.6 /WesternFilms/server/index.php/User/user/regist
INFO: [ app_init ] --START--
INFO: Run Behavior\BuildLiteBehavior [ RunTime:0.000032s ]
INFO: [ app_init ] --END-- [ RunTime:0.000877s ]
INFO: [ app_begin ] --START--
INFO: Run Behavior\ReadHtmlCacheBehavior [ RunTime:0.001218s ]
INFO: [ app_begin ] --END-- [ RunTime:0.001342s ]
SQL: SHOW COLUMNS FROM `west_user` [ RunTime:0.0050s ]
SQL: SHOW COLUMNS FROM `west_user` [ RunTime:0.0047s ]
SQL: SELECT * FROM `west_user` WHERE ( username = 'uuu' ) LIMIT 1   [ RunTime:0.0005s ]
SQL: SHOW COLUMNS FROM `west_user` [ RunTime:0.0047s ]
SQL: INSERT INTO `west_user` (`username`,`password`,`group`,`status`,`modify_time`) VALUES ('uuu','f27f6f1c7c5cbf4e3e192e0a47b85300','user','0','1432044355') [ RunTime:0.0003s ]
SQL: SHOW COLUMNS FROM `west_company` [ RunTime:0.0048s ]
SQL: SELECT * FROM `west_company` WHERE ( name = 'ppp' ) LIMIT 1   [ RunTime:0.0003s ]

[ 2015-05-19T22:06:10+08:00 ] 192.168.252.6 /WesternFilms/server/index.php/User/user/regist
INFO: [ app_init ] --START--
INFO: Run Behavior\BuildLiteBehavior [ RunTime:0.000018s ]
INFO: [ app_init ] --END-- [ RunTime:0.000580s ]
INFO: [ app_begin ] --START--
INFO: Run Behavior\ReadHtmlCacheBehavior [ RunTime:0.000838s ]
INFO: [ app_begin ] --END-- [ RunTime:0.000914s ]
SQL: SHOW COLUMNS FROM `west_user` [ RunTime:0.0052s ]
SQL: SHOW COLUMNS FROM `west_user` [ RunTime:0.0047s ]
SQL: SELECT * FROM `west_user` WHERE ( username = 'yyy' ) LIMIT 1   [ RunTime:0.0004s ]
SQL: SHOW COLUMNS FROM `west_user` [ RunTime:0.0047s ]
SQL: INSERT INTO `west_user` (`username`,`password`,`group`,`status`,`modify_time`) VALUES ('yyy','f0a4058fd33489695d53df156b77c724','user','0','1432044370') [ RunTime:0.0003s ]
SQL: SHOW COLUMNS FROM `west_company` [ RunTime:0.0047s ]
SQL: SELECT * FROM `west_company` WHERE ( name = 'yyy' ) LIMIT 1   [ RunTime:0.0004s ]
SQL: SHOW COLUMNS FROM `west_company` [ RunTime:0.0048s ]
SQL: INSERT INTO `west_company` (`uid`,`name`,`mail`,`tel`,`modify_time`) VALUES ('18','yyy','yyy','','1432044370') [ RunTime:0.0003s ]

[ 2015-05-19T22:06:19+08:00 ] 192.168.252.6 /WesternFilms/server/index.php/User/user/regist
INFO: [ app_init ] --START--
INFO: Run Behavior\BuildLiteBehavior [ RunTime:0.000033s ]
INFO: [ app_init ] --END-- [ RunTime:0.000958s ]
INFO: [ app_begin ] --START--
INFO: Run Behavior\ReadHtmlCacheBehavior [ RunTime:0.001417s ]
INFO: [ app_begin ] --END-- [ RunTime:0.001547s ]
SQL: SHOW COLUMNS FROM `west_user` [ RunTime:0.0049s ]
SQL: SHOW COLUMNS FROM `west_user` [ RunTime:0.0047s ]
SQL: SELECT * FROM `west_user` WHERE ( username = 'yyy' ) LIMIT 1   [ RunTime:0.0004s ]

[ 2015-05-19T22:06:20+08:00 ] 192.168.252.6 /WesternFilms/server/index.php/User/user/regist
INFO: [ app_init ] --START--
INFO: Run Behavior\BuildLiteBehavior [ RunTime:0.000015s ]
INFO: [ app_init ] --END-- [ RunTime:0.000404s ]
INFO: [ app_begin ] --START--
INFO: Run Behavior\ReadHtmlCacheBehavior [ RunTime:0.000542s ]
INFO: [ app_begin ] --END-- [ RunTime:0.000594s ]
SQL: SHOW COLUMNS FROM `west_user` [ RunTime:0.0050s ]
SQL: SHOW COLUMNS FROM `west_user` [ RunTime:0.0048s ]
SQL: SELECT * FROM `west_user` WHERE ( username = 'yyy' ) LIMIT 1   [ RunTime:0.0004s ]

[ 2015-05-19T22:06:20+08:00 ] 192.168.252.6 /WesternFilms/server/index.php/User/user/regist
INFO: [ app_init ] --START--
INFO: Run Behavior\BuildLiteBehavior [ RunTime:0.000040s ]
INFO: [ app_init ] --END-- [ RunTime:0.000887s ]
INFO: [ app_begin ] --START--
INFO: Run Behavior\ReadHtmlCacheBehavior [ RunTime:0.001236s ]
INFO: [ app_begin ] --END-- [ RunTime:0.001365s ]
SQL: SHOW COLUMNS FROM `west_user` [ RunTime:0.0050s ]
SQL: SHOW COLUMNS FROM `west_user` [ RunTime:0.0049s ]
SQL: SELECT * FROM `west_user` WHERE ( username = 'yyy' ) LIMIT 1   [ RunTime:0.0005s ]

[ 2015-05-19T22:06:20+08:00 ] 192.168.252.6 /WesternFilms/server/index.php/User/user/regist
INFO: [ app_init ] --START--
INFO: Run Behavior\BuildLiteBehavior [ RunTime:0.000032s ]
INFO: [ app_init ] --END-- [ RunTime:0.000926s ]
INFO: [ app_begin ] --START--
INFO: Run Behavior\ReadHtmlCacheBehavior [ RunTime:0.001319s ]
INFO: [ app_begin ] --END-- [ RunTime:0.001454s ]
SQL: SHOW COLUMNS FROM `west_user` [ RunTime:0.0061s ]
SQL: SHOW COLUMNS FROM `west_user` [ RunTime:0.0056s ]
SQL: SELECT * FROM `west_user` WHERE ( username = 'yyy' ) LIMIT 1   [ RunTime:0.0004s ]

[ 2015-05-19T22:06:20+08:00 ] 192.168.252.6 /WesternFilms/server/index.php/User/user/regist
INFO: [ app_init ] --START--
INFO: Run Behavior\BuildLiteBehavior [ RunTime:0.000016s ]
INFO: [ app_init ] --END-- [ RunTime:0.000440s ]
INFO: [ app_begin ] --START--
INFO: Run Behavior\ReadHtmlCacheBehavior [ RunTime:0.000614s ]
INFO: [ app_begin ] --END-- [ RunTime:0.000676s ]
SQL: SHOW COLUMNS FROM `west_user` [ RunTime:0.0050s ]
SQL: SHOW COLUMNS FROM `west_user` [ RunTime:0.0046s ]
SQL: SELECT * FROM `west_user` WHERE ( username = 'yyy' ) LIMIT 1   [ RunTime:0.0004s ]

[ 2015-05-19T22:06:28+08:00 ] 192.168.252.6 /WesternFilms/server/index.php/User/user/regist
INFO: [ app_init ] --START--
INFO: Run Behavior\BuildLiteBehavior [ RunTime:0.000032s ]
INFO: [ app_init ] --END-- [ RunTime:0.000895s ]
INFO: [ app_begin ] --START--
INFO: Run Behavior\ReadHtmlCacheBehavior [ RunTime:0.000624s ]
INFO: [ app_begin ] --END-- [ RunTime:0.000687s ]
SQL: SHOW COLUMNS FROM `west_user` [ RunTime:0.0057s ]
SQL: SHOW COLUMNS FROM `west_user` [ RunTime:0.0051s ]
SQL: SELECT * FROM `west_user` WHERE ( username = 'yyy' ) LIMIT 1   [ RunTime:0.0004s ]

[ 2015-05-19T22:07:16+08:00 ] 192.168.252.6 /WesternFilms/server/index.php/User/user/regist
INFO: [ app_init ] --START--
INFO: Run Behavior\BuildLiteBehavior [ RunTime:0.000017s ]
INFO: [ app_init ] --END-- [ RunTime:0.000516s ]
INFO: [ app_begin ] --START--
INFO: Run Behavior\ReadHtmlCacheBehavior [ RunTime:0.000729s ]
INFO: [ app_begin ] --END-- [ RunTime:0.000793s ]
SQL: SHOW COLUMNS FROM `west_user` [ RunTime:0.0051s ]
SQL: SHOW COLUMNS FROM `west_user` [ RunTime:0.0048s ]
SQL: SELECT * FROM `west_user` WHERE ( username = 'eee' ) LIMIT 1   [ RunTime:0.0004s ]
SQL: SHOW COLUMNS FROM `west_user` [ RunTime:0.0046s ]
SQL: INSERT INTO `west_user` (`username`,`password`,`group`,`status`,`modify_time`) VALUES ('eee','d2f2297d6e829cd3493aa7de4416a18f','user','0','1432044435') [ RunTime:0.0003s ]
SQL: SHOW COLUMNS FROM `west_company` [ RunTime:0.0046s ]
SQL: SELECT * FROM `west_company` WHERE ( name = 'eee' ) LIMIT 1   [ RunTime:0.0003s ]
SQL: SHOW COLUMNS FROM `west_company` [ RunTime:0.0050s ]
SQL: INSERT INTO `west_company` (`uid`,`name`,`mail`,`tel`,`modify_time`) VALUES ('19','eee','eee','','1432044435') [ RunTime:0.0003s ]

[ 2015-05-19T22:11:56+08:00 ] 192.168.252.6 /WesternFilms/server/index.php/User/user/login
INFO: [ app_init ] --START--
INFO: Run Behavior\BuildLiteBehavior [ RunTime:0.000034s ]
INFO: [ app_init ] --END-- [ RunTime:0.000944s ]
INFO: [ app_begin ] --START--
INFO: Run Behavior\ReadHtmlCacheBehavior [ RunTime:0.001533s ]
INFO: [ app_begin ] --END-- [ RunTime:0.001668s ]
SQL: SHOW COLUMNS FROM `west_user` [ RunTime:0.0064s ]
SQL: SELECT * FROM `west_user` WHERE `username` = 'ztf' LIMIT 1   [ RunTime:0.0009s ]

[ 2015-05-19T22:12:35+08:00 ] 192.168.252.6 /WesternFilms/server/index.php/User/user/login
INFO: [ app_init ] --START--
INFO: Run Behavior\BuildLiteBehavior [ RunTime:0.000014s ]
INFO: [ app_init ] --END-- [ RunTime:0.000431s ]
INFO: [ app_begin ] --START--
INFO: Run Behavior\ReadHtmlCacheBehavior [ RunTime:0.000689s ]
INFO: [ app_begin ] --END-- [ RunTime:0.000854s ]
SQL: SHOW COLUMNS FROM `west_user` [ RunTime:0.0049s ]
SQL: SELECT * FROM `west_user` WHERE `username` = 'ztf' LIMIT 1   [ RunTime:0.0005s ]

[ 2015-05-19T22:12:41+08:00 ] 192.168.252.6 /WesternFilms/server/index.php/User/user/login
INFO: [ app_init ] --START--
INFO: Run Behavior\BuildLiteBehavior [ RunTime:0.000014s ]
INFO: [ app_init ] --END-- [ RunTime:0.000434s ]
INFO: [ app_begin ] --START--
INFO: Run Behavior\ReadHtmlCacheBehavior [ RunTime:0.000573s ]
INFO: [ app_begin ] --END-- [ RunTime:0.000626s ]
SQL: SHOW COLUMNS FROM `west_user` [ RunTime:0.0049s ]
SQL: SELECT * FROM `west_user` WHERE `username` = 'ggg' LIMIT 1   [ RunTime:0.0004s ]

[ 2015-05-19T22:12:51+08:00 ] 192.168.252.6 /WesternFilms/server/index.php/User/user/login
INFO: [ app_init ] --START--
INFO: Run Behavior\BuildLiteBehavior [ RunTime:0.000021s ]
INFO: [ app_init ] --END-- [ RunTime:0.000607s ]
INFO: [ app_begin ] --START--
INFO: Run Behavior\ReadHtmlCacheBehavior [ RunTime:0.000796s ]
INFO: [ app_begin ] --END-- [ RunTime:0.000873s ]
SQL: SHOW COLUMNS FROM `west_user` [ RunTime:0.0050s ]
SQL: SELECT * FROM `west_user` WHERE `username` = 'ztf' LIMIT 1   [ RunTime:0.0004s ]

[ 2015-05-19T22:12:56+08:00 ] 192.168.252.6 /WesternFilms/server/index.php/User/user/login
INFO: [ app_init ] --START--
INFO: Run Behavior\BuildLiteBehavior [ RunTime:0.000018s ]
INFO: [ app_init ] --END-- [ RunTime:0.000523s ]
INFO: [ app_begin ] --START--
INFO: Run Behavior\ReadHtmlCacheBehavior [ RunTime:0.000698s ]
INFO: [ app_begin ] --END-- [ RunTime:0.000767s ]
SQL: SHOW COLUMNS FROM `west_user` [ RunTime:0.0052s ]
SQL: SELECT * FROM `west_user` WHERE `username` = 'ztf' LIMIT 1   [ RunTime:0.0004s ]

[ 2015-05-19T22:13:39+08:00 ] 192.168.252.6 /WesternFilms/server/index.php/User/user/login
INFO: [ app_init ] --START--
INFO: Run Behavior\BuildLiteBehavior [ RunTime:0.000015s ]
INFO: [ app_init ] --END-- [ RunTime:0.000526s ]
INFO: [ app_begin ] --START--
INFO: Run Behavior\ReadHtmlCacheBehavior [ RunTime:0.000614s ]
INFO: [ app_begin ] --END-- [ RunTime:0.000671s ]
SQL: SHOW COLUMNS FROM `west_user` [ RunTime:0.0050s ]
SQL: SELECT * FROM `west_user` WHERE `username` = 'ztf' LIMIT 1   [ RunTime:0.0004s ]

[ 2015-05-19T22:13:52+08:00 ] 192.168.252.6 /WesternFilms/server/index.php/User/user/login
INFO: [ app_init ] --START--
INFO: Run Behavior\BuildLiteBehavior [ RunTime:0.000034s ]
INFO: [ app_init ] --END-- [ RunTime:0.000921s ]
INFO: [ app_begin ] --START--
INFO: Run Behavior\ReadHtmlCacheBehavior [ RunTime:0.000562s ]
INFO: [ app_begin ] --END-- [ RunTime:0.000617s ]
SQL: SHOW COLUMNS FROM `west_user` [ RunTime:0.0049s ]
SQL: SELECT * FROM `west_user` WHERE `username` = 'admin' LIMIT 1   [ RunTime:0.0004s ]

[ 2015-05-19T22:18:04+08:00 ] 192.168.252.6 /WesternFilms/server/index.php/User/user/login
INFO: [ app_init ] --START--
INFO: Run Behavior\BuildLiteBehavior [ RunTime:0.000033s ]
INFO: [ app_init ] --END-- [ RunTime:0.000992s ]
INFO: [ app_begin ] --START--
INFO: Run Behavior\ReadHtmlCacheBehavior [ RunTime:0.001219s ]
INFO: [ app_begin ] --END-- [ RunTime:0.001330s ]
SQL: SHOW COLUMNS FROM `west_user` [ RunTime:0.0065s ]
SQL: SELECT * FROM `west_user` WHERE `username` = 'admin' LIMIT 1   [ RunTime:0.0005s ]

[ 2015-05-19T22:18:23+08:00 ] 192.168.252.6 /WesternFilms/server/index.php/User/user/login
INFO: [ app_init ] --START--
INFO: Run Behavior\BuildLiteBehavior [ RunTime:0.000033s ]
INFO: [ app_init ] --END-- [ RunTime:0.001025s ]
INFO: [ app_begin ] --START--
INFO: Run Behavior\ReadHtmlCacheBehavior [ RunTime:0.001602s ]
INFO: [ app_begin ] --END-- [ RunTime:0.001740s ]
SQL: SHOW COLUMNS FROM `west_user` [ RunTime:0.0080s ]
SQL: SELECT * FROM `west_user` WHERE `username` = 'admin' LIMIT 1   [ RunTime:0.0005s ]

[ 2015-05-19T22:19:13+08:00 ] 192.168.252.6 /WesternFilms/server/index.php/User/user/login
INFO: [ app_init ] --START--
INFO: Run Behavior\BuildLiteBehavior [ RunTime:0.000017s ]
INFO: [ app_init ] --END-- [ RunTime:0.000533s ]
INFO: [ app_begin ] --START--
INFO: Run Behavior\ReadHtmlCacheBehavior [ RunTime:0.000726s ]
INFO: [ app_begin ] --END-- [ RunTime:0.000789s ]
SQL: SHOW COLUMNS FROM `west_user` [ RunTime:0.0053s ]
SQL: SELECT * FROM `west_user` WHERE `username` = 'ztf' LIMIT 1   [ RunTime:0.0004s ]

[ 2015-05-19T22:24:35+08:00 ] 192.168.252.6 /WesternFilms/server/index.php/User/user/regist
INFO: [ app_init ] --START--
INFO: Run Behavior\BuildLiteBehavior [ RunTime:0.000038s ]
INFO: [ app_init ] --END-- [ RunTime:0.000604s ]
INFO: [ app_begin ] --START--
INFO: Run Behavior\ReadHtmlCacheBehavior [ RunTime:0.000808s ]
INFO: [ app_begin ] --END-- [ RunTime:0.000876s ]
SQL: SHOW COLUMNS FROM `west_user` [ RunTime:0.0056s ]
SQL: SHOW COLUMNS FROM `west_user` [ RunTime:0.0049s ]
SQL: SELECT * FROM `west_user` WHERE ( username = '张腾飞' ) LIMIT 1   [ RunTime:0.0004s ]
SQL: SHOW COLUMNS FROM `west_user` [ RunTime:0.0048s ]
SQL: INSERT INTO `west_user` (`username`,`password`,`group`,`status`,`modify_time`) VALUES ('张腾飞','f3abb86bd34cf4d52698f14c0da1dc60','user','0','1432045475') [ RunTime:0.0003s ]
SQL: SHOW COLUMNS FROM `west_company` [ RunTime:0.0049s ]
SQL: SELECT * FROM `west_company` WHERE ( name = 'zzz' ) LIMIT 1   [ RunTime:0.0004s ]
SQL: SHOW COLUMNS FROM `west_company` [ RunTime:0.0050s ]
SQL: INSERT INTO `west_company` (`uid`,`name`,`mail`,`tel`,`modify_time`) VALUES ('20','zzz','zzz','','1432045475') [ RunTime:0.0004s ]

[ 2015-05-19T22:25:44+08:00 ] 192.168.252.6 /WesternFilms/server/index.php/User/user/regist
INFO: [ app_init ] --START--
INFO: Run Behavior\BuildLiteBehavior [ RunTime:0.000020s ]
INFO: [ app_init ] --END-- [ RunTime:0.000567s ]
INFO: [ app_begin ] --START--
INFO: Run Behavior\ReadHtmlCacheBehavior [ RunTime:0.000859s ]
INFO: [ app_begin ] --END-- [ RunTime:0.000927s ]
SQL: SHOW COLUMNS FROM `west_user` [ RunTime:0.0051s ]
SQL: SHOW COLUMNS FROM `west_user` [ RunTime:0.0050s ]
SQL: SELECT * FROM `west_user` WHERE ( username = 'fff' ) LIMIT 1   [ RunTime:0.0004s ]
SQL: SHOW COLUMNS FROM `west_user` [ RunTime:0.0048s ]
SQL: INSERT INTO `west_user` (`username`,`password`,`group`,`status`,`modify_time`) VALUES ('fff','343d9040a671c45832ee5381860e2996','user','0','1432045544') [ RunTime:0.0003s ]
SQL: SHOW COLUMNS FROM `west_company` [ RunTime:0.0049s ]
SQL: SELECT * FROM `west_company` WHERE ( name = '大三的' ) LIMIT 1   [ RunTime:0.0004s ]
SQL: SHOW COLUMNS FROM `west_company` [ RunTime:0.0049s ]
SQL: INSERT INTO `west_company` (`uid`,`name`,`mail`,`tel`,`modify_time`) VALUES ('21','大三的','ddd','','1432045544') [ RunTime:0.0003s ]

[ 2015-05-19T22:27:04+08:00 ] 192.168.252.6 /WesternFilms/server/index.php/User/user/login
INFO: [ app_init ] --START--
INFO: Run Behavior\BuildLiteBehavior [ RunTime:0.000017s ]
INFO: [ app_init ] --END-- [ RunTime:0.000662s ]
INFO: [ app_begin ] --START--
INFO: Run Behavior\ReadHtmlCacheBehavior [ RunTime:0.000732s ]
INFO: [ app_begin ] --END-- [ RunTime:0.000800s ]
SQL: SHOW COLUMNS FROM `west_user` [ RunTime:0.0061s ]
SQL: SELECT * FROM `west_user` WHERE `username` = 'ztf' LIMIT 1   [ RunTime:0.0004s ]

[ 2015-05-19T22:27:27+08:00 ] 192.168.252.6 /WesternFilms/server/index.php/User/user/login
INFO: [ app_init ] --START--
INFO: Run Behavior\BuildLiteBehavior [ RunTime:0.000031s ]
INFO: [ app_init ] --END-- [ RunTime:0.000876s ]
INFO: [ app_begin ] --START--
INFO: Run Behavior\ReadHtmlCacheBehavior [ RunTime:0.001326s ]
INFO: [ app_begin ] --END-- [ RunTime:0.001456s ]
SQL: SHOW COLUMNS FROM `west_user` [ RunTime:0.0051s ]
SQL: SELECT * FROM `west_user` WHERE `username` = 'ztf' LIMIT 1   [ RunTime:0.0004s ]

[ 2015-05-19T22:29:33+08:00 ] 192.168.252.6 /WesternFilms/server/index.php/User/user/login
INFO: [ app_init ] --START--
INFO: Run Behavior\BuildLiteBehavior [ RunTime:0.000017s ]
INFO: [ app_init ] --END-- [ RunTime:0.000486s ]
INFO: [ app_begin ] --START--
INFO: Run Behavior\ReadHtmlCacheBehavior [ RunTime:0.000674s ]
INFO: [ app_begin ] --END-- [ RunTime:0.000734s ]
SQL: SHOW COLUMNS FROM `west_user` [ RunTime:0.0055s ]
SQL: SELECT * FROM `west_user` WHERE `username` = 'ggg' LIMIT 1   [ RunTime:0.0004s ]

[ 2015-05-19T22:29:50+08:00 ] 192.168.252.6 /WesternFilms/server/index.php/User/user/login
INFO: [ app_init ] --START--
INFO: Run Behavior\BuildLiteBehavior [ RunTime:0.000034s ]
INFO: [ app_init ] --END-- [ RunTime:0.001408s ]
INFO: [ app_begin ] --START--
INFO: Run Behavior\ReadHtmlCacheBehavior [ RunTime:0.001464s ]
INFO: [ app_begin ] --END-- [ RunTime:0.001597s ]
SQL: SHOW COLUMNS FROM `west_user` [ RunTime:0.0066s ]
SQL: SELECT * FROM `west_user` WHERE `username` = 'fff' LIMIT 1   [ RunTime:0.0006s ]

[ 2015-05-19T22:29:58+08:00 ] 192.168.252.6 /WesternFilms/server/index.php/User/user/login
INFO: [ app_init ] --START--
INFO: Run Behavior\BuildLiteBehavior [ RunTime:0.000019s ]
INFO: [ app_init ] --END-- [ RunTime:0.000499s ]
INFO: [ app_begin ] --START--
INFO: Run Behavior\ReadHtmlCacheBehavior [ RunTime:0.000690s ]
INFO: [ app_begin ] --END-- [ RunTime:0.000757s ]
SQL: SHOW COLUMNS FROM `west_user` [ RunTime:0.0065s ]
SQL: SELECT * FROM `west_user` WHERE `username` = 'jjj' LIMIT 1   [ RunTime:0.0005s ]

[ 2015-05-19T22:31:14+08:00 ] 192.168.252.6 /WesternFilms/server/index.php/User/user/login
INFO: [ app_init ] --START--
INFO: Run Behavior\BuildLiteBehavior [ RunTime:0.000037s ]
INFO: [ app_init ] --END-- [ RunTime:0.000965s ]
INFO: [ app_begin ] --START--
INFO: Run Behavior\ReadHtmlCacheBehavior [ RunTime:0.000870s ]
INFO: [ app_begin ] --END-- [ RunTime:0.000956s ]
SQL: SHOW COLUMNS FROM `west_user` [ RunTime:0.0060s ]
SQL: SELECT * FROM `west_user` WHERE `username` = 'dfsdf' LIMIT 1   [ RunTime:0.0005s ]

[ 2015-05-19T22:31:19+08:00 ] 192.168.252.6 /WesternFilms/server/index.php/User/user/login
INFO: [ app_init ] --START--
INFO: Run Behavior\BuildLiteBehavior [ RunTime:0.000033s ]
INFO: [ app_init ] --END-- [ RunTime:0.001004s ]
INFO: [ app_begin ] --START--
INFO: Run Behavior\ReadHtmlCacheBehavior [ RunTime:0.001330s ]
INFO: [ app_begin ] --END-- [ RunTime:0.001464s ]
SQL: SHOW COLUMNS FROM `west_user` [ RunTime:0.0051s ]
SQL: SELECT * FROM `west_user` WHERE `username` = 'fff' LIMIT 1   [ RunTime:0.0004s ]

[ 2015-05-19T22:33:09+08:00 ] 192.168.252.6 /WesternFilms/server/index.php/User/user/login
INFO: [ app_init ] --START--
INFO: Run Behavior\BuildLiteBehavior [ RunTime:0.000014s ]
INFO: [ app_init ] --END-- [ RunTime:0.000417s ]
INFO: [ app_begin ] --START--
INFO: Run Behavior\ReadHtmlCacheBehavior [ RunTime:0.000604s ]
INFO: [ app_begin ] --END-- [ RunTime:0.000667s ]
SQL: SHOW COLUMNS FROM `west_user` [ RunTime:0.0053s ]
SQL: SELECT * FROM `west_user` WHERE `username` = 'fff' LIMIT 1   [ RunTime:0.0004s ]

[ 2015-05-19T22:34:44+08:00 ] 192.168.252.6 /WesternFilms/server/index.php/User/user/regist
INFO: [ app_init ] --START--
INFO: Run Behavior\BuildLiteBehavior [ RunTime:0.000032s ]
INFO: [ app_init ] --END-- [ RunTime:0.000908s ]
INFO: [ app_begin ] --START--
INFO: Run Behavior\ReadHtmlCacheBehavior [ RunTime:0.001566s ]
INFO: [ app_begin ] --END-- [ RunTime:0.001721s ]
SQL: SHOW COLUMNS FROM `west_user` [ RunTime:0.0051s ]
SQL: SHOW COLUMNS FROM `west_user` [ RunTime:0.0047s ]
SQL: SELECT * FROM `west_user` WHERE ( username = 'fff' ) LIMIT 1   [ RunTime:0.0004s ]

[ 2015-05-19T22:37:17+08:00 ] 192.168.252.6 /WesternFilms/server/index.php/User/user/regist
INFO: [ app_init ] --START--
INFO: Run Behavior\BuildLiteBehavior [ RunTime:0.000017s ]
INFO: [ app_init ] --END-- [ RunTime:0.000608s ]
INFO: [ app_begin ] --START--
INFO: Run Behavior\ReadHtmlCacheBehavior [ RunTime:0.000745s ]
INFO: [ app_begin ] --END-- [ RunTime:0.000812s ]
SQL: SHOW COLUMNS FROM `west_user` [ RunTime:0.0060s ]
SQL: SHOW COLUMNS FROM `west_user` [ RunTime:0.0048s ]
SQL: SELECT * FROM `west_user` WHERE ( username = 'rrr' ) LIMIT 1   [ RunTime:0.0004s ]
SQL: SHOW COLUMNS FROM `west_user` [ RunTime:0.0048s ]
SQL: INSERT INTO `west_user` (`username`,`password`,`group`,`status`,`modify_time`) VALUES ('rrr','44f437ced647ec3f40fa0841041871cd','user','0','1432046236') [ RunTime:0.0004s ]
SQL: SHOW COLUMNS FROM `west_company` [ RunTime:0.0049s ]
SQL: SELECT * FROM `west_company` WHERE ( name = 'rrr' ) LIMIT 1   [ RunTime:0.0004s ]
SQL: SHOW COLUMNS FROM `west_company` [ RunTime:0.0049s ]
SQL: INSERT INTO `west_company` (`uid`,`name`,`mail`,`tel`,`modify_time`) VALUES ('22','rrr','rrr','','1432046236') [ RunTime:0.0004s ]

