[ 2015-05-29T00:13:41+08:00 ] 127.0.0.1 /WesternFilms/server/index.php/User/news/edit
INFO: [ app_init ] --START--
INFO: Run Behavior\BuildLiteBehavior [ RunTime:0.000019s ]
INFO: [ app_init ] --END-- [ RunTime:0.004354s ]
INFO: [ app_begin ] --START--
INFO: Run Behavior\ReadHtmlCacheBehavior [ RunTime:0.011723s ]
INFO: [ app_begin ] --END-- [ RunTime:0.011820s ]
NOTIC: [8] Use of undefined constant ture - assumed 'ture' D:\WampServer2.1a-x32\WampServer\wamp\www\WesternFilms\server\Apps\User\Controller\BaseController.class.php 第 20 行.
SQL: SHOW COLUMNS FROM `west_news` [ RunTime:0.1927s ]
SQL: SELECT * FROM `west_news` WHERE ( id = 18 ) LIMIT 1   [ RunTime:0.0338s ]
SQL: UPDATE `west_news` SET `title`='最近的电影你最喜欢哪一个？',`big_img`='no',`thumbnail`='./images/show.png',`summary`='bgbgb',`source`='',`author`='',`content`='gbgb',`modify_time`='1432829620' WHERE ( id = 18 ) [ RunTime:0.1477s ]
SQL: SHOW COLUMNS FROM `west_log` [ RunTime:0.0124s ]
SQL: INSERT INTO `west_log` (`uid`,`type`,`target`,`target_id`,`target_name`,`modify_time`) VALUES ('13','edit','news','18','最近的电影你最喜欢哪一个？','1432829621') [ RunTime:0.0749s ]

[ 2015-05-29T00:14:16+08:00 ] 127.0.0.1 /WesternFilms/server/index.php/User/news/del
INFO: [ app_init ] --START--
INFO: Run Behavior\BuildLiteBehavior [ RunTime:0.000023s ]
INFO: [ app_init ] --END-- [ RunTime:0.000490s ]
INFO: [ app_begin ] --START--
INFO: Run Behavior\ReadHtmlCacheBehavior [ RunTime:0.000634s ]
INFO: [ app_begin ] --END-- [ RunTime:0.000704s ]
NOTIC: [8] Use of undefined constant ture - assumed 'ture' D:\WampServer2.1a-x32\WampServer\wamp\www\WesternFilms\server\Apps\User\Controller\BaseController.class.php 第 20 行.
SQL: SHOW COLUMNS FROM `west_news` [ RunTime:0.0056s ]
SQL: SELECT * FROM `west_news` WHERE ( id = 16 ) LIMIT 1   [ RunTime:0.0005s ]
SQL: UPDATE `west_news` SET `status`='0' WHERE ( id = 16 ) [ RunTime:0.0845s ]
SQL: SHOW COLUMNS FROM `west_log` [ RunTime:0.0054s ]
SQL: INSERT INTO `west_log` (`uid`,`type`,`target`,`target_id`,`target_name`,`modify_time`) VALUES ('13','del','news','16','gbgbg','1432829656') [ RunTime:0.0718s ]

[ 2015-05-29T00:15:28+08:00 ] 127.0.0.1 /WesternFilms/server/index.php/User/news/edit
INFO: [ app_init ] --START--
INFO: Run Behavior\BuildLiteBehavior [ RunTime:0.000015s ]
INFO: [ app_init ] --END-- [ RunTime:0.000393s ]
INFO: [ app_begin ] --START--
INFO: Run Behavior\ReadHtmlCacheBehavior [ RunTime:0.000542s ]
INFO: [ app_begin ] --END-- [ RunTime:0.000595s ]
NOTIC: [8] Use of undefined constant ture - assumed 'ture' D:\WampServer2.1a-x32\WampServer\wamp\www\WesternFilms\server\Apps\User\Controller\BaseController.class.php 第 20 行.
SQL: SHOW COLUMNS FROM `west_news` [ RunTime:0.0055s ]
SQL: SELECT * FROM `west_news` WHERE ( id = 15 ) LIMIT 1   [ RunTime:0.0005s ]
SQL: UPDATE `west_news` SET `title`='《复联II》之后，漫威那部电影再续辉煌？',`big_img`='no',`thumbnail`='./images/show.png',`summary`='bgbg',`source`='',`author`='',`content`='bgbg',`modify_time`='1432829728' WHERE ( id = 15 ) [ RunTime:0.0844s ]
SQL: SHOW COLUMNS FROM `west_log` [ RunTime:0.0120s ]
SQL: INSERT INTO `west_log` (`uid`,`type`,`target`,`target_id`,`target_name`,`modify_time`) VALUES ('13','edit','news','15','《复联II》之后，漫威那部电影再续辉煌？','1432829728') [ RunTime:0.0754s ]

[ 2015-05-29T00:16:18+08:00 ] 127.0.0.1 /WesternFilms/server/index.php/User/news/edit
INFO: [ app_init ] --START--
INFO: Run Behavior\BuildLiteBehavior [ RunTime:0.000017s ]
INFO: [ app_init ] --END-- [ RunTime:0.000517s ]
INFO: [ app_begin ] --START--
INFO: Run Behavior\ReadHtmlCacheBehavior [ RunTime:0.000748s ]
INFO: [ app_begin ] --END-- [ RunTime:0.000813s ]
NOTIC: [8] Use of undefined constant ture - assumed 'ture' D:\WampServer2.1a-x32\WampServer\wamp\www\WesternFilms\server\Apps\User\Controller\BaseController.class.php 第 20 行.
SQL: SHOW COLUMNS FROM `west_news` [ RunTime:0.0051s ]
SQL: SELECT * FROM `west_news` WHERE ( id = 14 ) LIMIT 1   [ RunTime:0.0005s ]
SQL: UPDATE `west_news` SET `title`='《左耳》你看了吗？',`big_img`='no',`thumbnail`='./images/show.png',`summary`='gbgb',`source`='',`author`='',`content`='gbgbgb',`modify_time`='1432829778' WHERE ( id = 14 ) [ RunTime:0.0858s ]
SQL: SHOW COLUMNS FROM `west_log` [ RunTime:0.0128s ]
SQL: INSERT INTO `west_log` (`uid`,`type`,`target`,`target_id`,`target_name`,`modify_time`) VALUES ('13','edit','news','14','《左耳》你看了吗？','1432829778') [ RunTime:0.0747s ]

[ 2015-05-29T00:17:17+08:00 ] 127.0.0.1 /WesternFilms/server/index.php/User/news/edit
INFO: [ app_init ] --START--
INFO: Run Behavior\BuildLiteBehavior [ RunTime:0.000017s ]
INFO: [ app_init ] --END-- [ RunTime:0.000451s ]
INFO: [ app_begin ] --START--
INFO: Run Behavior\ReadHtmlCacheBehavior [ RunTime:0.000615s ]
INFO: [ app_begin ] --END-- [ RunTime:0.000676s ]
NOTIC: [8] Use of undefined constant ture - assumed 'ture' D:\WampServer2.1a-x32\WampServer\wamp\www\WesternFilms\server\Apps\User\Controller\BaseController.class.php 第 20 行.
SQL: SHOW COLUMNS FROM `west_news` [ RunTime:0.0057s ]
SQL: SELECT * FROM `west_news` WHERE ( id = 13 ) LIMIT 1   [ RunTime:0.0005s ]
SQL: UPDATE `west_news` SET `title`='《狼图腾》草原的生存规则',`big_img`='no',`thumbnail`='./images/show.png',`summary`='gbgbgb',`source`='',`author`='',`content`='gbgb',`modify_time`='1432829837' WHERE ( id = 13 ) [ RunTime:0.1053s ]
SQL: SHOW COLUMNS FROM `west_log` [ RunTime:0.0126s ]
SQL: INSERT INTO `west_log` (`uid`,`type`,`target`,`target_id`,`target_name`,`modify_time`) VALUES ('13','edit','news','13','《狼图腾》草原的生存规则','1432829837') [ RunTime:0.0749s ]

[ 2015-05-29T00:18:10+08:00 ] 127.0.0.1 /WesternFilms/server/index.php/User/news/edit
INFO: [ app_init ] --START--
INFO: Run Behavior\BuildLiteBehavior [ RunTime:0.000019s ]
INFO: [ app_init ] --END-- [ RunTime:0.000541s ]
INFO: [ app_begin ] --START--
INFO: Run Behavior\ReadHtmlCacheBehavior [ RunTime:0.000757s ]
INFO: [ app_begin ] --END-- [ RunTime:0.000832s ]
NOTIC: [8] Use of undefined constant ture - assumed 'ture' D:\WampServer2.1a-x32\WampServer\wamp\www\WesternFilms\server\Apps\User\Controller\BaseController.class.php 第 20 行.
SQL: SHOW COLUMNS FROM `west_news` [ RunTime:0.0052s ]
SQL: SELECT * FROM `west_news` WHERE ( id = 12 ) LIMIT 1   [ RunTime:0.0004s ]
SQL: UPDATE `west_news` SET `title`='《明日世界》007勇斗机器人',`big_img`='no',`thumbnail`='./images/show.png',`summary`='gbgb',`source`='',`author`='',`content`='gbgbgb',`modify_time`='1432829890' WHERE ( id = 12 ) [ RunTime:0.0792s ]
SQL: SHOW COLUMNS FROM `west_log` [ RunTime:0.0131s ]
SQL: INSERT INTO `west_log` (`uid`,`type`,`target`,`target_id`,`target_name`,`modify_time`) VALUES ('13','edit','news','12','《明日世界》007勇斗机器人','1432829890') [ RunTime:0.0739s ]

[ 2015-05-29T00:18:51+08:00 ] 127.0.0.1 /WesternFilms/server/index.php/User/news/edit
INFO: [ app_init ] --START--
INFO: Run Behavior\BuildLiteBehavior [ RunTime:0.000015s ]
INFO: [ app_init ] --END-- [ RunTime:0.000398s ]
INFO: [ app_begin ] --START--
INFO: Run Behavior\ReadHtmlCacheBehavior [ RunTime:0.000674s ]
INFO: [ app_begin ] --END-- [ RunTime:0.000726s ]
NOTIC: [8] Use of undefined constant ture - assumed 'ture' D:\WampServer2.1a-x32\WampServer\wamp\www\WesternFilms\server\Apps\User\Controller\BaseController.class.php 第 20 行.
SQL: SHOW COLUMNS FROM `west_news` [ RunTime:0.0063s ]
SQL: SELECT * FROM `west_news` WHERE ( id = 11 ) LIMIT 1   [ RunTime:0.0005s ]
SQL: UPDATE `west_news` SET `title`='《杀破狼》吴京狱中被狂虐',`big_img`='no',`thumbnail`='./images/show.png',`summary`='gbgb',`source`='',`author`='',`content`='gbgb',`modify_time`='1432829930' WHERE ( id = 11 ) [ RunTime:0.0770s ]
SQL: SHOW COLUMNS FROM `west_log` [ RunTime:0.0050s ]
SQL: INSERT INTO `west_log` (`uid`,`type`,`target`,`target_id`,`target_name`,`modify_time`) VALUES ('13','edit','news','11','《杀破狼》吴京狱中被狂虐','1432829930') [ RunTime:0.0860s ]

[ 2015-05-29T00:19:31+08:00 ] 127.0.0.1 /WesternFilms/server/index.php/User/news/edit
INFO: [ app_init ] --START--
INFO: Run Behavior\BuildLiteBehavior [ RunTime:0.000017s ]
INFO: [ app_init ] --END-- [ RunTime:0.000652s ]
INFO: [ app_begin ] --START--
INFO: Run Behavior\ReadHtmlCacheBehavior [ RunTime:0.000559s ]
INFO: [ app_begin ] --END-- [ RunTime:0.000616s ]
NOTIC: [8] Use of undefined constant ture - assumed 'ture' D:\WampServer2.1a-x32\WampServer\wamp\www\WesternFilms\server\Apps\User\Controller\BaseController.class.php 第 20 行.
SQL: SHOW COLUMNS FROM `west_news` [ RunTime:0.0053s ]
SQL: SELECT * FROM `west_news` WHERE ( id = 10 ) LIMIT 1   [ RunTime:0.0005s ]
SQL: UPDATE `west_news` SET `title`='《战狼》犯我中华者，虽远必诛！',`big_img`='no',`thumbnail`='./images/show.png',`summary`='ngng',`source`='',`author`='',`content`='ngngn',`modify_time`='1432829971' WHERE ( id = 10 ) [ RunTime:0.1164s ]
SQL: SHOW COLUMNS FROM `west_log` [ RunTime:0.0124s ]
SQL: INSERT INTO `west_log` (`uid`,`type`,`target`,`target_id`,`target_name`,`modify_time`) VALUES ('13','edit','news','10','《战狼》犯我中华者，虽远必诛！','1432829971') [ RunTime:0.0750s ]

[ 2015-05-29T00:20:24+08:00 ] 127.0.0.1 /WesternFilms/server/index.php/User/news/edit
INFO: [ app_init ] --START--
INFO: Run Behavior\BuildLiteBehavior [ RunTime:0.000014s ]
INFO: [ app_init ] --END-- [ RunTime:0.000371s ]
INFO: [ app_begin ] --START--
INFO: Run Behavior\ReadHtmlCacheBehavior [ RunTime:0.000532s ]
INFO: [ app_begin ] --END-- [ RunTime:0.000586s ]
NOTIC: [8] Use of undefined constant ture - assumed 'ture' D:\WampServer2.1a-x32\WampServer\wamp\www\WesternFilms\server\Apps\User\Controller\BaseController.class.php 第 20 行.
SQL: SHOW COLUMNS FROM `west_news` [ RunTime:0.0053s ]
SQL: SELECT * FROM `west_news` WHERE ( id = 18 ) LIMIT 1   [ RunTime:0.0005s ]
SQL: UPDATE `west_news` SET `title`='《目标战》信息化战争',`big_img`='no',`thumbnail`='./images/show.png',`summary`='bgbgb',`source`='',`author`='',`content`='gbgb',`modify_time`='1432830024' WHERE ( id = 18 ) [ RunTime:0.1606s ]
SQL: SHOW COLUMNS FROM `west_log` [ RunTime:0.0120s ]
SQL: INSERT INTO `west_log` (`uid`,`type`,`target`,`target_id`,`target_name`,`modify_time`) VALUES ('13','edit','news','18','《目标战》信息化战争','1432830024') [ RunTime:0.1532s ]

[ 2015-05-29T00:27:34+08:00 ] 127.0.0.1 /WesternFilms/server/index.php/User/news/edit
INFO: [ app_init ] --START--
INFO: Run Behavior\BuildLiteBehavior [ RunTime:0.000013s ]
INFO: [ app_init ] --END-- [ RunTime:0.000362s ]
INFO: [ app_begin ] --START--
INFO: Run Behavior\ReadHtmlCacheBehavior [ RunTime:0.000535s ]
INFO: [ app_begin ] --END-- [ RunTime:0.000586s ]
NOTIC: [8] Use of undefined constant ture - assumed 'ture' D:\WampServer2.1a-x32\WampServer\wamp\www\WesternFilms\server\Apps\User\Controller\BaseController.class.php 第 20 行.
SQL: SHOW COLUMNS FROM `west_news` [ RunTime:0.0054s ]
SQL: SELECT * FROM `west_news` WHERE ( id = 19 ) LIMIT 1   [ RunTime:0.0004s ]
SQL: UPDATE `west_news` SET `title`='《复联II》票房破十亿啦！付电话费动画都很丰富fffffffffffffffffffffffffff',`big_img`='no',`thumbnail`='./images/show.png',`summary`='bgbg',`source`='',`author`='',`content`='bgbgb',`modify_time`='1432830453' WHERE ( id = 19 ) [ RunTime:0.1021s ]
SQL: SHOW COLUMNS FROM `west_log` [ RunTime:0.0124s ]
SQL: INSERT INTO `west_log` (`uid`,`type`,`target`,`target_id`,`target_name`,`modify_time`) VALUES ('13','edit','news','19','《复联II》票房破十亿啦！付电话费动画都很丰富fffffffffffffffffffffffffff','1432830454') [ RunTime:0.0750s ]

[ 2015-05-29T00:27:45+08:00 ] 127.0.0.1 /WesternFilms/server/index.php/User/news/edit
INFO: [ app_init ] --START--
INFO: Run Behavior\BuildLiteBehavior [ RunTime:0.000021s ]
INFO: [ app_init ] --END-- [ RunTime:0.000490s ]
INFO: [ app_begin ] --START--
INFO: Run Behavior\ReadHtmlCacheBehavior [ RunTime:0.000614s ]
INFO: [ app_begin ] --END-- [ RunTime:0.000672s ]
NOTIC: [8] Use of undefined constant ture - assumed 'ture' D:\WampServer2.1a-x32\WampServer\wamp\www\WesternFilms\server\Apps\User\Controller\BaseController.class.php 第 20 行.
SQL: SHOW COLUMNS FROM `west_news` [ RunTime:0.0053s ]
SQL: SELECT * FROM `west_news` WHERE ( id = 19 ) LIMIT 1   [ RunTime:0.0004s ]
SQL: UPDATE `west_news` SET `title`='《复联II》票房破十亿啦！付电话费动画都很丰富fffffffffffffffffffffffffffgggggggggggggggggggggggggggggg',`big_img`='no',`thumbnail`='./images/show.png',`summary`='bgbg',`source`='',`author`='',`content`='bgbgb',`modify_time`='1432830464' WHERE ( id = 19 ) [ RunTime:0.1150s ]
SQL: SHOW COLUMNS FROM `west_log` [ RunTime:0.0122s ]
SQL: INSERT INTO `west_log` (`uid`,`type`,`target`,`target_id`,`target_name`,`modify_time`) VALUES ('13','edit','news','19','《复联II》票房破十亿啦！付电话费动画都很丰富fffffffffffffffffffffffffffgggggggggggggggggggggggggggggg','1432830465') [ RunTime:0.0751s ]

[ 2015-05-29T00:32:00+08:00 ] 127.0.0.1 /WesternFilms/server/index.php/User/news/edit
INFO: [ app_init ] --START--
INFO: Run Behavior\BuildLiteBehavior [ RunTime:0.000030s ]
INFO: [ app_init ] --END-- [ RunTime:0.000981s ]
INFO: [ app_begin ] --START--
INFO: Run Behavior\ReadHtmlCacheBehavior [ RunTime:0.000583s ]
INFO: [ app_begin ] --END-- [ RunTime:0.000677s ]
NOTIC: [8] Use of undefined constant ture - assumed 'ture' D:\WampServer2.1a-x32\WampServer\wamp\www\WesternFilms\server\Apps\User\Controller\BaseController.class.php 第 20 行.
SQL: SHOW COLUMNS FROM `west_news` [ RunTime:0.0057s ]
SQL: SELECT * FROM `west_news` WHERE ( id = 19 ) LIMIT 1   [ RunTime:0.0006s ]
SQL: UPDATE `west_news` SET `title`='《复联II》票房破十亿！',`big_img`='no',`thumbnail`='./images/show.png',`summary`='bgbg',`source`='',`author`='',`content`='bgbgb',`modify_time`='1432830720' WHERE ( id = 19 ) [ RunTime:0.1077s ]
SQL: SHOW COLUMNS FROM `west_log` [ RunTime:0.0124s ]
SQL: INSERT INTO `west_log` (`uid`,`type`,`target`,`target_id`,`target_name`,`modify_time`) VALUES ('13','edit','news','19','《复联II》票房破十亿！','1432830720') [ RunTime:0.0748s ]

[ 2015-05-29T00:37:04+08:00 ] 127.0.0.1 /WesternFilms/server/index.php/User/videos/add
INFO: [ app_init ] --START--
INFO: Run Behavior\BuildLiteBehavior [ RunTime:0.000014s ]
INFO: [ app_init ] --END-- [ RunTime:0.000407s ]
INFO: [ app_begin ] --START--
INFO: Run Behavior\ReadHtmlCacheBehavior [ RunTime:0.000590s ]
INFO: [ app_begin ] --END-- [ RunTime:0.000644s ]
NOTIC: [8] Use of undefined constant ture - assumed 'ture' D:\WampServer2.1a-x32\WampServer\wamp\www\WesternFilms\server\Apps\User\Controller\BaseController.class.php 第 20 行.
SQL: SHOW COLUMNS FROM `west_videos` [ RunTime:0.0053s ]
SQL: INSERT INTO `west_videos` (`uid`,`title`,`url`,`pic`,`status`,`modify_time`) VALUES ('13','钢铁侠I','javascript:;','./images/show.png','1','1432831024') [ RunTime:0.0749s ]
SQL: SHOW COLUMNS FROM `west_log` [ RunTime:0.0121s ]
SQL: INSERT INTO `west_log` (`uid`,`type`,`target`,`target_id`,`target_name`,`modify_time`) VALUES ('13','add','video','18','钢铁侠I','1432831024') [ RunTime:0.0753s ]

[ 2015-05-29T00:37:52+08:00 ] 127.0.0.1 /WesternFilms/server/index.php/User/videos/add
INFO: [ app_init ] --START--
INFO: Run Behavior\BuildLiteBehavior [ RunTime:0.000019s ]
INFO: [ app_init ] --END-- [ RunTime:0.000625s ]
INFO: [ app_begin ] --START--
INFO: Run Behavior\ReadHtmlCacheBehavior [ RunTime:0.000762s ]
INFO: [ app_begin ] --END-- [ RunTime:0.000843s ]
NOTIC: [8] Use of undefined constant ture - assumed 'ture' D:\WampServer2.1a-x32\WampServer\wamp\www\WesternFilms\server\Apps\User\Controller\BaseController.class.php 第 20 行.
SQL: SHOW COLUMNS FROM `west_videos` [ RunTime:0.0054s ]
SQL: INSERT INTO `west_videos` (`uid`,`title`,`url`,`pic`,`status`,`modify_time`) VALUES ('13','美国队长I','javascript:;','./images/show.png','1','1432831072') [ RunTime:0.0885s ]
SQL: SHOW COLUMNS FROM `west_log` [ RunTime:0.0121s ]
SQL: INSERT INTO `west_log` (`uid`,`type`,`target`,`target_id`,`target_name`,`modify_time`) VALUES ('13','add','video','19','美国队长I','1432831072') [ RunTime:0.0752s ]

[ 2015-05-29T00:38:19+08:00 ] 127.0.0.1 /WesternFilms/server/index.php/User/videos/add
INFO: [ app_init ] --START--
INFO: Run Behavior\BuildLiteBehavior [ RunTime:0.000014s ]
INFO: [ app_init ] --END-- [ RunTime:0.000395s ]
INFO: [ app_begin ] --START--
INFO: Run Behavior\ReadHtmlCacheBehavior [ RunTime:0.000538s ]
INFO: [ app_begin ] --END-- [ RunTime:0.000598s ]
NOTIC: [8] Use of undefined constant ture - assumed 'ture' D:\WampServer2.1a-x32\WampServer\wamp\www\WesternFilms\server\Apps\User\Controller\BaseController.class.php 第 20 行.
SQL: SHOW COLUMNS FROM `west_videos` [ RunTime:0.0052s ]
SQL: INSERT INTO `west_videos` (`uid`,`title`,`url`,`pic`,`status`,`modify_time`) VALUES ('13','无敌浩克I','javascript:;','./images/show.png','1','1432831099') [ RunTime:0.1062s ]
SQL: SHOW COLUMNS FROM `west_log` [ RunTime:0.0085s ]
SQL: INSERT INTO `west_log` (`uid`,`type`,`target`,`target_id`,`target_name`,`modify_time`) VALUES ('13','add','video','20','无敌浩克I','1432831099') [ RunTime:0.0682s ]

[ 2015-05-29T00:40:07+08:00 ] 127.0.0.1 /WesternFilms/server/index.php/User/videos/edit
INFO: [ app_init ] --START--
INFO: Run Behavior\BuildLiteBehavior [ RunTime:0.000018s ]
INFO: [ app_init ] --END-- [ RunTime:0.000464s ]
INFO: [ app_begin ] --START--
INFO: Run Behavior\ReadHtmlCacheBehavior [ RunTime:0.000661s ]
INFO: [ app_begin ] --END-- [ RunTime:0.000728s ]
NOTIC: [8] Use of undefined constant ture - assumed 'ture' D:\WampServer2.1a-x32\WampServer\wamp\www\WesternFilms\server\Apps\User\Controller\BaseController.class.php 第 20 行.
SQL: SHOW COLUMNS FROM `west_videos` [ RunTime:0.0061s ]
SQL: SELECT * FROM `west_videos` WHERE ( id = 20 ) LIMIT 1   [ RunTime:0.0005s ]
SQL: UPDATE `west_videos` SET `title`='无敌浩克Ifhfdhdhdfhdf',`url`='javascript:;',`pic`='./images/show.png',`modify_time`='1432831207' WHERE ( id = 20 ) [ RunTime:0.1332s ]
SQL: SHOW COLUMNS FROM `west_log` [ RunTime:0.0124s ]
SQL: INSERT INTO `west_log` (`uid`,`type`,`target`,`target_id`,`target_name`,`modify_time`) VALUES ('13','edit','video','20','无敌浩克Ifhfdhdhdfhdf','1432831207') [ RunTime:0.0751s ]

[ 2015-05-29T00:42:30+08:00 ] 127.0.0.1 /WesternFilms/server/index.php/User/videos/edit
INFO: [ app_init ] --START--
INFO: Run Behavior\BuildLiteBehavior [ RunTime:0.000014s ]
INFO: [ app_init ] --END-- [ RunTime:0.000388s ]
INFO: [ app_begin ] --START--
INFO: Run Behavior\ReadHtmlCacheBehavior [ RunTime:0.000516s ]
INFO: [ app_begin ] --END-- [ RunTime:0.000569s ]
NOTIC: [8] Use of undefined constant ture - assumed 'ture' D:\WampServer2.1a-x32\WampServer\wamp\www\WesternFilms\server\Apps\User\Controller\BaseController.class.php 第 20 行.
SQL: SHOW COLUMNS FROM `west_videos` [ RunTime:0.0053s ]
SQL: SELECT * FROM `west_videos` WHERE ( id = 19 ) LIMIT 1   [ RunTime:0.0005s ]
SQL: UPDATE `west_videos` SET `title`='美国队长I梵蒂冈梵蒂冈梵蒂冈',`url`='javascript:;',`pic`='./images/show.png',`modify_time`='1432831349' WHERE ( id = 19 ) [ RunTime:0.1076s ]
SQL: SHOW COLUMNS FROM `west_log` [ RunTime:0.0125s ]
SQL: INSERT INTO `west_log` (`uid`,`type`,`target`,`target_id`,`target_name`,`modify_time`) VALUES ('13','edit','video','19','美国队长I梵蒂冈梵蒂冈梵蒂冈','1432831350') [ RunTime:0.0748s ]

[ 2015-05-29T00:44:32+08:00 ] 127.0.0.1 /WesternFilms/server/index.php/User/videos/edit
INFO: [ app_init ] --START--
INFO: Run Behavior\BuildLiteBehavior [ RunTime:0.000032s ]
INFO: [ app_init ] --END-- [ RunTime:0.000888s ]
INFO: [ app_begin ] --START--
INFO: Run Behavior\ReadHtmlCacheBehavior [ RunTime:0.001552s ]
INFO: [ app_begin ] --END-- [ RunTime:0.001693s ]
NOTIC: [8] Use of undefined constant ture - assumed 'ture' D:\WampServer2.1a-x32\WampServer\wamp\www\WesternFilms\server\Apps\User\Controller\BaseController.class.php 第 20 行.
SQL: SHOW COLUMNS FROM `west_videos` [ RunTime:0.0059s ]
SQL: SELECT * FROM `west_videos` WHERE ( id = 19 ) LIMIT 1   [ RunTime:0.0004s ]
SQL: UPDATE `west_videos` SET `title`='美国队长I梵蒂冈梵蒂冈梵蒂冈发过给发个非官方个',`url`='javascript:;',`pic`='./images/show.png',`modify_time`='1432831471' WHERE ( id = 19 ) [ RunTime:0.1304s ]
SQL: SHOW COLUMNS FROM `west_log` [ RunTime:0.0133s ]
SQL: INSERT INTO `west_log` (`uid`,`type`,`target`,`target_id`,`target_name`,`modify_time`) VALUES ('13','edit','video','19','美国队长I梵蒂冈梵蒂冈梵蒂冈发过给发个非官方个','1432831471') [ RunTime:0.0740s ]

[ 2015-05-29T00:44:38+08:00 ] 127.0.0.1 /WesternFilms/server/index.php/User/videos/edit
INFO: [ app_init ] --START--
INFO: Run Behavior\BuildLiteBehavior [ RunTime:0.000013s ]
INFO: [ app_init ] --END-- [ RunTime:0.000362s ]
INFO: [ app_begin ] --START--
INFO: Run Behavior\ReadHtmlCacheBehavior [ RunTime:0.000583s ]
INFO: [ app_begin ] --END-- [ RunTime:0.000637s ]
NOTIC: [8] Use of undefined constant ture - assumed 'ture' D:\WampServer2.1a-x32\WampServer\wamp\www\WesternFilms\server\Apps\User\Controller\BaseController.class.php 第 20 行.
SQL: SHOW COLUMNS FROM `west_videos` [ RunTime:0.0053s ]
SQL: SELECT * FROM `west_videos` WHERE ( id = 20 ) LIMIT 1   [ RunTime:0.0005s ]
SQL: UPDATE `west_videos` SET `title`='无敌浩克Ifhfdhdhdfhdffffffffffffffffffffffff',`url`='javascript:;',`pic`='./images/show.png',`modify_time`='1432831478' WHERE ( id = 20 ) [ RunTime:0.1080s ]
SQL: SHOW COLUMNS FROM `west_log` [ RunTime:0.0125s ]
SQL: INSERT INTO `west_log` (`uid`,`type`,`target`,`target_id`,`target_name`,`modify_time`) VALUES ('13','edit','video','20','无敌浩克Ifhfdhdhdfhdffffffffffffffffffffffff','1432831478') [ RunTime:0.0749s ]

[ 2015-05-29T00:44:45+08:00 ] 127.0.0.1 /WesternFilms/server/index.php/User/videos/edit
INFO: [ app_init ] --START--
INFO: Run Behavior\BuildLiteBehavior [ RunTime:0.000013s ]
INFO: [ app_init ] --END-- [ RunTime:0.000425s ]
INFO: [ app_begin ] --START--
INFO: Run Behavior\ReadHtmlCacheBehavior [ RunTime:0.000560s ]
INFO: [ app_begin ] --END-- [ RunTime:0.000615s ]
NOTIC: [8] Use of undefined constant ture - assumed 'ture' D:\WampServer2.1a-x32\WampServer\wamp\www\WesternFilms\server\Apps\User\Controller\BaseController.class.php 第 20 行.
SQL: SHOW COLUMNS FROM `west_videos` [ RunTime:0.0052s ]
SQL: SELECT * FROM `west_videos` WHERE ( id = 20 ) LIMIT 1   [ RunTime:0.0004s ]
SQL: UPDATE `west_videos` SET `title`='无敌浩克Ifhfdhdhdfhdffffffffffffffffffffffff5555555555555',`url`='javascript:;',`pic`='./images/show.png',`modify_time`='1432831485' WHERE ( id = 20 ) [ RunTime:0.1014s ]
SQL: SHOW COLUMNS FROM `west_log` [ RunTime:0.0130s ]
SQL: INSERT INTO `west_log` (`uid`,`type`,`target`,`target_id`,`target_name`,`modify_time`) VALUES ('13','edit','video','20','无敌浩克Ifhfdhdhdfhdffffffffffffffffffffffff5555555555555','1432831485') [ RunTime:0.0743s ]

[ 2015-05-29T00:44:52+08:00 ] 127.0.0.1 /WesternFilms/server/index.php/User/videos/edit
INFO: [ app_init ] --START--
INFO: Run Behavior\BuildLiteBehavior [ RunTime:0.000016s ]
INFO: [ app_init ] --END-- [ RunTime:0.000475s ]
INFO: [ app_begin ] --START--
INFO: Run Behavior\ReadHtmlCacheBehavior [ RunTime:0.000613s ]
INFO: [ app_begin ] --END-- [ RunTime:0.000674s ]
NOTIC: [8] Use of undefined constant ture - assumed 'ture' D:\WampServer2.1a-x32\WampServer\wamp\www\WesternFilms\server\Apps\User\Controller\BaseController.class.php 第 20 行.
SQL: SHOW COLUMNS FROM `west_videos` [ RunTime:0.0063s ]
SQL: SELECT * FROM `west_videos` WHERE ( id = 20 ) LIMIT 1   [ RunTime:0.0005s ]
SQL: UPDATE `west_videos` SET `title`='无敌浩克',`url`='javascript:;',`pic`='./images/show.png',`modify_time`='1432831491' WHERE ( id = 20 ) [ RunTime:0.1042s ]
SQL: SHOW COLUMNS FROM `west_log` [ RunTime:0.0126s ]
SQL: INSERT INTO `west_log` (`uid`,`type`,`target`,`target_id`,`target_name`,`modify_time`) VALUES ('13','edit','video','20','无敌浩克','1432831491') [ RunTime:0.0747s ]

[ 2015-05-29T00:44:57+08:00 ] 127.0.0.1 /WesternFilms/server/index.php/User/videos/edit
INFO: [ app_init ] --START--
INFO: Run Behavior\BuildLiteBehavior [ RunTime:0.000021s ]
INFO: [ app_init ] --END-- [ RunTime:0.000657s ]
INFO: [ app_begin ] --START--
INFO: Run Behavior\ReadHtmlCacheBehavior [ RunTime:0.000805s ]
INFO: [ app_begin ] --END-- [ RunTime:0.000887s ]
NOTIC: [8] Use of undefined constant ture - assumed 'ture' D:\WampServer2.1a-x32\WampServer\wamp\www\WesternFilms\server\Apps\User\Controller\BaseController.class.php 第 20 行.
SQL: SHOW COLUMNS FROM `west_videos` [ RunTime:0.0065s ]
SQL: SELECT * FROM `west_videos` WHERE ( id = 19 ) LIMIT 1   [ RunTime:0.0005s ]
SQL: UPDATE `west_videos` SET `title`='美国队长I',`url`='javascript:;',`pic`='./images/show.png',`modify_time`='1432831497' WHERE ( id = 19 ) [ RunTime:0.1085s ]
SQL: SHOW COLUMNS FROM `west_log` [ RunTime:0.0125s ]
SQL: INSERT INTO `west_log` (`uid`,`type`,`target`,`target_id`,`target_name`,`modify_time`) VALUES ('13','edit','video','19','美国队长I','1432831497') [ RunTime:0.0727s ]

[ 2015-05-29T08:18:29+08:00 ] 127.0.0.1 /WesternFilms/server/index.php/User/user/login
INFO: [ app_init ] --START--
INFO: Run Behavior\BuildLiteBehavior [ RunTime:0.000017s ]
INFO: [ app_init ] --END-- [ RunTime:0.000466s ]
INFO: [ app_begin ] --START--
INFO: Run Behavior\ReadHtmlCacheBehavior [ RunTime:0.000766s ]
INFO: [ app_begin ] --END-- [ RunTime:0.000843s ]
SQL: SHOW COLUMNS FROM `west_user` [ RunTime:0.0055s ]
SQL: SELECT * FROM `west_user` WHERE `username` = 'admin' LIMIT 1   [ RunTime:0.0540s ]

[ 2015-05-29T09:10:48+08:00 ] 127.0.0.1 /WesternFilms/server/index.php/User/user/regist
INFO: [ app_init ] --START--
INFO: Run Behavior\BuildLiteBehavior [ RunTime:0.000022s ]
INFO: [ app_init ] --END-- [ RunTime:0.000790s ]
INFO: [ app_begin ] --START--
INFO: Run Behavior\ReadHtmlCacheBehavior [ RunTime:0.001025s ]
INFO: [ app_begin ] --END-- [ RunTime:0.001113s ]
SQL: SHOW COLUMNS FROM `west_user` [ RunTime:0.0046s ]
SQL: SHOW COLUMNS FROM `west_user` [ RunTime:0.0115s ]
SQL: SELECT * FROM `west_user` WHERE ( username = 'ddd' ) LIMIT 1   [ RunTime:0.0008s ]
SQL: SHOW COLUMNS FROM `west_user` [ RunTime:0.0076s ]
SQL: INSERT INTO `west_user` (`username`,`password`,`group`,`status`,`modify_time`) VALUES ('ddd','77963b7a931377ad4ab5ad6a9cd718aa','user','0','1432861848') [ RunTime:0.0006s ]
SQL: SHOW COLUMNS FROM `west_company` [ RunTime:0.0076s ]
SQL: SELECT * FROM `west_company` WHERE ( name = 'ddd' ) LIMIT 1   [ RunTime:0.0006s ]
SQL: SHOW COLUMNS FROM `west_company` [ RunTime:0.0072s ]
SQL: INSERT INTO `west_company` (`uid`,`name`,`mail`,`tel`,`modify_time`) VALUES ('15','ddd','ddd','','1432861848') [ RunTime:0.0005s ]

[ 2015-05-29T09:10:57+08:00 ] 127.0.0.1 /WesternFilms/server/index.php/User/user/regist
INFO: [ app_init ] --START--
INFO: Run Behavior\BuildLiteBehavior [ RunTime:0.000018s ]
INFO: [ app_init ] --END-- [ RunTime:0.000542s ]
INFO: [ app_begin ] --START--
INFO: Run Behavior\ReadHtmlCacheBehavior [ RunTime:0.000734s ]
INFO: [ app_begin ] --END-- [ RunTime:0.000810s ]
SQL: SHOW COLUMNS FROM `west_user` [ RunTime:0.0054s ]
SQL: SHOW COLUMNS FROM `west_user` [ RunTime:0.0048s ]
SQL: SELECT * FROM `west_user` WHERE ( username = 'kkk' ) LIMIT 1   [ RunTime:0.0005s ]
SQL: SHOW COLUMNS FROM `west_user` [ RunTime:0.0048s ]
SQL: INSERT INTO `west_user` (`username`,`password`,`group`,`status`,`modify_time`) VALUES ('kkk','cb42e130d1471239a27fca6228094f0e','user','0','1432861856') [ RunTime:0.0004s ]
SQL: SHOW COLUMNS FROM `west_company` [ RunTime:0.0047s ]
SQL: SELECT * FROM `west_company` WHERE ( name = 'kkk' ) LIMIT 1   [ RunTime:0.0005s ]
SQL: SHOW COLUMNS FROM `west_company` [ RunTime:0.0045s ]
SQL: INSERT INTO `west_company` (`uid`,`name`,`mail`,`tel`,`modify_time`) VALUES ('16','kkk','kkk','','1432861856') [ RunTime:0.0003s ]

[ 2015-05-29T09:11:13+08:00 ] 127.0.0.1 /WesternFilms/server/index.php/User/user/regist
INFO: [ app_init ] --START--
INFO: Run Behavior\BuildLiteBehavior [ RunTime:0.000015s ]
INFO: [ app_init ] --END-- [ RunTime:0.000402s ]
INFO: [ app_begin ] --START--
INFO: Run Behavior\ReadHtmlCacheBehavior [ RunTime:0.000535s ]
INFO: [ app_begin ] --END-- [ RunTime:0.000589s ]
SQL: SHOW COLUMNS FROM `west_user` [ RunTime:0.0045s ]
SQL: SHOW COLUMNS FROM `west_user` [ RunTime:0.0045s ]
SQL: SELECT * FROM `west_user` WHERE ( username = 'lll' ) LIMIT 1   [ RunTime:0.0004s ]
SQL: SHOW COLUMNS FROM `west_user` [ RunTime:0.0044s ]
SQL: INSERT INTO `west_user` (`username`,`password`,`group`,`status`,`modify_time`) VALUES ('lll','bf083d4ab960620b645557217dd59a49','user','0','1432861873') [ RunTime:0.0004s ]
SQL: SHOW COLUMNS FROM `west_company` [ RunTime:0.0044s ]
SQL: SELECT * FROM `west_company` WHERE ( name = 'lll' ) LIMIT 1   [ RunTime:0.0004s ]
SQL: SHOW COLUMNS FROM `west_company` [ RunTime:0.0044s ]
SQL: INSERT INTO `west_company` (`uid`,`name`,`mail`,`tel`,`modify_time`) VALUES ('17','lll','lll','','1432861873') [ RunTime:0.0003s ]

[ 2015-05-29T09:11:21+08:00 ] 127.0.0.1 /WesternFilms/server/index.php/User/user/regist
INFO: [ app_init ] --START--
INFO: Run Behavior\BuildLiteBehavior [ RunTime:0.000018s ]
INFO: [ app_init ] --END-- [ RunTime:0.000589s ]
INFO: [ app_begin ] --START--
INFO: Run Behavior\ReadHtmlCacheBehavior [ RunTime:0.000787s ]
INFO: [ app_begin ] --END-- [ RunTime:0.000865s ]
SQL: SHOW COLUMNS FROM `west_user` [ RunTime:0.0060s ]
SQL: SHOW COLUMNS FROM `west_user` [ RunTime:0.0043s ]
SQL: SELECT * FROM `west_user` WHERE ( username = 'qqq' ) LIMIT 1   [ RunTime:0.0004s ]
SQL: SHOW COLUMNS FROM `west_user` [ RunTime:0.0042s ]
SQL: INSERT INTO `west_user` (`username`,`password`,`group`,`status`,`modify_time`) VALUES ('qqq','b2ca678b4c936f905fb82f2733f5297f','user','0','1432861880') [ RunTime:0.0003s ]
SQL: SHOW COLUMNS FROM `west_company` [ RunTime:0.0044s ]
SQL: SELECT * FROM `west_company` WHERE ( name = 'qqq' ) LIMIT 1   [ RunTime:0.0003s ]
SQL: SHOW COLUMNS FROM `west_company` [ RunTime:0.0043s ]
SQL: INSERT INTO `west_company` (`uid`,`name`,`mail`,`tel`,`modify_time`) VALUES ('18','qqq','qqq','','1432861880') [ RunTime:0.0003s ]

[ 2015-05-29T09:11:57+08:00 ] 127.0.0.1 /WesternFilms/server/index.php/User/user/regist
INFO: [ app_init ] --START--
INFO: Run Behavior\BuildLiteBehavior [ RunTime:0.000017s ]
INFO: [ app_init ] --END-- [ RunTime:0.000473s ]
INFO: [ app_begin ] --START--
INFO: Run Behavior\ReadHtmlCacheBehavior [ RunTime:0.000928s ]
INFO: [ app_begin ] --END-- [ RunTime:0.001018s ]
SQL: SHOW COLUMNS FROM `west_user` [ RunTime:0.0051s ]
SQL: SHOW COLUMNS FROM `west_user` [ RunTime:0.0047s ]
SQL: SELECT * FROM `west_user` WHERE ( username = 'www' ) LIMIT 1   [ RunTime:0.0005s ]
SQL: SHOW COLUMNS FROM `west_user` [ RunTime:0.0045s ]
SQL: INSERT INTO `west_user` (`username`,`password`,`group`,`status`,`modify_time`) VALUES ('www','4eae35f1b35977a00ebd8086c259d4c9','user','0','1432861917') [ RunTime:0.0003s ]
SQL: SHOW COLUMNS FROM `west_company` [ RunTime:0.0044s ]
SQL: SELECT * FROM `west_company` WHERE ( name = 'www' ) LIMIT 1   [ RunTime:0.0005s ]
SQL: SHOW COLUMNS FROM `west_company` [ RunTime:0.0044s ]
SQL: INSERT INTO `west_company` (`uid`,`name`,`mail`,`tel`,`modify_time`) VALUES ('19','www','www','','1432861917') [ RunTime:0.0004s ]

[ 2015-05-29T09:12:04+08:00 ] 127.0.0.1 /WesternFilms/server/index.php/User/user/regist
INFO: [ app_init ] --START--
INFO: Run Behavior\BuildLiteBehavior [ RunTime:0.000015s ]
INFO: [ app_init ] --END-- [ RunTime:0.000418s ]
INFO: [ app_begin ] --START--
INFO: Run Behavior\ReadHtmlCacheBehavior [ RunTime:0.000622s ]
INFO: [ app_begin ] --END-- [ RunTime:0.000684s ]
SQL: SHOW COLUMNS FROM `west_user` [ RunTime:0.0049s ]
SQL: SHOW COLUMNS FROM `west_user` [ RunTime:0.0045s ]
SQL: SELECT * FROM `west_user` WHERE ( username = 'eee' ) LIMIT 1   [ RunTime:0.0005s ]
SQL: SHOW COLUMNS FROM `west_user` [ RunTime:0.0044s ]
SQL: INSERT INTO `west_user` (`username`,`password`,`group`,`status`,`modify_time`) VALUES ('eee','d2f2297d6e829cd3493aa7de4416a18f','user','0','1432861923') [ RunTime:0.0003s ]
SQL: SHOW COLUMNS FROM `west_company` [ RunTime:0.0044s ]
SQL: SELECT * FROM `west_company` WHERE ( name = 'eee' ) LIMIT 1   [ RunTime:0.0004s ]
SQL: SHOW COLUMNS FROM `west_company` [ RunTime:0.0045s ]
SQL: INSERT INTO `west_company` (`uid`,`name`,`mail`,`tel`,`modify_time`) VALUES ('20','eee','eee','','1432861923') [ RunTime:0.0003s ]

[ 2015-05-29T09:12:10+08:00 ] 127.0.0.1 /WesternFilms/server/index.php/User/user/regist
INFO: [ app_init ] --START--
INFO: Run Behavior\BuildLiteBehavior [ RunTime:0.000015s ]
INFO: [ app_init ] --END-- [ RunTime:0.000616s ]
INFO: [ app_begin ] --START--
INFO: Run Behavior\ReadHtmlCacheBehavior [ RunTime:0.000555s ]
INFO: [ app_begin ] --END-- [ RunTime:0.000612s ]
SQL: SHOW COLUMNS FROM `west_user` [ RunTime:0.0050s ]
SQL: SHOW COLUMNS FROM `west_user` [ RunTime:0.0047s ]
SQL: SELECT * FROM `west_user` WHERE ( username = 'rrr' ) LIMIT 1   [ RunTime:0.0004s ]
SQL: SHOW COLUMNS FROM `west_user` [ RunTime:0.0046s ]
SQL: INSERT INTO `west_user` (`username`,`password`,`group`,`status`,`modify_time`) VALUES ('rrr','44f437ced647ec3f40fa0841041871cd','user','0','1432861929') [ RunTime:0.0003s ]
SQL: SHOW COLUMNS FROM `west_company` [ RunTime:0.0045s ]
SQL: SELECT * FROM `west_company` WHERE ( name = 'rrr' ) LIMIT 1   [ RunTime:0.0004s ]
SQL: SHOW COLUMNS FROM `west_company` [ RunTime:0.0044s ]
SQL: INSERT INTO `west_company` (`uid`,`name`,`mail`,`tel`,`modify_time`) VALUES ('21','rrr','rrr','','1432861929') [ RunTime:0.0003s ]

[ 2015-05-29T09:12:17+08:00 ] 127.0.0.1 /WesternFilms/server/index.php/User/user/regist
INFO: [ app_init ] --START--
INFO: Run Behavior\BuildLiteBehavior [ RunTime:0.000033s ]
INFO: [ app_init ] --END-- [ RunTime:0.001174s ]
INFO: [ app_begin ] --START--
INFO: Run Behavior\ReadHtmlCacheBehavior [ RunTime:0.001260s ]
INFO: [ app_begin ] --END-- [ RunTime:0.001386s ]
SQL: SHOW COLUMNS FROM `west_user` [ RunTime:0.0048s ]
SQL: SHOW COLUMNS FROM `west_user` [ RunTime:0.0046s ]
SQL: SELECT * FROM `west_user` WHERE ( username = 'ttt' ) LIMIT 1   [ RunTime:0.0005s ]
SQL: SHOW COLUMNS FROM `west_user` [ RunTime:0.0047s ]
SQL: INSERT INTO `west_user` (`username`,`password`,`group`,`status`,`modify_time`) VALUES ('ttt','9990775155c3518a0d7917f7780b24aa','user','0','1432861937') [ RunTime:0.0003s ]
SQL: SHOW COLUMNS FROM `west_company` [ RunTime:0.0047s ]
SQL: SELECT * FROM `west_company` WHERE ( name = 'ttt' ) LIMIT 1   [ RunTime:0.0006s ]
SQL: SHOW COLUMNS FROM `west_company` [ RunTime:0.0045s ]
SQL: INSERT INTO `west_company` (`uid`,`name`,`mail`,`tel`,`modify_time`) VALUES ('22','ttt','ttt','','1432861937') [ RunTime:0.0003s ]

[ 2015-05-29T09:12:28+08:00 ] 127.0.0.1 /WesternFilms/server/index.php/User/user/regist
INFO: [ app_init ] --START--
INFO: Run Behavior\BuildLiteBehavior [ RunTime:0.000013s ]
INFO: [ app_init ] --END-- [ RunTime:0.000463s ]
INFO: [ app_begin ] --START--
INFO: Run Behavior\ReadHtmlCacheBehavior [ RunTime:0.000581s ]
INFO: [ app_begin ] --END-- [ RunTime:0.000630s ]
SQL: SHOW COLUMNS FROM `west_user` [ RunTime:0.0050s ]
SQL: SHOW COLUMNS FROM `west_user` [ RunTime:0.0046s ]
SQL: SELECT * FROM `west_user` WHERE ( username = 'yyy' ) LIMIT 1   [ RunTime:0.0004s ]
SQL: SHOW COLUMNS FROM `west_user` [ RunTime:0.0047s ]
SQL: INSERT INTO `west_user` (`username`,`password`,`group`,`status`,`modify_time`) VALUES ('yyy','f0a4058fd33489695d53df156b77c724','user','0','1432861947') [ RunTime:0.0004s ]
SQL: SHOW COLUMNS FROM `west_company` [ RunTime:0.0050s ]
SQL: SELECT * FROM `west_company` WHERE ( name = 'yyy' ) LIMIT 1   [ RunTime:0.0004s ]
SQL: SHOW COLUMNS FROM `west_company` [ RunTime:0.0048s ]
SQL: INSERT INTO `west_company` (`uid`,`name`,`mail`,`tel`,`modify_time`) VALUES ('23','yyy','yyy','','1432861947') [ RunTime:0.0003s ]

[ 2015-05-29T13:50:31+08:00 ] 127.0.0.1 /WesternFilms/server/index.php/User/user/login
INFO: [ app_init ] --START--
INFO: Run Behavior\BuildLiteBehavior [ RunTime:0.000017s ]
INFO: [ app_init ] --END-- [ RunTime:0.000556s ]
INFO: [ app_begin ] --START--
INFO: Run Behavior\ReadHtmlCacheBehavior [ RunTime:0.000802s ]
INFO: [ app_begin ] --END-- [ RunTime:0.000872s ]
SQL: SHOW COLUMNS FROM `west_user` [ RunTime:0.0059s ]
SQL: SELECT * FROM `west_user` WHERE `username` = 'admin' LIMIT 1   [ RunTime:0.0004s ]

[ 2015-05-29T14:52:45+08:00 ] 127.0.0.1 /WesternFilms/server/index.php/User/user/login
INFO: [ app_init ] --START--
INFO: Run Behavior\BuildLiteBehavior [ RunTime:0.000017s ]
INFO: [ app_init ] --END-- [ RunTime:0.000478s ]
INFO: [ app_begin ] --START--
INFO: Run Behavior\ReadHtmlCacheBehavior [ RunTime:0.000671s ]
INFO: [ app_begin ] --END-- [ RunTime:0.000740s ]
SQL: SHOW COLUMNS FROM `west_user` [ RunTime:0.0067s ]
SQL: SELECT * FROM `west_user` WHERE `username` = 'admin' LIMIT 1   [ RunTime:0.0005s ]

[ 2015-05-29T15:39:55+08:00 ] 127.0.0.1 /WesternFilms/server/index.php/User/user/login
INFO: [ app_init ] --START--
INFO: Run Behavior\BuildLiteBehavior [ RunTime:0.000017s ]
INFO: [ app_init ] --END-- [ RunTime:0.000481s ]
INFO: [ app_begin ] --START--
INFO: Run Behavior\ReadHtmlCacheBehavior [ RunTime:0.000587s ]
INFO: [ app_begin ] --END-- [ RunTime:0.000644s ]
SQL: SHOW COLUMNS FROM `west_user` [ RunTime:0.0056s ]
SQL: SELECT * FROM `west_user` WHERE `username` = 'admin' LIMIT 1   [ RunTime:0.0004s ]

[ 2015-05-29T15:39:59+08:00 ] 127.0.0.1 /WesternFilms/server/index.php/User/user/login
INFO: [ app_init ] --START--
INFO: Run Behavior\BuildLiteBehavior [ RunTime:0.000019s ]
INFO: [ app_init ] --END-- [ RunTime:0.000373s ]
INFO: [ app_begin ] --START--
INFO: Run Behavior\ReadHtmlCacheBehavior [ RunTime:0.000518s ]
INFO: [ app_begin ] --END-- [ RunTime:0.000570s ]
SQL: SHOW COLUMNS FROM `west_user` [ RunTime:0.0050s ]
SQL: SELECT * FROM `west_user` WHERE `username` = 'admin' LIMIT 1   [ RunTime:0.0004s ]

[ 2015-05-29T15:40:05+08:00 ] 127.0.0.1 /WesternFilms/server/index.php/User/user/login
INFO: [ app_init ] --START--
INFO: Run Behavior\BuildLiteBehavior [ RunTime:0.000017s ]
INFO: [ app_init ] --END-- [ RunTime:0.000440s ]
INFO: [ app_begin ] --START--
INFO: Run Behavior\ReadHtmlCacheBehavior [ RunTime:0.000637s ]
INFO: [ app_begin ] --END-- [ RunTime:0.000698s ]
SQL: SHOW COLUMNS FROM `west_user` [ RunTime:0.0057s ]
SQL: SELECT * FROM `west_user` WHERE `username` = 'ztf' LIMIT 1   [ RunTime:0.0004s ]

[ 2015-05-29T15:40:17+08:00 ] 127.0.0.1 /WesternFilms/server/index.php/User/user/login
INFO: [ app_init ] --START--
INFO: Run Behavior\BuildLiteBehavior [ RunTime:0.000014s ]
INFO: [ app_init ] --END-- [ RunTime:0.000367s ]
INFO: [ app_begin ] --START--
INFO: Run Behavior\ReadHtmlCacheBehavior [ RunTime:0.000507s ]
INFO: [ app_begin ] --END-- [ RunTime:0.000556s ]
SQL: SHOW COLUMNS FROM `west_user` [ RunTime:0.0049s ]
SQL: SELECT * FROM `west_user` WHERE `username` = 'ztf' LIMIT 1   [ RunTime:0.0003s ]

[ 2015-05-29T15:53:25+08:00 ] 127.0.0.1 /WesternFilms/server/index.php/User/user/login
INFO: [ app_init ] --START--
INFO: Run Behavior\BuildLiteBehavior [ RunTime:0.000022s ]
INFO: [ app_init ] --END-- [ RunTime:0.000614s ]
INFO: [ app_begin ] --START--
INFO: Run Behavior\ReadHtmlCacheBehavior [ RunTime:0.000917s ]
INFO: [ app_begin ] --END-- [ RunTime:0.001001s ]
SQL: SHOW COLUMNS FROM `west_user` [ RunTime:0.0051s ]
SQL: SELECT * FROM `west_user` WHERE `username` = 'admin' LIMIT 1   [ RunTime:0.0004s ]

[ 2015-05-29T16:29:25+08:00 ] 192.168.253.2 /WesternFilms/server/index.php/User/user/login
INFO: [ app_init ] --START--
INFO: Run Behavior\BuildLiteBehavior [ RunTime:0.000035s ]
INFO: [ app_init ] --END-- [ RunTime:0.001051s ]
INFO: [ app_begin ] --START--
INFO: Run Behavior\ReadHtmlCacheBehavior [ RunTime:0.000731s ]
INFO: [ app_begin ] --END-- [ RunTime:0.000800s ]
SQL: SHOW COLUMNS FROM `west_user` [ RunTime:0.0047s ]
SQL: SELECT * FROM `west_user` WHERE `username` = 'ztf' LIMIT 1   [ RunTime:0.0004s ]

[ 2015-05-29T16:29:45+08:00 ] 192.168.253.2 /WesternFilms/server/index.php/User/user/regist
INFO: [ app_init ] --START--
INFO: Run Behavior\BuildLiteBehavior [ RunTime:0.000015s ]
INFO: [ app_init ] --END-- [ RunTime:0.000429s ]
INFO: [ app_begin ] --START--
INFO: Run Behavior\ReadHtmlCacheBehavior [ RunTime:0.000617s ]
INFO: [ app_begin ] --END-- [ RunTime:0.000667s ]
SQL: SHOW COLUMNS FROM `west_user` [ RunTime:0.0047s ]
SQL: SHOW COLUMNS FROM `west_user` [ RunTime:0.0044s ]
SQL: SELECT * FROM `west_user` WHERE ( username = 'ggg' ) LIMIT 1   [ RunTime:0.0004s ]
SQL: SHOW COLUMNS FROM `west_user` [ RunTime:0.0043s ]
SQL: INSERT INTO `west_user` (`username`,`password`,`group`,`status`,`modify_time`) VALUES ('ggg','ba248c985ace94863880921d8900c53f','user','0','1432888185') [ RunTime:0.0003s ]
SQL: SHOW COLUMNS FROM `west_company` [ RunTime:0.0047s ]
SQL: SELECT * FROM `west_company` WHERE ( name = 'ggg' ) LIMIT 1   [ RunTime:0.0005s ]
SQL: SHOW COLUMNS FROM `west_company` [ RunTime:0.0045s ]
SQL: INSERT INTO `west_company` (`uid`,`name`,`mail`,`tel`,`modify_time`) VALUES ('24','ggg','ggg','','1432888185') [ RunTime:0.0004s ]

[ 2015-05-29T16:32:26+08:00 ] 192.168.253.2 /WesternFilms/server/index.php/User/user/login
INFO: [ app_init ] --START--
INFO: Run Behavior\BuildLiteBehavior [ RunTime:0.000021s ]
INFO: [ app_init ] --END-- [ RunTime:0.000587s ]
INFO: [ app_begin ] --START--
INFO: Run Behavior\ReadHtmlCacheBehavior [ RunTime:0.000822s ]
INFO: [ app_begin ] --END-- [ RunTime:0.000906s ]
SQL: SHOW COLUMNS FROM `west_user` [ RunTime:0.0069s ]
SQL: SELECT * FROM `west_user` WHERE `username` = 'ztf' LIMIT 1   [ RunTime:0.0006s ]

[ 2015-05-29T16:56:09+08:00 ] 192.168.253.2 /WesternFilms/server/index.php/User/user/regist
INFO: [ app_init ] --START--
INFO: Run Behavior\BuildLiteBehavior [ RunTime:0.000031s ]
INFO: [ app_init ] --END-- [ RunTime:0.000946s ]
INFO: [ app_begin ] --START--
INFO: Run Behavior\ReadHtmlCacheBehavior [ RunTime:0.001405s ]
INFO: [ app_begin ] --END-- [ RunTime:0.001535s ]
SQL: SHOW COLUMNS FROM `west_user` [ RunTime:0.0049s ]
SQL: SHOW COLUMNS FROM `west_user` [ RunTime:0.0046s ]
SQL: SELECT * FROM `west_user` WHERE ( username = 'aaa' ) LIMIT 1   [ RunTime:0.0004s ]
SQL: SHOW COLUMNS FROM `west_user` [ RunTime:0.0051s ]
SQL: INSERT INTO `west_user` (`username`,`password`,`group`,`status`,`modify_time`) VALUES ('aaa','47bce5c74f589f4867dbd57e9ca9f808','user','0','1432889769') [ RunTime:0.0005s ]
SQL: SHOW COLUMNS FROM `west_company` [ RunTime:0.0049s ]
SQL: SELECT * FROM `west_company` WHERE ( name = 'aaa' ) LIMIT 1   [ RunTime:0.0005s ]
SQL: SHOW COLUMNS FROM `west_company` [ RunTime:0.0048s ]
SQL: INSERT INTO `west_company` (`uid`,`name`,`mail`,`tel`,`modify_time`) VALUES ('25','aaa','aaa','','1432889769') [ RunTime:0.0004s ]

[ 2015-05-29T16:57:13+08:00 ] 192.168.253.2 /WesternFilms/server/index.php/User/user/login
INFO: [ app_init ] --START--
INFO: Run Behavior\BuildLiteBehavior [ RunTime:0.000032s ]
INFO: [ app_init ] --END-- [ RunTime:0.000879s ]
INFO: [ app_begin ] --START--
INFO: Run Behavior\ReadHtmlCacheBehavior [ RunTime:0.001416s ]
INFO: [ app_begin ] --END-- [ RunTime:0.001561s ]
SQL: SHOW COLUMNS FROM `west_user` [ RunTime:0.0051s ]
SQL: SELECT * FROM `west_user` WHERE `username` = 'admin' LIMIT 1   [ RunTime:0.0004s ]

[ 2015-05-29T16:58:17+08:00 ] 192.168.253.2 /WesternFilms/server/index.php/User/user/login
INFO: [ app_init ] --START--
INFO: Run Behavior\BuildLiteBehavior [ RunTime:0.000020s ]
INFO: [ app_init ] --END-- [ RunTime:0.000558s ]
INFO: [ app_begin ] --START--
INFO: Run Behavior\ReadHtmlCacheBehavior [ RunTime:0.000784s ]
INFO: [ app_begin ] --END-- [ RunTime:0.000854s ]
SQL: SHOW COLUMNS FROM `west_user` [ RunTime:0.0065s ]
SQL: SELECT * FROM `west_user` WHERE `username` = 'admin' LIMIT 1   [ RunTime:0.0005s ]

[ 2015-05-29T16:58:24+08:00 ] 127.0.0.1 /WesternFilms/server/index.php/User/user/login
INFO: [ app_init ] --START--
INFO: Run Behavior\BuildLiteBehavior [ RunTime:0.000014s ]
INFO: [ app_init ] --END-- [ RunTime:0.000456s ]
INFO: [ app_begin ] --START--
INFO: Run Behavior\ReadHtmlCacheBehavior [ RunTime:0.000649s ]
INFO: [ app_begin ] --END-- [ RunTime:0.000705s ]
SQL: SHOW COLUMNS FROM `west_user` [ RunTime:0.0049s ]
SQL: SELECT * FROM `west_user` WHERE `username` = 'ztf' LIMIT 1   [ RunTime:0.0005s ]

[ 2015-05-29T17:58:04+08:00 ] 127.0.0.1 /WesternFilms/server/index.php/User/user/login
INFO: [ app_init ] --START--
INFO: Run Behavior\BuildLiteBehavior [ RunTime:0.000018s ]
INFO: [ app_init ] --END-- [ RunTime:0.000484s ]
INFO: [ app_begin ] --START--
INFO: Run Behavior\ReadHtmlCacheBehavior [ RunTime:0.000800s ]
INFO: [ app_begin ] --END-- [ RunTime:0.000868s ]
SQL: SHOW COLUMNS FROM `west_user` [ RunTime:0.0071s ]
SQL: SELECT * FROM `west_user` WHERE `username` = 'admin' LIMIT 1   [ RunTime:0.0005s ]

[ 2015-05-29T18:01:24+08:00 ] 127.0.0.1 /WesternFilms/server/index.php/User/user/login
INFO: [ app_init ] --START--
INFO: Run Behavior\BuildLiteBehavior [ RunTime:0.000020s ]
INFO: [ app_init ] --END-- [ RunTime:0.000560s ]
INFO: [ app_begin ] --START--
INFO: Run Behavior\ReadHtmlCacheBehavior [ RunTime:0.000793s ]
INFO: [ app_begin ] --END-- [ RunTime:0.000864s ]
SQL: SHOW COLUMNS FROM `west_user` [ RunTime:0.0051s ]
SQL: SELECT * FROM `west_user` WHERE `username` = 'ztf' LIMIT 1   [ RunTime:0.0004s ]

[ 2015-05-29T18:34:59+08:00 ] 127.0.0.1 /WesternFilms/server/index.php/User/user/login
INFO: [ app_init ] --START--
INFO: Run Behavior\BuildLiteBehavior [ RunTime:0.000015s ]
INFO: [ app_init ] --END-- [ RunTime:0.000443s ]
INFO: [ app_begin ] --START--
INFO: Run Behavior\ReadHtmlCacheBehavior [ RunTime:0.000660s ]
INFO: [ app_begin ] --END-- [ RunTime:0.000718s ]
SQL: SHOW COLUMNS FROM `west_user` [ RunTime:0.0053s ]
SQL: SELECT * FROM `west_user` WHERE `username` = 'admin' LIMIT 1   [ RunTime:0.0005s ]

[ 2015-05-29T18:37:32+08:00 ] 127.0.0.1 /WesternFilms/server/index.php/User/user/login
INFO: [ app_init ] --START--
INFO: Run Behavior\BuildLiteBehavior [ RunTime:0.000017s ]
INFO: [ app_init ] --END-- [ RunTime:0.000461s ]
INFO: [ app_begin ] --START--
INFO: Run Behavior\ReadHtmlCacheBehavior [ RunTime:0.000635s ]
INFO: [ app_begin ] --END-- [ RunTime:0.000698s ]
SQL: SHOW COLUMNS FROM `west_user` [ RunTime:0.0047s ]
SQL: SELECT * FROM `west_user` WHERE `username` = 'ztf' LIMIT 1   [ RunTime:0.0004s ]

[ 2015-05-29T18:51:22+08:00 ] 127.0.0.1 /WesternFilms/server/index.php/User/videos/add
INFO: [ app_init ] --START--
INFO: Run Behavior\BuildLiteBehavior [ RunTime:0.000013s ]
INFO: [ app_init ] --END-- [ RunTime:0.000424s ]
INFO: [ app_begin ] --START--
INFO: Run Behavior\ReadHtmlCacheBehavior [ RunTime:0.000588s ]
INFO: [ app_begin ] --END-- [ RunTime:0.000638s ]
NOTIC: [8] Use of undefined constant ture - assumed 'ture' D:\WampServer2.1a-x32\WampServer\wamp\www\WesternFilms\server\Apps\User\Controller\BaseController.class.php 第 20 行.
SQL: SHOW COLUMNS FROM `west_videos` [ RunTime:0.0051s ]
SQL: INSERT INTO `west_videos` (`uid`,`title`,`url`,`pic`,`status`,`modify_time`) VALUES ('13','地发挥好地方','发给对方回复的','./images/show.png','1','1432896681') [ RunTime:0.0760s ]
SQL: SHOW COLUMNS FROM `west_log` [ RunTime:0.0120s ]
SQL: INSERT INTO `west_log` (`uid`,`type`,`target`,`target_id`,`target_name`,`modify_time`) VALUES ('13','add','video','21','地发挥好地方','1432896682') [ RunTime:0.0753s ]

[ 2015-05-29T18:52:25+08:00 ] 127.0.0.1 /WesternFilms/server/index.php/User/videos/add
INFO: [ app_init ] --START--
INFO: Run Behavior\BuildLiteBehavior [ RunTime:0.000041s ]
INFO: [ app_init ] --END-- [ RunTime:0.000669s ]
INFO: [ app_begin ] --START--
INFO: Run Behavior\ReadHtmlCacheBehavior [ RunTime:0.000813s ]
INFO: [ app_begin ] --END-- [ RunTime:0.000894s ]
NOTIC: [8] Use of undefined constant ture - assumed 'ture' D:\WampServer2.1a-x32\WampServer\wamp\www\WesternFilms\server\Apps\User\Controller\BaseController.class.php 第 20 行.
SQL: SHOW COLUMNS FROM `west_videos` [ RunTime:0.0049s ]
SQL: INSERT INTO `west_videos` (`uid`,`title`,`url`,`pic`,`status`,`modify_time`) VALUES ('13','无敌浩克','javascript:;','./images/show.png','1','1432896745') [ RunTime:0.0871s ]
SQL: SHOW COLUMNS FROM `west_log` [ RunTime:0.0126s ]
SQL: INSERT INTO `west_log` (`uid`,`type`,`target`,`target_id`,`target_name`,`modify_time`) VALUES ('13','add','video','22','无敌浩克','1432896745') [ RunTime:0.1528s ]

[ 2015-05-29T18:52:36+08:00 ] 127.0.0.1 /WesternFilms/server/index.php/User/videos/add
INFO: [ app_init ] --START--
INFO: Run Behavior\BuildLiteBehavior [ RunTime:0.000019s ]
INFO: [ app_init ] --END-- [ RunTime:0.000861s ]
INFO: [ app_begin ] --START--
INFO: Run Behavior\ReadHtmlCacheBehavior [ RunTime:0.000606s ]
INFO: [ app_begin ] --END-- [ RunTime:0.000669s ]
NOTIC: [8] Use of undefined constant ture - assumed 'ture' D:\WampServer2.1a-x32\WampServer\wamp\www\WesternFilms\server\Apps\User\Controller\BaseController.class.php 第 20 行.
SQL: SHOW COLUMNS FROM `west_videos` [ RunTime:0.0057s ]
SQL: INSERT INTO `west_videos` (`uid`,`title`,`url`,`pic`,`status`,`modify_time`) VALUES ('13','dvdvd','fdfdfd','./images/show.png','1','1432896756') [ RunTime:0.1069s ]
SQL: SHOW COLUMNS FROM `west_log` [ RunTime:0.0131s ]
SQL: INSERT INTO `west_log` (`uid`,`type`,`target`,`target_id`,`target_name`,`modify_time`) VALUES ('13','add','video','23','dvdvd','1432896756') [ RunTime:0.0733s ]

[ 2015-05-29T18:53:55+08:00 ] 127.0.0.1 /WesternFilms/server/index.php/User/videos/add
INFO: [ app_init ] --START--
INFO: Run Behavior\BuildLiteBehavior [ RunTime:0.000017s ]
INFO: [ app_init ] --END-- [ RunTime:0.000450s ]
INFO: [ app_begin ] --START--
INFO: Run Behavior\ReadHtmlCacheBehavior [ RunTime:0.000714s ]
INFO: [ app_begin ] --END-- [ RunTime:0.000851s ]
NOTIC: [8] Use of undefined constant ture - assumed 'ture' D:\WampServer2.1a-x32\WampServer\wamp\www\WesternFilms\server\Apps\User\Controller\BaseController.class.php 第 20 行.
SQL: SHOW COLUMNS FROM `west_videos` [ RunTime:0.0055s ]
SQL: INSERT INTO `west_videos` (`uid`,`title`,`url`,`pic`,`status`,`modify_time`) VALUES ('13','grgrg','rgrgrg','./images/show.png','1','1432896835') [ RunTime:0.1031s ]
SQL: SHOW COLUMNS FROM `west_log` [ RunTime:0.0139s ]
SQL: INSERT INTO `west_log` (`uid`,`type`,`target`,`target_id`,`target_name`,`modify_time`) VALUES ('13','add','video','24','grgrg','1432896835') [ RunTime:0.0731s ]

[ 2015-05-29T18:53:58+08:00 ] 127.0.0.1 /WesternFilms/server/index.php/User/videos/add
INFO: [ app_init ] --START--
INFO: Run Behavior\BuildLiteBehavior [ RunTime:0.000015s ]
INFO: [ app_init ] --END-- [ RunTime:0.000385s ]
INFO: [ app_begin ] --START--
INFO: Run Behavior\ReadHtmlCacheBehavior [ RunTime:0.000542s ]
INFO: [ app_begin ] --END-- [ RunTime:0.000591s ]
NOTIC: [8] Use of undefined constant ture - assumed 'ture' D:\WampServer2.1a-x32\WampServer\wamp\www\WesternFilms\server\Apps\User\Controller\BaseController.class.php 第 20 行.
SQL: SHOW COLUMNS FROM `west_videos` [ RunTime:0.0053s ]
SQL: INSERT INTO `west_videos` (`uid`,`title`,`url`,`pic`,`status`,`modify_time`) VALUES ('13','rgrgr','grgrg','./images/show.png','1','1432896838') [ RunTime:0.0831s ]
SQL: SHOW COLUMNS FROM `west_log` [ RunTime:0.0116s ]
SQL: INSERT INTO `west_log` (`uid`,`type`,`target`,`target_id`,`target_name`,`modify_time`) VALUES ('13','add','video','25','rgrgr','1432896838') [ RunTime:0.0760s ]

[ 2015-05-29T18:54:01+08:00 ] 127.0.0.1 /WesternFilms/server/index.php/User/videos/del
INFO: [ app_init ] --START--
INFO: Run Behavior\BuildLiteBehavior [ RunTime:0.000027s ]
INFO: [ app_init ] --END-- [ RunTime:0.015913s ]
INFO: [ app_begin ] --START--
INFO: Run Behavior\ReadHtmlCacheBehavior [ RunTime:0.000783s ]
INFO: [ app_begin ] --END-- [ RunTime:0.000880s ]
NOTIC: [8] Use of undefined constant ture - assumed 'ture' D:\WampServer2.1a-x32\WampServer\wamp\www\WesternFilms\server\Apps\User\Controller\BaseController.class.php 第 20 行.
SQL: SHOW COLUMNS FROM `west_videos` [ RunTime:0.0053s ]
SQL: SELECT * FROM `west_videos` WHERE ( id = 25 ) LIMIT 1   [ RunTime:0.0004s ]
SQL: UPDATE `west_videos` SET `status`='0' WHERE ( id = 25 ) [ RunTime:0.0855s ]
SQL: SHOW COLUMNS FROM `west_log` [ RunTime:0.0134s ]
SQL: INSERT INTO `west_log` (`uid`,`type`,`target`,`target_id`,`target_name`,`modify_time`) VALUES ('13','del','video','25','rgrgr','1432896841') [ RunTime:0.0740s ]

[ 2015-05-29T18:55:29+08:00 ] 127.0.0.1 /WesternFilms/server/index.php/User/videos/del
INFO: [ app_init ] --START--
INFO: Run Behavior\BuildLiteBehavior [ RunTime:0.000022s ]
INFO: [ app_init ] --END-- [ RunTime:0.000539s ]
INFO: [ app_begin ] --START--
INFO: Run Behavior\ReadHtmlCacheBehavior [ RunTime:0.000828s ]
INFO: [ app_begin ] --END-- [ RunTime:0.000934s ]
NOTIC: [8] Use of undefined constant ture - assumed 'ture' D:\WampServer2.1a-x32\WampServer\wamp\www\WesternFilms\server\Apps\User\Controller\BaseController.class.php 第 20 行.
SQL: SHOW COLUMNS FROM `west_videos` [ RunTime:0.0085s ]
SQL: SELECT * FROM `west_videos` WHERE ( id = 24 ) LIMIT 1   [ RunTime:0.0006s ]
SQL: UPDATE `west_videos` SET `status`='0' WHERE ( id = 24 ) [ RunTime:0.1809s ]
SQL: SHOW COLUMNS FROM `west_log` [ RunTime:0.0133s ]
SQL: INSERT INTO `west_log` (`uid`,`type`,`target`,`target_id`,`target_name`,`modify_time`) VALUES ('13','del','video','24','grgrg','1432896928') [ RunTime:0.0742s ]

[ 2015-05-29T18:56:01+08:00 ] 127.0.0.1 /WesternFilms/server/index.php/User/videos/add
INFO: [ app_init ] --START--
INFO: Run Behavior\BuildLiteBehavior [ RunTime:0.000014s ]
INFO: [ app_init ] --END-- [ RunTime:0.000426s ]
INFO: [ app_begin ] --START--
INFO: Run Behavior\ReadHtmlCacheBehavior [ RunTime:0.000601s ]
INFO: [ app_begin ] --END-- [ RunTime:0.000666s ]
NOTIC: [8] Use of undefined constant ture - assumed 'ture' D:\WampServer2.1a-x32\WampServer\wamp\www\WesternFilms\server\Apps\User\Controller\BaseController.class.php 第 20 行.
SQL: SHOW COLUMNS FROM `west_videos` [ RunTime:0.0054s ]
SQL: INSERT INTO `west_videos` (`uid`,`title`,`url`,`pic`,`status`,`modify_time`) VALUES ('13','ffdf','dfdf','./images/show.png','1','1432896961') [ RunTime:0.1845s ]
SQL: SHOW COLUMNS FROM `west_log` [ RunTime:0.0133s ]
SQL: INSERT INTO `west_log` (`uid`,`type`,`target`,`target_id`,`target_name`,`modify_time`) VALUES ('13','add','video','26','ffdf','1432896961') [ RunTime:0.0738s ]

[ 2015-05-29T18:56:04+08:00 ] 127.0.0.1 /WesternFilms/server/index.php/User/videos/add
INFO: [ app_init ] --START--
INFO: Run Behavior\BuildLiteBehavior [ RunTime:0.000033s ]
INFO: [ app_init ] --END-- [ RunTime:0.001008s ]
INFO: [ app_begin ] --START--
INFO: Run Behavior\ReadHtmlCacheBehavior [ RunTime:0.000592s ]
INFO: [ app_begin ] --END-- [ RunTime:0.000642s ]
NOTIC: [8] Use of undefined constant ture - assumed 'ture' D:\WampServer2.1a-x32\WampServer\wamp\www\WesternFilms\server\Apps\User\Controller\BaseController.class.php 第 20 行.
SQL: SHOW COLUMNS FROM `west_videos` [ RunTime:0.0052s ]
SQL: INSERT INTO `west_videos` (`uid`,`title`,`url`,`pic`,`status`,`modify_time`) VALUES ('13','dfdf','dfdf','./images/show.png','1','1432896963') [ RunTime:0.0768s ]
SQL: SHOW COLUMNS FROM `west_log` [ RunTime:0.0129s ]
SQL: INSERT INTO `west_log` (`uid`,`type`,`target`,`target_id`,`target_name`,`modify_time`) VALUES ('13','add','video','27','dfdf','1432896964') [ RunTime:0.0744s ]

[ 2015-05-29T18:56:06+08:00 ] 127.0.0.1 /WesternFilms/server/index.php/User/videos/del
INFO: [ app_init ] --START--
INFO: Run Behavior\BuildLiteBehavior [ RunTime:0.000028s ]
INFO: [ app_init ] --END-- [ RunTime:0.000783s ]
INFO: [ app_begin ] --START--
INFO: Run Behavior\ReadHtmlCacheBehavior [ RunTime:0.000864s ]
INFO: [ app_begin ] --END-- [ RunTime:0.000967s ]
NOTIC: [8] Use of undefined constant ture - assumed 'ture' D:\WampServer2.1a-x32\WampServer\wamp\www\WesternFilms\server\Apps\User\Controller\BaseController.class.php 第 20 行.
SQL: SHOW COLUMNS FROM `west_videos` [ RunTime:0.0064s ]
SQL: SELECT * FROM `west_videos` WHERE ( id = 27 ) LIMIT 1   [ RunTime:0.0004s ]
SQL: UPDATE `west_videos` SET `status`='0' WHERE ( id = 27 ) [ RunTime:0.1016s ]
SQL: SHOW COLUMNS FROM `west_log` [ RunTime:0.0134s ]
SQL: INSERT INTO `west_log` (`uid`,`type`,`target`,`target_id`,`target_name`,`modify_time`) VALUES ('13','del','video','27','dfdf','1432896966') [ RunTime:0.0739s ]

[ 2015-05-29T18:56:48+08:00 ] 127.0.0.1 /WesternFilms/server/index.php/User/videos/add
INFO: [ app_init ] --START--
INFO: Run Behavior\BuildLiteBehavior [ RunTime:0.000030s ]
INFO: [ app_init ] --END-- [ RunTime:0.000841s ]
INFO: [ app_begin ] --START--
INFO: Run Behavior\ReadHtmlCacheBehavior [ RunTime:0.001145s ]
INFO: [ app_begin ] --END-- [ RunTime:0.001259s ]
NOTIC: [8] Use of undefined constant ture - assumed 'ture' D:\WampServer2.1a-x32\WampServer\wamp\www\WesternFilms\server\Apps\User\Controller\BaseController.class.php 第 20 行.
SQL: SHOW COLUMNS FROM `west_videos` [ RunTime:0.0059s ]
SQL: INSERT INTO `west_videos` (`uid`,`title`,`url`,`pic`,`status`,`modify_time`) VALUES ('13','jhg','jhgjhj','./images/show.png','1','1432897008') [ RunTime:0.0778s ]
SQL: SHOW COLUMNS FROM `west_log` [ RunTime:0.0124s ]
SQL: INSERT INTO `west_log` (`uid`,`type`,`target`,`target_id`,`target_name`,`modify_time`) VALUES ('13','add','video','28','jhg','1432897008') [ RunTime:0.0749s ]

[ 2015-05-29T18:56:53+08:00 ] 127.0.0.1 /WesternFilms/server/index.php/User/videos/del
INFO: [ app_init ] --START--
INFO: Run Behavior\BuildLiteBehavior [ RunTime:0.000024s ]
INFO: [ app_init ] --END-- [ RunTime:0.000606s ]
INFO: [ app_begin ] --START--
INFO: Run Behavior\ReadHtmlCacheBehavior [ RunTime:0.001225s ]
INFO: [ app_begin ] --END-- [ RunTime:0.001337s ]
NOTIC: [8] Use of undefined constant ture - assumed 'ture' D:\WampServer2.1a-x32\WampServer\wamp\www\WesternFilms\server\Apps\User\Controller\BaseController.class.php 第 20 行.
SQL: SHOW COLUMNS FROM `west_videos` [ RunTime:0.0081s ]
SQL: SELECT * FROM `west_videos` WHERE ( id = 28 ) LIMIT 1   [ RunTime:0.0005s ]
SQL: UPDATE `west_videos` SET `status`='0' WHERE ( id = 28 ) [ RunTime:0.1039s ]
SQL: SHOW COLUMNS FROM `west_log` [ RunTime:0.0146s ]
SQL: INSERT INTO `west_log` (`uid`,`type`,`target`,`target_id`,`target_name`,`modify_time`) VALUES ('13','del','video','28','jhg','1432897013') [ RunTime:0.0722s ]

[ 2015-05-29T18:57:25+08:00 ] 127.0.0.1 /WesternFilms/server/index.php/User/videos/add
INFO: [ app_init ] --START--
INFO: Run Behavior\BuildLiteBehavior [ RunTime:0.000014s ]
INFO: [ app_init ] --END-- [ RunTime:0.000473s ]
INFO: [ app_begin ] --START--
INFO: Run Behavior\ReadHtmlCacheBehavior [ RunTime:0.000522s ]
INFO: [ app_begin ] --END-- [ RunTime:0.000573s ]
NOTIC: [8] Use of undefined constant ture - assumed 'ture' D:\WampServer2.1a-x32\WampServer\wamp\www\WesternFilms\server\Apps\User\Controller\BaseController.class.php 第 20 行.
SQL: SHOW COLUMNS FROM `west_videos` [ RunTime:0.0051s ]
SQL: INSERT INTO `west_videos` (`uid`,`title`,`url`,`pic`,`status`,`modify_time`) VALUES ('13','bmbm','mbm','./images/show.png','1','1432897045') [ RunTime:0.1127s ]
SQL: SHOW COLUMNS FROM `west_log` [ RunTime:0.0129s ]
SQL: INSERT INTO `west_log` (`uid`,`type`,`target`,`target_id`,`target_name`,`modify_time`) VALUES ('13','add','video','29','bmbm','1432897045') [ RunTime:0.0742s ]

[ 2015-05-29T19:00:17+08:00 ] 127.0.0.1 /WesternFilms/server/index.php/User/videos/add
INFO: [ app_init ] --START--
INFO: Run Behavior\BuildLiteBehavior [ RunTime:0.000013s ]
INFO: [ app_init ] --END-- [ RunTime:0.000354s ]
INFO: [ app_begin ] --START--
INFO: Run Behavior\ReadHtmlCacheBehavior [ RunTime:0.000499s ]
INFO: [ app_begin ] --END-- [ RunTime:0.000561s ]
NOTIC: [8] Use of undefined constant ture - assumed 'ture' D:\WampServer2.1a-x32\WampServer\wamp\www\WesternFilms\server\Apps\User\Controller\BaseController.class.php 第 20 行.
SQL: SHOW COLUMNS FROM `west_videos` [ RunTime:0.0050s ]
SQL: INSERT INTO `west_videos` (`uid`,`title`,`url`,`pic`,`status`,`modify_time`) VALUES ('13','bbfgb','fbfbfb','./images/show.png','1','1432897217') [ RunTime:0.1028s ]
SQL: SHOW COLUMNS FROM `west_log` [ RunTime:0.0139s ]
SQL: INSERT INTO `west_log` (`uid`,`type`,`target`,`target_id`,`target_name`,`modify_time`) VALUES ('13','add','video','30','bbfgb','1432897217') [ RunTime:0.1398s ]

[ 2015-05-29T19:02:12+08:00 ] 127.0.0.1 /WesternFilms/server/index.php/User/videos/add
INFO: [ app_init ] --START--
INFO: Run Behavior\BuildLiteBehavior [ RunTime:0.000016s ]
INFO: [ app_init ] --END-- [ RunTime:0.000479s ]
INFO: [ app_begin ] --START--
INFO: Run Behavior\ReadHtmlCacheBehavior [ RunTime:0.000652s ]
INFO: [ app_begin ] --END-- [ RunTime:0.000714s ]
NOTIC: [8] Use of undefined constant ture - assumed 'ture' D:\WampServer2.1a-x32\WampServer\wamp\www\WesternFilms\server\Apps\User\Controller\BaseController.class.php 第 20 行.
SQL: SHOW COLUMNS FROM `west_videos` [ RunTime:0.0058s ]
SQL: INSERT INTO `west_videos` (`uid`,`title`,`url`,`pic`,`status`,`modify_time`) VALUES ('13','ffhf','hfhfh','./images/show.png','1','1432897332') [ RunTime:0.1007s ]
SQL: SHOW COLUMNS FROM `west_log` [ RunTime:0.0123s ]
SQL: INSERT INTO `west_log` (`uid`,`type`,`target`,`target_id`,`target_name`,`modify_time`) VALUES ('13','add','video','31','ffhf','1432897332') [ RunTime:0.0748s ]

[ 2015-05-29T19:02:19+08:00 ] 127.0.0.1 /WesternFilms/server/index.php/User/videos/del
INFO: [ app_init ] --START--
INFO: Run Behavior\BuildLiteBehavior [ RunTime:0.000014s ]
INFO: [ app_init ] --END-- [ RunTime:0.000346s ]
INFO: [ app_begin ] --START--
INFO: Run Behavior\ReadHtmlCacheBehavior [ RunTime:0.000479s ]
INFO: [ app_begin ] --END-- [ RunTime:0.000530s ]
NOTIC: [8] Use of undefined constant ture - assumed 'ture' D:\WampServer2.1a-x32\WampServer\wamp\www\WesternFilms\server\Apps\User\Controller\BaseController.class.php 第 20 行.
SQL: SHOW COLUMNS FROM `west_videos` [ RunTime:0.0060s ]
SQL: SELECT * FROM `west_videos` WHERE ( id = 31 ) LIMIT 1   [ RunTime:0.0004s ]
SQL: UPDATE `west_videos` SET `status`='0' WHERE ( id = 31 ) [ RunTime:0.4756s ]
SQL: SHOW COLUMNS FROM `west_log` [ RunTime:0.0132s ]
SQL: INSERT INTO `west_log` (`uid`,`type`,`target`,`target_id`,`target_name`,`modify_time`) VALUES ('13','del','video','31','ffhf','1432897339') [ RunTime:0.1079s ]

[ 2015-05-29T19:02:24+08:00 ] 127.0.0.1 /WesternFilms/server/index.php/User/videos/add
INFO: [ app_init ] --START--
INFO: Run Behavior\BuildLiteBehavior [ RunTime:0.000015s ]
INFO: [ app_init ] --END-- [ RunTime:0.000391s ]
INFO: [ app_begin ] --START--
INFO: Run Behavior\ReadHtmlCacheBehavior [ RunTime:0.000522s ]
INFO: [ app_begin ] --END-- [ RunTime:0.000573s ]
NOTIC: [8] Use of undefined constant ture - assumed 'ture' D:\WampServer2.1a-x32\WampServer\wamp\www\WesternFilms\server\Apps\User\Controller\BaseController.class.php 第 20 行.
SQL: SHOW COLUMNS FROM `west_videos` [ RunTime:0.0053s ]
SQL: INSERT INTO `west_videos` (`uid`,`title`,`url`,`pic`,`status`,`modify_time`) VALUES ('13','fhfh','fhfhf','./images/show.png','1','1432897344') [ RunTime:0.1662s ]
SQL: SHOW COLUMNS FROM `west_log` [ RunTime:0.0121s ]
SQL: INSERT INTO `west_log` (`uid`,`type`,`target`,`target_id`,`target_name`,`modify_time`) VALUES ('13','add','video','32','fhfh','1432897344') [ RunTime:0.2291s ]

[ 2015-05-29T19:03:27+08:00 ] 127.0.0.1 /WesternFilms/server/index.php/User/videos/edit
INFO: [ app_init ] --START--
INFO: Run Behavior\BuildLiteBehavior [ RunTime:0.000033s ]
INFO: [ app_init ] --END-- [ RunTime:0.000963s ]
INFO: [ app_begin ] --START--
INFO: Run Behavior\ReadHtmlCacheBehavior [ RunTime:0.000586s ]
INFO: [ app_begin ] --END-- [ RunTime:0.000639s ]
NOTIC: [8] Use of undefined constant ture - assumed 'ture' D:\WampServer2.1a-x32\WampServer\wamp\www\WesternFilms\server\Apps\User\Controller\BaseController.class.php 第 20 行.
SQL: SHOW COLUMNS FROM `west_videos` [ RunTime:0.0053s ]
SQL: SELECT * FROM `west_videos` WHERE ( id = 32 ) LIMIT 1   [ RunTime:0.0004s ]
SQL: UPDATE `west_videos` SET `title`='fhfh',`url`='ddgdg',`pic`='./images/show.png',`modify_time`='1432897407' WHERE ( id = 32 ) [ RunTime:0.2963s ]
SQL: SHOW COLUMNS FROM `west_log` [ RunTime:0.0124s ]
SQL: INSERT INTO `west_log` (`uid`,`type`,`target`,`target_id`,`target_name`,`modify_time`) VALUES ('13','edit','video','32','fhfh','1432897407') [ RunTime:0.0749s ]

[ 2015-05-29T19:03:36+08:00 ] 127.0.0.1 /WesternFilms/server/index.php/User/videos/del
INFO: [ app_init ] --START--
INFO: Run Behavior\BuildLiteBehavior [ RunTime:0.000014s ]
INFO: [ app_init ] --END-- [ RunTime:0.000353s ]
INFO: [ app_begin ] --START--
INFO: Run Behavior\ReadHtmlCacheBehavior [ RunTime:0.000503s ]
INFO: [ app_begin ] --END-- [ RunTime:0.000557s ]
NOTIC: [8] Use of undefined constant ture - assumed 'ture' D:\WampServer2.1a-x32\WampServer\wamp\www\WesternFilms\server\Apps\User\Controller\BaseController.class.php 第 20 行.
SQL: SHOW COLUMNS FROM `west_videos` [ RunTime:0.0052s ]
SQL: SELECT * FROM `west_videos` WHERE ( id = 32 ) LIMIT 1   [ RunTime:0.0004s ]
SQL: UPDATE `west_videos` SET `status`='0' WHERE ( id = 32 ) [ RunTime:0.0767s ]
SQL: SHOW COLUMNS FROM `west_log` [ RunTime:0.0132s ]
SQL: INSERT INTO `west_log` (`uid`,`type`,`target`,`target_id`,`target_name`,`modify_time`) VALUES ('13','del','video','32','fhfh','1432897416') [ RunTime:0.0739s ]

[ 2015-05-29T19:06:20+08:00 ] 127.0.0.1 /WesternFilms/server/index.php/User/videos/add
INFO: [ app_init ] --START--
INFO: Run Behavior\BuildLiteBehavior [ RunTime:0.000032s ]
INFO: [ app_init ] --END-- [ RunTime:0.000864s ]
INFO: [ app_begin ] --START--
INFO: Run Behavior\ReadHtmlCacheBehavior [ RunTime:0.000518s ]
INFO: [ app_begin ] --END-- [ RunTime:0.000578s ]
NOTIC: [8] Use of undefined constant ture - assumed 'ture' D:\WampServer2.1a-x32\WampServer\wamp\www\WesternFilms\server\Apps\User\Controller\BaseController.class.php 第 20 行.
SQL: SHOW COLUMNS FROM `west_videos` [ RunTime:0.0054s ]
SQL: INSERT INTO `west_videos` (`uid`,`title`,`url`,`pic`,`status`,`modify_time`) VALUES ('13','vvb','vbv','./images/show.png','1','1432897579') [ RunTime:0.0816s ]
SQL: SHOW COLUMNS FROM `west_log` [ RunTime:0.0134s ]
SQL: INSERT INTO `west_log` (`uid`,`type`,`target`,`target_id`,`target_name`,`modify_time`) VALUES ('13','add','video','33','vvb','1432897580') [ RunTime:0.0740s ]

[ 2015-05-29T19:15:40+08:00 ] 127.0.0.1 /WesternFilms/server/index.php/User/videos/edit
INFO: [ app_init ] --START--
INFO: Run Behavior\BuildLiteBehavior [ RunTime:0.000018s ]
INFO: [ app_init ] --END-- [ RunTime:0.000531s ]
INFO: [ app_begin ] --START--
INFO: Run Behavior\ReadHtmlCacheBehavior [ RunTime:0.000771s ]
INFO: [ app_begin ] --END-- [ RunTime:0.000837s ]
NOTIC: [8] Use of undefined constant ture - assumed 'ture' D:\WampServer2.1a-x32\WampServer\wamp\www\WesternFilms\server\Apps\User\Controller\BaseController.class.php 第 20 行.
SQL: SHOW COLUMNS FROM `west_videos` [ RunTime:0.0065s ]
SQL: SELECT * FROM `west_videos` WHERE ( id = 33 ) LIMIT 1   [ RunTime:0.0005s ]
SQL: UPDATE `west_videos` SET `title`='vvb',`url`='vbvddd',`pic`='./images/show.png',`modify_time`='1432898139' WHERE ( id = 33 ) [ RunTime:0.1102s ]
SQL: SHOW COLUMNS FROM `west_log` [ RunTime:0.0124s ]
SQL: INSERT INTO `west_log` (`uid`,`type`,`target`,`target_id`,`target_name`,`modify_time`) VALUES ('13','edit','video','33','vvb','1432898139') [ RunTime:0.0749s ]

[ 2015-05-29T19:15:44+08:00 ] 127.0.0.1 /WesternFilms/server/index.php/User/videos/del
INFO: [ app_init ] --START--
INFO: Run Behavior\BuildLiteBehavior [ RunTime:0.000034s ]
INFO: [ app_init ] --END-- [ RunTime:0.001219s ]
INFO: [ app_begin ] --START--
INFO: Run Behavior\ReadHtmlCacheBehavior [ RunTime:0.000807s ]
INFO: [ app_begin ] --END-- [ RunTime:0.000923s ]
NOTIC: [8] Use of undefined constant ture - assumed 'ture' D:\WampServer2.1a-x32\WampServer\wamp\www\WesternFilms\server\Apps\User\Controller\BaseController.class.php 第 20 行.
SQL: SHOW COLUMNS FROM `west_videos` [ RunTime:0.0052s ]
SQL: SELECT * FROM `west_videos` WHERE ( id = 33 ) LIMIT 1   [ RunTime:0.0005s ]
SQL: UPDATE `west_videos` SET `status`='0' WHERE ( id = 33 ) [ RunTime:0.0872s ]
SQL: SHOW COLUMNS FROM `west_log` [ RunTime:0.0127s ]
SQL: INSERT INTO `west_log` (`uid`,`type`,`target`,`target_id`,`target_name`,`modify_time`) VALUES ('13','del','video','33','vvb','1432898144') [ RunTime:0.0746s ]

[ 2015-05-29T19:15:48+08:00 ] 127.0.0.1 /WesternFilms/server/index.php/User/videos/add
INFO: [ app_init ] --START--
INFO: Run Behavior\BuildLiteBehavior [ RunTime:0.000021s ]
INFO: [ app_init ] --END-- [ RunTime:0.000536s ]
INFO: [ app_begin ] --START--
INFO: Run Behavior\ReadHtmlCacheBehavior [ RunTime:0.000779s ]
INFO: [ app_begin ] --END-- [ RunTime:0.000853s ]
NOTIC: [8] Use of undefined constant ture - assumed 'ture' D:\WampServer2.1a-x32\WampServer\wamp\www\WesternFilms\server\Apps\User\Controller\BaseController.class.php 第 20 行.
SQL: SHOW COLUMNS FROM `west_videos` [ RunTime:0.0051s ]
SQL: INSERT INTO `west_videos` (`uid`,`title`,`url`,`pic`,`status`,`modify_time`) VALUES ('13','dddd','dddd','./images/show.png','1','1432898148') [ RunTime:0.1079s ]
SQL: SHOW COLUMNS FROM `west_log` [ RunTime:0.0123s ]
SQL: INSERT INTO `west_log` (`uid`,`type`,`target`,`target_id`,`target_name`,`modify_time`) VALUES ('13','add','video','34','dddd','1432898148') [ RunTime:0.0750s ]

[ 2015-05-29T19:15:52+08:00 ] 127.0.0.1 /WesternFilms/server/index.php/User/videos/add
INFO: [ app_init ] --START--
INFO: Run Behavior\BuildLiteBehavior [ RunTime:0.000014s ]
INFO: [ app_init ] --END-- [ RunTime:0.000406s ]
INFO: [ app_begin ] --START--
INFO: Run Behavior\ReadHtmlCacheBehavior [ RunTime:0.000510s ]
INFO: [ app_begin ] --END-- [ RunTime:0.000563s ]
NOTIC: [8] Use of undefined constant ture - assumed 'ture' D:\WampServer2.1a-x32\WampServer\wamp\www\WesternFilms\server\Apps\User\Controller\BaseController.class.php 第 20 行.
SQL: SHOW COLUMNS FROM `west_videos` [ RunTime:0.0053s ]
SQL: INSERT INTO `west_videos` (`uid`,`title`,`url`,`pic`,`status`,`modify_time`) VALUES ('13','ddd','dddd','./images/show.png','1','1432898152') [ RunTime:0.2079s ]
SQL: SHOW COLUMNS FROM `west_log` [ RunTime:0.0125s ]
SQL: INSERT INTO `west_log` (`uid`,`type`,`target`,`target_id`,`target_name`,`modify_time`) VALUES ('13','add','video','35','ddd','1432898152') [ RunTime:0.0950s ]

[ 2015-05-29T19:28:34+08:00 ] 127.0.0.1 /WesternFilms/server/index.php/User/news/add
INFO: [ app_init ] --START--
INFO: Run Behavior\BuildLiteBehavior [ RunTime:0.000020s ]
INFO: [ app_init ] --END-- [ RunTime:0.000527s ]
INFO: [ app_begin ] --START--
INFO: Run Behavior\ReadHtmlCacheBehavior [ RunTime:0.000790s ]
INFO: [ app_begin ] --END-- [ RunTime:0.000875s ]
NOTIC: [8] Use of undefined constant ture - assumed 'ture' D:\WampServer2.1a-x32\WampServer\wamp\www\WesternFilms\server\Apps\User\Controller\BaseController.class.php 第 20 行.
SQL: SHOW COLUMNS FROM `west_news` [ RunTime:0.0072s ]
SQL: INSERT INTO `west_news` (`uid`,`title`,`big_img`,`thumbnail`,`summary`,`source`,`author`,`content`,`release_time`,`status`,`modify_time`) VALUES ('13','ddf','no','./images/show.png','dfdf','','','dfdf','1432898914','1','1432898914') [ RunTime:0.0763s ]
SQL: SHOW COLUMNS FROM `west_log` [ RunTime:0.0112s ]
SQL: INSERT INTO `west_log` (`uid`,`type`,`target`,`target_id`,`target_name`,`modify_time`) VALUES ('13','add','news','22','ddf','1432898914') [ RunTime:0.0763s ]

[ 2015-05-29T19:31:30+08:00 ] 127.0.0.1 /WesternFilms/server/index.php/User/news/add
INFO: [ app_init ] --START--
INFO: Run Behavior\BuildLiteBehavior [ RunTime:0.000020s ]
INFO: [ app_init ] --END-- [ RunTime:0.000566s ]
INFO: [ app_begin ] --START--
INFO: Run Behavior\ReadHtmlCacheBehavior [ RunTime:0.000760s ]
INFO: [ app_begin ] --END-- [ RunTime:0.000837s ]
NOTIC: [8] Use of undefined constant ture - assumed 'ture' D:\WampServer2.1a-x32\WampServer\wamp\www\WesternFilms\server\Apps\User\Controller\BaseController.class.php 第 20 行.
SQL: SHOW COLUMNS FROM `west_news` [ RunTime:0.0077s ]
SQL: INSERT INTO `west_news` (`uid`,`title`,`big_img`,`thumbnail`,`summary`,`source`,`author`,`content`,`release_time`,`status`,`modify_time`) VALUES ('13','gfhf','no','./images/show.png','hfh','','','fhfh','1432899089','1','1432899089') [ RunTime:0.7571s ]
SQL: SHOW COLUMNS FROM `west_log` [ RunTime:0.0121s ]
SQL: INSERT INTO `west_log` (`uid`,`type`,`target`,`target_id`,`target_name`,`modify_time`) VALUES ('13','add','news','23','gfhf','1432899090') [ RunTime:0.0749s ]

[ 2015-05-29T19:31:38+08:00 ] 127.0.0.1 /WesternFilms/server/index.php/User/news/del
INFO: [ app_init ] --START--
INFO: Run Behavior\BuildLiteBehavior [ RunTime:0.000016s ]
INFO: [ app_init ] --END-- [ RunTime:0.000389s ]
INFO: [ app_begin ] --START--
INFO: Run Behavior\ReadHtmlCacheBehavior [ RunTime:0.000788s ]
INFO: [ app_begin ] --END-- [ RunTime:0.000852s ]
NOTIC: [8] Use of undefined constant ture - assumed 'ture' D:\WampServer2.1a-x32\WampServer\wamp\www\WesternFilms\server\Apps\User\Controller\BaseController.class.php 第 20 行.
SQL: SHOW COLUMNS FROM `west_news` [ RunTime:0.0057s ]
SQL: SELECT * FROM `west_news` WHERE ( id = 23 ) LIMIT 1   [ RunTime:0.0005s ]
SQL: UPDATE `west_news` SET `status`='0' WHERE ( id = 23 ) [ RunTime:0.1159s ]

[ 2015-05-29T19:31:42+08:00 ] 127.0.0.1 /WesternFilms/server/index.php/User/news/edit
INFO: [ app_init ] --START--
INFO: Run Behavior\BuildLiteBehavior [ RunTime:0.000017s ]
INFO: [ app_init ] --END-- [ RunTime:0.000510s ]
INFO: [ app_begin ] --START--
INFO: Run Behavior\ReadHtmlCacheBehavior [ RunTime:0.000733s ]
INFO: [ app_begin ] --END-- [ RunTime:0.000805s ]
NOTIC: [8] Use of undefined constant ture - assumed 'ture' D:\WampServer2.1a-x32\WampServer\wamp\www\WesternFilms\server\Apps\User\Controller\BaseController.class.php 第 20 行.
SQL: SHOW COLUMNS FROM `west_news` [ RunTime:0.0065s ]
SQL: SELECT * FROM `west_news` WHERE ( id = 23 ) LIMIT 1   [ RunTime:0.0006s ]
SQL: UPDATE `west_news` SET `title`='gfhf',`big_img`='no',`thumbnail`='./images/show.png',`summary`='hfh',`source`='',`author`='',`content`='fhfh',`modify_time`='1432899102' WHERE ( id = 23 ) [ RunTime:0.0904s ]
SQL: SHOW COLUMNS FROM `west_log` [ RunTime:0.0124s ]
SQL: INSERT INTO `west_log` (`uid`,`type`,`target`,`target_id`,`target_name`,`modify_time`) VALUES ('13','edit','news','23','gfhf','1432899102') [ RunTime:0.0749s ]

[ 2015-05-29T20:31:29+08:00 ] 127.0.0.1 /WesternFilms/server/index.php/User/videos/add
INFO: [ app_init ] --START--
INFO: Run Behavior\BuildLiteBehavior [ RunTime:0.000015s ]
INFO: [ app_init ] --END-- [ RunTime:0.000444s ]
INFO: [ app_begin ] --START--
INFO: Run Behavior\ReadHtmlCacheBehavior [ RunTime:0.000538s ]
INFO: [ app_begin ] --END-- [ RunTime:0.000587s ]
NOTIC: [8] Use of undefined constant ture - assumed 'ture' D:\WampServer2.1a-x32\WampServer\wamp\www\WesternFilms\server\Apps\User\Controller\BaseController.class.php 第 20 行.
SQL: SHOW COLUMNS FROM `west_videos` [ RunTime:0.0052s ]
SQL: INSERT INTO `west_videos` (`uid`,`title`,`url`,`pic`,`status`,`modify_time`) VALUES ('13','费vfvvfv',' fvfv','./images/show.png','1','1432902689') [ RunTime:0.1356s ]
SQL: SHOW COLUMNS FROM `west_log` [ RunTime:0.0127s ]
SQL: INSERT INTO `west_log` (`uid`,`type`,`target`,`target_id`,`target_name`,`modify_time`) VALUES ('13','add','video','36','费vfvvfv','1432902689') [ RunTime:0.0704s ]

[ 2015-05-29T20:31:56+08:00 ] 127.0.0.1 /WesternFilms/server/index.php/User/news/add
INFO: [ app_init ] --START--
INFO: Run Behavior\BuildLiteBehavior [ RunTime:0.000015s ]
INFO: [ app_init ] --END-- [ RunTime:0.000428s ]
INFO: [ app_begin ] --START--
INFO: Run Behavior\ReadHtmlCacheBehavior [ RunTime:0.000568s ]
INFO: [ app_begin ] --END-- [ RunTime:0.000621s ]
NOTIC: [8] Use of undefined constant ture - assumed 'ture' D:\WampServer2.1a-x32\WampServer\wamp\www\WesternFilms\server\Apps\User\Controller\BaseController.class.php 第 20 行.
SQL: SHOW COLUMNS FROM `west_news` [ RunTime:0.0053s ]
SQL: INSERT INTO `west_news` (`uid`,`title`,`big_img`,`thumbnail`,`summary`,`source`,`author`,`content`,`release_time`,`status`,`modify_time`) VALUES ('13','dd','no','./images/show.png','df','','','dfd','1432902716','1','1432902716') [ RunTime:0.1097s ]
SQL: SHOW COLUMNS FROM `west_log` [ RunTime:0.0131s ]
SQL: INSERT INTO `west_log` (`uid`,`type`,`target`,`target_id`,`target_name`,`modify_time`) VALUES ('13','add','news','24','dd','1432902716') [ RunTime:0.0741s ]

[ 2015-05-29T21:27:20+08:00 ] 127.0.0.1 /WesternFilms/server/index.php/User/links/add
INFO: [ app_init ] --START--
INFO: Run Behavior\BuildLiteBehavior [ RunTime:0.000018s ]
INFO: [ app_init ] --END-- [ RunTime:0.000531s ]
INFO: [ app_begin ] --START--
INFO: Run Behavior\ReadHtmlCacheBehavior [ RunTime:0.000748s ]
INFO: [ app_begin ] --END-- [ RunTime:0.000830s ]
NOTIC: [8] Use of undefined constant ture - assumed 'ture' D:\WampServer2.1a-x32\WampServer\wamp\www\WesternFilms\server\Apps\User\Controller\BaseController.class.php 第 20 行.
SQL: SHOW COLUMNS FROM `west_links` [ RunTime:0.0066s ]
SQL: INSERT INTO `west_links` (`uid`,`name`,`logo`,`info`,`status`,`modify_time`) VALUES ('13','jh','./images/coding.png','hjhj','1','1432906040') [ RunTime:0.0771s ]
SQL: SHOW COLUMNS FROM `west_log` [ RunTime:0.0110s ]
SQL: INSERT INTO `west_log` (`uid`,`type`,`target`,`target_id`,`target_name`,`modify_time`) VALUES ('13','add','links','27','jh','1432906040') [ RunTime:0.0758s ]

[ 2015-05-29T21:27:57+08:00 ] 127.0.0.1 /WesternFilms/server/index.php/User/news/add
INFO: [ app_init ] --START--
INFO: Run Behavior\BuildLiteBehavior [ RunTime:0.000018s ]
INFO: [ app_init ] --END-- [ RunTime:0.000512s ]
INFO: [ app_begin ] --START--
INFO: Run Behavior\ReadHtmlCacheBehavior [ RunTime:0.000713s ]
INFO: [ app_begin ] --END-- [ RunTime:0.000793s ]
NOTIC: [8] Use of undefined constant ture - assumed 'ture' D:\WampServer2.1a-x32\WampServer\wamp\www\WesternFilms\server\Apps\User\Controller\BaseController.class.php 第 20 行.
SQL: SHOW COLUMNS FROM `west_news` [ RunTime:0.0048s ]
SQL: INSERT INTO `west_news` (`uid`,`title`,`big_img`,`thumbnail`,`summary`,`source`,`author`,`content`,`release_time`,`status`,`modify_time`) VALUES ('13','fhfgh','no','./images/show.png','fhf','','','hfh','1432906076','1','1432906076') [ RunTime:0.1120s ]
SQL: SHOW COLUMNS FROM `west_log` [ RunTime:0.0124s ]
SQL: INSERT INTO `west_log` (`uid`,`type`,`target`,`target_id`,`target_name`,`modify_time`) VALUES ('13','add','news','25','fhfgh','1432906076') [ RunTime:0.0750s ]

[ 2015-05-29T21:28:00+08:00 ] 127.0.0.1 /WesternFilms/server/index.php/User/news/add
INFO: [ app_init ] --START--
INFO: Run Behavior\BuildLiteBehavior [ RunTime:0.000018s ]
INFO: [ app_init ] --END-- [ RunTime:0.000518s ]
INFO: [ app_begin ] --START--
INFO: Run Behavior\ReadHtmlCacheBehavior [ RunTime:0.000738s ]
INFO: [ app_begin ] --END-- [ RunTime:0.000808s ]
NOTIC: [8] Use of undefined constant ture - assumed 'ture' D:\WampServer2.1a-x32\WampServer\wamp\www\WesternFilms\server\Apps\User\Controller\BaseController.class.php 第 20 行.
SQL: SHOW COLUMNS FROM `west_news` [ RunTime:0.0058s ]
SQL: INSERT INTO `west_news` (`uid`,`title`,`big_img`,`thumbnail`,`summary`,`source`,`author`,`content`,`release_time`,`status`,`modify_time`) VALUES ('13','fhf','no','./images/show.png','hfh','','','fhfh','1432906080','1','1432906080') [ RunTime:0.0882s ]
SQL: SHOW COLUMNS FROM `west_log` [ RunTime:0.0112s ]
SQL: INSERT INTO `west_log` (`uid`,`type`,`target`,`target_id`,`target_name`,`modify_time`) VALUES ('13','add','news','26','fhf','1432906080') [ RunTime:0.0760s ]

[ 2015-05-29T21:28:05+08:00 ] 127.0.0.1 /WesternFilms/server/index.php/User/news/add
INFO: [ app_init ] --START--
INFO: Run Behavior\BuildLiteBehavior [ RunTime:0.000032s ]
INFO: [ app_init ] --END-- [ RunTime:0.000930s ]
INFO: [ app_begin ] --START--
INFO: Run Behavior\ReadHtmlCacheBehavior [ RunTime:0.001254s ]
INFO: [ app_begin ] --END-- [ RunTime:0.001383s ]
NOTIC: [8] Use of undefined constant ture - assumed 'ture' D:\WampServer2.1a-x32\WampServer\wamp\www\WesternFilms\server\Apps\User\Controller\BaseController.class.php 第 20 行.
SQL: SHOW COLUMNS FROM `west_news` [ RunTime:0.0046s ]
SQL: INSERT INTO `west_news` (`uid`,`title`,`big_img`,`thumbnail`,`summary`,`source`,`author`,`content`,`release_time`,`status`,`modify_time`) VALUES ('13','fhf','no','./images/show.png','hfhf','','','hfhf','1432906085','1','1432906085') [ RunTime:0.1033s ]
SQL: SHOW COLUMNS FROM `west_log` [ RunTime:0.0112s ]
SQL: INSERT INTO `west_log` (`uid`,`type`,`target`,`target_id`,`target_name`,`modify_time`) VALUES ('13','add','news','27','fhf','1432906085') [ RunTime:0.0761s ]

[ 2015-05-29T21:28:09+08:00 ] 127.0.0.1 /WesternFilms/server/index.php/User/news/del
INFO: [ app_init ] --START--
INFO: Run Behavior\BuildLiteBehavior [ RunTime:0.000017s ]
INFO: [ app_init ] --END-- [ RunTime:0.000415s ]
INFO: [ app_begin ] --START--
INFO: Run Behavior\ReadHtmlCacheBehavior [ RunTime:0.000953s ]
INFO: [ app_begin ] --END-- [ RunTime:0.001115s ]
NOTIC: [8] Use of undefined constant ture - assumed 'ture' D:\WampServer2.1a-x32\WampServer\wamp\www\WesternFilms\server\Apps\User\Controller\BaseController.class.php 第 20 行.
SQL: SHOW COLUMNS FROM `west_news` [ RunTime:0.0059s ]
SQL: SELECT * FROM `west_news` WHERE ( id = 27 ) LIMIT 1   [ RunTime:0.0004s ]
SQL: UPDATE `west_news` SET `status`='0' WHERE ( id = 27 ) [ RunTime:0.1058s ]
SQL: SHOW COLUMNS FROM `west_log` [ RunTime:0.0110s ]
SQL: INSERT INTO `west_log` (`uid`,`type`,`target`,`target_id`,`target_name`,`modify_time`) VALUES ('13','del','news','27','fhf','1432906089') [ RunTime:0.0763s ]

[ 2015-05-29T21:28:13+08:00 ] 127.0.0.1 /WesternFilms/server/index.php/User/news/del
INFO: [ app_init ] --START--
INFO: Run Behavior\BuildLiteBehavior [ RunTime:0.000020s ]
INFO: [ app_init ] --END-- [ RunTime:0.001305s ]
INFO: [ app_begin ] --START--
INFO: Run Behavior\ReadHtmlCacheBehavior [ RunTime:0.000748s ]
INFO: [ app_begin ] --END-- [ RunTime:0.000858s ]
NOTIC: [8] Use of undefined constant ture - assumed 'ture' D:\WampServer2.1a-x32\WampServer\wamp\www\WesternFilms\server\Apps\User\Controller\BaseController.class.php 第 20 行.
SQL: SHOW COLUMNS FROM `west_news` [ RunTime:0.0048s ]
SQL: SELECT * FROM `west_news` WHERE ( id = 26 ) LIMIT 1   [ RunTime:0.0005s ]
SQL: UPDATE `west_news` SET `status`='0' WHERE ( id = 26 ) [ RunTime:0.2644s ]
SQL: SHOW COLUMNS FROM `west_log` [ RunTime:0.0114s ]
SQL: INSERT INTO `west_log` (`uid`,`type`,`target`,`target_id`,`target_name`,`modify_time`) VALUES ('13','del','news','26','fhf','1432906093') [ RunTime:0.2053s ]

[ 2015-05-29T21:28:15+08:00 ] 127.0.0.1 /WesternFilms/server/index.php/User/news/del
INFO: [ app_init ] --START--
INFO: Run Behavior\BuildLiteBehavior [ RunTime:0.000020s ]
INFO: [ app_init ] --END-- [ RunTime:0.000539s ]
INFO: [ app_begin ] --START--
INFO: Run Behavior\ReadHtmlCacheBehavior [ RunTime:0.000867s ]
INFO: [ app_begin ] --END-- [ RunTime:0.000980s ]
NOTIC: [8] Use of undefined constant ture - assumed 'ture' D:\WampServer2.1a-x32\WampServer\wamp\www\WesternFilms\server\Apps\User\Controller\BaseController.class.php 第 20 行.
SQL: SHOW COLUMNS FROM `west_news` [ RunTime:0.0049s ]
SQL: SELECT * FROM `west_news` WHERE ( id = 25 ) LIMIT 1   [ RunTime:0.0004s ]
SQL: UPDATE `west_news` SET `status`='0' WHERE ( id = 25 ) [ RunTime:0.1054s ]
SQL: SHOW COLUMNS FROM `west_log` [ RunTime:0.0111s ]
SQL: INSERT INTO `west_log` (`uid`,`type`,`target`,`target_id`,`target_name`,`modify_time`) VALUES ('13','del','news','25','fhfgh','1432906095') [ RunTime:0.0765s ]

[ 2015-05-29T21:29:26+08:00 ] 127.0.0.1 /WesternFilms/server/index.php/User/links/add
INFO: [ app_init ] --START--
INFO: Run Behavior\BuildLiteBehavior [ RunTime:0.000020s ]
INFO: [ app_init ] --END-- [ RunTime:0.000581s ]
INFO: [ app_begin ] --START--
INFO: Run Behavior\ReadHtmlCacheBehavior [ RunTime:0.000799s ]
INFO: [ app_begin ] --END-- [ RunTime:0.000879s ]
NOTIC: [8] Use of undefined constant ture - assumed 'ture' D:\WampServer2.1a-x32\WampServer\wamp\www\WesternFilms\server\Apps\User\Controller\BaseController.class.php 第 20 行.
SQL: SHOW COLUMNS FROM `west_links` [ RunTime:0.0063s ]
SQL: INSERT INTO `west_links` (`uid`,`name`,`logo`,`info`,`status`,`modify_time`) VALUES ('13','gjgj','./images/coding.png','gjgj','1','1432906165') [ RunTime:0.1554s ]
SQL: SHOW COLUMNS FROM `west_log` [ RunTime:0.0114s ]
SQL: INSERT INTO `west_log` (`uid`,`type`,`target`,`target_id`,`target_name`,`modify_time`) VALUES ('13','add','links','28','gjgj','1432906166') [ RunTime:0.0721s ]

[ 2015-05-29T21:29:30+08:00 ] 127.0.0.1 /WesternFilms/server/index.php/User/links/add
INFO: [ app_init ] --START--
INFO: Run Behavior\BuildLiteBehavior [ RunTime:0.000014s ]
INFO: [ app_init ] --END-- [ RunTime:0.000399s ]
INFO: [ app_begin ] --START--
INFO: Run Behavior\ReadHtmlCacheBehavior [ RunTime:0.000890s ]
INFO: [ app_begin ] --END-- [ RunTime:0.000946s ]
NOTIC: [8] Use of undefined constant ture - assumed 'ture' D:\WampServer2.1a-x32\WampServer\wamp\www\WesternFilms\server\Apps\User\Controller\BaseController.class.php 第 20 行.
SQL: SHOW COLUMNS FROM `west_links` [ RunTime:0.0046s ]
SQL: INSERT INTO `west_links` (`uid`,`name`,`logo`,`info`,`status`,`modify_time`) VALUES ('13','gjgjg','./images/coding.png','jgjgj','1','1432906170') [ RunTime:0.0849s ]
SQL: SHOW COLUMNS FROM `west_log` [ RunTime:0.0115s ]
SQL: INSERT INTO `west_log` (`uid`,`type`,`target`,`target_id`,`target_name`,`modify_time`) VALUES ('13','add','links','29','gjgjg','1432906170') [ RunTime:0.0759s ]

[ 2015-05-29T21:37:15+08:00 ] 127.0.0.1 /WesternFilms/server/index.php/User/videos/add
INFO: [ app_init ] --START--
INFO: Run Behavior\BuildLiteBehavior [ RunTime:0.000014s ]
INFO: [ app_init ] --END-- [ RunTime:0.000457s ]
INFO: [ app_begin ] --START--
INFO: Run Behavior\ReadHtmlCacheBehavior [ RunTime:0.000686s ]
INFO: [ app_begin ] --END-- [ RunTime:0.000741s ]
NOTIC: [8] Use of undefined constant ture - assumed 'ture' D:\WampServer2.1a-x32\WampServer\wamp\www\WesternFilms\server\Apps\User\Controller\BaseController.class.php 第 20 行.
SQL: SHOW COLUMNS FROM `west_videos` [ RunTime:0.0050s ]
SQL: INSERT INTO `west_videos` (`uid`,`title`,`url`,`pic`,`status`,`modify_time`) VALUES ('13','fgfg','fgfg','./images/show.png','1','1432906634') [ RunTime:0.1005s ]
SQL: SHOW COLUMNS FROM `west_log` [ RunTime:0.0123s ]
SQL: INSERT INTO `west_log` (`uid`,`type`,`target`,`target_id`,`target_name`,`modify_time`) VALUES ('13','add','video','37','fgfg','1432906634') [ RunTime:0.0750s ]

[ 2015-05-29T21:37:18+08:00 ] 127.0.0.1 /WesternFilms/server/index.php/User/videos/add
INFO: [ app_init ] --START--
INFO: Run Behavior\BuildLiteBehavior [ RunTime:0.000015s ]
INFO: [ app_init ] --END-- [ RunTime:0.000425s ]
INFO: [ app_begin ] --START--
INFO: Run Behavior\ReadHtmlCacheBehavior [ RunTime:0.000578s ]
INFO: [ app_begin ] --END-- [ RunTime:0.000635s ]
NOTIC: [8] Use of undefined constant ture - assumed 'ture' D:\WampServer2.1a-x32\WampServer\wamp\www\WesternFilms\server\Apps\User\Controller\BaseController.class.php 第 20 行.
SQL: SHOW COLUMNS FROM `west_videos` [ RunTime:0.0055s ]
SQL: INSERT INTO `west_videos` (`uid`,`title`,`url`,`pic`,`status`,`modify_time`) VALUES ('13','fgfgf','gfgfg','./images/show.png','1','1432906638') [ RunTime:0.1046s ]
SQL: SHOW COLUMNS FROM `west_log` [ RunTime:0.0123s ]
SQL: INSERT INTO `west_log` (`uid`,`type`,`target`,`target_id`,`target_name`,`modify_time`) VALUES ('13','add','video','38','fgfgf','1432906638') [ RunTime:0.0751s ]

[ 2015-05-29T21:37:23+08:00 ] 127.0.0.1 /WesternFilms/server/index.php/User/news/add
INFO: [ app_init ] --START--
INFO: Run Behavior\BuildLiteBehavior [ RunTime:0.000018s ]
INFO: [ app_init ] --END-- [ RunTime:0.000501s ]
INFO: [ app_begin ] --START--
INFO: Run Behavior\ReadHtmlCacheBehavior [ RunTime:0.000675s ]
INFO: [ app_begin ] --END-- [ RunTime:0.000743s ]
NOTIC: [8] Use of undefined constant ture - assumed 'ture' D:\WampServer2.1a-x32\WampServer\wamp\www\WesternFilms\server\Apps\User\Controller\BaseController.class.php 第 20 行.
SQL: SHOW COLUMNS FROM `west_news` [ RunTime:0.0050s ]
SQL: INSERT INTO `west_news` (`uid`,`title`,`big_img`,`thumbnail`,`summary`,`source`,`author`,`content`,`release_time`,`status`,`modify_time`) VALUES ('13','fgfgf','no','./images/show.png','gfg','','','fgfgf','1432906643','1','1432906643') [ RunTime:0.1026s ]
SQL: SHOW COLUMNS FROM `west_log` [ RunTime:0.0126s ]
SQL: INSERT INTO `west_log` (`uid`,`type`,`target`,`target_id`,`target_name`,`modify_time`) VALUES ('13','add','news','28','fgfgf','1432906643') [ RunTime:0.1386s ]

[ 2015-05-29T21:37:28+08:00 ] 127.0.0.1 /WesternFilms/server/index.php/User/news/add
INFO: [ app_init ] --START--
INFO: Run Behavior\BuildLiteBehavior [ RunTime:0.000033s ]
INFO: [ app_init ] --END-- [ RunTime:0.000991s ]
INFO: [ app_begin ] --START--
INFO: Run Behavior\ReadHtmlCacheBehavior [ RunTime:0.000858s ]
INFO: [ app_begin ] --END-- [ RunTime:0.000948s ]
NOTIC: [8] Use of undefined constant ture - assumed 'ture' D:\WampServer2.1a-x32\WampServer\wamp\www\WesternFilms\server\Apps\User\Controller\BaseController.class.php 第 20 行.
SQL: SHOW COLUMNS FROM `west_news` [ RunTime:0.0062s ]
SQL: INSERT INTO `west_news` (`uid`,`title`,`big_img`,`thumbnail`,`summary`,`source`,`author`,`content`,`release_time`,`status`,`modify_time`) VALUES ('13','fgf','no','./images/show.png','gfgf','','','gfgfg','1432906648','1','1432906648') [ RunTime:0.0996s ]
SQL: SHOW COLUMNS FROM `west_log` [ RunTime:0.0123s ]
SQL: INSERT INTO `west_log` (`uid`,`type`,`target`,`target_id`,`target_name`,`modify_time`) VALUES ('13','add','news','29','fgf','1432906648') [ RunTime:0.0750s ]

[ 2015-05-29T21:37:35+08:00 ] 127.0.0.1 /WesternFilms/server/index.php/User/links/add
INFO: [ app_init ] --START--
INFO: Run Behavior\BuildLiteBehavior [ RunTime:0.000018s ]
INFO: [ app_init ] --END-- [ RunTime:0.000500s ]
INFO: [ app_begin ] --START--
INFO: Run Behavior\ReadHtmlCacheBehavior [ RunTime:0.000701s ]
INFO: [ app_begin ] --END-- [ RunTime:0.000770s ]
NOTIC: [8] Use of undefined constant ture - assumed 'ture' D:\WampServer2.1a-x32\WampServer\wamp\www\WesternFilms\server\Apps\User\Controller\BaseController.class.php 第 20 行.
SQL: SHOW COLUMNS FROM `west_links` [ RunTime:0.0062s ]
SQL: INSERT INTO `west_links` (`uid`,`name`,`logo`,`info`,`status`,`modify_time`) VALUES ('13','gh','./images/coding.png','hghgh','1','1432906655') [ RunTime:0.5074s ]
SQL: SHOW COLUMNS FROM `west_log` [ RunTime:0.0120s ]
SQL: INSERT INTO `west_log` (`uid`,`type`,`target`,`target_id`,`target_name`,`modify_time`) VALUES ('13','add','links','30','gh','1432906655') [ RunTime:0.0754s ]

[ 2015-05-29T21:37:35+08:00 ] 127.0.0.1 /WesternFilms/server/index.php/User/links/add
INFO: [ app_init ] --START--
INFO: Run Behavior\BuildLiteBehavior [ RunTime:0.000014s ]
INFO: [ app_init ] --END-- [ RunTime:0.000409s ]
INFO: [ app_begin ] --START--
INFO: Run Behavior\ReadHtmlCacheBehavior [ RunTime:0.000598s ]
INFO: [ app_begin ] --END-- [ RunTime:0.000656s ]
NOTIC: [8] Use of undefined constant ture - assumed 'ture' D:\WampServer2.1a-x32\WampServer\wamp\www\WesternFilms\server\Apps\User\Controller\BaseController.class.php 第 20 行.
SQL: SHOW COLUMNS FROM `west_links` [ RunTime:0.0054s ]
SQL: INSERT INTO `west_links` (`uid`,`name`,`logo`,`info`,`status`,`modify_time`) VALUES ('13','gh','./images/coding.png','hghgh','1','1432906655') [ RunTime:0.0705s ]
SQL: SHOW COLUMNS FROM `west_log` [ RunTime:0.0124s ]
SQL: INSERT INTO `west_log` (`uid`,`type`,`target`,`target_id`,`target_name`,`modify_time`) VALUES ('13','add','links','31','gh','1432906655') [ RunTime:0.0748s ]

[ 2015-05-29T21:37:39+08:00 ] 127.0.0.1 /WesternFilms/server/index.php/User/links/add
INFO: [ app_init ] --START--
INFO: Run Behavior\BuildLiteBehavior [ RunTime:0.000015s ]
INFO: [ app_init ] --END-- [ RunTime:0.000440s ]
INFO: [ app_begin ] --START--
INFO: Run Behavior\ReadHtmlCacheBehavior [ RunTime:0.000508s ]
INFO: [ app_begin ] --END-- [ RunTime:0.000561s ]
NOTIC: [8] Use of undefined constant ture - assumed 'ture' D:\WampServer2.1a-x32\WampServer\wamp\www\WesternFilms\server\Apps\User\Controller\BaseController.class.php 第 20 行.
SQL: SHOW COLUMNS FROM `west_links` [ RunTime:0.0049s ]
SQL: INSERT INTO `west_links` (`uid`,`name`,`logo`,`info`,`status`,`modify_time`) VALUES ('13','hghg','./images/coding.png','hghg','1','1432906659') [ RunTime:0.1067s ]
SQL: SHOW COLUMNS FROM `west_log` [ RunTime:0.0125s ]
SQL: INSERT INTO `west_log` (`uid`,`type`,`target`,`target_id`,`target_name`,`modify_time`) VALUES ('13','add','links','32','hghg','1432906659') [ RunTime:0.0748s ]

[ 2015-05-29T21:37:44+08:00 ] 127.0.0.1 /WesternFilms/server/index.php/User/links/edit
INFO: [ app_init ] --START--
INFO: Run Behavior\BuildLiteBehavior [ RunTime:0.000034s ]
INFO: [ app_init ] --END-- [ RunTime:0.001018s ]
INFO: [ app_begin ] --START--
INFO: Run Behavior\ReadHtmlCacheBehavior [ RunTime:0.001422s ]
INFO: [ app_begin ] --END-- [ RunTime:0.001527s ]
NOTIC: [8] Use of undefined constant ture - assumed 'ture' D:\WampServer2.1a-x32\WampServer\wamp\www\WesternFilms\server\Apps\User\Controller\BaseController.class.php 第 20 行.
SQL: SHOW COLUMNS FROM `west_links` [ RunTime:0.0082s ]
SQL: SELECT * FROM `west_links` WHERE ( id = 32 ) LIMIT 1   [ RunTime:0.0007s ]
SQL: UPDATE `west_links` SET `id`='32',`uid`='13',`name`='hghghhhhhhhhhh',`logo`='./images/coding.png',`info`='hghg',`modify_time`='1432906663' WHERE ( id = 32 ) [ RunTime:0.1056s ]
SQL: SHOW COLUMNS FROM `west_log` [ RunTime:0.0121s ]
SQL: INSERT INTO `west_log` (`uid`,`type`,`target`,`target_id`,`target_name`,`modify_time`) VALUES ('13','edit','links','32','hghghhhhhhhhhh','1432906664') [ RunTime:0.0752s ]

[ 2015-05-29T21:37:49+08:00 ] 127.0.0.1 /WesternFilms/server/index.php/User/links/del
INFO: [ app_init ] --START--
INFO: Run Behavior\BuildLiteBehavior [ RunTime:0.000015s ]
INFO: [ app_init ] --END-- [ RunTime:0.000453s ]
INFO: [ app_begin ] --START--
INFO: Run Behavior\ReadHtmlCacheBehavior [ RunTime:0.000563s ]
INFO: [ app_begin ] --END-- [ RunTime:0.000613s ]
NOTIC: [8] Use of undefined constant ture - assumed 'ture' D:\WampServer2.1a-x32\WampServer\wamp\www\WesternFilms\server\Apps\User\Controller\BaseController.class.php 第 20 行.
SQL: SHOW COLUMNS FROM `west_links` [ RunTime:0.0062s ]
SQL: SELECT * FROM `west_links` WHERE ( id = 30 ) LIMIT 1   [ RunTime:0.0004s ]
SQL: UPDATE `west_links` SET `status`='0' WHERE ( id = 30 ) [ RunTime:0.0805s ]
SQL: SHOW COLUMNS FROM `west_log` [ RunTime:0.0126s ]
SQL: INSERT INTO `west_log` (`uid`,`type`,`target`,`target_id`,`target_name`,`modify_time`) VALUES ('13','del','links','30','gh','1432906669') [ RunTime:0.0747s ]

[ 2015-05-29T21:47:04+08:00 ] 127.0.0.1 /WesternFilms/server/index.php/User/videos/del
INFO: [ app_init ] --START--
INFO: Run Behavior\BuildLiteBehavior [ RunTime:0.000016s ]
INFO: [ app_init ] --END-- [ RunTime:0.000467s ]
INFO: [ app_begin ] --START--
INFO: Run Behavior\ReadHtmlCacheBehavior [ RunTime:0.000671s ]
INFO: [ app_begin ] --END-- [ RunTime:0.000726s ]
NOTIC: [8] Use of undefined constant ture - assumed 'ture' D:\WampServer2.1a-x32\WampServer\wamp\www\WesternFilms\server\Apps\User\Controller\BaseController.class.php 第 20 行.
SQL: SHOW COLUMNS FROM `west_videos` [ RunTime:0.0049s ]
SQL: SELECT * FROM `west_videos` WHERE ( id = 22 ) LIMIT 1   [ RunTime:0.0003s ]
SQL: UPDATE `west_videos` SET `status`='0' WHERE ( id = 22 ) [ RunTime:0.0828s ]
SQL: SHOW COLUMNS FROM `west_log` [ RunTime:0.0127s ]
SQL: INSERT INTO `west_log` (`uid`,`type`,`target`,`target_id`,`target_name`,`modify_time`) VALUES ('13','del','video','22','无敌浩克','1432907223') [ RunTime:0.1855s ]

[ 2015-05-29T21:47:30+08:00 ] 127.0.0.1 /WesternFilms/server/index.php/User/videos/add
INFO: [ app_init ] --START--
INFO: Run Behavior\BuildLiteBehavior [ RunTime:0.000027s ]
INFO: [ app_init ] --END-- [ RunTime:0.000927s ]
INFO: [ app_begin ] --START--
INFO: Run Behavior\ReadHtmlCacheBehavior [ RunTime:0.000675s ]
INFO: [ app_begin ] --END-- [ RunTime:0.000771s ]
NOTIC: [8] Use of undefined constant ture - assumed 'ture' D:\WampServer2.1a-x32\WampServer\wamp\www\WesternFilms\server\Apps\User\Controller\BaseController.class.php 第 20 行.
SQL: SHOW COLUMNS FROM `west_videos` [ RunTime:0.0051s ]
SQL: INSERT INTO `west_videos` (`uid`,`title`,`url`,`pic`,`status`,`modify_time`) VALUES ('13','无敌浩克','javascript:;','./images/show.png','1','1432907249') [ RunTime:0.0985s ]
SQL: SHOW COLUMNS FROM `west_log` [ RunTime:0.0132s ]
SQL: INSERT INTO `west_log` (`uid`,`type`,`target`,`target_id`,`target_name`,`modify_time`) VALUES ('13','add','video','39','无敌浩克','1432907250') [ RunTime:0.0741s ]

[ 2015-05-29T21:47:35+08:00 ] 127.0.0.1 /WesternFilms/server/index.php/User/user/login
INFO: [ app_init ] --START--
INFO: Run Behavior\BuildLiteBehavior [ RunTime:0.000023s ]
INFO: [ app_init ] --END-- [ RunTime:0.000565s ]
INFO: [ app_begin ] --START--
INFO: Run Behavior\ReadHtmlCacheBehavior [ RunTime:0.000691s ]
INFO: [ app_begin ] --END-- [ RunTime:0.000762s ]
SQL: SHOW COLUMNS FROM `west_user` [ RunTime:0.0050s ]
SQL: SELECT * FROM `west_user` WHERE `username` = 'ztf' LIMIT 1   [ RunTime:0.0004s ]

[ 2015-05-29T21:48:43+08:00 ] 192.168.253.2 /WesternFilms/server/index.php/User/user/login
INFO: [ app_init ] --START--
INFO: Run Behavior\BuildLiteBehavior [ RunTime:0.000015s ]
INFO: [ app_init ] --END-- [ RunTime:0.000391s ]
INFO: [ app_begin ] --START--
INFO: Run Behavior\ReadHtmlCacheBehavior [ RunTime:0.000600s ]
INFO: [ app_begin ] --END-- [ RunTime:0.000656s ]
SQL: SHOW COLUMNS FROM `west_user` [ RunTime:0.0049s ]
SQL: SELECT * FROM `west_user` WHERE `username` = 'ztf' LIMIT 1   [ RunTime:0.0004s ]

[ 2015-05-29T21:49:02+08:00 ] 127.0.0.1 /WesternFilms/server/index.php/User/user/login
INFO: [ app_init ] --START--
INFO: Run Behavior\BuildLiteBehavior [ RunTime:0.000015s ]
INFO: [ app_init ] --END-- [ RunTime:0.000466s ]
INFO: [ app_begin ] --START--
INFO: Run Behavior\ReadHtmlCacheBehavior [ RunTime:0.000669s ]
INFO: [ app_begin ] --END-- [ RunTime:0.000730s ]
SQL: SHOW COLUMNS FROM `west_user` [ RunTime:0.0057s ]
SQL: SELECT * FROM `west_user` WHERE `username` = 'admin' LIMIT 1   [ RunTime:0.0004s ]

