<<<<<<< HEAD
[ 2015-07-05T11:50:36+08:00 ] 127.0.0.1 /westfilms/server/index.php?m=User&c=Api&a=verify
INFO: [ app_init ] --START--
INFO: Run Behavior\BuildLiteBehavior [ RunTime:0.000000s ]
INFO: [ app_init ] --END-- [ RunTime:0.001000s ]
INFO: [ app_begin ] --START--
INFO: Run Behavior\ReadHtmlCacheBehavior [ RunTime:0.000000s ]
INFO: [ app_begin ] --END-- [ RunTime:0.001000s ]
INFO: [ app_end ] --START--
INFO: Run Behavior\ShowPageTraceBehavior [ RunTime:0.018001s ]
INFO: [ app_end ] --END-- [ RunTime:0.020001s ]

[ 2015-07-05T11:50:49+08:00 ] 127.0.0.1 /westfilms/server/index.php?m=User&c=Api&a=verify&localeTime=1436068249054
INFO: [ app_init ] --START--
INFO: Run Behavior\BuildLiteBehavior [ RunTime:0.000000s ]
INFO: [ app_init ] --END-- [ RunTime:0.002000s ]
INFO: [ app_begin ] --START--
INFO: Run Behavior\ReadHtmlCacheBehavior [ RunTime:0.002000s ]
INFO: [ app_begin ] --END-- [ RunTime:0.002000s ]
INFO: [ app_end ] --START--
INFO: Run Behavior\ShowPageTraceBehavior [ RunTime:0.002000s ]
INFO: [ app_end ] --END-- [ RunTime:0.002000s ]

[ 2015-07-05T11:50:54+08:00 ] 127.0.0.1 /westfilms/server/index.php?m=User&c=user&a=login
INFO: [ app_init ] --START--
INFO: Run Behavior\BuildLiteBehavior [ RunTime:0.000000s ]
INFO: [ app_init ] --END-- [ RunTime:0.001000s ]
INFO: [ app_begin ] --START--
INFO: Run Behavior\ReadHtmlCacheBehavior [ RunTime:0.000000s ]
INFO: [ app_begin ] --END-- [ RunTime:0.000000s ]
NOTIC: [8] Undefined variable: id D:\wamp\www\westfilms\server\Apps\User\Controller\UserController.class.php 第 86 行.
SQL: SHOW COLUMNS FROM `west_user` [ RunTime:0.0290s ]
SQL: SELECT * FROM `west_user` WHERE `username` = 'ztf' LIMIT 1   [ RunTime:0.0010s ]

[ 2015-07-05T11:51:31+08:00 ] 127.0.0.1 /westfilms/server/index.php?m=User&c=videos&a=edit
INFO: [ app_init ] --START--
INFO: Run Behavior\BuildLiteBehavior [ RunTime:0.000000s ]
INFO: [ app_init ] --END-- [ RunTime:0.001000s ]
INFO: [ app_begin ] --START--
INFO: Run Behavior\ReadHtmlCacheBehavior [ RunTime:0.001000s ]
INFO: [ app_begin ] --END-- [ RunTime:0.001000s ]
NOTIC: [8] Use of undefined constant ture - assumed 'ture' D:\wamp\www\westfilms\server\Apps\User\Controller\BaseController.class.php 第 29 行.
SQL: SHOW COLUMNS FROM `west_videos` [ RunTime:0.0050s ]
SQL: SELECT * FROM `west_videos` WHERE ( id = 30 ) LIMIT 1   [ RunTime:0.0010s ]
SQL: UPDATE `west_videos` SET `title`='法老墓的诅咒',`url`='http://player.youku.com/player.php/sid/XODUwMjkxNTY0/v.swf',`pic`='../server/Public/Uploads/2015-06-09/2015060921440399596.png',`detail`='法老墓的诅咒法老墓的诅咒法老墓的诅咒法老墓的诅咒法老墓的诅咒法老墓的诅咒法老墓的诅咒法老墓的诅咒法老墓的诅咒法老墓的诅咒法老墓的诅咒法老墓的诅咒法老墓的诅咒法老墓的诅咒法老墓的诅咒法老墓的诅咒法老墓的诅咒法老墓的诅咒法老墓的诅咒法老墓的诅咒法老墓的诅咒法老墓的诅咒法老墓的诅咒法老墓的诅咒法老墓的诅咒法老墓的诅咒法老墓的诅咒法老墓的诅咒法老墓的诅咒法老墓的诅咒法老墓的诅咒法老墓的诅咒法老墓的诅咒法老墓的诅咒法老墓的诅咒法老墓的诅咒法老墓的诅咒法老墓的诅咒法老墓的诅咒法老墓的诅咒法老墓的诅咒法老墓的诅咒法老墓的诅咒法老墓的诅咒法老墓的诅咒法老墓的诅咒法老墓的诅咒法老墓的诅咒法老墓的诅咒法老墓的诅咒法老墓的诅咒法老墓的诅咒法老墓的诅咒法老墓的诅咒法老墓的诅咒法老墓的诅咒法老墓的诅咒法老墓的诅咒法老墓的诅咒',`modify_time`='1436068290' WHERE ( id = 30 ) [ RunTime:0.0790s ]
SQL: SHOW COLUMNS FROM `west_log` [ RunTime:0.0310s ]
SQL: INSERT INTO `west_log` (`uid`,`type`,`target`,`target_id`,`target_name`,`modify_time`) VALUES ('13','edit','video','30','法老墓的诅咒','1436068291') [ RunTime:0.0320s ]

[ 2015-07-05T11:52:25+08:00 ] 127.0.0.1 /westfilms/server/index.php?m=User&c=videos&a=edit
INFO: [ app_init ] --START--
INFO: Run Behavior\BuildLiteBehavior [ RunTime:0.000000s ]
INFO: [ app_init ] --END-- [ RunTime:0.001000s ]
INFO: [ app_begin ] --START--
INFO: Run Behavior\ReadHtmlCacheBehavior [ RunTime:0.001000s ]
INFO: [ app_begin ] --END-- [ RunTime:0.002000s ]
NOTIC: [8] Use of undefined constant ture - assumed 'ture' D:\wamp\www\westfilms\server\Apps\User\Controller\BaseController.class.php 第 29 行.
SQL: SHOW COLUMNS FROM `west_videos` [ RunTime:0.0050s ]
SQL: SELECT * FROM `west_videos` WHERE ( id = 30 ) LIMIT 1   [ RunTime:0.0010s ]
SQL: UPDATE `west_videos` SET `title`='法老墓的诅咒',`url`='http://player.youku.com/player.php/sid/XODUwMjkxNTY0/v.swf',`pic`='../server/Public/Uploads/2015-06-09/2015060921440399596.png',`detail`='法老墓的诅咒法老墓的诅咒法老墓的诅咒法老墓的诅咒法老墓的诅咒法老墓的诅咒法老墓的诅咒法老墓的诅咒法老墓的诅咒法老墓的诅咒法老墓的诅咒法老墓的诅咒法老墓的诅咒法',`modify_time`='1436068345' WHERE ( id = 30 ) [ RunTime:0.0740s ]
SQL: SHOW COLUMNS FROM `west_log` [ RunTime:0.0090s ]
SQL: INSERT INTO `west_log` (`uid`,`type`,`target`,`target_id`,`target_name`,`modify_time`) VALUES ('13','edit','video','30','法老墓的诅咒','1436068345') [ RunTime:0.0300s ]

[ 2015-07-05T12:00:28+08:00 ] 127.0.0.1 /westfilms/server/index.php?m=User&c=Api&a=upload
INFO: [ app_init ] --START--
INFO: Run Behavior\BuildLiteBehavior [ RunTime:0.000000s ]
INFO: [ app_init ] --END-- [ RunTime:0.000000s ]
INFO: [ app_begin ] --START--
INFO: Run Behavior\ReadHtmlCacheBehavior [ RunTime:0.001000s ]
INFO: [ app_begin ] --END-- [ RunTime:0.001000s ]
NOTIC: [2] call_user_func() expects parameter 1 to be a valid callback, no array or string given D:\wamp\www\westfilms\server\Think\Library\Think\Upload.class.php 第 170 行.

[ 2015-07-05T12:00:30+08:00 ] 127.0.0.1 /westfilms/server/index.php?m=User&c=links&a=edit
INFO: [ app_init ] --START--
INFO: Run Behavior\BuildLiteBehavior [ RunTime:0.000000s ]
INFO: [ app_init ] --END-- [ RunTime:0.002000s ]
INFO: [ app_begin ] --START--
INFO: Run Behavior\ReadHtmlCacheBehavior [ RunTime:0.002000s ]
INFO: [ app_begin ] --END-- [ RunTime:0.003000s ]
NOTIC: [8] Use of undefined constant ture - assumed 'ture' D:\wamp\www\westfilms\server\Apps\User\Controller\BaseController.class.php 第 29 行.
SQL: SHOW COLUMNS FROM `west_links` [ RunTime:0.0030s ]
SQL: SELECT * FROM `west_links` WHERE ( id = 23 ) LIMIT 1   [ RunTime:0.0010s ]
SQL: UPDATE `west_links` SET `id`='23',`uid`='13',`name`='W3CSchool',`logo`='../server/Public/Uploads/2015-07-05/2015070512002843374.jpg',`info`='http://www.w3cschool.cc/',`detail`='',`modify_time`='1436068829' WHERE ( id = 23 ) [ RunTime:0.0780s ]
SQL: SHOW COLUMNS FROM `west_log` [ RunTime:0.0080s ]
SQL: INSERT INTO `west_log` (`uid`,`type`,`target`,`target_id`,`target_name`,`modify_time`) VALUES ('13','edit','links','23','W3CSchool','1436068830') [ RunTime:0.0290s ]
=======
[ 2015-07-05T09:22:36+08:00 ] 127.0.0.1 /WesternFilms/server/index.php?m=User&c=Api&a=verify
INFO: [ app_init ] --START--
INFO: Run Behavior\BuildLiteBehavior [ RunTime:0.000036s ]
INFO: [ app_init ] --END-- [ RunTime:0.001068s ]
INFO: [ app_begin ] --START--
INFO: Run Behavior\ReadHtmlCacheBehavior [ RunTime:0.001251s ]
INFO: [ app_begin ] --END-- [ RunTime:0.001417s ]
INFO: [ app_end ] --START--
INFO: Run Behavior\ShowPageTraceBehavior [ RunTime:0.007616s ]
INFO: [ app_end ] --END-- [ RunTime:0.007792s ]

[ 2015-07-05T09:22:43+08:00 ] 127.0.0.1 /WesternFilms/server/index.php?m=User&c=user&a=login
INFO: [ app_init ] --START--
INFO: Run Behavior\BuildLiteBehavior [ RunTime:0.000033s ]
INFO: [ app_init ] --END-- [ RunTime:0.000828s ]
INFO: [ app_begin ] --START--
INFO: Run Behavior\ReadHtmlCacheBehavior [ RunTime:0.001200s ]
INFO: [ app_begin ] --END-- [ RunTime:0.001377s ]
NOTIC: [8] Undefined variable: id D:\wamp\www\WesternFilms\server\Apps\User\Controller\UserController.class.php 第 86 行.
SQL: SHOW COLUMNS FROM `west_user` [ RunTime:0.0272s ]
SQL: SELECT * FROM `west_user` WHERE `username` = 'ztf' LIMIT 1   [ RunTime:0.0015s ]

[ 2015-07-05T09:22:52+08:00 ] 127.0.0.1 /WesternFilms/server/index.php?m=user&c=other&a=recommend
INFO: [ app_init ] --START--
INFO: Run Behavior\BuildLiteBehavior [ RunTime:0.000034s ]
INFO: [ app_init ] --END-- [ RunTime:0.000855s ]
INFO: [ app_begin ] --START--
INFO: Run Behavior\ReadHtmlCacheBehavior [ RunTime:0.001008s ]
INFO: [ app_begin ] --END-- [ RunTime:0.001151s ]
NOTIC: [8] Use of undefined constant ture - assumed 'ture' D:\wamp\www\WesternFilms\server\Apps\User\Controller\BaseController.class.php 第 29 行.
SQL: SHOW COLUMNS FROM `west_videos` [ RunTime:0.0094s ]
SQL: UPDATE `west_videos` SET `recommend`='0',`modify_time`='1436059372' WHERE `uid` = 13 AND `id` = 30 [ RunTime:0.1125s ]

[ 2015-07-05T09:22:53+08:00 ] 127.0.0.1 /WesternFilms/server/index.php?m=user&c=other&a=recommend
INFO: [ app_init ] --START--
INFO: Run Behavior\BuildLiteBehavior [ RunTime:0.000031s ]
INFO: [ app_init ] --END-- [ RunTime:0.000727s ]
INFO: [ app_begin ] --START--
INFO: Run Behavior\ReadHtmlCacheBehavior [ RunTime:0.001037s ]
INFO: [ app_begin ] --END-- [ RunTime:0.001231s ]
NOTIC: [8] Use of undefined constant ture - assumed 'ture' D:\wamp\www\WesternFilms\server\Apps\User\Controller\BaseController.class.php 第 29 行.
SQL: SHOW COLUMNS FROM `west_videos` [ RunTime:0.0103s ]
SQL: UPDATE `west_videos` SET `recommend`='1',`modify_time`='1436059373' WHERE `uid` = 13 AND `id` = 30 [ RunTime:0.0437s ]

[ 2015-07-05T09:22:56+08:00 ] 127.0.0.1 /WesternFilms/server/index.php?m=user&c=other&a=top
INFO: [ app_init ] --START--
INFO: Run Behavior\BuildLiteBehavior [ RunTime:0.000032s ]
INFO: [ app_init ] --END-- [ RunTime:0.000747s ]
INFO: [ app_begin ] --START--
INFO: Run Behavior\ReadHtmlCacheBehavior [ RunTime:0.001269s ]
INFO: [ app_begin ] --END-- [ RunTime:0.001419s ]
NOTIC: [8] Use of undefined constant ture - assumed 'ture' D:\wamp\www\WesternFilms\server\Apps\User\Controller\BaseController.class.php 第 29 行.
SQL: SHOW COLUMNS FROM `west_videos` [ RunTime:0.0101s ]
SQL: UPDATE `west_videos` SET `top`='0',`modify_time`='1436059376' WHERE `uid` = 13 AND `id` = 29 [ RunTime:0.0751s ]

[ 2015-07-05T09:22:59+08:00 ] 127.0.0.1 /WesternFilms/server/index.php?m=user&c=other&a=top
INFO: [ app_init ] --START--
INFO: Run Behavior\BuildLiteBehavior [ RunTime:0.000032s ]
INFO: [ app_init ] --END-- [ RunTime:0.000729s ]
INFO: [ app_begin ] --START--
INFO: Run Behavior\ReadHtmlCacheBehavior [ RunTime:0.001020s ]
INFO: [ app_begin ] --END-- [ RunTime:0.001158s ]
NOTIC: [8] Use of undefined constant ture - assumed 'ture' D:\wamp\www\WesternFilms\server\Apps\User\Controller\BaseController.class.php 第 29 行.
SQL: SHOW COLUMNS FROM `west_videos` [ RunTime:0.0095s ]
SQL: UPDATE `west_videos` SET `top`='1',`modify_time`='1436059379' WHERE `uid` = 13 AND `id` = 26 [ RunTime:0.1456s ]

[ 2015-07-05T09:23:03+08:00 ] 127.0.0.1 /WesternFilms/server/index.php?m=user&c=other&a=top
INFO: [ app_init ] --START--
INFO: Run Behavior\BuildLiteBehavior [ RunTime:0.000032s ]
INFO: [ app_init ] --END-- [ RunTime:0.000721s ]
INFO: [ app_begin ] --START--
INFO: Run Behavior\ReadHtmlCacheBehavior [ RunTime:0.001014s ]
INFO: [ app_begin ] --END-- [ RunTime:0.001154s ]
NOTIC: [8] Use of undefined constant ture - assumed 'ture' D:\wamp\www\WesternFilms\server\Apps\User\Controller\BaseController.class.php 第 29 行.
SQL: SHOW COLUMNS FROM `west_videos` [ RunTime:0.0098s ]
SQL: UPDATE `west_videos` SET `top`='0',`modify_time`='1436059383' WHERE `uid` = 13 AND `id` = 26 [ RunTime:0.0409s ]
>>>>>>> d11055badb215aeaf85ce2ac0fcc8e82d2d5d877

