[ 2015-06-11T00:03:45+08:00 ] 127.0.0.1 /westfilms/server/index.php/User/Api/test
INFO: [ app_init ] --START--
INFO: Run Behavior\BuildLiteBehavior [ RunTime:0.000040s ]
INFO: [ app_init ] --END-- [ RunTime:0.000273s ]
INFO: [ app_begin ] --START--
INFO: Run Behavior\ReadHtmlCacheBehavior [ RunTime:0.000134s ]
INFO: [ app_begin ] --END-- [ RunTime:0.000315s ]
INFO: [ app_end ] --START--
INFO: Run Behavior\ShowPageTraceBehavior [ RunTime:0.000067s ]
INFO: [ app_end ] --END-- [ RunTime:0.000167s ]

[ 2015-06-11T00:03:54+08:00 ] 127.0.0.1 /westfilms/server/index.php/User/Api/test
INFO: [ app_init ] --START--
INFO: Run Behavior\BuildLiteBehavior [ RunTime:0.000074s ]
INFO: [ app_init ] --END-- [ RunTime:0.000526s ]
INFO: [ app_begin ] --START--
INFO: Run Behavior\ReadHtmlCacheBehavior [ RunTime:0.000081s ]
INFO: [ app_begin ] --END-- [ RunTime:0.000201s ]
INFO: [ app_end ] --START--
INFO: Run Behavior\ShowPageTraceBehavior [ RunTime:0.000076s ]
INFO: [ app_end ] --END-- [ RunTime:0.000188s ]

[ 2015-06-11T00:04:01+08:00 ] 127.0.0.1 /westfilms/server/index.php/User/Api/test
INFO: [ app_init ] --START--
INFO: Run Behavior\BuildLiteBehavior [ RunTime:0.000029s ]
INFO: [ app_init ] --END-- [ RunTime:0.000193s ]
INFO: [ app_begin ] --START--
INFO: Run Behavior\ReadHtmlCacheBehavior [ RunTime:0.000077s ]
INFO: [ app_begin ] --END-- [ RunTime:0.000177s ]
INFO: [ app_end ] --START--
INFO: Run Behavior\ShowPageTraceBehavior [ RunTime:0.000076s ]
INFO: [ app_end ] --END-- [ RunTime:0.000181s ]

[ 2015-06-11T00:10:45+08:00 ] 127.0.0.1 /westfilms/server/index.php/User/Api/getMovie/name/%E4%BE%8F%E7%BD%97%E7%BA%AA%E4%B8%96%E7%95%8C
INFO: [ app_init ] --START--
INFO: Run Behavior\BuildLiteBehavior [ RunTime:0.000019s ]
INFO: [ app_init ] --END-- [ RunTime:0.000129s ]
INFO: [ app_begin ] --START--
INFO: Run Behavior\ReadHtmlCacheBehavior [ RunTime:0.000051s ]
INFO: [ app_begin ] --END-- [ RunTime:0.000116s ]

[ 2015-06-11T00:11:11+08:00 ] 127.0.0.1 /westfilms/server/index.php/User/Api/getMovie/name/%E4%BE%8F%E7%BD%97%E7%BA%AA%E4%B8%96%E7%95%8C
INFO: [ app_init ] --START--
INFO: Run Behavior\BuildLiteBehavior [ RunTime:0.000038s ]
INFO: [ app_init ] --END-- [ RunTime:0.000272s ]
INFO: [ app_begin ] --START--
INFO: Run Behavior\ReadHtmlCacheBehavior [ RunTime:0.000121s ]
INFO: [ app_begin ] --END-- [ RunTime:0.000280s ]

[ 2015-06-11T00:11:19+08:00 ] 127.0.0.1 /westfilms/server/index.php/User/Api/getMovie/name/%E4%BE%8F%E7%BD%97%E7%BA%AA%E4%B8%96%E7%95%8C
INFO: [ app_init ] --START--
INFO: Run Behavior\BuildLiteBehavior [ RunTime:0.000028s ]
INFO: [ app_init ] --END-- [ RunTime:0.000192s ]
INFO: [ app_begin ] --START--
INFO: Run Behavior\ReadHtmlCacheBehavior [ RunTime:0.000087s ]
INFO: [ app_begin ] --END-- [ RunTime:0.000195s ]
SQL: SHOW COLUMNS FROM `west_movies` [ RunTime:0.0005s ]
ERR: SQLSTATE[HY000]: General error: 1267 Illegal mix of collations (latin1_swedish_ci,IMPLICIT) and (utf8_general_ci,COERCIBLE) for operation '='

[ 2015-06-11T00:14:11+08:00 ] 127.0.0.1 /westfilms/server/index.php/User/Api/getMovie/name/%E4%BE%8F%E7%BD%97%E7%BA%AA%E4%B8%96%E7%95%8C
INFO: [ app_init ] --START--
INFO: Run Behavior\BuildLiteBehavior [ RunTime:0.000027s ]
INFO: [ app_init ] --END-- [ RunTime:0.000200s ]
INFO: [ app_begin ] --START--
INFO: Run Behavior\ReadHtmlCacheBehavior [ RunTime:0.000076s ]
INFO: [ app_begin ] --END-- [ RunTime:0.000177s ]
SQL: SHOW COLUMNS FROM `west_movies` [ RunTime:0.0006s ]
SQL: SELECT * FROM `west_movies` WHERE `name` = '侏罗纪世界' AND `time` = '2015201520152015-0606-1111' LIMIT 1   [ RunTime:0.0004s ]

[ 2015-06-11T00:28:54+08:00 ] 127.0.0.1 /westfilms/server/index.php/User/Api/test
INFO: [ app_init ] --START--
INFO: Run Behavior\BuildLiteBehavior [ RunTime:0.000051s ]
INFO: [ app_init ] --END-- [ RunTime:0.000354s ]
INFO: [ app_begin ] --START--
INFO: Run Behavior\ReadHtmlCacheBehavior [ RunTime:0.000201s ]
INFO: [ app_begin ] --END-- [ RunTime:0.000410s ]

[ 2015-06-11T00:29:18+08:00 ] 127.0.0.1 /westfilms/server/index.php/User/Api/test
INFO: [ app_init ] --START--
INFO: Run Behavior\BuildLiteBehavior [ RunTime:0.000047s ]
INFO: [ app_init ] --END-- [ RunTime:0.000347s ]
INFO: [ app_begin ] --START--
INFO: Run Behavior\ReadHtmlCacheBehavior [ RunTime:0.000134s ]
INFO: [ app_begin ] --END-- [ RunTime:0.000333s ]
SQL: SHOW COLUMNS FROM `west_movies` [ RunTime:0.0005s ]
SQL: INSERT INTO `west_movies` (`name`,`time`) VALUES ('nihao','2012-02-02') [ RunTime:0.0009s ]
INFO: [ app_end ] --START--
INFO: Run Behavior\ShowPageTraceBehavior [ RunTime:0.000092s ]
INFO: [ app_end ] --END-- [ RunTime:0.000194s ]

[ 2015-06-11T00:29:25+08:00 ] 127.0.0.1 /westfilms/server/index.php/User/Api/test
INFO: [ app_init ] --START--
INFO: Run Behavior\BuildLiteBehavior [ RunTime:0.000030s ]
INFO: [ app_init ] --END-- [ RunTime:0.000215s ]
INFO: [ app_begin ] --START--
INFO: Run Behavior\ReadHtmlCacheBehavior [ RunTime:0.000093s ]
INFO: [ app_begin ] --END-- [ RunTime:0.000211s ]
SQL: SHOW COLUMNS FROM `west_movies` [ RunTime:0.0005s ]
SQL: INSERT INTO `west_movies` (`name`,`time`) VALUES ('nihao','2012-02-02') [ RunTime:0.0006s ]
INFO: [ app_end ] --START--
INFO: Run Behavior\ShowPageTraceBehavior [ RunTime:0.000077s ]
INFO: [ app_end ] --END-- [ RunTime:0.000167s ]

[ 2015-06-11T00:45:29+08:00 ] 127.0.0.1 /westfilms/server/index.php/User/Api/getMovie/name/%E4%BE%8F%E7%BD%97%E7%BA%AA%E4%B8%96%E7%95%8C
INFO: [ app_init ] --START--
INFO: Run Behavior\BuildLiteBehavior [ RunTime:0.000019s ]
INFO: [ app_init ] --END-- [ RunTime:0.000127s ]
INFO: [ app_begin ] --START--
INFO: Run Behavior\ReadHtmlCacheBehavior [ RunTime:0.000051s ]
INFO: [ app_begin ] --END-- [ RunTime:0.000117s ]
SQL: SHOW COLUMNS FROM `west_movies` [ RunTime:0.0008s ]
SQL: SELECT * FROM `west_movies` WHERE `name` = '侏罗纪世界' AND `time` = '2015201520152015-0606-1111' LIMIT 1   [ RunTime:0.0004s ]
SQL: SHOW COLUMNS FROM `west_cinemas` [ RunTime:0.0015s ]
SQL: SELECT * FROM `west_cinemas` WHERE `uid` = '641aa23c0f417cdbe115f902' AND `mid` = null LIMIT 1   [ RunTime:0.0006s ]
NOTIC: [8] Undefined variable: uid /var/www/html/westfilms/server/Apps/User/Controller/ApiController.class.php 第 108 行.
NOTIC: [8] Undefined variable: address /var/www/html/westfilms/server/Apps/User/Controller/ApiController.class.php 第 110 行.
ERR: SQLSTATE[23000]: Integrity constraint violation: 1048 Column 'mid' cannot be null

[ 2015-06-11T00:48:27+08:00 ] 127.0.0.1 /westfilms/server/index.php/User/Api/getMovie/name/%E4%BE%8F%E7%BD%97%E7%BA%AA%E4%B8%96%E7%95%8C
INFO: [ app_init ] --START--
INFO: Run Behavior\BuildLiteBehavior [ RunTime:0.000046s ]
INFO: [ app_init ] --END-- [ RunTime:0.000327s ]
INFO: [ app_begin ] --START--
INFO: Run Behavior\ReadHtmlCacheBehavior [ RunTime:0.000144s ]
INFO: [ app_begin ] --END-- [ RunTime:0.000363s ]
SQL: SHOW COLUMNS FROM `west_movies` [ RunTime:0.0008s ]
SQL: SELECT * FROM `west_movies` WHERE `name` = '侏罗纪世界' AND `time` = '2015201520152015-0606-1111' LIMIT 1   [ RunTime:0.0002s ]
SQL: INSERT INTO `west_movies` (`name`,`time`) VALUES ('侏罗纪世界','2015201520152015-0606-1111') [ RunTime:0.0009s ]
SQL: SHOW COLUMNS FROM `west_cinemas` [ RunTime:0.0016s ]
SQL: SELECT * FROM `west_cinemas` WHERE `uid` = '641aa23c0f417cdbe115f902' AND `mid` = 3 LIMIT 1   [ RunTime:0.0007s ]
NOTIC: [8] Undefined variable: uid /var/www/html/westfilms/server/Apps/User/Controller/ApiController.class.php 第 108 行.
NOTIC: [8] Undefined variable: address /var/www/html/westfilms/server/Apps/User/Controller/ApiController.class.php 第 110 行.
ERR: SQLSTATE[23000]: Integrity constraint violation: 1048 Column 'uid' cannot be null

[ 2015-06-11T00:49:45+08:00 ] 127.0.0.1 /westfilms/server/index.php/User/Api/getMovie/name/%E4%BE%8F%E7%BD%97%E7%BA%AA%E4%B8%96%E7%95%8C
INFO: [ app_init ] --START--
INFO: Run Behavior\BuildLiteBehavior [ RunTime:0.000030s ]
INFO: [ app_init ] --END-- [ RunTime:0.000207s ]
INFO: [ app_begin ] --START--
INFO: Run Behavior\ReadHtmlCacheBehavior [ RunTime:0.000076s ]
INFO: [ app_begin ] --END-- [ RunTime:0.000175s ]
SQL: SHOW COLUMNS FROM `west_movies` [ RunTime:0.0005s ]
SQL: SELECT * FROM `west_movies` WHERE `name` = '侏罗纪世界' AND `time` = '2015201520152015-0606-1111' LIMIT 1   [ RunTime:0.0002s ]
SQL: INSERT INTO `west_movies` (`name`,`time`) VALUES ('侏罗纪世界','2015201520152015-0606-1111') [ RunTime:0.0006s ]
SQL: SHOW COLUMNS FROM `west_cinemas` [ RunTime:0.0019s ]
SQL: SELECT * FROM `west_cinemas` WHERE `uid` = '641aa23c0f417cdbe115f902' AND `mid` = 4 LIMIT 1   [ RunTime:0.0006s ]
NOTIC: [8] Undefined variable: address /var/www/html/westfilms/server/Apps/User/Controller/ApiController.class.php 第 110 行.
ERR: SQLSTATE[23000]: Integrity constraint violation: 1048 Column 'address' cannot be null

[ 2015-06-11T00:50:14+08:00 ] 127.0.0.1 /westfilms/server/index.php/User/Api/getMovie/name/%E4%BE%8F%E7%BD%97%E7%BA%AA%E4%B8%96%E7%95%8C
INFO: [ app_init ] --START--
INFO: Run Behavior\BuildLiteBehavior [ RunTime:0.000040s ]
INFO: [ app_init ] --END-- [ RunTime:0.000276s ]
INFO: [ app_begin ] --START--
INFO: Run Behavior\ReadHtmlCacheBehavior [ RunTime:0.000132s ]
INFO: [ app_begin ] --END-- [ RunTime:0.000332s ]
SQL: SHOW COLUMNS FROM `west_movies` [ RunTime:0.0007s ]
SQL: SELECT * FROM `west_movies` WHERE `name` = '侏罗纪世界' AND `time` = '2015201520152015-0606-1111' LIMIT 1   [ RunTime:0.0003s ]
SQL: INSERT INTO `west_movies` (`name`,`time`) VALUES ('侏罗纪世界','2015201520152015-0606-1111') [ RunTime:0.0012s ]
SQL: SHOW COLUMNS FROM `west_cinemas` [ RunTime:0.0017s ]
SQL: SELECT * FROM `west_cinemas` WHERE `uid` = '641aa23c0f417cdbe115f902' AND `mid` = 5 LIMIT 1   [ RunTime:0.0008s ]
SQL: INSERT INTO `west_cinemas` (`mid`,`uid`,`name`,`address`) VALUES ('5','641aa23c0f417cdbe115f902','卢米埃影城(西安凯德广场店)','西安市雁塔区南2环西段凯德广场5层(朱雀花卉市场对面)') [ RunTime:0.0013s ]
NOTIC: [8] Trying to get property of non-object /var/www/html/westfilms/server/Apps/User/Controller/ApiController.class.php 第 118 行.
NOTIC: [2] Invalid argument supplied for foreach() /var/www/html/westfilms/server/Apps/User/Controller/ApiController.class.php 第 118 行.
SQL: SELECT * FROM `west_cinemas` WHERE `uid` = '7aea43b7548198e17d29bdf0' AND `mid` = 5 LIMIT 1   [ RunTime:0.0006s ]
SQL: INSERT INTO `west_cinemas` (`mid`,`uid`,`name`,`address`) VALUES ('5','7aea43b7548198e17d29bdf0','西安万达国际影城(东新街店)','西安市解放路63号民乐精品服饰广场四层') [ RunTime:0.0008s ]
NOTIC: [8] Trying to get property of non-object /var/www/html/westfilms/server/Apps/User/Controller/ApiController.class.php 第 118 行.
NOTIC: [2] Invalid argument supplied for foreach() /var/www/html/westfilms/server/Apps/User/Controller/ApiController.class.php 第 118 行.
SQL: SELECT * FROM `west_cinemas` WHERE `uid` = '7c5e480b3b7a12adadb22a12' AND `mid` = 5 LIMIT 1   [ RunTime:0.0006s ]
SQL: INSERT INTO `west_cinemas` (`mid`,`uid`,`name`,`address`) VALUES ('5','7c5e480b3b7a12adadb22a12','中影国际影城(大唐西市店)','西安市莲湖区劳动南路1号大唐西市通济坊3层') [ RunTime:0.0136s ]
NOTIC: [8] Trying to get property of non-object /var/www/html/westfilms/server/Apps/User/Controller/ApiController.class.php 第 118 行.
NOTIC: [2] Invalid argument supplied for foreach() /var/www/html/westfilms/server/Apps/User/Controller/ApiController.class.php 第 118 行.
SQL: SELECT * FROM `west_cinemas` WHERE `uid` = '1816533448d7db1dfa2d6187' AND `mid` = 5 LIMIT 1   [ RunTime:0.0005s ]
SQL: INSERT INTO `west_cinemas` (`mid`,`uid`,`name`,`address`) VALUES ('5','1816533448d7db1dfa2d6187','西安橙天嘉禾影城','西安市碑林区2环南路西段155号怡丰城3楼3-10号(近太白路立交)') [ RunTime:0.0008s ]
NOTIC: [8] Trying to get property of non-object /var/www/html/westfilms/server/Apps/User/Controller/ApiController.class.php 第 118 行.
NOTIC: [2] Invalid argument supplied for foreach() /var/www/html/westfilms/server/Apps/User/Controller/ApiController.class.php 第 118 行.
SQL: SELECT * FROM `west_cinemas` WHERE `uid` = 'f2f15ffbfa196c91621c67e8' AND `mid` = 5 LIMIT 1   [ RunTime:0.0007s ]
SQL: INSERT INTO `west_cinemas` (`mid`,`uid`,`name`,`address`) VALUES ('5','f2f15ffbfa196c91621c67e8','西安幸福蓝海国际影城(金花南路店)','西安市碑林区金花南路59号(东南2环交汇处往北50米路东)立丰国际购物广场9层') [ RunTime:0.0009s ]
NOTIC: [8] Trying to get property of non-object /var/www/html/westfilms/server/Apps/User/Controller/ApiController.class.php 第 118 行.
NOTIC: [2] Invalid argument supplied for foreach() /var/www/html/westfilms/server/Apps/User/Controller/ApiController.class.php 第 118 行.

[ 2015-06-11T00:50:19+08:00 ] 127.0.0.1 /westfilms/server/index.php/User/Api/getMovie/name/%E4%BE%8F%E7%BD%97%E7%BA%AA%E4%B8%96%E7%95%8C
INFO: [ app_init ] --START--
INFO: Run Behavior\BuildLiteBehavior [ RunTime:0.000026s ]
INFO: [ app_init ] --END-- [ RunTime:0.000208s ]
INFO: [ app_begin ] --START--
INFO: Run Behavior\ReadHtmlCacheBehavior [ RunTime:0.000071s ]
INFO: [ app_begin ] --END-- [ RunTime:0.000168s ]
SQL: SHOW COLUMNS FROM `west_movies` [ RunTime:0.0007s ]
SQL: SELECT * FROM `west_movies` WHERE `name` = '侏罗纪世界' AND `time` = '2015201520152015-0606-1111' LIMIT 1   [ RunTime:0.0003s ]
SQL: INSERT INTO `west_movies` (`name`,`time`) VALUES ('侏罗纪世界','2015201520152015-0606-1111') [ RunTime:0.0006s ]
SQL: SHOW COLUMNS FROM `west_cinemas` [ RunTime:0.0016s ]
SQL: SELECT * FROM `west_cinemas` WHERE `uid` = '641aa23c0f417cdbe115f902' AND `mid` = 6 LIMIT 1   [ RunTime:0.0008s ]
SQL: INSERT INTO `west_cinemas` (`mid`,`uid`,`name`,`address`) VALUES ('6','641aa23c0f417cdbe115f902','卢米埃影城(西安凯德广场店)','西安市雁塔区南2环西段凯德广场5层(朱雀花卉市场对面)') [ RunTime:0.0010s ]
NOTIC: [8] Trying to get property of non-object /var/www/html/westfilms/server/Apps/User/Controller/ApiController.class.php 第 118 行.
NOTIC: [2] Invalid argument supplied for foreach() /var/www/html/westfilms/server/Apps/User/Controller/ApiController.class.php 第 118 行.
SQL: SELECT * FROM `west_cinemas` WHERE `uid` = '7aea43b7548198e17d29bdf0' AND `mid` = 6 LIMIT 1   [ RunTime:0.0007s ]
SQL: INSERT INTO `west_cinemas` (`mid`,`uid`,`name`,`address`) VALUES ('6','7aea43b7548198e17d29bdf0','西安万达国际影城(东新街店)','西安市解放路63号民乐精品服饰广场四层') [ RunTime:0.0011s ]
NOTIC: [8] Trying to get property of non-object /var/www/html/westfilms/server/Apps/User/Controller/ApiController.class.php 第 118 行.
NOTIC: [2] Invalid argument supplied for foreach() /var/www/html/westfilms/server/Apps/User/Controller/ApiController.class.php 第 118 行.
SQL: SELECT * FROM `west_cinemas` WHERE `uid` = '7c5e480b3b7a12adadb22a12' AND `mid` = 6 LIMIT 1   [ RunTime:0.0008s ]
SQL: INSERT INTO `west_cinemas` (`mid`,`uid`,`name`,`address`) VALUES ('6','7c5e480b3b7a12adadb22a12','中影国际影城(大唐西市店)','西安市莲湖区劳动南路1号大唐西市通济坊3层') [ RunTime:0.0011s ]
NOTIC: [8] Trying to get property of non-object /var/www/html/westfilms/server/Apps/User/Controller/ApiController.class.php 第 118 行.
NOTIC: [2] Invalid argument supplied for foreach() /var/www/html/westfilms/server/Apps/User/Controller/ApiController.class.php 第 118 行.
SQL: SELECT * FROM `west_cinemas` WHERE `uid` = '1816533448d7db1dfa2d6187' AND `mid` = 6 LIMIT 1   [ RunTime:0.0007s ]
SQL: INSERT INTO `west_cinemas` (`mid`,`uid`,`name`,`address`) VALUES ('6','1816533448d7db1dfa2d6187','西安橙天嘉禾影城','西安市碑林区2环南路西段155号怡丰城3楼3-10号(近太白路立交)') [ RunTime:0.0204s ]
NOTIC: [8] Trying to get property of non-object /var/www/html/westfilms/server/Apps/User/Controller/ApiController.class.php 第 118 行.
NOTIC: [2] Invalid argument supplied for foreach() /var/www/html/westfilms/server/Apps/User/Controller/ApiController.class.php 第 118 行.
SQL: SELECT * FROM `west_cinemas` WHERE `uid` = 'f2f15ffbfa196c91621c67e8' AND `mid` = 6 LIMIT 1   [ RunTime:0.0007s ]
SQL: INSERT INTO `west_cinemas` (`mid`,`uid`,`name`,`address`) VALUES ('6','f2f15ffbfa196c91621c67e8','西安幸福蓝海国际影城(金花南路店)','西安市碑林区金花南路59号(东南2环交汇处往北50米路东)立丰国际购物广场9层') [ RunTime:0.0007s ]
NOTIC: [8] Trying to get property of non-object /var/www/html/westfilms/server/Apps/User/Controller/ApiController.class.php 第 118 行.
NOTIC: [2] Invalid argument supplied for foreach() /var/www/html/westfilms/server/Apps/User/Controller/ApiController.class.php 第 118 行.

[ 2015-06-11T00:52:11+08:00 ] 127.0.0.1 /westfilms/server/index.php/User/Api/getMovie/name/%E4%BE%8F%E7%BD%97%E7%BA%AA%E4%B8%96%E7%95%8C
INFO: [ app_init ] --START--
INFO: Run Behavior\BuildLiteBehavior [ RunTime:0.000027s ]
INFO: [ app_init ] --END-- [ RunTime:0.000190s ]
INFO: [ app_begin ] --START--
INFO: Run Behavior\ReadHtmlCacheBehavior [ RunTime:0.000078s ]
INFO: [ app_begin ] --END-- [ RunTime:0.000178s ]

[ 2015-06-11T00:52:37+08:00 ] 127.0.0.1 /westfilms/server/index.php/User/Api/getMovie/name/%E4%BE%8F%E7%BD%97%E7%BA%AA%E4%B8%96%E7%95%8C
INFO: [ app_init ] --START--
INFO: Run Behavior\BuildLiteBehavior [ RunTime:0.000088s ]
INFO: [ app_init ] --END-- [ RunTime:0.000636s ]
INFO: [ app_begin ] --START--
INFO: Run Behavior\ReadHtmlCacheBehavior [ RunTime:0.000262s ]
INFO: [ app_begin ] --END-- [ RunTime:0.000659s ]

[ 2015-06-11T00:53:23+08:00 ] 127.0.0.1 /westfilms/server/index.php/User/Api/getMovie/name/%E4%BE%8F%E7%BD%97%E7%BA%AA%E4%B8%96%E7%95%8C
INFO: [ app_init ] --START--
INFO: Run Behavior\BuildLiteBehavior [ RunTime:0.000060s ]
INFO: [ app_init ] --END-- [ RunTime:0.000425s ]
INFO: [ app_begin ] --START--
INFO: Run Behavior\ReadHtmlCacheBehavior [ RunTime:0.000189s ]
INFO: [ app_begin ] --END-- [ RunTime:0.000442s ]
SQL: SHOW COLUMNS FROM `west_movies` [ RunTime:0.0008s ]
SQL: SELECT * FROM `west_movies` WHERE `name` = '侏罗纪世界' AND `time` = '2015-06-11' LIMIT 1   [ RunTime:0.0004s ]
SQL: INSERT INTO `west_movies` (`name`,`time`) VALUES ('侏罗纪世界','2015-06-11') [ RunTime:0.0007s ]
SQL: SHOW COLUMNS FROM `west_cinemas` [ RunTime:0.0014s ]
SQL: SELECT * FROM `west_cinemas` WHERE `uid` = '641aa23c0f417cdbe115f902' AND `mid` = 7 LIMIT 1   [ RunTime:0.0008s ]
SQL: INSERT INTO `west_cinemas` (`mid`,`uid`,`name`,`address`) VALUES ('7','641aa23c0f417cdbe115f902','卢米埃影城(西安凯德广场店)','西安市雁塔区南2环西段凯德广场5层(朱雀花卉市场对面)') [ RunTime:0.0012s ]
NOTIC: [8] Trying to get property of non-object /var/www/html/westfilms/server/Apps/User/Controller/ApiController.class.php 第 118 行.
NOTIC: [2] Invalid argument supplied for foreach() /var/www/html/westfilms/server/Apps/User/Controller/ApiController.class.php 第 118 行.
SQL: SELECT * FROM `west_cinemas` WHERE `uid` = '7aea43b7548198e17d29bdf0' AND `mid` = 7 LIMIT 1   [ RunTime:0.0006s ]
SQL: INSERT INTO `west_cinemas` (`mid`,`uid`,`name`,`address`) VALUES ('7','7aea43b7548198e17d29bdf0','西安万达国际影城(东新街店)','西安市解放路63号民乐精品服饰广场四层') [ RunTime:0.0010s ]
NOTIC: [8] Trying to get property of non-object /var/www/html/westfilms/server/Apps/User/Controller/ApiController.class.php 第 118 行.
NOTIC: [2] Invalid argument supplied for foreach() /var/www/html/westfilms/server/Apps/User/Controller/ApiController.class.php 第 118 行.
SQL: SELECT * FROM `west_cinemas` WHERE `uid` = '7c5e480b3b7a12adadb22a12' AND `mid` = 7 LIMIT 1   [ RunTime:0.0007s ]
SQL: INSERT INTO `west_cinemas` (`mid`,`uid`,`name`,`address`) VALUES ('7','7c5e480b3b7a12adadb22a12','中影国际影城(大唐西市店)','西安市莲湖区劳动南路1号大唐西市通济坊3层') [ RunTime:0.0010s ]
NOTIC: [8] Trying to get property of non-object /var/www/html/westfilms/server/Apps/User/Controller/ApiController.class.php 第 118 行.
NOTIC: [2] Invalid argument supplied for foreach() /var/www/html/westfilms/server/Apps/User/Controller/ApiController.class.php 第 118 行.
SQL: SELECT * FROM `west_cinemas` WHERE `uid` = '1816533448d7db1dfa2d6187' AND `mid` = 7 LIMIT 1   [ RunTime:0.0006s ]
SQL: INSERT INTO `west_cinemas` (`mid`,`uid`,`name`,`address`) VALUES ('7','1816533448d7db1dfa2d6187','西安橙天嘉禾影城','西安市碑林区2环南路西段155号怡丰城3楼3-10号(近太白路立交)') [ RunTime:0.0006s ]
NOTIC: [8] Trying to get property of non-object /var/www/html/westfilms/server/Apps/User/Controller/ApiController.class.php 第 118 行.
NOTIC: [2] Invalid argument supplied for foreach() /var/www/html/westfilms/server/Apps/User/Controller/ApiController.class.php 第 118 行.
SQL: SELECT * FROM `west_cinemas` WHERE `uid` = 'f2f15ffbfa196c91621c67e8' AND `mid` = 7 LIMIT 1   [ RunTime:0.0005s ]
SQL: INSERT INTO `west_cinemas` (`mid`,`uid`,`name`,`address`) VALUES ('7','f2f15ffbfa196c91621c67e8','西安幸福蓝海国际影城(金花南路店)','西安市碑林区金花南路59号(东南2环交汇处往北50米路东)立丰国际购物广场9层') [ RunTime:0.0008s ]
NOTIC: [8] Trying to get property of non-object /var/www/html/westfilms/server/Apps/User/Controller/ApiController.class.php 第 118 行.
NOTIC: [2] Invalid argument supplied for foreach() /var/www/html/westfilms/server/Apps/User/Controller/ApiController.class.php 第 118 行.

[ 2015-06-11T00:54:11+08:00 ] 127.0.0.1 /westfilms/server/index.php/User/Api/getMovie/name/%E4%BE%8F%E7%BD%97%E7%BA%AA%E4%B8%96%E7%95%8C
INFO: [ app_init ] --START--
INFO: Run Behavior\BuildLiteBehavior [ RunTime:0.000046s ]
INFO: [ app_init ] --END-- [ RunTime:0.000273s ]
INFO: [ app_begin ] --START--
INFO: Run Behavior\ReadHtmlCacheBehavior [ RunTime:0.000080s ]
INFO: [ app_begin ] --END-- [ RunTime:0.000183s ]
SQL: SHOW COLUMNS FROM `west_movies` [ RunTime:0.0007s ]
SQL: SELECT * FROM `west_movies` WHERE `name` = '侏罗纪世界' AND `time` = '2015-06-11' LIMIT 1   [ RunTime:0.0003s ]
SQL: INSERT INTO `west_movies` (`name`,`time`) VALUES ('侏罗纪世界','2015-06-11') [ RunTime:0.0006s ]
SQL: SHOW COLUMNS FROM `west_cinemas` [ RunTime:0.0015s ]
SQL: SELECT * FROM `west_cinemas` WHERE `uid` = '641aa23c0f417cdbe115f902' AND `mid` = 8 LIMIT 1   [ RunTime:0.0007s ]
SQL: INSERT INTO `west_cinemas` (`mid`,`uid`,`name`,`address`) VALUES ('8','641aa23c0f417cdbe115f902','卢米埃影城(西安凯德广场店)','西安市雁塔区南2环西段凯德广场5层(朱雀花卉市场对面)') [ RunTime:0.0062s ]
NOTIC: [8] Trying to get property of non-object /var/www/html/westfilms/server/Apps/User/Controller/ApiController.class.php 第 118 行.
NOTIC: [2] Invalid argument supplied for foreach() /var/www/html/westfilms/server/Apps/User/Controller/ApiController.class.php 第 118 行.
SQL: SELECT * FROM `west_cinemas` WHERE `uid` = '7aea43b7548198e17d29bdf0' AND `mid` = 8 LIMIT 1   [ RunTime:0.0006s ]
SQL: INSERT INTO `west_cinemas` (`mid`,`uid`,`name`,`address`) VALUES ('8','7aea43b7548198e17d29bdf0','西安万达国际影城(东新街店)','西安市解放路63号民乐精品服饰广场四层') [ RunTime:0.0737s ]
NOTIC: [8] Trying to get property of non-object /var/www/html/westfilms/server/Apps/User/Controller/ApiController.class.php 第 118 行.
NOTIC: [2] Invalid argument supplied for foreach() /var/www/html/westfilms/server/Apps/User/Controller/ApiController.class.php 第 118 行.
SQL: SELECT * FROM `west_cinemas` WHERE `uid` = '7c5e480b3b7a12adadb22a12' AND `mid` = 8 LIMIT 1   [ RunTime:0.0005s ]
SQL: INSERT INTO `west_cinemas` (`mid`,`uid`,`name`,`address`) VALUES ('8','7c5e480b3b7a12adadb22a12','中影国际影城(大唐西市店)','西安市莲湖区劳动南路1号大唐西市通济坊3层') [ RunTime:0.0011s ]
NOTIC: [8] Trying to get property of non-object /var/www/html/westfilms/server/Apps/User/Controller/ApiController.class.php 第 118 行.
NOTIC: [2] Invalid argument supplied for foreach() /var/www/html/westfilms/server/Apps/User/Controller/ApiController.class.php 第 118 行.
SQL: SELECT * FROM `west_cinemas` WHERE `uid` = '1816533448d7db1dfa2d6187' AND `mid` = 8 LIMIT 1   [ RunTime:0.0004s ]
SQL: INSERT INTO `west_cinemas` (`mid`,`uid`,`name`,`address`) VALUES ('8','1816533448d7db1dfa2d6187','西安橙天嘉禾影城','西安市碑林区2环南路西段155号怡丰城3楼3-10号(近太白路立交)') [ RunTime:0.0008s ]
NOTIC: [8] Trying to get property of non-object /var/www/html/westfilms/server/Apps/User/Controller/ApiController.class.php 第 118 行.
NOTIC: [2] Invalid argument supplied for foreach() /var/www/html/westfilms/server/Apps/User/Controller/ApiController.class.php 第 118 行.
SQL: SELECT * FROM `west_cinemas` WHERE `uid` = 'f2f15ffbfa196c91621c67e8' AND `mid` = 8 LIMIT 1   [ RunTime:0.0004s ]
SQL: INSERT INTO `west_cinemas` (`mid`,`uid`,`name`,`address`) VALUES ('8','f2f15ffbfa196c91621c67e8','西安幸福蓝海国际影城(金花南路店)','西安市碑林区金花南路59号(东南2环交汇处往北50米路东)立丰国际购物广场9层') [ RunTime:0.0006s ]
NOTIC: [8] Trying to get property of non-object /var/www/html/westfilms/server/Apps/User/Controller/ApiController.class.php 第 118 行.
NOTIC: [2] Invalid argument supplied for foreach() /var/www/html/westfilms/server/Apps/User/Controller/ApiController.class.php 第 118 行.

[ 2015-06-11T00:55:43+08:00 ] 127.0.0.1 /westfilms/server/index.php/User/Api/getMovie/name/%E4%BE%8F%E7%BD%97%E7%BA%AA%E4%B8%96%E7%95%8C
INFO: [ app_init ] --START--
INFO: Run Behavior\BuildLiteBehavior [ RunTime:0.000018s ]
INFO: [ app_init ] --END-- [ RunTime:0.000123s ]
INFO: [ app_begin ] --START--
INFO: Run Behavior\ReadHtmlCacheBehavior [ RunTime:0.000060s ]
INFO: [ app_begin ] --END-- [ RunTime:0.000250s ]
SQL: SHOW COLUMNS FROM `west_movies` [ RunTime:0.0006s ]
SQL: SELECT * FROM `west_movies` WHERE `name` = '侏罗纪世界' AND `time` = '2015-06-11' LIMIT 1   [ RunTime:0.0002s ]
SQL: INSERT INTO `west_movies` (`name`,`time`) VALUES ('侏罗纪世界','2015-06-11') [ RunTime:0.0006s ]
SQL: SHOW COLUMNS FROM `west_cinemas` [ RunTime:0.0013s ]
SQL: SELECT * FROM `west_cinemas` WHERE `uid` = '641aa23c0f417cdbe115f902' AND `mid` = 9 LIMIT 1   [ RunTime:0.0006s ]
SQL: INSERT INTO `west_cinemas` (`mid`,`uid`,`name`,`address`) VALUES ('9','641aa23c0f417cdbe115f902','卢米埃影城(西安凯德广场店)','西安市雁塔区南2环西段凯德广场5层(朱雀花卉市场对面)') [ RunTime:0.0011s ]
SQL: SELECT * FROM `west_cinemas` WHERE `uid` = '7aea43b7548198e17d29bdf0' AND `mid` = 9 LIMIT 1   [ RunTime:0.0006s ]
SQL: INSERT INTO `west_cinemas` (`mid`,`uid`,`name`,`address`) VALUES ('9','7aea43b7548198e17d29bdf0','西安万达国际影城(东新街店)','西安市解放路63号民乐精品服饰广场四层') [ RunTime:0.0007s ]
SQL: SELECT * FROM `west_cinemas` WHERE `uid` = '7c5e480b3b7a12adadb22a12' AND `mid` = 9 LIMIT 1   [ RunTime:0.0006s ]
SQL: INSERT INTO `west_cinemas` (`mid`,`uid`,`name`,`address`) VALUES ('9','7c5e480b3b7a12adadb22a12','中影国际影城(大唐西市店)','西安市莲湖区劳动南路1号大唐西市通济坊3层') [ RunTime:0.0009s ]
SQL: SELECT * FROM `west_cinemas` WHERE `uid` = '1816533448d7db1dfa2d6187' AND `mid` = 9 LIMIT 1   [ RunTime:0.0005s ]
SQL: INSERT INTO `west_cinemas` (`mid`,`uid`,`name`,`address`) VALUES ('9','1816533448d7db1dfa2d6187','西安橙天嘉禾影城','西安市碑林区2环南路西段155号怡丰城3楼3-10号(近太白路立交)') [ RunTime:0.0009s ]
SQL: SELECT * FROM `west_cinemas` WHERE `uid` = 'f2f15ffbfa196c91621c67e8' AND `mid` = 9 LIMIT 1   [ RunTime:0.0006s ]
SQL: INSERT INTO `west_cinemas` (`mid`,`uid`,`name`,`address`) VALUES ('9','f2f15ffbfa196c91621c67e8','西安幸福蓝海国际影城(金花南路店)','西安市碑林区金花南路59号(东南2环交汇处往北50米路东)立丰国际购物广场9层') [ RunTime:0.0007s ]

[ 2015-06-11T00:56:31+08:00 ] 127.0.0.1 /westfilms/server/index.php/User/Api/getMovie/name/%E4%BE%8F%E7%BD%97%E7%BA%AA%E4%B8%96%E7%95%8C
INFO: [ app_init ] --START--
INFO: Run Behavior\BuildLiteBehavior [ RunTime:0.000028s ]
INFO: [ app_init ] --END-- [ RunTime:0.000199s ]
INFO: [ app_begin ] --START--
INFO: Run Behavior\ReadHtmlCacheBehavior [ RunTime:0.000088s ]
INFO: [ app_begin ] --END-- [ RunTime:0.000204s ]
SQL: SHOW COLUMNS FROM `west_movies` [ RunTime:0.0005s ]
SQL: SELECT * FROM `west_movies` WHERE `name` = '侏罗纪世界' AND `time` = '2015-06-11' LIMIT 1   [ RunTime:0.0006s ]
SQL: INSERT INTO `west_movies` (`name`,`time`) VALUES ('侏罗纪世界','2015-06-11') [ RunTime:0.0009s ]
SQL: SHOW COLUMNS FROM `west_cinemas` [ RunTime:0.0015s ]
SQL: SELECT * FROM `west_cinemas` WHERE `uid` = '641aa23c0f417cdbe115f902' AND `mid` = 10 LIMIT 1   [ RunTime:0.0007s ]
SQL: INSERT INTO `west_cinemas` (`mid`,`uid`,`name`,`address`) VALUES ('10','641aa23c0f417cdbe115f902','卢米埃影城(西安凯德广场店)','西安市雁塔区南2环西段凯德广场5层(朱雀花卉市场对面)') [ RunTime:0.0012s ]

[ 2015-06-11T00:57:11+08:00 ] 127.0.0.1 /westfilms/server/index.php/User/Api/getMovie/name/%E4%BE%8F%E7%BD%97%E7%BA%AA%E4%B8%96%E7%95%8C
INFO: [ app_init ] --START--
INFO: Run Behavior\BuildLiteBehavior [ RunTime:0.000042s ]
INFO: [ app_init ] --END-- [ RunTime:0.000286s ]
INFO: [ app_begin ] --START--
INFO: Run Behavior\ReadHtmlCacheBehavior [ RunTime:0.000132s ]
INFO: [ app_begin ] --END-- [ RunTime:0.000311s ]
SQL: SHOW COLUMNS FROM `west_movies` [ RunTime:0.0007s ]
SQL: SELECT * FROM `west_movies` WHERE `name` = '侏罗纪世界' AND `time` = '2015-06-11' LIMIT 1   [ RunTime:0.0003s ]
NOTIC: [8] Undefined variable: return /var/www/html/westfilms/server/Apps/User/Controller/ApiController.class.php 第 151 行.

[ 2015-06-11T00:57:58+08:00 ] 127.0.0.1 /westfilms/server/index.php/User/Api/getMovie/name/%E4%BE%8F%E7%BD%97%E7%BA%AA%E4%B8%96%E7%95%8C
INFO: [ app_init ] --START--
INFO: Run Behavior\BuildLiteBehavior [ RunTime:0.000086s ]
INFO: [ app_init ] --END-- [ RunTime:0.000584s ]
INFO: [ app_begin ] --START--
INFO: Run Behavior\ReadHtmlCacheBehavior [ RunTime:0.000130s ]
INFO: [ app_begin ] --END-- [ RunTime:0.000297s ]
SQL: SHOW COLUMNS FROM `west_movies` [ RunTime:0.0010s ]
SQL: SELECT * FROM `west_movies` WHERE `name` = '侏罗纪世界' AND `time` = '2015-06-11' LIMIT 1   [ RunTime:0.0004s ]
SQL: INSERT INTO `west_movies` (`name`,`time`) VALUES ('侏罗纪世界','2015-06-11') [ RunTime:0.0021s ]

[ 2015-06-11T00:58:45+08:00 ] 127.0.0.1 /westfilms/server/index.php/User/Api/getMovie/name/%E4%BE%8F%E7%BD%97%E7%BA%AA%E4%B8%96%E7%95%8C
INFO: [ app_init ] --START--
INFO: Run Behavior\BuildLiteBehavior [ RunTime:0.000019s ]
INFO: [ app_init ] --END-- [ RunTime:0.000127s ]
INFO: [ app_begin ] --START--
INFO: Run Behavior\ReadHtmlCacheBehavior [ RunTime:0.000051s ]
INFO: [ app_begin ] --END-- [ RunTime:0.000117s ]
SQL: SHOW COLUMNS FROM `west_movies` [ RunTime:0.0007s ]
SQL: SELECT * FROM `west_movies` WHERE `name` = '侏罗纪世界' AND `time` = '2015-06-11' LIMIT 1   [ RunTime:0.0002s ]
NOTIC: [8] Undefined variable: return /var/www/html/westfilms/server/Apps/User/Controller/ApiController.class.php 第 153 行.

[ 2015-06-11T01:00:09+08:00 ] 127.0.0.1 /westfilms/server/index.php/User/Api/getMovie/name/%E4%BE%8F%E7%BD%97%E7%BA%AA%E4%B8%96%E7%95%8C
INFO: [ app_init ] --START--
INFO: Run Behavior\BuildLiteBehavior [ RunTime:0.000030s ]
INFO: [ app_init ] --END-- [ RunTime:0.000210s ]
INFO: [ app_begin ] --START--
INFO: Run Behavior\ReadHtmlCacheBehavior [ RunTime:0.000159s ]
INFO: [ app_begin ] --END-- [ RunTime:0.000371s ]
SQL: SHOW COLUMNS FROM `west_movies` [ RunTime:0.0006s ]
SQL: SELECT * FROM `west_movies` WHERE `name` = '侏罗纪世界' AND `time` = '2015-06-11' LIMIT 1   [ RunTime:0.0003s ]
SQL: INSERT INTO `west_movies` (`name`,`time`) VALUES ('侏罗纪世界','2015-06-11') [ RunTime:0.0006s ]

[ 2015-06-11T01:01:57+08:00 ] 127.0.0.1 /westfilms/server/index.php/User/Api/getMovie/name/%E4%BE%8F%E7%BD%97%E7%BA%AA%E4%B8%96%E7%95%8C
INFO: [ app_init ] --START--
INFO: Run Behavior\BuildLiteBehavior [ RunTime:0.000019s ]
INFO: [ app_init ] --END-- [ RunTime:0.000128s ]
INFO: [ app_begin ] --START--
INFO: Run Behavior\ReadHtmlCacheBehavior [ RunTime:0.000051s ]
INFO: [ app_begin ] --END-- [ RunTime:0.000119s ]
SQL: SHOW COLUMNS FROM `west_movies` [ RunTime:0.0011s ]
SQL: SELECT * FROM `west_movies` WHERE `name` = '侏罗纪世界' AND `time` = '2015-06-11' LIMIT 1   [ RunTime:0.0005s ]
NOTIC: [8] Undefined variable: return /var/www/html/westfilms/server/Apps/User/Controller/ApiController.class.php 第 149 行.

[ 2015-06-11T01:02:11+08:00 ] 127.0.0.1 /westfilms/server/index.php/User/Api/getMovie/name/%E4%BE%8F%E7%BD%97%E7%BA%AA%E4%B8%96%E7%95%8C
INFO: [ app_init ] --START--
INFO: Run Behavior\BuildLiteBehavior [ RunTime:0.000021s ]
INFO: [ app_init ] --END-- [ RunTime:0.000146s ]
INFO: [ app_begin ] --START--
INFO: Run Behavior\ReadHtmlCacheBehavior [ RunTime:0.000054s ]
INFO: [ app_begin ] --END-- [ RunTime:0.000123s ]
SQL: SHOW COLUMNS FROM `west_movies` [ RunTime:0.0014s ]
SQL: SELECT * FROM `west_movies` WHERE `name` = '侏罗纪世界' AND `time` = '2015-06-11' LIMIT 1   [ RunTime:0.0006s ]
SQL: INSERT INTO `west_movies` (`name`,`time`) VALUES ('侏罗纪世界','2015-06-11') [ RunTime:0.0010s ]
SQL: SHOW COLUMNS FROM `west_cinemas` [ RunTime:0.0015s ]
SQL: SELECT * FROM `west_cinemas` WHERE `uid` = '23c94f9ff665c9fb1ef74d42' AND `mid` = 13 LIMIT 1   [ RunTime:0.0007s ]
SQL: INSERT INTO `west_cinemas` (`mid`,`uid`,`name`,`address`) VALUES ('13','23c94f9ff665c9fb1ef74d42','大地影院(长安步行街)','西安市长安区长安步行街北口长百新市购物广场3楼') [ RunTime:0.0011s ]

[ 2015-06-11T01:03:36+08:00 ] 127.0.0.1 /westfilms/server/index.php/User/Api/getMovie/name/%E4%BE%8F%E7%BD%97%E7%BA%AA%E4%B8%96%E7%95%8C
INFO: [ app_init ] --START--
INFO: Run Behavior\BuildLiteBehavior [ RunTime:0.000020s ]
INFO: [ app_init ] --END-- [ RunTime:0.000128s ]
INFO: [ app_begin ] --START--
INFO: Run Behavior\ReadHtmlCacheBehavior [ RunTime:0.000083s ]
INFO: [ app_begin ] --END-- [ RunTime:0.000191s ]
SQL: SHOW COLUMNS FROM `west_movies` [ RunTime:0.0007s ]
SQL: SELECT * FROM `west_movies` WHERE `name` = '侏罗纪世界' AND `time` = '2015-06-11' LIMIT 1   [ RunTime:0.0003s ]
SQL: INSERT INTO `west_movies` (`name`,`time`) VALUES ('侏罗纪世界','2015-06-11') [ RunTime:0.0007s ]
SQL: SHOW COLUMNS FROM `west_cinemas` [ RunTime:0.0016s ]
SQL: SELECT * FROM `west_cinemas` WHERE `uid` = '23c94f9ff665c9fb1ef74d42' AND `mid` = 14 LIMIT 1   [ RunTime:0.0008s ]
SQL: INSERT INTO `west_cinemas` (`mid`,`uid`,`name`,`address`) VALUES ('14','23c94f9ff665c9fb1ef74d42','大地影院(长安步行街)','西安市长安区长安步行街北口长百新市购物广场3楼') [ RunTime:0.0012s ]

[ 2015-06-11T01:05:27+08:00 ] 127.0.0.1 /westfilms/server/index.php/User/Api/getMovie/name/%E4%BE%8F%E7%BD%97%E7%BA%AA%E4%B8%96%E7%95%8C
INFO: [ app_init ] --START--
INFO: Run Behavior\BuildLiteBehavior [ RunTime:0.000045s ]
INFO: [ app_init ] --END-- [ RunTime:0.000320s ]
INFO: [ app_begin ] --START--
INFO: Run Behavior\ReadHtmlCacheBehavior [ RunTime:0.000143s ]
INFO: [ app_begin ] --END-- [ RunTime:0.000336s ]
SQL: SHOW COLUMNS FROM `west_movies` [ RunTime:0.0005s ]
SQL: SELECT * FROM `west_movies` WHERE `name` = '侏罗纪世界' AND `time` = '2015-06-11' LIMIT 1   [ RunTime:0.0003s ]
SQL: INSERT INTO `west_movies` (`name`,`time`) VALUES ('侏罗纪世界','2015-06-11') [ RunTime:0.0006s ]
SQL: SHOW COLUMNS FROM `west_cinemas` [ RunTime:0.0016s ]
SQL: SELECT * FROM `west_cinemas` WHERE `uid` = '23c94f9ff665c9fb1ef74d42' AND `mid` = 15 LIMIT 1   [ RunTime:0.0007s ]
SQL: INSERT INTO `west_cinemas` (`mid`,`uid`,`name`,`address`) VALUES ('15','23c94f9ff665c9fb1ef74d42','大地影院(长安步行街)','西安市长安区长安步行街北口长百新市购物广场3楼') [ RunTime:0.0010s ]
SQL: SHOW COLUMNS FROM `west_movies_time` [ RunTime:0.0013s ]
SQL: INSERT INTO `west_movies_time` (`mid`,`cid`,`date`,`time`,`price`) VALUES ('15','29','2015-06-11','3D','34') [ RunTime:0.0010s ]
SQL: INSERT INTO `west_movies_time` (`mid`,`cid`,`date`,`time`,`price`) VALUES ('15','29','2015-06-11','3D','34') [ RunTime:0.0008s ]
SQL: INSERT INTO `west_movies_time` (`mid`,`cid`,`date`,`time`,`price`) VALUES ('15','29','2015-06-11','3D','34') [ RunTime:0.0010s ]
SQL: INSERT INTO `west_movies_time` (`mid`,`cid`,`date`,`time`,`price`) VALUES ('15','29','2015-06-11','3D','34') [ RunTime:0.0007s ]
SQL: INSERT INTO `west_movies_time` (`mid`,`cid`,`date`,`time`,`price`) VALUES ('15','29','2015-06-11','3D','34') [ RunTime:0.0006s ]
SQL: INSERT INTO `west_movies_time` (`mid`,`cid`,`date`,`time`,`price`) VALUES ('15','29','2015-06-11','3D','34') [ RunTime:0.0007s ]
SQL: INSERT INTO `west_movies_time` (`mid`,`cid`,`date`,`time`,`price`) VALUES ('15','29','2015-06-11','3D','34') [ RunTime:0.0005s ]
SQL: INSERT INTO `west_movies_time` (`mid`,`cid`,`date`,`time`,`price`) VALUES ('15','29','2015-06-11','3D','34') [ RunTime:0.0006s ]
SQL: INSERT INTO `west_movies_time` (`mid`,`cid`,`date`,`time`,`price`) VALUES ('15','29','2015-06-11','3D','34') [ RunTime:0.0007s ]
SQL: INSERT INTO `west_movies_time` (`mid`,`cid`,`date`,`time`,`price`) VALUES ('15','29','2015-06-11','3D','34') [ RunTime:0.0199s ]
SQL: INSERT INTO `west_movies_time` (`mid`,`cid`,`date`,`time`,`price`) VALUES ('15','29','2015-06-11','3D','34') [ RunTime:0.0007s ]
SQL: INSERT INTO `west_movies_time` (`mid`,`cid`,`date`,`time`,`price`) VALUES ('15','29','2015-06-11','3D','34') [ RunTime:0.0009s ]
SQL: INSERT INTO `west_movies_time` (`mid`,`cid`,`date`,`time`,`price`) VALUES ('15','29','2015-06-11','3D','34') [ RunTime:0.0007s ]
SQL: INSERT INTO `west_movies_time` (`mid`,`cid`,`date`,`time`,`price`) VALUES ('15','29','2015-06-11','3D','34') [ RunTime:0.0006s ]
SQL: INSERT INTO `west_movies_time` (`mid`,`cid`,`date`,`time`,`price`) VALUES ('15','29','2015-06-11','3D','34') [ RunTime:0.0008s ]
SQL: INSERT INTO `west_movies_time` (`mid`,`cid`,`date`,`time`,`price`) VALUES ('15','29','2015-06-11','3D','34') [ RunTime:0.0005s ]
SQL: INSERT INTO `west_movies_time` (`mid`,`cid`,`date`,`time`,`price`) VALUES ('15','29','2015-06-11','3D','34') [ RunTime:0.0004s ]
SQL: INSERT INTO `west_movies_time` (`mid`,`cid`,`date`,`time`,`price`) VALUES ('15','29','2015-06-11','3D','34') [ RunTime:0.0007s ]
SQL: INSERT INTO `west_movies_time` (`mid`,`cid`,`date`,`time`,`price`) VALUES ('15','29','2015-06-11','3D','34') [ RunTime:0.0006s ]
SQL: INSERT INTO `west_movies_time` (`mid`,`cid`,`date`,`time`,`price`) VALUES ('15','29','2015-06-11','3D','34') [ RunTime:0.0008s ]
SQL: INSERT INTO `west_movies_time` (`mid`,`cid`,`date`,`time`,`price`) VALUES ('15','29','2015-06-11','3D','34') [ RunTime:0.0007s ]
SQL: INSERT INTO `west_movies_time` (`mid`,`cid`,`date`,`time`,`price`) VALUES ('15','29','2015-06-11','3D','34') [ RunTime:0.0008s ]
SQL: INSERT INTO `west_movies_time` (`mid`,`cid`,`date`,`time`,`price`) VALUES ('15','29','2015-06-11','3D','34') [ RunTime:0.0006s ]
SQL: INSERT INTO `west_movies_time` (`mid`,`cid`,`date`,`time`,`price`) VALUES ('15','29','2015-06-11','3D','34') [ RunTime:0.0006s ]
SQL: INSERT INTO `west_movies_time` (`mid`,`cid`,`date`,`time`,`price`) VALUES ('15','29','2015-06-11','3D','34') [ RunTime:0.0007s ]
SQL: INSERT INTO `west_movies_time` (`mid`,`cid`,`date`,`time`,`price`) VALUES ('15','29','2015-06-11','3D','34') [ RunTime:0.0006s ]
SQL: INSERT INTO `west_movies_time` (`mid`,`cid`,`date`,`time`,`price`) VALUES ('15','29','2015-06-11','3D','34') [ RunTime:0.0005s ]
SQL: INSERT INTO `west_movies_time` (`mid`,`cid`,`date`,`time`,`price`) VALUES ('15','29','2015-06-12','3D','34') [ RunTime:0.0005s ]
SQL: INSERT INTO `west_movies_time` (`mid`,`cid`,`date`,`time`,`price`) VALUES ('15','29','2015-06-12','3D','34') [ RunTime:0.0006s ]
SQL: INSERT INTO `west_movies_time` (`mid`,`cid`,`date`,`time`,`price`) VALUES ('15','29','2015-06-12','3D','34') [ RunTime:0.0005s ]
SQL: INSERT INTO `west_movies_time` (`mid`,`cid`,`date`,`time`,`price`) VALUES ('15','29','2015-06-12','3D','34') [ RunTime:0.0005s ]
SQL: INSERT INTO `west_movies_time` (`mid`,`cid`,`date`,`time`,`price`) VALUES ('15','29','2015-06-12','3D','34') [ RunTime:0.0006s ]
SQL: INSERT INTO `west_movies_time` (`mid`,`cid`,`date`,`time`,`price`) VALUES ('15','29','2015-06-12','3D','34') [ RunTime:0.0007s ]
SQL: INSERT INTO `west_movies_time` (`mid`,`cid`,`date`,`time`,`price`) VALUES ('15','29','2015-06-12','3D','34') [ RunTime:0.0006s ]
SQL: INSERT INTO `west_movies_time` (`mid`,`cid`,`date`,`time`,`price`) VALUES ('15','29','2015-06-12','3D','34') [ RunTime:0.0006s ]
SQL: INSERT INTO `west_movies_time` (`mid`,`cid`,`date`,`time`,`price`) VALUES ('15','29','2015-06-12','3D','34') [ RunTime:0.0007s ]
SQL: INSERT INTO `west_movies_time` (`mid`,`cid`,`date`,`time`,`price`) VALUES ('15','29','2015-06-12','3D','34') [ RunTime:0.0182s ]
SQL: INSERT INTO `west_movies_time` (`mid`,`cid`,`date`,`time`,`price`) VALUES ('15','29','2015-06-12','3D','34') [ RunTime:0.0010s ]
SQL: INSERT INTO `west_movies_time` (`mid`,`cid`,`date`,`time`,`price`) VALUES ('15','29','2015-06-12','3D','34') [ RunTime:0.0007s ]
SQL: INSERT INTO `west_movies_time` (`mid`,`cid`,`date`,`time`,`price`) VALUES ('15','29','2015-06-12','3D','34') [ RunTime:0.0011s ]
SQL: INSERT INTO `west_movies_time` (`mid`,`cid`,`date`,`time`,`price`) VALUES ('15','29','2015-06-12','3D','34') [ RunTime:0.0007s ]
SQL: INSERT INTO `west_movies_time` (`mid`,`cid`,`date`,`time`,`price`) VALUES ('15','29','2015-06-12','3D','34') [ RunTime:0.0008s ]
SQL: INSERT INTO `west_movies_time` (`mid`,`cid`,`date`,`time`,`price`) VALUES ('15','29','2015-06-12','3D','34') [ RunTime:0.0006s ]
SQL: INSERT INTO `west_movies_time` (`mid`,`cid`,`date`,`time`,`price`) VALUES ('15','29','2015-06-12','3D','34') [ RunTime:0.0005s ]
SQL: INSERT INTO `west_movies_time` (`mid`,`cid`,`date`,`time`,`price`) VALUES ('15','29','2015-06-12','3D','34') [ RunTime:0.0005s ]
SQL: INSERT INTO `west_movies_time` (`mid`,`cid`,`date`,`time`,`price`) VALUES ('15','29','2015-06-12','3D','34') [ RunTime:0.0006s ]
SQL: INSERT INTO `west_movies_time` (`mid`,`cid`,`date`,`time`,`price`) VALUES ('15','29','2015-06-12','3D','34') [ RunTime:0.0005s ]
SQL: INSERT INTO `west_movies_time` (`mid`,`cid`,`date`,`time`,`price`) VALUES ('15','29','2015-06-12','3D','34') [ RunTime:0.0006s ]
SQL: INSERT INTO `west_movies_time` (`mid`,`cid`,`date`,`time`,`price`) VALUES ('15','29','2015-06-12','3D','34') [ RunTime:0.0007s ]
SQL: INSERT INTO `west_movies_time` (`mid`,`cid`,`date`,`time`,`price`) VALUES ('15','29','2015-06-12','3D','34') [ RunTime:0.0005s ]
SQL: INSERT INTO `west_movies_time` (`mid`,`cid`,`date`,`time`,`price`) VALUES ('15','29','2015-06-12','3D','34') [ RunTime:0.0005s ]
SQL: INSERT INTO `west_movies_time` (`mid`,`cid`,`date`,`time`,`price`) VALUES ('15','29','2015-06-12','3D','34') [ RunTime:0.0005s ]
SQL: INSERT INTO `west_movies_time` (`mid`,`cid`,`date`,`time`,`price`) VALUES ('15','29','2015-06-12','3D','34') [ RunTime:0.0007s ]
SQL: INSERT INTO `west_movies_time` (`mid`,`cid`,`date`,`time`,`price`) VALUES ('15','29','2015-06-12','3D','34') [ RunTime:0.0005s ]
SQL: INSERT INTO `west_movies_time` (`mid`,`cid`,`date`,`time`,`price`) VALUES ('15','29','2015-06-12','3D','34') [ RunTime:0.0005s ]
SQL: SELECT * FROM `west_cinemas` WHERE `uid` = '3018f4615eb0d018a80dd8b8' AND `mid` = 15 LIMIT 1   [ RunTime:0.0006s ]
SQL: INSERT INTO `west_cinemas` (`mid`,`uid`,`name`,`address`) VALUES ('15','3018f4615eb0d018a80dd8b8','大地影院(西安金莎国际)','西安市雁塔区长安中路65号小寨金莎国际6楼') [ RunTime:0.0009s ]
SQL: INSERT INTO `west_movies_time` (`mid`,`cid`,`date`,`time`,`price`) VALUES ('15','30','2015-06-11','3D','39') [ RunTime:0.0007s ]
SQL: INSERT INTO `west_movies_time` (`mid`,`cid`,`date`,`time`,`price`) VALUES ('15','30','2015-06-11','3D','39') [ RunTime:0.0008s ]
SQL: INSERT INTO `west_movies_time` (`mid`,`cid`,`date`,`time`,`price`) VALUES ('15','30','2015-06-11','3D','39') [ RunTime:0.0006s ]
SQL: INSERT INTO `west_movies_time` (`mid`,`cid`,`date`,`time`,`price`) VALUES ('15','30','2015-06-11','3D','39') [ RunTime:0.0008s ]
SQL: INSERT INTO `west_movies_time` (`mid`,`cid`,`date`,`time`,`price`) VALUES ('15','30','2015-06-11','3D','39') [ RunTime:0.0005s ]
SQL: INSERT INTO `west_movies_time` (`mid`,`cid`,`date`,`time`,`price`) VALUES ('15','30','2015-06-11','3D','39') [ RunTime:0.0005s ]
SQL: INSERT INTO `west_movies_time` (`mid`,`cid`,`date`,`time`,`price`) VALUES ('15','30','2015-06-11','3D','39') [ RunTime:0.0006s ]
SQL: INSERT INTO `west_movies_time` (`mid`,`cid`,`date`,`time`,`price`) VALUES ('15','30','2015-06-11','3D','39') [ RunTime:0.0184s ]
SQL: INSERT INTO `west_movies_time` (`mid`,`cid`,`date`,`time`,`price`) VALUES ('15','30','2015-06-11','3D','39') [ RunTime:0.0009s ]
SQL: INSERT INTO `west_movies_time` (`mid`,`cid`,`date`,`time`,`price`) VALUES ('15','30','2015-06-11','3D','39') [ RunTime:0.0006s ]
SQL: INSERT INTO `west_movies_time` (`mid`,`cid`,`date`,`time`,`price`) VALUES ('15','30','2015-06-11','3D','39') [ RunTime:0.0006s ]
SQL: INSERT INTO `west_movies_time` (`mid`,`cid`,`date`,`time`,`price`) VALUES ('15','30','2015-06-11','3D','39') [ RunTime:0.0007s ]
SQL: INSERT INTO `west_movies_time` (`mid`,`cid`,`date`,`time`,`price`) VALUES ('15','30','2015-06-11','3D','39') [ RunTime:0.0005s ]
SQL: INSERT INTO `west_movies_time` (`mid`,`cid`,`date`,`time`,`price`) VALUES ('15','30','2015-06-11','3D','39') [ RunTime:0.0007s ]
SQL: INSERT INTO `west_movies_time` (`mid`,`cid`,`date`,`time`,`price`) VALUES ('15','30','2015-06-11','3D','39') [ RunTime:0.0005s ]
SQL: INSERT INTO `west_movies_time` (`mid`,`cid`,`date`,`time`,`price`) VALUES ('15','30','2015-06-11','3D','39') [ RunTime:0.0005s ]
SQL: INSERT INTO `west_movies_time` (`mid`,`cid`,`date`,`time`,`price`) VALUES ('15','30','2015-06-11','3D','39') [ RunTime:0.0006s ]
SQL: INSERT INTO `west_movies_time` (`mid`,`cid`,`date`,`time`,`price`) VALUES ('15','30','2015-06-11','3D','39') [ RunTime:0.0004s ]
SQL: INSERT INTO `west_movies_time` (`mid`,`cid`,`date`,`time`,`price`) VALUES ('15','30','2015-06-11','3D','39') [ RunTime:0.0004s ]
SQL: INSERT INTO `west_movies_time` (`mid`,`cid`,`date`,`time`,`price`) VALUES ('15','30','2015-06-11','3D','39') [ RunTime:0.0004s ]
SQL: INSERT INTO `west_movies_time` (`mid`,`cid`,`date`,`time`,`price`) VALUES ('15','30','2015-06-11','3D','39') [ RunTime:0.0004s ]
SQL: INSERT INTO `west_movies_time` (`mid`,`cid`,`date`,`time`,`price`) VALUES ('15','30','2015-06-11','3D','39') [ RunTime:0.0006s ]
SQL: INSERT INTO `west_movies_time` (`mid`,`cid`,`date`,`time`,`price`) VALUES ('15','30','2015-06-11','3D','39') [ RunTime:0.0006s ]
SQL: INSERT INTO `west_movies_time` (`mid`,`cid`,`date`,`time`,`price`) VALUES ('15','30','2015-06-11','3D','39') [ RunTime:0.0005s ]
SQL: INSERT INTO `west_movies_time` (`mid`,`cid`,`date`,`time`,`price`) VALUES ('15','30','2015-06-11','3D','39') [ RunTime:0.0007s ]
SQL: SELECT * FROM `west_cinemas` WHERE `uid` = '6438daee51883a5dc51e5190' AND `mid` = 15 LIMIT 1   [ RunTime:0.0005s ]
SQL: INSERT INTO `west_cinemas` (`mid`,`uid`,`name`,`address`) VALUES ('15','6438daee51883a5dc51e5190','横店影城（西安开远店）','西安市莲湖区西二环和沣惠南路交汇处北侧开远半岛广场') [ RunTime:0.0005s ]
SQL: INSERT INTO `west_movies_time` (`mid`,`cid`,`date`,`time`,`price`) VALUES ('15','31','2015-06-11','3D','80') [ RunTime:0.0005s ]
SQL: INSERT INTO `west_movies_time` (`mid`,`cid`,`date`,`time`,`price`) VALUES ('15','31','2015-06-11','3D','80') [ RunTime:0.0007s ]
SQL: INSERT INTO `west_movies_time` (`mid`,`cid`,`date`,`time`,`price`) VALUES ('15','31','2015-06-11','3D','80') [ RunTime:0.0005s ]
SQL: INSERT INTO `west_movies_time` (`mid`,`cid`,`date`,`time`,`price`) VALUES ('15','31','2015-06-11','3D','80') [ RunTime:0.0006s ]
SQL: INSERT INTO `west_movies_time` (`mid`,`cid`,`date`,`time`,`price`) VALUES ('15','31','2015-06-11','3D','80') [ RunTime:0.0007s ]
SQL: INSERT INTO `west_movies_time` (`mid`,`cid`,`date`,`time`,`price`) VALUES ('15','31','2015-06-11','3D','80') [ RunTime:0.0007s ]
SQL: INSERT INTO `west_movies_time` (`mid`,`cid`,`date`,`time`,`price`) VALUES ('15','31','2015-06-11','3D','80') [ RunTime:0.0005s ]
SQL: INSERT INTO `west_movies_time` (`mid`,`cid`,`date`,`time`,`price`) VALUES ('15','31','2015-06-11','3D','80') [ RunTime:0.0230s ]
SQL: INSERT INTO `west_movies_time` (`mid`,`cid`,`date`,`time`,`price`) VALUES ('15','31','2015-06-11','3D','80') [ RunTime:0.0009s ]
SQL: INSERT INTO `west_movies_time` (`mid`,`cid`,`date`,`time`,`price`) VALUES ('15','31','2015-06-11','3D','80') [ RunTime:0.0006s ]
SQL: INSERT INTO `west_movies_time` (`mid`,`cid`,`date`,`time`,`price`) VALUES ('15','31','2015-06-11','3D','80') [ RunTime:0.0008s ]
SQL: INSERT INTO `west_movies_time` (`mid`,`cid`,`date`,`time`,`price`) VALUES ('15','31','2015-06-11','3D','80') [ RunTime:0.0005s ]
SQL: INSERT INTO `west_movies_time` (`mid`,`cid`,`date`,`time`,`price`) VALUES ('15','31','2015-06-11','3D','80') [ RunTime:0.0005s ]
SQL: INSERT INTO `west_movies_time` (`mid`,`cid`,`date`,`time`,`price`) VALUES ('15','31','2015-06-11','3D','80') [ RunTime:0.0004s ]
SQL: INSERT INTO `west_movies_time` (`mid`,`cid`,`date`,`time`,`price`) VALUES ('15','31','2015-06-11','3D','80') [ RunTime:0.0006s ]
SQL: INSERT INTO `west_movies_time` (`mid`,`cid`,`date`,`time`,`price`) VALUES ('15','31','2015-06-11','3D','80') [ RunTime:0.0004s ]
SQL: INSERT INTO `west_movies_time` (`mid`,`cid`,`date`,`time`,`price`) VALUES ('15','31','2015-06-11','3D','80') [ RunTime:0.0004s ]
SQL: INSERT INTO `west_movies_time` (`mid`,`cid`,`date`,`time`,`price`) VALUES ('15','31','2015-06-11','3D','80') [ RunTime:0.0006s ]
SQL: INSERT INTO `west_movies_time` (`mid`,`cid`,`date`,`time`,`price`) VALUES ('15','31','2015-06-11','3D','80') [ RunTime:0.0004s ]
SQL: INSERT INTO `west_movies_time` (`mid`,`cid`,`date`,`time`,`price`) VALUES ('15','31','2015-06-11','3D','80') [ RunTime:0.0004s ]
SQL: INSERT INTO `west_movies_time` (`mid`,`cid`,`date`,`time`,`price`) VALUES ('15','31','2015-06-11','3D','80') [ RunTime:0.0008s ]
SQL: INSERT INTO `west_movies_time` (`mid`,`cid`,`date`,`time`,`price`) VALUES ('15','31','2015-06-11','3D','80') [ RunTime:0.0005s ]
SQL: INSERT INTO `west_movies_time` (`mid`,`cid`,`date`,`time`,`price`) VALUES ('15','31','2015-06-11','3D','80') [ RunTime:0.0006s ]
SQL: INSERT INTO `west_movies_time` (`mid`,`cid`,`date`,`time`,`price`) VALUES ('15','31','2015-06-12','3D','80') [ RunTime:0.0010s ]
SQL: INSERT INTO `west_movies_time` (`mid`,`cid`,`date`,`time`,`price`) VALUES ('15','31','2015-06-12','3D','80') [ RunTime:0.0008s ]
SQL: INSERT INTO `west_movies_time` (`mid`,`cid`,`date`,`time`,`price`) VALUES ('15','31','2015-06-12','3D','80') [ RunTime:0.0007s ]
SQL: INSERT INTO `west_movies_time` (`mid`,`cid`,`date`,`time`,`price`) VALUES ('15','31','2015-06-12','3D','80') [ RunTime:0.0009s ]
SQL: INSERT INTO `west_movies_time` (`mid`,`cid`,`date`,`time`,`price`) VALUES ('15','31','2015-06-12','3D','80') [ RunTime:0.0007s ]
SQL: INSERT INTO `west_movies_time` (`mid`,`cid`,`date`,`time`,`price`) VALUES ('15','31','2015-06-12','3D','80') [ RunTime:0.0009s ]
SQL: INSERT INTO `west_movies_time` (`mid`,`cid`,`date`,`time`,`price`) VALUES ('15','31','2015-06-12','3D','80') [ RunTime:0.0005s ]
SQL: INSERT INTO `west_movies_time` (`mid`,`cid`,`date`,`time`,`price`) VALUES ('15','31','2015-06-12','3D','80') [ RunTime:0.0007s ]
SQL: INSERT INTO `west_movies_time` (`mid`,`cid`,`date`,`time`,`price`) VALUES ('15','31','2015-06-12','3D','80') [ RunTime:0.0008s ]
SQL: INSERT INTO `west_movies_time` (`mid`,`cid`,`date`,`time`,`price`) VALUES ('15','31','2015-06-12','3D','80') [ RunTime:0.0007s ]
SQL: INSERT INTO `west_movies_time` (`mid`,`cid`,`date`,`time`,`price`) VALUES ('15','31','2015-06-12','3D','80') [ RunTime:0.0008s ]
SQL: INSERT INTO `west_movies_time` (`mid`,`cid`,`date`,`time`,`price`) VALUES ('15','31','2015-06-12','3D','80') [ RunTime:0.0009s ]
SQL: SELECT * FROM `west_cinemas` WHERE `uid` = 'db8bad956cc64b6a6240a92a' AND `mid` = 15 LIMIT 1   [ RunTime:0.0006s ]
SQL: INSERT INTO `west_cinemas` (`mid`,`uid`,`name`,`address`) VALUES ('15','db8bad956cc64b6a6240a92a','万达影城(西安民乐万达广场店)','解放路中段111号万达百货民乐园店4层') [ RunTime:0.0148s ]
SQL: SELECT * FROM `west_cinemas` WHERE `uid` = '4cee3db92306b7d41e5800c4' AND `mid` = 15 LIMIT 1   [ RunTime:0.0005s ]
SQL: INSERT INTO `west_cinemas` (`mid`,`uid`,`name`,`address`) VALUES ('15','4cee3db92306b7d41e5800c4','西安耀莱国际影城','西安市曲江新区大唐不夜城银泰中心4层') [ RunTime:0.0008s ]
SQL: INSERT INTO `west_movies_time` (`mid`,`cid`,`date`,`time`,`price`) VALUES ('15','33','2015-06-11','3D','90') [ RunTime:0.0006s ]
SQL: INSERT INTO `west_movies_time` (`mid`,`cid`,`date`,`time`,`price`) VALUES ('15','33','2015-06-11','3D','90') [ RunTime:0.0006s ]
SQL: INSERT INTO `west_movies_time` (`mid`,`cid`,`date`,`time`,`price`) VALUES ('15','33','2015-06-11','3D','90') [ RunTime:0.0007s ]
SQL: INSERT INTO `west_movies_time` (`mid`,`cid`,`date`,`time`,`price`) VALUES ('15','33','2015-06-11','3D','90') [ RunTime:0.0007s ]
SQL: INSERT INTO `west_movies_time` (`mid`,`cid`,`date`,`time`,`price`) VALUES ('15','33','2015-06-11','3D','90') [ RunTime:0.0010s ]
SQL: INSERT INTO `west_movies_time` (`mid`,`cid`,`date`,`time`,`price`) VALUES ('15','33','2015-06-11','3D','90') [ RunTime:0.0006s ]
SQL: INSERT INTO `west_movies_time` (`mid`,`cid`,`date`,`time`,`price`) VALUES ('15','33','2015-06-11','3D','90') [ RunTime:0.0009s ]
SQL: INSERT INTO `west_movies_time` (`mid`,`cid`,`date`,`time`,`price`) VALUES ('15','33','2015-06-11','3D','90') [ RunTime:0.0007s ]
SQL: INSERT INTO `west_movies_time` (`mid`,`cid`,`date`,`time`,`price`) VALUES ('15','33','2015-06-11','3D','90') [ RunTime:0.0008s ]
SQL: INSERT INTO `west_movies_time` (`mid`,`cid`,`date`,`time`,`price`) VALUES ('15','33','2015-06-11','3D','90') [ RunTime:0.0007s ]
SQL: INSERT INTO `west_movies_time` (`mid`,`cid`,`date`,`time`,`price`) VALUES ('15','33','2015-06-11','3D','90') [ RunTime:0.0007s ]
SQL: INSERT INTO `west_movies_time` (`mid`,`cid`,`date`,`time`,`price`) VALUES ('15','33','2015-06-11','3D','90') [ RunTime:0.0007s ]
SQL: INSERT INTO `west_movies_time` (`mid`,`cid`,`date`,`time`,`price`) VALUES ('15','33','2015-06-11','3D','90') [ RunTime:0.0006s ]
SQL: INSERT INTO `west_movies_time` (`mid`,`cid`,`date`,`time`,`price`) VALUES ('15','33','2015-06-11','3D','90') [ RunTime:0.0006s ]
SQL: INSERT INTO `west_movies_time` (`mid`,`cid`,`date`,`time`,`price`) VALUES ('15','33','2015-06-11','3D','90') [ RunTime:0.0007s ]
SQL: INSERT INTO `west_movies_time` (`mid`,`cid`,`date`,`time`,`price`) VALUES ('15','33','2015-06-11','3D','120') [ RunTime:0.0006s ]
SQL: INSERT INTO `west_movies_time` (`mid`,`cid`,`date`,`time`,`price`) VALUES ('15','33','2015-06-11','3D','90') [ RunTime:0.0005s ]
SQL: INSERT INTO `west_movies_time` (`mid`,`cid`,`date`,`time`,`price`) VALUES ('15','33','2015-06-11','3D','90') [ RunTime:0.0005s ]
SQL: INSERT INTO `west_movies_time` (`mid`,`cid`,`date`,`time`,`price`) VALUES ('15','33','2015-06-11','3D','90') [ RunTime:0.0007s ]
SQL: INSERT INTO `west_movies_time` (`mid`,`cid`,`date`,`time`,`price`) VALUES ('15','33','2015-06-11','3D','90') [ RunTime:0.0006s ]
SQL: INSERT INTO `west_movies_time` (`mid`,`cid`,`date`,`time`,`price`) VALUES ('15','33','2015-06-11','3D','120') [ RunTime:0.0006s ]
SQL: INSERT INTO `west_movies_time` (`mid`,`cid`,`date`,`time`,`price`) VALUES ('15','33','2015-06-11','3D','90') [ RunTime:0.0009s ]
SQL: INSERT INTO `west_movies_time` (`mid`,`cid`,`date`,`time`,`price`) VALUES ('15','33','2015-06-11','3D','90') [ RunTime:0.0005s ]
SQL: INSERT INTO `west_movies_time` (`mid`,`cid`,`date`,`time`,`price`) VALUES ('15','33','2015-06-11','3D','90') [ RunTime:0.0195s ]
SQL: INSERT INTO `west_movies_time` (`mid`,`cid`,`date`,`time`,`price`) VALUES ('15','33','2015-06-11','3D','120') [ RunTime:0.0010s ]
SQL: INSERT INTO `west_movies_time` (`mid`,`cid`,`date`,`time`,`price`) VALUES ('15','33','2015-06-11','3D','90') [ RunTime:0.0007s ]
SQL: INSERT INTO `west_movies_time` (`mid`,`cid`,`date`,`time`,`price`) VALUES ('15','33','2015-06-11','3D','90') [ RunTime:0.0007s ]
SQL: INSERT INTO `west_movies_time` (`mid`,`cid`,`date`,`time`,`price`) VALUES ('15','33','2015-06-11','3D','90') [ RunTime:0.0006s ]
SQL: INSERT INTO `west_movies_time` (`mid`,`cid`,`date`,`time`,`price`) VALUES ('15','33','2015-06-12','3D','90') [ RunTime:0.0006s ]
SQL: INSERT INTO `west_movies_time` (`mid`,`cid`,`date`,`time`,`price`) VALUES ('15','33','2015-06-12','3D','90') [ RunTime:0.0004s ]
SQL: INSERT INTO `west_movies_time` (`mid`,`cid`,`date`,`time`,`price`) VALUES ('15','33','2015-06-12','3D','90') [ RunTime:0.0007s ]
SQL: INSERT INTO `west_movies_time` (`mid`,`cid`,`date`,`time`,`price`) VALUES ('15','33','2015-06-12','3D','90') [ RunTime:0.0005s ]
SQL: INSERT INTO `west_movies_time` (`mid`,`cid`,`date`,`time`,`price`) VALUES ('15','33','2015-06-12','3D','90') [ RunTime:0.0005s ]
SQL: INSERT INTO `west_movies_time` (`mid`,`cid`,`date`,`time`,`price`) VALUES ('15','33','2015-06-12','3D','90') [ RunTime:0.0006s ]
SQL: INSERT INTO `west_movies_time` (`mid`,`cid`,`date`,`time`,`price`) VALUES ('15','33','2015-06-12','3D','90') [ RunTime:0.0007s ]
SQL: INSERT INTO `west_movies_time` (`mid`,`cid`,`date`,`time`,`price`) VALUES ('15','33','2015-06-12','3D','90') [ RunTime:0.0006s ]
SQL: INSERT INTO `west_movies_time` (`mid`,`cid`,`date`,`time`,`price`) VALUES ('15','33','2015-06-12','3D','90') [ RunTime:0.0004s ]
SQL: INSERT INTO `west_movies_time` (`mid`,`cid`,`date`,`time`,`price`) VALUES ('15','33','2015-06-12','3D','90') [ RunTime:0.0007s ]
SQL: INSERT INTO `west_movies_time` (`mid`,`cid`,`date`,`time`,`price`) VALUES ('15','33','2015-06-12','3D','90') [ RunTime:0.0005s ]
SQL: INSERT INTO `west_movies_time` (`mid`,`cid`,`date`,`time`,`price`) VALUES ('15','33','2015-06-13','3D','90') [ RunTime:0.0005s ]
SQL: INSERT INTO `west_movies_time` (`mid`,`cid`,`date`,`time`,`price`) VALUES ('15','33','2015-06-13','3D','90') [ RunTime:0.0007s ]
SQL: INSERT INTO `west_movies_time` (`mid`,`cid`,`date`,`time`,`price`) VALUES ('15','33','2015-06-13','3D','90') [ RunTime:0.0005s ]
SQL: INSERT INTO `west_movies_time` (`mid`,`cid`,`date`,`time`,`price`) VALUES ('15','33','2015-06-13','3D','90') [ RunTime:0.0005s ]
SQL: INSERT INTO `west_movies_time` (`mid`,`cid`,`date`,`time`,`price`) VALUES ('15','33','2015-06-13','3D','90') [ RunTime:0.0009s ]
SQL: INSERT INTO `west_movies_time` (`mid`,`cid`,`date`,`time`,`price`) VALUES ('15','33','2015-06-13','3D','90') [ RunTime:0.0005s ]
SQL: INSERT INTO `west_movies_time` (`mid`,`cid`,`date`,`time`,`price`) VALUES ('15','33','2015-06-13','3D','90') [ RunTime:0.0005s ]
SQL: INSERT INTO `west_movies_time` (`mid`,`cid`,`date`,`time`,`price`) VALUES ('15','33','2015-06-13','3D','90') [ RunTime:0.0007s ]
SQL: INSERT INTO `west_movies_time` (`mid`,`cid`,`date`,`time`,`price`) VALUES ('15','33','2015-06-13','3D','90') [ RunTime:0.0005s ]
SQL: INSERT INTO `west_movies_time` (`mid`,`cid`,`date`,`time`,`price`) VALUES ('15','33','2015-06-13','3D','90') [ RunTime:0.0005s ]
SQL: INSERT INTO `west_movies_time` (`mid`,`cid`,`date`,`time`,`price`) VALUES ('15','33','2015-06-13','3D','90') [ RunTime:0.0005s ]
SQL: INSERT INTO `west_movies_time` (`mid`,`cid`,`date`,`time`,`price`) VALUES ('15','33','2015-06-13','3D','90') [ RunTime:0.0214s ]
SQL: INSERT INTO `west_movies_time` (`mid`,`cid`,`date`,`time`,`price`) VALUES ('15','33','2015-06-14','3D','90') [ RunTime:0.0010s ]
SQL: INSERT INTO `west_movies_time` (`mid`,`cid`,`date`,`time`,`price`) VALUES ('15','33','2015-06-14','3D','90') [ RunTime:0.0007s ]
SQL: INSERT INTO `west_movies_time` (`mid`,`cid`,`date`,`time`,`price`) VALUES ('15','33','2015-06-14','3D','90') [ RunTime:0.0006s ]
SQL: INSERT INTO `west_movies_time` (`mid`,`cid`,`date`,`time`,`price`) VALUES ('15','33','2015-06-14','3D','90') [ RunTime:0.0006s ]
SQL: INSERT INTO `west_movies_time` (`mid`,`cid`,`date`,`time`,`price`) VALUES ('15','33','2015-06-14','3D','90') [ RunTime:0.0006s ]
SQL: INSERT INTO `west_movies_time` (`mid`,`cid`,`date`,`time`,`price`) VALUES ('15','33','2015-06-14','3D','90') [ RunTime:0.0006s ]
SQL: INSERT INTO `west_movies_time` (`mid`,`cid`,`date`,`time`,`price`) VALUES ('15','33','2015-06-14','3D','90') [ RunTime:0.0009s ]
SQL: INSERT INTO `west_movies_time` (`mid`,`cid`,`date`,`time`,`price`) VALUES ('15','33','2015-06-14','3D','90') [ RunTime:0.0007s ]
SQL: INSERT INTO `west_movies_time` (`mid`,`cid`,`date`,`time`,`price`) VALUES ('15','33','2015-06-14','3D','90') [ RunTime:0.0007s ]
SQL: INSERT INTO `west_movies_time` (`mid`,`cid`,`date`,`time`,`price`) VALUES ('15','33','2015-06-14','3D','90') [ RunTime:0.0009s ]
SQL: INSERT INTO `west_movies_time` (`mid`,`cid`,`date`,`time`,`price`) VALUES ('15','33','2015-06-14','3D','90') [ RunTime:0.0007s ]
SQL: INSERT INTO `west_movies_time` (`mid`,`cid`,`date`,`time`,`price`) VALUES ('15','33','2015-06-14','3D','90') [ RunTime:0.0007s ]

[ 2015-06-11T01:08:03+08:00 ] 127.0.0.1 /westfilms/server/index.php/User/Api/getMovie/name/%E4%BE%8F%E7%BD%97%E7%BA%AA%E4%B8%96%E7%95%8C
INFO: [ app_init ] --START--
INFO: Run Behavior\BuildLiteBehavior [ RunTime:0.000051s ]
INFO: [ app_init ] --END-- [ RunTime:0.000353s ]
INFO: [ app_begin ] --START--
INFO: Run Behavior\ReadHtmlCacheBehavior [ RunTime:0.000182s ]
INFO: [ app_begin ] --END-- [ RunTime:0.000405s ]
SQL: SHOW COLUMNS FROM `west_movies` [ RunTime:0.0005s ]
SQL: SELECT * FROM `west_movies` WHERE `name` = '侏罗纪世界' AND `time` = '2015-06-11' LIMIT 1   [ RunTime:0.0002s ]
NOTIC: [8] Undefined variable: return /var/www/html/westfilms/server/Apps/User/Controller/ApiController.class.php 第 149 行.

[ 2015-06-11T01:08:57+08:00 ] 127.0.0.1 /westfilms/server/index.php/User/Api/getMovie/name/%E5%93%86%E5%95%A6A%E6%A2%A6%EF%BC%9A%E4%BC%B4%E6%88%91%E5%90%8C%E8%A1%8C
INFO: [ app_init ] --START--
INFO: Run Behavior\BuildLiteBehavior [ RunTime:0.000050s ]
INFO: [ app_init ] --END-- [ RunTime:0.000345s ]
INFO: [ app_begin ] --START--
INFO: Run Behavior\ReadHtmlCacheBehavior [ RunTime:0.000155s ]
INFO: [ app_begin ] --END-- [ RunTime:0.000693s ]
SQL: SHOW COLUMNS FROM `west_movies` [ RunTime:0.0005s ]
SQL: SELECT * FROM `west_movies` WHERE `name` = '哆啦A梦：伴我同行' AND `time` = '2015-06-11' LIMIT 1   [ RunTime:0.0002s ]
SQL: INSERT INTO `west_movies` (`name`,`time`) VALUES ('哆啦A梦：伴我同行','2015-06-11') [ RunTime:0.0006s ]
SQL: SHOW COLUMNS FROM `west_cinemas` [ RunTime:0.0014s ]
SQL: SELECT * FROM `west_cinemas` WHERE `uid` = '23c94f9ff665c9fb1ef74d42' AND `mid` = 16 LIMIT 1   [ RunTime:0.0006s ]
SQL: INSERT INTO `west_cinemas` (`mid`,`uid`,`name`,`address`) VALUES ('16','23c94f9ff665c9fb1ef74d42','大地影院(长安步行街)','西安市长安区长安步行街北口长百新市购物广场3楼') [ RunTime:0.2648s ]
SQL: SHOW COLUMNS FROM `west_movies_time` [ RunTime:0.0007s ]
SQL: INSERT INTO `west_movies_time` (`mid`,`cid`,`date`,`time`,`price`) VALUES ('16','34','2015-06-11','3D','29') [ RunTime:0.0007s ]
SQL: INSERT INTO `west_movies_time` (`mid`,`cid`,`date`,`time`,`price`) VALUES ('16','34','2015-06-11','3D','29') [ RunTime:0.0011s ]
SQL: INSERT INTO `west_movies_time` (`mid`,`cid`,`date`,`time`,`price`) VALUES ('16','34','2015-06-11','3D','29') [ RunTime:0.0006s ]
SQL: INSERT INTO `west_movies_time` (`mid`,`cid`,`date`,`time`,`price`) VALUES ('16','34','2015-06-11','3D','29') [ RunTime:0.0008s ]
SQL: INSERT INTO `west_movies_time` (`mid`,`cid`,`date`,`time`,`price`) VALUES ('16','34','2015-06-11','3D','29') [ RunTime:0.0014s ]
SQL: INSERT INTO `west_movies_time` (`mid`,`cid`,`date`,`time`,`price`) VALUES ('16','34','2015-06-11','3D','29') [ RunTime:0.0007s ]
SQL: SELECT * FROM `west_cinemas` WHERE `uid` = '3018f4615eb0d018a80dd8b8' AND `mid` = 16 LIMIT 1   [ RunTime:0.0005s ]
SQL: INSERT INTO `west_cinemas` (`mid`,`uid`,`name`,`address`) VALUES ('16','3018f4615eb0d018a80dd8b8','大地影院(西安金莎国际)','西安市雁塔区长安中路65号小寨金莎国际6楼') [ RunTime:0.0006s ]
SQL: INSERT INTO `west_movies_time` (`mid`,`cid`,`date`,`time`,`price`) VALUES ('16','35','2015-06-11','3D','34') [ RunTime:0.0007s ]
SQL: INSERT INTO `west_movies_time` (`mid`,`cid`,`date`,`time`,`price`) VALUES ('16','35','2015-06-11','3D','34') [ RunTime:0.0008s ]
SQL: INSERT INTO `west_movies_time` (`mid`,`cid`,`date`,`time`,`price`) VALUES ('16','35','2015-06-11','3D','34') [ RunTime:0.0006s ]
SQL: INSERT INTO `west_movies_time` (`mid`,`cid`,`date`,`time`,`price`) VALUES ('16','35','2015-06-11','3D','34') [ RunTime:0.0005s ]
SQL: INSERT INTO `west_movies_time` (`mid`,`cid`,`date`,`time`,`price`) VALUES ('16','35','2015-06-11','3D','34') [ RunTime:0.0536s ]
SQL: INSERT INTO `west_movies_time` (`mid`,`cid`,`date`,`time`,`price`) VALUES ('16','35','2015-06-11','3D','34') [ RunTime:0.0009s ]
SQL: SELECT * FROM `west_cinemas` WHERE `uid` = '6438daee51883a5dc51e5190' AND `mid` = 16 LIMIT 1   [ RunTime:0.0004s ]
SQL: INSERT INTO `west_cinemas` (`mid`,`uid`,`name`,`address`) VALUES ('16','6438daee51883a5dc51e5190','横店影城（西安开远店）','西安市莲湖区西二环和沣惠南路交汇处北侧开远半岛广场') [ RunTime:0.0011s ]
SQL: INSERT INTO `west_movies_time` (`mid`,`cid`,`date`,`time`,`price`) VALUES ('16','36','2015-06-11','3D','80') [ RunTime:0.0005s ]
SQL: INSERT INTO `west_movies_time` (`mid`,`cid`,`date`,`time`,`price`) VALUES ('16','36','2015-06-11','3D','80') [ RunTime:0.0008s ]
SQL: INSERT INTO `west_movies_time` (`mid`,`cid`,`date`,`time`,`price`) VALUES ('16','36','2015-06-11','3D','80') [ RunTime:0.0009s ]
SQL: SELECT * FROM `west_cinemas` WHERE `uid` = 'db8bad956cc64b6a6240a92a' AND `mid` = 16 LIMIT 1   [ RunTime:0.0004s ]
SQL: INSERT INTO `west_cinemas` (`mid`,`uid`,`name`,`address`) VALUES ('16','db8bad956cc64b6a6240a92a','万达影城(西安民乐万达广场店)','解放路中段111号万达百货民乐园店4层') [ RunTime:0.0007s ]
SQL: SELECT * FROM `west_cinemas` WHERE `uid` = '4cee3db92306b7d41e5800c4' AND `mid` = 16 LIMIT 1   [ RunTime:0.0005s ]
SQL: INSERT INTO `west_cinemas` (`mid`,`uid`,`name`,`address`) VALUES ('16','4cee3db92306b7d41e5800c4','西安耀莱国际影城','西安市曲江新区大唐不夜城银泰中心4层') [ RunTime:0.0008s ]
SQL: INSERT INTO `west_movies_time` (`mid`,`cid`,`date`,`time`,`price`) VALUES ('16','38','2015-06-11','3D','90') [ RunTime:0.0007s ]
SQL: INSERT INTO `west_movies_time` (`mid`,`cid`,`date`,`time`,`price`) VALUES ('16','38','2015-06-11','3D','90') [ RunTime:0.0006s ]
SQL: INSERT INTO `west_movies_time` (`mid`,`cid`,`date`,`time`,`price`) VALUES ('16','38','2015-06-11','3D','90') [ RunTime:0.0006s ]
SQL: INSERT INTO `west_movies_time` (`mid`,`cid`,`date`,`time`,`price`) VALUES ('16','38','2015-06-11','3D','90') [ RunTime:0.0009s ]
SQL: INSERT INTO `west_movies_time` (`mid`,`cid`,`date`,`time`,`price`) VALUES ('16','38','2015-06-11','3D','90') [ RunTime:0.0005s ]

[ 2015-06-11T01:24:27+08:00 ] 127.0.0.1 /westfilms/server/index.php/User/Api/getMovie/name/%E5%93%86%E5%95%A6A%E6%A2%A6%EF%BC%9A%E4%BC%B4%E6%88%91%E5%90%8C%E8%A1%8C
INFO: [ app_init ] --START--
INFO: Run Behavior\BuildLiteBehavior [ RunTime:0.000029s ]
INFO: [ app_init ] --END-- [ RunTime:0.000196s ]
INFO: [ app_begin ] --START--
INFO: Run Behavior\ReadHtmlCacheBehavior [ RunTime:0.000090s ]
INFO: [ app_begin ] --END-- [ RunTime:0.000205s ]
SQL: SHOW COLUMNS FROM `west_movies` [ RunTime:0.0007s ]
SQL: SELECT * FROM `west_movies` WHERE `name` = '哆啦A梦：伴我同行' AND `time` = '2015-06-11' LIMIT 1   [ RunTime:0.0061s ]
SQL: SHOW COLUMNS FROM `west_cinemas` [ RunTime:0.0009s ]
NOTIC: [8] Undefined offset: 0 /var/www/html/westfilms/server/Think/Library/Think/Db/Driver.class.php 第 539 行.
NOTIC: [8] Undefined offset: 0 /var/www/html/westfilms/server/Think/Library/Think/Db/Driver.class.php 第 585 行.
NOTIC: [8] Undefined offset: 0 /var/www/html/westfilms/server/Think/Library/Think/Db/Driver.class.php 第 585 行.
NOTIC: [8] Undefined offset: 0 /var/www/html/westfilms/server/Think/Library/Think/Db/Driver.class.php 第 586 行.
NOTIC: [8] Undefined offset: 0 /var/www/html/westfilms/server/Think/Library/Think/Db/Driver.class.php 第 589 行.
NOTIC: [8] Undefined offset: 1 /var/www/html/westfilms/server/Think/Library/Think/Db/Driver.class.php 第 585 行.
NOTIC: [8] Undefined offset: 1 /var/www/html/westfilms/server/Think/Library/Think/Db/Driver.class.php 第 585 行.
NOTIC: [8] Undefined offset: 1 /var/www/html/westfilms/server/Think/Library/Think/Db/Driver.class.php 第 586 行.
NOTIC: [8] Undefined offset: 1 /var/www/html/westfilms/server/Think/Library/Think/Db/Driver.class.php 第 589 行.
NOTIC: [8] Undefined offset: 2 /var/www/html/westfilms/server/Think/Library/Think/Db/Driver.class.php 第 585 行.
NOTIC: [8] Undefined offset: 2 /var/www/html/westfilms/server/Think/Library/Think/Db/Driver.class.php 第 585 行.
NOTIC: [8] Undefined offset: 2 /var/www/html/westfilms/server/Think/Library/Think/Db/Driver.class.php 第 586 行.
NOTIC: [8] Undefined offset: 2 /var/www/html/westfilms/server/Think/Library/Think/Db/Driver.class.php 第 589 行.
SQL: SELECT * FROM `west_cinemas` WHERE ( `mid` = null AND `mid` = null AND `mid` = null  ) ORDER BY id DESC  [ RunTime:0.0005s ]

[ 2015-06-11T01:24:32+08:00 ] 127.0.0.1 /westfilms/server/index.php/User/Api/getMovie/name/%E5%93%86%E5%95%A6A%E6%A2%A6%EF%BC%9A%E4%BC%B4%E6%88%91%E5%90%8C%E8%A1%8C
INFO: [ app_init ] --START--
INFO: Run Behavior\BuildLiteBehavior [ RunTime:0.000030s ]
INFO: [ app_init ] --END-- [ RunTime:0.000209s ]
INFO: [ app_begin ] --START--
INFO: Run Behavior\ReadHtmlCacheBehavior [ RunTime:0.000086s ]
INFO: [ app_begin ] --END-- [ RunTime:0.000202s ]
SQL: SHOW COLUMNS FROM `west_movies` [ RunTime:0.0008s ]
SQL: SELECT * FROM `west_movies` WHERE `name` = '哆啦A梦：伴我同行' AND `time` = '2015-06-11' LIMIT 1   [ RunTime:0.0001s ]
SQL: SHOW COLUMNS FROM `west_cinemas` [ RunTime:0.0004s ]
NOTIC: [8] Undefined offset: 0 /var/www/html/westfilms/server/Think/Library/Think/Db/Driver.class.php 第 539 行.
NOTIC: [8] Undefined offset: 0 /var/www/html/westfilms/server/Think/Library/Think/Db/Driver.class.php 第 585 行.
NOTIC: [8] Undefined offset: 0 /var/www/html/westfilms/server/Think/Library/Think/Db/Driver.class.php 第 585 行.
NOTIC: [8] Undefined offset: 0 /var/www/html/westfilms/server/Think/Library/Think/Db/Driver.class.php 第 586 行.
NOTIC: [8] Undefined offset: 0 /var/www/html/westfilms/server/Think/Library/Think/Db/Driver.class.php 第 589 行.
NOTIC: [8] Undefined offset: 1 /var/www/html/westfilms/server/Think/Library/Think/Db/Driver.class.php 第 585 行.
NOTIC: [8] Undefined offset: 1 /var/www/html/westfilms/server/Think/Library/Think/Db/Driver.class.php 第 585 行.
NOTIC: [8] Undefined offset: 1 /var/www/html/westfilms/server/Think/Library/Think/Db/Driver.class.php 第 586 行.
NOTIC: [8] Undefined offset: 1 /var/www/html/westfilms/server/Think/Library/Think/Db/Driver.class.php 第 589 行.
NOTIC: [8] Undefined offset: 2 /var/www/html/westfilms/server/Think/Library/Think/Db/Driver.class.php 第 585 行.
NOTIC: [8] Undefined offset: 2 /var/www/html/westfilms/server/Think/Library/Think/Db/Driver.class.php 第 585 行.
NOTIC: [8] Undefined offset: 2 /var/www/html/westfilms/server/Think/Library/Think/Db/Driver.class.php 第 586 行.
NOTIC: [8] Undefined offset: 2 /var/www/html/westfilms/server/Think/Library/Think/Db/Driver.class.php 第 589 行.
SQL: SELECT * FROM `west_cinemas` WHERE ( `mid` = null AND `mid` = null AND `mid` = null  ) ORDER BY id DESC  [ RunTime:0.0001s ]

[ 2015-06-11T01:25:28+08:00 ] 127.0.0.1 /westfilms/server/index.php/User/Api/getMovie/name/%E5%93%86%E5%95%A6A%E6%A2%A6%EF%BC%9A%E4%BC%B4%E6%88%91%E5%90%8C%E8%A1%8C
INFO: [ app_init ] --START--
INFO: Run Behavior\BuildLiteBehavior [ RunTime:0.000031s ]
INFO: [ app_init ] --END-- [ RunTime:0.000208s ]
INFO: [ app_begin ] --START--
INFO: Run Behavior\ReadHtmlCacheBehavior [ RunTime:0.000088s ]
INFO: [ app_begin ] --END-- [ RunTime:0.000204s ]
SQL: SHOW COLUMNS FROM `west_movies` [ RunTime:0.0005s ]
SQL: SELECT * FROM `west_movies` WHERE `name` = '哆啦A梦：伴我同行' AND `time` = '2015-06-11' LIMIT 1   [ RunTime:0.0001s ]
SQL: SHOW COLUMNS FROM `west_cinemas` [ RunTime:0.0008s ]
SQL: SELECT * FROM `west_cinemas` WHERE `mid` = 16 ORDER BY id DESC  [ RunTime:0.0003s ]
SQL: SHOW COLUMNS FROM `west_movies_time` [ RunTime:0.0005s ]
SQL: SELECT * FROM `west_movies_time` WHERE `mid` = 16 AND `cid` = 38  [ RunTime:0.0003s ]
SQL: SELECT * FROM `west_movies_time` WHERE `mid` = 16 AND `cid` = 37  [ RunTime:0.0004s ]
SQL: SELECT * FROM `west_movies_time` WHERE `mid` = 16 AND `cid` = 36  [ RunTime:0.0004s ]
SQL: SELECT * FROM `west_movies_time` WHERE `mid` = 16 AND `cid` = 35  [ RunTime:0.0003s ]
SQL: SELECT * FROM `west_movies_time` WHERE `mid` = 16 AND `cid` = 34  [ RunTime:0.0004s ]

[ 2015-06-11T01:26:27+08:00 ] 127.0.0.1 /westfilms/server/index.php/User/Api/getMovie/name/%E6%9C%AB%E6%97%A5%E5%B4%A9%E5%A1%8C
INFO: [ app_init ] --START--
INFO: Run Behavior\BuildLiteBehavior [ RunTime:0.000080s ]
INFO: [ app_init ] --END-- [ RunTime:0.000561s ]
INFO: [ app_begin ] --START--
INFO: Run Behavior\ReadHtmlCacheBehavior [ RunTime:0.000095s ]
INFO: [ app_begin ] --END-- [ RunTime:0.000451s ]
SQL: SHOW COLUMNS FROM `west_movies` [ RunTime:0.0006s ]
SQL: SELECT * FROM `west_movies` WHERE `name` = '末日崩塌' AND `time` = '2015-06-11' LIMIT 1   [ RunTime:0.0003s ]
SQL: INSERT INTO `west_movies` (`name`,`time`) VALUES ('末日崩塌','2015-06-11') [ RunTime:0.0014s ]
SQL: SHOW COLUMNS FROM `west_cinemas` [ RunTime:0.0015s ]
SQL: SELECT * FROM `west_cinemas` WHERE `uid` = '23c94f9ff665c9fb1ef74d42' AND `mid` = 17 LIMIT 1   [ RunTime:0.0007s ]
SQL: INSERT INTO `west_cinemas` (`mid`,`uid`,`name`,`address`) VALUES ('17','23c94f9ff665c9fb1ef74d42','大地影院(长安步行街)','西安市长安区长安步行街北口长百新市购物广场3楼') [ RunTime:0.0011s ]
SQL: SHOW COLUMNS FROM `west_movies_time` [ RunTime:0.0012s ]
SQL: INSERT INTO `west_movies_time` (`mid`,`cid`,`date`,`time`,`price`) VALUES ('17','39','2015-06-11','3D','34') [ RunTime:0.0011s ]
SQL: INSERT INTO `west_movies_time` (`mid`,`cid`,`date`,`time`,`price`) VALUES ('17','39','2015-06-11','3D','34') [ RunTime:0.0012s ]
SQL: INSERT INTO `west_movies_time` (`mid`,`cid`,`date`,`time`,`price`) VALUES ('17','39','2015-06-11','3D','34') [ RunTime:0.0007s ]
SQL: INSERT INTO `west_movies_time` (`mid`,`cid`,`date`,`time`,`price`) VALUES ('17','39','2015-06-11','3D','34') [ RunTime:0.0010s ]
SQL: INSERT INTO `west_movies_time` (`mid`,`cid`,`date`,`time`,`price`) VALUES ('17','39','2015-06-11','3D','34') [ RunTime:0.0008s ]
SQL: INSERT INTO `west_movies_time` (`mid`,`cid`,`date`,`time`,`price`) VALUES ('17','39','2015-06-11','3D','34') [ RunTime:0.0010s ]
SQL: INSERT INTO `west_movies_time` (`mid`,`cid`,`date`,`time`,`price`) VALUES ('17','39','2015-06-11','3D','34') [ RunTime:0.0008s ]
SQL: INSERT INTO `west_movies_time` (`mid`,`cid`,`date`,`time`,`price`) VALUES ('17','39','2015-06-11','3D','34') [ RunTime:0.0008s ]
SQL: INSERT INTO `west_movies_time` (`mid`,`cid`,`date`,`time`,`price`) VALUES ('17','39','2015-06-11','3D','34') [ RunTime:0.0006s ]
SQL: INSERT INTO `west_movies_time` (`mid`,`cid`,`date`,`time`,`price`) VALUES ('17','39','2015-06-11','3D','34') [ RunTime:0.0006s ]
SQL: SELECT * FROM `west_cinemas` WHERE `uid` = '3018f4615eb0d018a80dd8b8' AND `mid` = 17 LIMIT 1   [ RunTime:0.0006s ]
SQL: INSERT INTO `west_cinemas` (`mid`,`uid`,`name`,`address`) VALUES ('17','3018f4615eb0d018a80dd8b8','大地影院(西安金莎国际)','西安市雁塔区长安中路65号小寨金莎国际6楼') [ RunTime:0.0374s ]
SQL: INSERT INTO `west_movies_time` (`mid`,`cid`,`date`,`time`,`price`) VALUES ('17','40','2015-06-11','3D','39') [ RunTime:0.0011s ]
SQL: INSERT INTO `west_movies_time` (`mid`,`cid`,`date`,`time`,`price`) VALUES ('17','40','2015-06-11','3D','39') [ RunTime:0.0007s ]
SQL: INSERT INTO `west_movies_time` (`mid`,`cid`,`date`,`time`,`price`) VALUES ('17','40','2015-06-11','3D','39') [ RunTime:0.0007s ]
SQL: INSERT INTO `west_movies_time` (`mid`,`cid`,`date`,`time`,`price`) VALUES ('17','40','2015-06-11','3D','39') [ RunTime:0.0010s ]
SQL: INSERT INTO `west_movies_time` (`mid`,`cid`,`date`,`time`,`price`) VALUES ('17','40','2015-06-11','3D','39') [ RunTime:0.0008s ]
SQL: INSERT INTO `west_movies_time` (`mid`,`cid`,`date`,`time`,`price`) VALUES ('17','40','2015-06-11','3D','39') [ RunTime:0.0008s ]
SQL: INSERT INTO `west_movies_time` (`mid`,`cid`,`date`,`time`,`price`) VALUES ('17','40','2015-06-11','3D','39') [ RunTime:0.0007s ]
SQL: INSERT INTO `west_movies_time` (`mid`,`cid`,`date`,`time`,`price`) VALUES ('17','40','2015-06-11','3D','39') [ RunTime:0.0008s ]
SQL: INSERT INTO `west_movies_time` (`mid`,`cid`,`date`,`time`,`price`) VALUES ('17','40','2015-06-11','3D','39') [ RunTime:0.0006s ]
SQL: SELECT * FROM `west_cinemas` WHERE `uid` = '6438daee51883a5dc51e5190' AND `mid` = 17 LIMIT 1   [ RunTime:0.0006s ]
SQL: INSERT INTO `west_cinemas` (`mid`,`uid`,`name`,`address`) VALUES ('17','6438daee51883a5dc51e5190','横店影城（西安开远店）','西安市莲湖区西二环和沣惠南路交汇处北侧开远半岛广场') [ RunTime:0.0008s ]
SQL: INSERT INTO `west_movies_time` (`mid`,`cid`,`date`,`time`,`price`) VALUES ('17','41','2015-06-11','3D','80') [ RunTime:0.0006s ]
SQL: INSERT INTO `west_movies_time` (`mid`,`cid`,`date`,`time`,`price`) VALUES ('17','41','2015-06-11','3D','80') [ RunTime:0.0008s ]
SQL: INSERT INTO `west_movies_time` (`mid`,`cid`,`date`,`time`,`price`) VALUES ('17','41','2015-06-11','3D','80') [ RunTime:0.0005s ]
SQL: INSERT INTO `west_movies_time` (`mid`,`cid`,`date`,`time`,`price`) VALUES ('17','41','2015-06-11','3D','80') [ RunTime:0.0006s ]
SQL: INSERT INTO `west_movies_time` (`mid`,`cid`,`date`,`time`,`price`) VALUES ('17','41','2015-06-11','3D','80') [ RunTime:0.0007s ]
SQL: INSERT INTO `west_movies_time` (`mid`,`cid`,`date`,`time`,`price`) VALUES ('17','41','2015-06-11','3D','80') [ RunTime:0.0006s ]
SQL: INSERT INTO `west_movies_time` (`mid`,`cid`,`date`,`time`,`price`) VALUES ('17','41','2015-06-11','3D','80') [ RunTime:0.0005s ]
SQL: INSERT INTO `west_movies_time` (`mid`,`cid`,`date`,`time`,`price`) VALUES ('17','41','2015-06-11','3D','80') [ RunTime:0.0006s ]
SQL: INSERT INTO `west_movies_time` (`mid`,`cid`,`date`,`time`,`price`) VALUES ('17','41','2015-06-11','3D','80') [ RunTime:0.0007s ]
SQL: SELECT * FROM `west_cinemas` WHERE `uid` = 'db8bad956cc64b6a6240a92a' AND `mid` = 17 LIMIT 1   [ RunTime:0.0005s ]
SQL: INSERT INTO `west_cinemas` (`mid`,`uid`,`name`,`address`) VALUES ('17','db8bad956cc64b6a6240a92a','万达影城(西安民乐万达广场店)','解放路中段111号万达百货民乐园店4层') [ RunTime:0.0006s ]
SQL: SELECT * FROM `west_cinemas` WHERE `uid` = '4cee3db92306b7d41e5800c4' AND `mid` = 17 LIMIT 1   [ RunTime:0.0005s ]
SQL: INSERT INTO `west_cinemas` (`mid`,`uid`,`name`,`address`) VALUES ('17','4cee3db92306b7d41e5800c4','西安耀莱国际影城','西安市曲江新区大唐不夜城银泰中心4层') [ RunTime:0.0008s ]
SQL: INSERT INTO `west_movies_time` (`mid`,`cid`,`date`,`time`,`price`) VALUES ('17','43','2015-06-11','3D','90') [ RunTime:0.0005s ]
SQL: INSERT INTO `west_movies_time` (`mid`,`cid`,`date`,`time`,`price`) VALUES ('17','43','2015-06-11','3D','90') [ RunTime:0.0009s ]
SQL: INSERT INTO `west_movies_time` (`mid`,`cid`,`date`,`time`,`price`) VALUES ('17','43','2015-06-11','3D','90') [ RunTime:0.0159s ]
SQL: INSERT INTO `west_movies_time` (`mid`,`cid`,`date`,`time`,`price`) VALUES ('17','43','2015-06-11','3D','120') [ RunTime:0.0009s ]
SQL: INSERT INTO `west_movies_time` (`mid`,`cid`,`date`,`time`,`price`) VALUES ('17','43','2015-06-11','3D','90') [ RunTime:0.0006s ]
SQL: INSERT INTO `west_movies_time` (`mid`,`cid`,`date`,`time`,`price`) VALUES ('17','43','2015-06-11','3D','90') [ RunTime:0.0007s ]
SQL: INSERT INTO `west_movies_time` (`mid`,`cid`,`date`,`time`,`price`) VALUES ('17','43','2015-06-11','3D','90') [ RunTime:0.0007s ]
SQL: INSERT INTO `west_movies_time` (`mid`,`cid`,`date`,`time`,`price`) VALUES ('17','43','2015-06-11','3D','90') [ RunTime:0.0009s ]

[ 2015-06-11T01:28:24+08:00 ] 127.0.0.1 /westfilms/server/index.php/User/Api/getMovie/name/%E6%9C%AB%E6%97%A5%E5%B4%A9%E5%A1%8C
INFO: [ app_init ] --START--
INFO: Run Behavior\BuildLiteBehavior [ RunTime:0.000030s ]
INFO: [ app_init ] --END-- [ RunTime:0.000205s ]
INFO: [ app_begin ] --START--
INFO: Run Behavior\ReadHtmlCacheBehavior [ RunTime:0.000087s ]
INFO: [ app_begin ] --END-- [ RunTime:0.000201s ]
SQL: SHOW COLUMNS FROM `west_movies` [ RunTime:0.0007s ]
SQL: SELECT * FROM `west_movies` WHERE `name` = '末日崩塌' AND `time` = '2015-06-11' LIMIT 1   [ RunTime:0.0004s ]
SQL: SHOW COLUMNS FROM `west_cinemas` [ RunTime:0.0008s ]
SQL: SELECT * FROM `west_cinemas` WHERE `mid` = 17 ORDER BY id DESC  [ RunTime:0.0005s ]
SQL: SHOW COLUMNS FROM `west_movies_time` [ RunTime:0.0007s ]
SQL: SELECT * FROM `west_movies_time` WHERE `mid` = 17 AND `cid` = 43  [ RunTime:0.0005s ]
SQL: SELECT * FROM `west_movies_time` WHERE `mid` = 17 AND `cid` = 42  [ RunTime:0.0003s ]
SQL: SELECT * FROM `west_movies_time` WHERE `mid` = 17 AND `cid` = 41  [ RunTime:0.0004s ]
SQL: SELECT * FROM `west_movies_time` WHERE `mid` = 17 AND `cid` = 40  [ RunTime:0.0005s ]
SQL: SELECT * FROM `west_movies_time` WHERE `mid` = 17 AND `cid` = 39  [ RunTime:0.0004s ]

[ 2015-06-11T01:29:12+08:00 ] 127.0.0.1 /westfilms/server/index.php/User/Api/getMovie/name/%E6%9C%AB%E6%97%A5%E5%B4%A9%E5%A1%8C
INFO: [ app_init ] --START--
INFO: Run Behavior\BuildLiteBehavior [ RunTime:0.000053s ]
INFO: [ app_init ] --END-- [ RunTime:0.000367s ]
INFO: [ app_begin ] --START--
INFO: Run Behavior\ReadHtmlCacheBehavior [ RunTime:0.000168s ]
INFO: [ app_begin ] --END-- [ RunTime:0.000391s ]
SQL: SHOW COLUMNS FROM `west_movies` [ RunTime:0.0006s ]
SQL: SELECT * FROM `west_movies` WHERE `name` = '末日崩塌' AND `time` = '2015-06-11' LIMIT 1   [ RunTime:0.0001s ]
SQL: SHOW COLUMNS FROM `west_cinemas` [ RunTime:0.0004s ]
SQL: SELECT * FROM `west_cinemas` WHERE `mid` = 17 ORDER BY id DESC  [ RunTime:0.0001s ]
SQL: SHOW COLUMNS FROM `west_movies_time` [ RunTime:0.0005s ]
SQL: SELECT * FROM `west_movies_time` WHERE `mid` = 17 AND `cid` = 43 ORDER BY id DESC  [ RunTime:0.0006s ]
SQL: SELECT * FROM `west_movies_time` WHERE `mid` = 17 AND `cid` = 42 ORDER BY id DESC  [ RunTime:0.0003s ]
SQL: SELECT * FROM `west_movies_time` WHERE `mid` = 17 AND `cid` = 41 ORDER BY id DESC  [ RunTime:0.0004s ]
SQL: SELECT * FROM `west_movies_time` WHERE `mid` = 17 AND `cid` = 40 ORDER BY id DESC  [ RunTime:0.0004s ]
SQL: SELECT * FROM `west_movies_time` WHERE `mid` = 17 AND `cid` = 39 ORDER BY id DESC  [ RunTime:0.0003s ]

[ 2015-06-11T01:31:58+08:00 ] 127.0.0.1 /westfilms/server/index.php/User/Api/getMovie/name/%E6%9C%AB%E6%97%A5%E5%B4%A9%E5%A1%8C
INFO: [ app_init ] --START--
INFO: Run Behavior\BuildLiteBehavior [ RunTime:0.000031s ]
INFO: [ app_init ] --END-- [ RunTime:0.000204s ]
INFO: [ app_begin ] --START--
INFO: Run Behavior\ReadHtmlCacheBehavior [ RunTime:0.000093s ]
INFO: [ app_begin ] --END-- [ RunTime:0.000210s ]
SQL: SHOW COLUMNS FROM `west_movies` [ RunTime:0.0005s ]
SQL: SELECT * FROM `west_movies` WHERE `name` = '末日崩塌' AND `time` = '2015-06-11' LIMIT 1   [ RunTime:0.0002s ]
SQL: INSERT INTO `west_movies` (`name`,`time`) VALUES ('末日崩塌','2015-06-11') [ RunTime:0.0007s ]
SQL: SHOW COLUMNS FROM `west_cinemas` [ RunTime:0.0018s ]
SQL: SELECT * FROM `west_cinemas` WHERE `uid` = '23c94f9ff665c9fb1ef74d42' AND `mid` = 18 LIMIT 1   [ RunTime:0.0007s ]
SQL: INSERT INTO `west_cinemas` (`mid`,`uid`,`name`,`address`) VALUES ('18','23c94f9ff665c9fb1ef74d42','大地影院(长安步行街)','西安市长安区长安步行街北口长百新市购物广场3楼') [ RunTime:0.0010s ]
SQL: SHOW COLUMNS FROM `west_movies_time` [ RunTime:0.0013s ]
SQL: INSERT INTO `west_movies_time` (`mid`,`cid`,`date`,`time`,`type`,`price`) VALUES ('18','44','2015-06-11','11:25','3D','34') [ RunTime:0.0008s ]
SQL: INSERT INTO `west_movies_time` (`mid`,`cid`,`date`,`time`,`type`,`price`) VALUES ('18','44','2015-06-11','12:15','3D','34') [ RunTime:0.0005s ]
SQL: INSERT INTO `west_movies_time` (`mid`,`cid`,`date`,`time`,`type`,`price`) VALUES ('18','44','2015-06-11','13:35','3D','34') [ RunTime:0.0005s ]
SQL: INSERT INTO `west_movies_time` (`mid`,`cid`,`date`,`time`,`type`,`price`) VALUES ('18','44','2015-06-11','14:25','3D','34') [ RunTime:0.0008s ]
SQL: INSERT INTO `west_movies_time` (`mid`,`cid`,`date`,`time`,`type`,`price`) VALUES ('18','44','2015-06-11','15:45','3D','34') [ RunTime:0.0006s ]
SQL: INSERT INTO `west_movies_time` (`mid`,`cid`,`date`,`time`,`type`,`price`) VALUES ('18','44','2015-06-11','18:00','3D','34') [ RunTime:0.0005s ]
SQL: INSERT INTO `west_movies_time` (`mid`,`cid`,`date`,`time`,`type`,`price`) VALUES ('18','44','2015-06-11','19:20','3D','34') [ RunTime:0.0007s ]
SQL: INSERT INTO `west_movies_time` (`mid`,`cid`,`date`,`time`,`type`,`price`) VALUES ('18','44','2015-06-11','20:15','3D','34') [ RunTime:0.0158s ]
SQL: INSERT INTO `west_movies_time` (`mid`,`cid`,`date`,`time`,`type`,`price`) VALUES ('18','44','2015-06-11','21:35','3D','34') [ RunTime:0.0008s ]
SQL: INSERT INTO `west_movies_time` (`mid`,`cid`,`date`,`time`,`type`,`price`) VALUES ('18','44','2015-06-11','22:20','3D','34') [ RunTime:0.0006s ]
SQL: SELECT * FROM `west_cinemas` WHERE `uid` = '3018f4615eb0d018a80dd8b8' AND `mid` = 18 LIMIT 1   [ RunTime:0.0005s ]
SQL: INSERT INTO `west_cinemas` (`mid`,`uid`,`name`,`address`) VALUES ('18','3018f4615eb0d018a80dd8b8','大地影院(西安金莎国际)','西安市雁塔区长安中路65号小寨金莎国际6楼') [ RunTime:0.0006s ]
SQL: INSERT INTO `west_movies_time` (`mid`,`cid`,`date`,`time`,`type`,`price`) VALUES ('18','45','2015-06-11','10:30','3D','39') [ RunTime:0.0008s ]
SQL: INSERT INTO `west_movies_time` (`mid`,`cid`,`date`,`time`,`type`,`price`) VALUES ('18','45','2015-06-11','10:50','3D','39') [ RunTime:0.0006s ]
SQL: INSERT INTO `west_movies_time` (`mid`,`cid`,`date`,`time`,`type`,`price`) VALUES ('18','45','2015-06-11','13:00','3D','39') [ RunTime:0.0007s ]
SQL: INSERT INTO `west_movies_time` (`mid`,`cid`,`date`,`time`,`type`,`price`) VALUES ('18','45','2015-06-11','15:10','3D','39') [ RunTime:0.0005s ]
SQL: INSERT INTO `west_movies_time` (`mid`,`cid`,`date`,`time`,`type`,`price`) VALUES ('18','45','2015-06-11','17:20','3D','39') [ RunTime:0.0005s ]
SQL: INSERT INTO `west_movies_time` (`mid`,`cid`,`date`,`time`,`type`,`price`) VALUES ('18','45','2015-06-11','19:00','3D','39') [ RunTime:0.0005s ]
SQL: INSERT INTO `west_movies_time` (`mid`,`cid`,`date`,`time`,`type`,`price`) VALUES ('18','45','2015-06-11','19:30','3D','39') [ RunTime:0.0006s ]
SQL: INSERT INTO `west_movies_time` (`mid`,`cid`,`date`,`time`,`type`,`price`) VALUES ('18','45','2015-06-11','21:40','3D','39') [ RunTime:0.0005s ]
SQL: INSERT INTO `west_movies_time` (`mid`,`cid`,`date`,`time`,`type`,`price`) VALUES ('18','45','2015-06-11','22:10','3D','39') [ RunTime:0.0005s ]
SQL: SELECT * FROM `west_cinemas` WHERE `uid` = '6438daee51883a5dc51e5190' AND `mid` = 18 LIMIT 1   [ RunTime:0.0005s ]
SQL: INSERT INTO `west_cinemas` (`mid`,`uid`,`name`,`address`) VALUES ('18','6438daee51883a5dc51e5190','横店影城（西安开远店）','西安市莲湖区西二环和沣惠南路交汇处北侧开远半岛广场') [ RunTime:0.0007s ]
SQL: INSERT INTO `west_movies_time` (`mid`,`cid`,`date`,`time`,`type`,`price`) VALUES ('18','46','2015-06-11','16:10','3D','80') [ RunTime:0.0005s ]
SQL: INSERT INTO `west_movies_time` (`mid`,`cid`,`date`,`time`,`type`,`price`) VALUES ('18','46','2015-06-11','19:55','3D','80') [ RunTime:0.0007s ]
SQL: INSERT INTO `west_movies_time` (`mid`,`cid`,`date`,`time`,`type`,`price`) VALUES ('18','46','2015-06-11','21:00','3D','80') [ RunTime:0.0008s ]
SQL: INSERT INTO `west_movies_time` (`mid`,`cid`,`date`,`time`,`type`,`price`) VALUES ('18','46','2015-06-11','21:55','3D','80') [ RunTime:0.0007s ]
SQL: INSERT INTO `west_movies_time` (`mid`,`cid`,`date`,`time`,`type`,`price`) VALUES ('18','46','2015-06-11','23:00','3D','80') [ RunTime:0.0009s ]
SQL: INSERT INTO `west_movies_time` (`mid`,`cid`,`date`,`time`,`type`,`price`) VALUES ('18','46','2015-06-11','12:00','3D','80') [ RunTime:0.0005s ]
SQL: INSERT INTO `west_movies_time` (`mid`,`cid`,`date`,`time`,`type`,`price`) VALUES ('18','46','2015-06-11','12:35','3D','80') [ RunTime:0.0006s ]
SQL: INSERT INTO `west_movies_time` (`mid`,`cid`,`date`,`time`,`type`,`price`) VALUES ('18','46','2015-06-11','14:05','3D','80') [ RunTime:0.0007s ]
SQL: INSERT INTO `west_movies_time` (`mid`,`cid`,`date`,`time`,`type`,`price`) VALUES ('18','46','2015-06-11','14:45','3D','80') [ RunTime:0.0006s ]
SQL: SELECT * FROM `west_cinemas` WHERE `uid` = 'db8bad956cc64b6a6240a92a' AND `mid` = 18 LIMIT 1   [ RunTime:0.0007s ]
SQL: INSERT INTO `west_cinemas` (`mid`,`uid`,`name`,`address`) VALUES ('18','db8bad956cc64b6a6240a92a','万达影城(西安民乐万达广场店)','解放路中段111号万达百货民乐园店4层') [ RunTime:0.0008s ]
SQL: SELECT * FROM `west_cinemas` WHERE `uid` = '4cee3db92306b7d41e5800c4' AND `mid` = 18 LIMIT 1   [ RunTime:0.0005s ]
SQL: INSERT INTO `west_cinemas` (`mid`,`uid`,`name`,`address`) VALUES ('18','4cee3db92306b7d41e5800c4','西安耀莱国际影城','西安市曲江新区大唐不夜城银泰中心4层') [ RunTime:0.0166s ]
SQL: INSERT INTO `west_movies_time` (`mid`,`cid`,`date`,`time`,`type`,`price`) VALUES ('18','48','2015-06-11','11:25','3D','90') [ RunTime:0.0009s ]
SQL: INSERT INTO `west_movies_time` (`mid`,`cid`,`date`,`time`,`type`,`price`) VALUES ('18','48','2015-06-11','13:40','3D','90') [ RunTime:0.0006s ]
SQL: INSERT INTO `west_movies_time` (`mid`,`cid`,`date`,`time`,`type`,`price`) VALUES ('18','48','2015-06-11','15:55','3D','90') [ RunTime:0.0009s ]
SQL: INSERT INTO `west_movies_time` (`mid`,`cid`,`date`,`time`,`type`,`price`) VALUES ('18','48','2015-06-11','16:20','3D','120') [ RunTime:0.0008s ]
SQL: INSERT INTO `west_movies_time` (`mid`,`cid`,`date`,`time`,`type`,`price`) VALUES ('18','48','2015-06-11','18:05','3D','90') [ RunTime:0.0010s ]
SQL: INSERT INTO `west_movies_time` (`mid`,`cid`,`date`,`time`,`type`,`price`) VALUES ('18','48','2015-06-11','20:20','3D','90') [ RunTime:0.0006s ]
SQL: INSERT INTO `west_movies_time` (`mid`,`cid`,`date`,`time`,`type`,`price`) VALUES ('18','48','2015-06-11','21:55','3D','90') [ RunTime:0.0009s ]
SQL: INSERT INTO `west_movies_time` (`mid`,`cid`,`date`,`time`,`type`,`price`) VALUES ('18','48','2015-06-11','22:35','3D','90') [ RunTime:0.0007s ]

[ 2015-06-11T01:32:38+08:00 ] 127.0.0.1 /westfilms/server/index.php/User/Api/getMovie/name/%E6%9C%AB%E6%97%A5%E5%B4%A9%E5%A1%8C
INFO: [ app_init ] --START--
INFO: Run Behavior\BuildLiteBehavior [ RunTime:0.000030s ]
INFO: [ app_init ] --END-- [ RunTime:0.000207s ]
INFO: [ app_begin ] --START--
INFO: Run Behavior\ReadHtmlCacheBehavior [ RunTime:0.000055s ]
INFO: [ app_begin ] --END-- [ RunTime:0.000124s ]
SQL: SHOW COLUMNS FROM `west_movies` [ RunTime:0.0007s ]
SQL: SELECT * FROM `west_movies` WHERE `name` = '末日崩塌' AND `time` = '2015-06-11' LIMIT 1   [ RunTime:0.0013s ]
SQL: SHOW COLUMNS FROM `west_cinemas` [ RunTime:0.0005s ]
SQL: SELECT * FROM `west_cinemas` WHERE `mid` = 18 ORDER BY id DESC  [ RunTime:0.0003s ]
SQL: SHOW COLUMNS FROM `west_movies_time` [ RunTime:0.0013s ]
SQL: SELECT * FROM `west_movies_time` WHERE `mid` = 18 AND `cid` = 48 ORDER BY id DESC  [ RunTime:0.0006s ]
SQL: SELECT * FROM `west_movies_time` WHERE `mid` = 18 AND `cid` = 47 ORDER BY id DESC  [ RunTime:0.0004s ]
SQL: SELECT * FROM `west_movies_time` WHERE `mid` = 18 AND `cid` = 46 ORDER BY id DESC  [ RunTime:0.0006s ]
SQL: SELECT * FROM `west_movies_time` WHERE `mid` = 18 AND `cid` = 45 ORDER BY id DESC  [ RunTime:0.0006s ]
SQL: SELECT * FROM `west_movies_time` WHERE `mid` = 18 AND `cid` = 44 ORDER BY id DESC  [ RunTime:0.0004s ]

[ 2015-06-11T01:37:41+08:00 ] 127.0.0.1 /westfilms/server/index.php?m=User&c=Api&a=getMovie&name=%E6%9C%AB%E6%97%A5%E5%B4%A9%E5%A1%8C
INFO: [ app_init ] --START--
INFO: Run Behavior\BuildLiteBehavior [ RunTime:0.000023s ]
INFO: [ app_init ] --END-- [ RunTime:0.000157s ]
INFO: [ app_begin ] --START--
INFO: Run Behavior\ReadHtmlCacheBehavior [ RunTime:0.000063s ]
INFO: [ app_begin ] --END-- [ RunTime:0.000154s ]
ERR: 非法操作:getMovie

[ 2015-06-11T01:38:42+08:00 ] 127.0.0.1 /westfilms/server/index.php?m=User&c=Api&a=getMovie&name=%E6%9C%AB%E6%97%A5%E5%B4%A9%E5%A1%8C
INFO: [ app_init ] --START--
INFO: Run Behavior\BuildLiteBehavior [ RunTime:0.000049s ]
INFO: [ app_init ] --END-- [ RunTime:0.000348s ]
INFO: [ app_begin ] --START--
INFO: Run Behavior\ReadHtmlCacheBehavior [ RunTime:0.000094s ]
INFO: [ app_begin ] --END-- [ RunTime:0.000285s ]
ERR: 非法操作:getMovie

