[ 2015-05-31T12:17:15+08:00 ] 127.0.0.1 /WesternFilms/server/index.php/User/news/add
INFO: [ app_init ] --START--
INFO: Run Behavior\BuildLiteBehavior [ RunTime:0.000019s ]
INFO: [ app_init ] --END-- [ RunTime:0.000607s ]
INFO: [ app_begin ] --START--
INFO: Run Behavior\ReadHtmlCacheBehavior [ RunTime:0.000780s ]
INFO: [ app_begin ] --END-- [ RunTime:0.000877s ]
NOTIC: [8] Use of undefined constant ture - assumed 'ture' D:\WampServer2.1a-x32\WampServer\wamp\www\WesternFilms\server\Apps\User\Controller\BaseController.class.php 第 20 行.
SQL: SHOW COLUMNS FROM `west_news` [ RunTime:0.0043s ]
SQL: INSERT INTO `west_news` (`uid`,`title`,`big_img`,`thumbnail`,`summary`,`source`,`author`,`content`,`release_time`,`status`,`modify_time`) VALUES ('13','vfvfvfv','no','./images/show.png',' 费vfvvfvfv','','','fvfv','1433045835','1','1433045835') [ RunTime:0.2583s ]
SQL: SHOW COLUMNS FROM `west_log` [ RunTime:0.0469s ]
SQL: INSERT INTO `west_log` (`uid`,`type`,`target`,`target_id`,`target_name`,`modify_time`) VALUES ('13','add','news','30','vfvfvfv','1433045835') [ RunTime:0.2844s ]

[ 2015-05-31T12:17:21+08:00 ] 127.0.0.1 /WesternFilms/server/index.php/User/news/edit
INFO: [ app_init ] --START--
INFO: Run Behavior\BuildLiteBehavior [ RunTime:0.000015s ]
INFO: [ app_init ] --END-- [ RunTime:0.000459s ]
INFO: [ app_begin ] --START--
INFO: Run Behavior\ReadHtmlCacheBehavior [ RunTime:0.000667s ]
INFO: [ app_begin ] --END-- [ RunTime:0.000733s ]
NOTIC: [8] Use of undefined constant ture - assumed 'ture' D:\WampServer2.1a-x32\WampServer\wamp\www\WesternFilms\server\Apps\User\Controller\BaseController.class.php 第 20 行.
SQL: SHOW COLUMNS FROM `west_news` [ RunTime:0.0047s ]
SQL: SELECT * FROM `west_news` WHERE ( id = 30 ) LIMIT 1   [ RunTime:0.0006s ]
SQL: UPDATE `west_news` SET `title`='vfvfvfv',`big_img`='no',`thumbnail`='./images/show.png',`summary`=' 费vfvvfvfv',`source`='',`author`='',`content`='fvfv费vfvf',`modify_time`='1433045840' WHERE ( id = 30 ) [ RunTime:0.4345s ]
SQL: SHOW COLUMNS FROM `west_log` [ RunTime:0.0091s ]
SQL: INSERT INTO `west_log` (`uid`,`type`,`target`,`target_id`,`target_name`,`modify_time`) VALUES ('13','edit','news','30','vfvfvfv','1433045841') [ RunTime:0.0672s ]

[ 2015-05-31T12:17:26+08:00 ] 127.0.0.1 /WesternFilms/server/index.php/User/news/del
INFO: [ app_init ] --START--
INFO: Run Behavior\BuildLiteBehavior [ RunTime:0.000037s ]
INFO: [ app_init ] --END-- [ RunTime:0.000667s ]
INFO: [ app_begin ] --START--
INFO: Run Behavior\ReadHtmlCacheBehavior [ RunTime:0.000833s ]
INFO: [ app_begin ] --END-- [ RunTime:0.000934s ]
NOTIC: [8] Use of undefined constant ture - assumed 'ture' D:\WampServer2.1a-x32\WampServer\wamp\www\WesternFilms\server\Apps\User\Controller\BaseController.class.php 第 20 行.
SQL: SHOW COLUMNS FROM `west_news` [ RunTime:0.0047s ]
SQL: SELECT * FROM `west_news` WHERE ( id = 30 ) LIMIT 1   [ RunTime:0.0005s ]
SQL: UPDATE `west_news` SET `status`='0' WHERE ( id = 30 ) [ RunTime:0.1288s ]
SQL: SHOW COLUMNS FROM `west_log` [ RunTime:0.0099s ]
SQL: INSERT INTO `west_log` (`uid`,`type`,`target`,`target_id`,`target_name`,`modify_time`) VALUES ('13','del','news','30','vfvfvfv','1433045846') [ RunTime:0.0663s ]

[ 2015-05-31T14:00:22+08:00 ] 127.0.0.1 /WesternFilms/server/index.php/User/user/editInfo
INFO: [ app_init ] --START--
INFO: Run Behavior\BuildLiteBehavior [ RunTime:0.000015s ]
INFO: [ app_init ] --END-- [ RunTime:0.000387s ]
INFO: [ app_begin ] --START--
INFO: Run Behavior\ReadHtmlCacheBehavior [ RunTime:0.000673s ]
INFO: [ app_begin ] --END-- [ RunTime:0.000728s ]
NOTIC: [8] Use of undefined constant ture - assumed 'ture' D:\WampServer2.1a-x32\WampServer\wamp\www\WesternFilms\server\Apps\User\Controller\BaseController.class.php 第 20 行.
SQL: SHOW COLUMNS FROM `west_user` [ RunTime:0.0037s ]
SQL: SHOW COLUMNS FROM `west_company` [ RunTime:0.0034s ]
SQL: UPDATE `west_company` SET `uid`='13',`mail`='i@ztf.me',`tel`='13572424158',`wechat_url`='./images/code.png',`introduction`='fewfwefwef',`banner_url`='./images/coding.png',`modify_time`='1433052022' WHERE ( uid = '13' ) [ RunTime:0.3970s ]

[ 2015-05-31T16:26:58+08:00 ] 127.0.0.1 /WesternFilms/server/index.php/User/user/editInfo
INFO: [ app_init ] --START--
INFO: Run Behavior\BuildLiteBehavior [ RunTime:0.000018s ]
INFO: [ app_init ] --END-- [ RunTime:0.000553s ]
INFO: [ app_begin ] --START--
INFO: Run Behavior\ReadHtmlCacheBehavior [ RunTime:0.000718s ]
INFO: [ app_begin ] --END-- [ RunTime:0.000781s ]
NOTIC: [8] Use of undefined constant ture - assumed 'ture' D:\WampServer2.1a-x32\WampServer\wamp\www\WesternFilms\server\Apps\User\Controller\BaseController.class.php 第 20 行.
SQL: SHOW COLUMNS FROM `west_user` [ RunTime:0.0037s ]
SQL: SHOW COLUMNS FROM `west_company` [ RunTime:0.0033s ]
SQL: UPDATE `west_company` SET `uid`='13',`mail`='i@ztf.me',`tel`='13572424158',`wechat_url`='./images/code.png',`introduction`='fewfwefwef高规格高规格',`banner_url`='./images/coding.png',`modify_time`='1433060818' WHERE ( uid = '13' ) [ RunTime:0.1035s ]

[ 2015-05-31T16:28:00+08:00 ] 192.168.252.11 /WesternFilms/server/index.php/User/user/login
INFO: [ app_init ] --START--
INFO: Run Behavior\BuildLiteBehavior [ RunTime:0.000018s ]
INFO: [ app_init ] --END-- [ RunTime:0.000607s ]
INFO: [ app_begin ] --START--
INFO: Run Behavior\ReadHtmlCacheBehavior [ RunTime:0.000855s ]
INFO: [ app_begin ] --END-- [ RunTime:0.000932s ]
SQL: SHOW COLUMNS FROM `west_user` [ RunTime:0.0037s ]
SQL: SELECT * FROM `west_user` WHERE `username` = 'admin' LIMIT 1   [ RunTime:0.0005s ]

[ 2015-05-31T17:19:16+08:00 ] 127.0.0.1 /WesternFilms/server/index.php/User/user/login
INFO: [ app_init ] --START--
INFO: Run Behavior\BuildLiteBehavior [ RunTime:0.000036s ]
INFO: [ app_init ] --END-- [ RunTime:0.001032s ]
INFO: [ app_begin ] --START--
INFO: Run Behavior\ReadHtmlCacheBehavior [ RunTime:0.001440s ]
INFO: [ app_begin ] --END-- [ RunTime:0.001566s ]
SQL: SHOW COLUMNS FROM `west_user` [ RunTime:0.0046s ]
SQL: SELECT * FROM `west_user` WHERE `username` = 'admin' LIMIT 1   [ RunTime:0.0006s ]

[ 2015-05-31T20:15:12+08:00 ] 127.0.0.1 /WesternFilms/server/index.php/User/user/login
INFO: [ app_init ] --START--
INFO: Run Behavior\BuildLiteBehavior [ RunTime:0.000015s ]
INFO: [ app_init ] --END-- [ RunTime:0.000464s ]
INFO: [ app_begin ] --START--
INFO: Run Behavior\ReadHtmlCacheBehavior [ RunTime:0.000664s ]
INFO: [ app_begin ] --END-- [ RunTime:0.000726s ]
SQL: SHOW COLUMNS FROM `west_user` [ RunTime:0.0042s ]
SQL: SELECT * FROM `west_user` WHERE `username` = 'ztf' LIMIT 1   [ RunTime:0.0004s ]

[ 2015-05-31T20:15:19+08:00 ] 127.0.0.1 /WesternFilms/server/index.php/User/user/editInfo
INFO: [ app_init ] --START--
INFO: Run Behavior\BuildLiteBehavior [ RunTime:0.000014s ]
INFO: [ app_init ] --END-- [ RunTime:0.000369s ]
INFO: [ app_begin ] --START--
INFO: Run Behavior\ReadHtmlCacheBehavior [ RunTime:0.000507s ]
INFO: [ app_begin ] --END-- [ RunTime:0.000557s ]
NOTIC: [8] Use of undefined constant ture - assumed 'ture' D:\WampServer2.1a-x32\WampServer\wamp\www\WesternFilms\server\Apps\User\Controller\BaseController.class.php 第 20 行.
SQL: SHOW COLUMNS FROM `west_user` [ RunTime:0.0038s ]
SQL: SHOW COLUMNS FROM `west_company` [ RunTime:0.0037s ]
SQL: UPDATE `west_company` SET `uid`='13',`mail`='i@ztf.me',`tel`='13572424158',`wechat_url`='./images/code.png',`introduction`='fewfwefwef高规格高规格',`banner_url`='./images/coding.png',`modify_time`='1433074519' WHERE ( uid = '13' ) [ RunTime:0.0974s ]

[ 2015-05-31T20:24:39+08:00 ] 127.0.0.1 /WesternFilms/server/index.php/User/user/login
INFO: [ app_init ] --START--
INFO: Run Behavior\BuildLiteBehavior [ RunTime:0.000015s ]
INFO: [ app_init ] --END-- [ RunTime:0.000436s ]
INFO: [ app_begin ] --START--
INFO: Run Behavior\ReadHtmlCacheBehavior [ RunTime:0.000624s ]
INFO: [ app_begin ] --END-- [ RunTime:0.000675s ]
SQL: SHOW COLUMNS FROM `west_user` [ RunTime:0.0039s ]
SQL: SELECT * FROM `west_user` WHERE `username` = 'admin' LIMIT 1   [ RunTime:0.0004s ]

[ 2015-05-31T20:53:32+08:00 ] 127.0.0.1 /WesternFilms/server/index.php/User/user/login
INFO: [ app_init ] --START--
INFO: Run Behavior\BuildLiteBehavior [ RunTime:0.000020s ]
INFO: [ app_init ] --END-- [ RunTime:0.000610s ]
INFO: [ app_begin ] --START--
INFO: Run Behavior\ReadHtmlCacheBehavior [ RunTime:0.000817s ]
INFO: [ app_begin ] --END-- [ RunTime:0.000898s ]
SQL: SHOW COLUMNS FROM `west_user` [ RunTime:0.0042s ]
SQL: SELECT * FROM `west_user` WHERE `username` = 'admin' LIMIT 1   [ RunTime:0.0004s ]

