[ 2015-05-08T10:39:27+08:00 ] 127.0.0.1 /westernfilms/index.php/User/user/login
INFO: [ app_init ] --START--
INFO: Run Behavior\BuildLiteBehavior [ RunTime:0.000000s ]
INFO: [ app_init ] --END-- [ RunTime:0.001000s ]
INFO: [ app_begin ] --START--
INFO: Run Behavior\ReadHtmlCacheBehavior [ RunTime:0.000000s ]
INFO: [ app_begin ] --END-- [ RunTime:0.002000s ]
SQL: SHOW COLUMNS FROM `west_user` [ RunTime:0.0040s ]
SQL: SELECT * FROM `west_user` WHERE `username` = 'liang' LIMIT 1   [ RunTime:0.0000s ]

[ 2015-05-08T10:40:06+08:00 ] 127.0.0.1 /westernfilms/index.php/User/links/add
INFO: [ app_init ] --START--
INFO: Run Behavior\BuildLiteBehavior [ RunTime:0.000000s ]
INFO: [ app_init ] --END-- [ RunTime:0.000000s ]
INFO: [ app_begin ] --START--
INFO: Run Behavior\ReadHtmlCacheBehavior [ RunTime:0.001000s ]
INFO: [ app_begin ] --END-- [ RunTime:0.001000s ]
NOTIC: [8] Use of undefined constant ture - assumed 'ture' D:\wamp\www\WesternFilms\Apps\User\Controller\BaseController.class.php 第 20 行.
SQL: SHOW COLUMNS FROM `west_links` [ RunTime:0.0030s ]
SQL: INSERT INTO `west_links` (`uid`,`name`,`logo`,`info`,`modify_time`) VALUES ('2','2liang\'s Blog','hello world','nihaoa','1431052805') [ RunTime:0.0420s ]
SQL: SHOW COLUMNS FROM `west_log` [ RunTime:0.0030s ]
SQL: INSERT INTO `west_log` (`uid`,`type`,`target`,`target_id`,`modify_time`) VALUES ('2','add','links','1','1431052805') [ RunTime:0.0290s ]

[ 2015-05-08T10:40:18+08:00 ] 127.0.0.1 /westernfilms/index.php/User/links/add
INFO: [ app_init ] --START--
INFO: Run Behavior\BuildLiteBehavior [ RunTime:0.000000s ]
INFO: [ app_init ] --END-- [ RunTime:0.001000s ]
INFO: [ app_begin ] --START--
INFO: Run Behavior\ReadHtmlCacheBehavior [ RunTime:0.001000s ]
INFO: [ app_begin ] --END-- [ RunTime:0.001000s ]
NOTIC: [8] Use of undefined constant ture - assumed 'ture' D:\wamp\www\WesternFilms\Apps\User\Controller\BaseController.class.php 第 20 行.
SQL: SHOW COLUMNS FROM `west_links` [ RunTime:0.0030s ]
SQL: INSERT INTO `west_links` (`uid`,`name`,`logo`,`info`,`modify_time`) VALUES ('2','asdfasdf','hello world','nihaoa','1431052818') [ RunTime:0.0730s ]
SQL: SHOW COLUMNS FROM `west_log` [ RunTime:0.0040s ]
SQL: INSERT INTO `west_log` (`uid`,`type`,`target`,`target_id`,`modify_time`) VALUES ('2','add','links','2','1431052818') [ RunTime:0.0720s ]

[ 2015-05-08T10:40:21+08:00 ] 127.0.0.1 /westernfilms/index.php/User/links/add
INFO: [ app_init ] --START--
INFO: Run Behavior\BuildLiteBehavior [ RunTime:0.000000s ]
INFO: [ app_init ] --END-- [ RunTime:0.001000s ]
INFO: [ app_begin ] --START--
INFO: Run Behavior\ReadHtmlCacheBehavior [ RunTime:0.000000s ]
INFO: [ app_begin ] --END-- [ RunTime:0.001000s ]
NOTIC: [8] Use of undefined constant ture - assumed 'ture' D:\wamp\www\WesternFilms\Apps\User\Controller\BaseController.class.php 第 20 行.
SQL: SHOW COLUMNS FROM `west_links` [ RunTime:0.0040s ]
SQL: INSERT INTO `west_links` (`uid`,`name`,`logo`,`info`,`modify_time`) VALUES ('2','xccxzcx','hello world','nihaoa','1431052821') [ RunTime:0.0370s ]
SQL: SHOW COLUMNS FROM `west_log` [ RunTime:0.0030s ]
SQL: INSERT INTO `west_log` (`uid`,`type`,`target`,`target_id`,`modify_time`) VALUES ('2','add','links','3','1431052821') [ RunTime:0.0390s ]

[ 2015-05-08T10:40:43+08:00 ] 127.0.0.1 /westernfilms/index.php/User/links/edit
INFO: [ app_init ] --START--
INFO: Run Behavior\BuildLiteBehavior [ RunTime:0.000000s ]
INFO: [ app_init ] --END-- [ RunTime:0.002000s ]
INFO: [ app_begin ] --START--
INFO: Run Behavior\ReadHtmlCacheBehavior [ RunTime:0.001000s ]
INFO: [ app_begin ] --END-- [ RunTime:0.002000s ]
NOTIC: [8] Use of undefined constant ture - assumed 'ture' D:\wamp\www\WesternFilms\Apps\User\Controller\BaseController.class.php 第 20 行.
SQL: SHOW COLUMNS FROM `west_links` [ RunTime:0.0040s ]
SQL: SELECT * FROM `west_links` WHERE ( id = 2 ) LIMIT 1   [ RunTime:0.0000s ]
SQL: UPDATE `west_links` SET `id`='2',`uid`='2',`name`='BBBBBB',`logo`='hello world',`info`='nihaoa',`modify_time`='1431052843' WHERE ( id = 2 ) [ RunTime:0.0680s ]
SQL: SHOW COLUMNS FROM `west_log` [ RunTime:0.0030s ]
SQL: INSERT INTO `west_log` (`uid`,`type`,`target`,`target_id`,`modify_time`) VALUES ('2','edit','links','2','1431052843') [ RunTime:0.0260s ]

[ 2015-05-08T10:40:55+08:00 ] 127.0.0.1 /westernfilms/index.php/User/links/del
INFO: [ app_init ] --START--
INFO: Run Behavior\BuildLiteBehavior [ RunTime:0.000000s ]
INFO: [ app_init ] --END-- [ RunTime:0.001000s ]
INFO: [ app_begin ] --START--
INFO: Run Behavior\ReadHtmlCacheBehavior [ RunTime:0.001000s ]
INFO: [ app_begin ] --END-- [ RunTime:0.001000s ]
NOTIC: [8] Use of undefined constant ture - assumed 'ture' D:\wamp\www\WesternFilms\Apps\User\Controller\BaseController.class.php 第 20 行.
SQL: SHOW COLUMNS FROM `west_links` [ RunTime:0.0040s ]
SQL: SELECT * FROM `west_links` WHERE ( id = 3 ) LIMIT 1   [ RunTime:0.0000s ]
SQL: DELETE FROM `west_links` WHERE ( id = 3 ) [ RunTime:0.0410s ]
SQL: SHOW COLUMNS FROM `west_log` [ RunTime:0.0030s ]
SQL: INSERT INTO `west_log` (`uid`,`type`,`target`,`target_id`,`modify_time`) VALUES ('2','del','links','3','1431052855') [ RunTime:0.0620s ]

